This is pdfTeX, Version 3.141592653-2.6-1.40.27 (TeX Live 2025) (preloaded format=pdflatex 2025.3.27)  19 APR 2026 16:42
entering extended mode
 restricted \write18 enabled.
 file:line:error style messages enabled.
 %&-line parsing enabled.
**"/Users/yanicrothlingshofer/Desktop/Telecom Paris/2A/IMA/IM05/CHAL_IM05/report/report.tex"
(/Users/yanicrothlingshofer/Desktop/Telecom Paris/2A/IMA/IM05/CHAL_IM05/report/report.tex
LaTeX2e <2024-11-01> patch level 2
L3 programming layer <2025-01-18>
(/usr/local/texlive/2025/texmf-dist/tex/latex/ieeetran/IEEEtran.cls
Document Class: IEEEtran 2015/08/26 V1.8b by Michael Shell
-- See the "IEEEtran_HOWTO" manual for usage information.
-- http://www.michaelshell.org/tex/ieeetran/
\@IEEEtrantmpdimenA=\dimen141
\@IEEEtrantmpdimenB=\dimen142
\@IEEEtrantmpdimenC=\dimen143
\@IEEEtrantmpcountA=\count196
\@IEEEtrantmpcountB=\count197
\@IEEEtrantmpcountC=\count198
\@IEEEtrantmptoksA=\toks17
LaTeX Font Info:    Trying to load font information for OT1+ptm on input line 503.
(/usr/local/texlive/2025/texmf-dist/tex/latex/psnfss/ot1ptm.fd
File: ot1ptm.fd 2001/06/04 font definitions for OT1/ptm.
)
-- Using 8.5in x 11in (letter) paper.
-- Using PDF output.
\@IEEEnormalsizeunitybaselineskip=\dimen144
-- This is a 10 point document.
\CLASSINFOnormalsizebaselineskip=\dimen145
\CLASSINFOnormalsizeunitybaselineskip=\dimen146
\IEEEnormaljot=\dimen147
LaTeX Font Info:    Font shape `OT1/ptm/bx/n' in size <5> not available
(Font)              Font shape `OT1/ptm/b/n' tried instead on input line 1090.
LaTeX Font Info:    Font shape `OT1/ptm/bx/it' in size <5> not available
(Font)              Font shape `OT1/ptm/b/it' tried instead on input line 1090.
LaTeX Font Info:    Font shape `OT1/ptm/bx/n' in size <7> not available
(Font)              Font shape `OT1/ptm/b/n' tried instead on input line 1090.
LaTeX Font Info:    Font shape `OT1/ptm/bx/it' in size <7> not available
(Font)              Font shape `OT1/ptm/b/it' tried instead on input line 1090.
LaTeX Font Info:    Font shape `OT1/ptm/bx/n' in size <8> not available
(Font)              Font shape `OT1/ptm/b/n' tried instead on input line 1090.
LaTeX Font Info:    Font shape `OT1/ptm/bx/it' in size <8> not available
(Font)              Font shape `OT1/ptm/b/it' tried instead on input line 1090.
LaTeX Font Info:    Font shape `OT1/ptm/bx/n' in size <9> not available
(Font)              Font shape `OT1/ptm/b/n' tried instead on input line 1090.
LaTeX Font Info:    Font shape `OT1/ptm/bx/it' in size <9> not available
(Font)              Font shape `OT1/ptm/b/it' tried instead on input line 1090.
LaTeX Font Info:    Font shape `OT1/ptm/bx/n' in size <10> not available
(Font)              Font shape `OT1/ptm/b/n' tried instead on input line 1090.
LaTeX Font Info:    Font shape `OT1/ptm/bx/it' in size <10> not available
(Font)              Font shape `OT1/ptm/b/it' tried instead on input line 1090.
LaTeX Font Info:    Font shape `OT1/ptm/bx/n' in size <11> not available
(Font)              Font shape `OT1/ptm/b/n' tried instead on input line 1090.
LaTeX Font Info:    Font shape `OT1/ptm/bx/it' in size <11> not available
(Font)              Font shape `OT1/ptm/b/it' tried instead on input line 1090.
LaTeX Font Info:    Font shape `OT1/ptm/bx/n' in size <12> not available
(Font)              Font shape `OT1/ptm/b/n' tried instead on input line 1090.
LaTeX Font Info:    Font shape `OT1/ptm/bx/it' in size <12> not available
(Font)              Font shape `OT1/ptm/b/it' tried instead on input line 1090.
LaTeX Font Info:    Font shape `OT1/ptm/bx/n' in size <17> not available
(Font)              Font shape `OT1/ptm/b/n' tried instead on input line 1090.
LaTeX Font Info:    Font shape `OT1/ptm/bx/it' in size <17> not available
(Font)              Font shape `OT1/ptm/b/it' tried instead on input line 1090.
LaTeX Font Info:    Font shape `OT1/ptm/bx/n' in size <20> not available
(Font)              Font shape `OT1/ptm/b/n' tried instead on input line 1090.
LaTeX Font Info:    Font shape `OT1/ptm/bx/it' in size <20> not available
(Font)              Font shape `OT1/ptm/b/it' tried instead on input line 1090.
LaTeX Font Info:    Font shape `OT1/ptm/bx/n' in size <24> not available
(Font)              Font shape `OT1/ptm/b/n' tried instead on input line 1090.
LaTeX Font Info:    Font shape `OT1/ptm/bx/it' in size <24> not available
(Font)              Font shape `OT1/ptm/b/it' tried instead on input line 1090.
\IEEEquantizedlength=\dimen148
\IEEEquantizedlengthdiff=\dimen149
\IEEEquantizedtextheightdiff=\dimen150
\IEEEilabelindentA=\dimen151
\IEEEilabelindentB=\dimen152
\IEEEilabelindent=\dimen153
\IEEEelabelindent=\dimen154
\IEEEdlabelindent=\dimen155
\IEEElabelindent=\dimen156
\IEEEiednormlabelsep=\dimen157
\IEEEiedmathlabelsep=\dimen158
\IEEEiedtopsep=\skip49
\c@section=\count199
\c@subsection=\count266
\c@subsubsection=\count267
\c@paragraph=\count268
\c@IEEEsubequation=\count269
\abovecaptionskip=\skip50
\belowcaptionskip=\skip51
\c@figure=\count270
\c@table=\count271
\@IEEEeqnnumcols=\count272
\@IEEEeqncolcnt=\count273
\@IEEEsubeqnnumrollback=\count274
\@IEEEquantizeheightA=\dimen159
\@IEEEquantizeheightB=\dimen160
\@IEEEquantizeheightC=\dimen161
\@IEEEquantizeprevdepth=\dimen162
\@IEEEquantizemultiple=\count275
\@IEEEquantizeboxA=\box52
\@IEEEtmpitemindent=\dimen163
\IEEEPARstartletwidth=\dimen164
\c@IEEEbiography=\count276
\@IEEEtranrubishbin=\box53
) (/usr/local/texlive/2025/texmf-dist/tex/latex/base/inputenc.sty
Package: inputenc 2024/02/08 v1.3d Input encoding file
\inpenc@prehook=\toks18
\inpenc@posthook=\toks19
) (/usr/local/texlive/2025/texmf-dist/tex/latex/base/fontenc.sty
Package: fontenc 2021/04/29 v2.0v Standard LaTeX package
LaTeX Font Info:    Trying to load font information for T1+ptm on input line 116.
 (/usr/local/texlive/2025/texmf-dist/tex/latex/psnfss/t1ptm.fd
File: t1ptm.fd 2001/06/04 font definitions for T1/ptm.
)) (/usr/local/texlive/2025/texmf-dist/tex/latex/cite/cite.sty
LaTeX Info: Redefining \cite on input line 302.
LaTeX Info: Redefining \nocite on input line 332.
Package: cite 2015/02/27  v 5.5
) (/usr/local/texlive/2025/texmf-dist/tex/latex/amsmath/amsmath.sty
Package: amsmath 2024/11/05 v2.17t AMS math features
\@mathmargin=\skip52

For additional information on amsmath, use the `?' option.
(/usr/local/texlive/2025/texmf-dist/tex/latex/amsmath/amstext.sty
Package: amstext 2021/08/26 v2.01 AMS text
 (/usr/local/texlive/2025/texmf-dist/tex/latex/amsmath/amsgen.sty
File: amsgen.sty 1999/11/30 v2.0 generic functions
\@emptytoks=\toks20
\ex@=\dimen165
)) (/usr/local/texlive/2025/texmf-dist/tex/latex/amsmath/amsbsy.sty
Package: amsbsy 1999/11/29 v1.2d Bold Symbols
\pmbraise@=\dimen166
) (/usr/local/texlive/2025/texmf-dist/tex/latex/amsmath/amsopn.sty
Package: amsopn 2022/04/08 v2.04 operator names
)
\inf@bad=\count277
LaTeX Info: Redefining \frac on input line 233.
\uproot@=\count278
\leftroot@=\count279
LaTeX Info: Redefining \overline on input line 398.
LaTeX Info: Redefining \colon on input line 409.
\classnum@=\count280
\DOTSCASE@=\count281
LaTeX Info: Redefining \ldots on input line 495.
LaTeX Info: Redefining \dots on input line 498.
LaTeX Info: Redefining \cdots on input line 619.
\Mathstrutbox@=\box54
\strutbox@=\box55
LaTeX Info: Redefining \big on input line 721.
LaTeX Info: Redefining \Big on input line 722.
LaTeX Info: Redefining \bigg on input line 723.
LaTeX Info: Redefining \Bigg on input line 724.
\big@size=\dimen167
LaTeX Font Info:    Redeclaring font encoding OML on input line 742.
LaTeX Font Info:    Redeclaring font encoding OMS on input line 743.
\macc@depth=\count282
LaTeX Info: Redefining \bmod on input line 904.
LaTeX Info: Redefining \pmod on input line 909.
LaTeX Info: Redefining \smash on input line 939.
LaTeX Info: Redefining \relbar on input line 969.
LaTeX Info: Redefining \Relbar on input line 970.
\c@MaxMatrixCols=\count283
\dotsspace@=\muskip17
\c@parentequation=\count284
\dspbrk@lvl=\count285
\tag@help=\toks21
\row@=\count286
\column@=\count287
\maxfields@=\count288
\andhelp@=\toks22
\eqnshift@=\dimen168
\alignsep@=\dimen169
\tagshift@=\dimen170
\tagwidth@=\dimen171
\totwidth@=\dimen172
\lineht@=\dimen173
\@envbody=\toks23
\multlinegap=\skip53
\multlinetaggap=\skip54
\mathdisplay@stack=\toks24
LaTeX Info: Redefining \[ on input line 2953.
LaTeX Info: Redefining \] on input line 2954.
) (/usr/local/texlive/2025/texmf-dist/tex/latex/amsfonts/amssymb.sty
Package: amssymb 2013/01/14 v3.01 AMS font symbols
 (/usr/local/texlive/2025/texmf-dist/tex/latex/amsfonts/amsfonts.sty
Package: amsfonts 2013/01/14 v3.01 Basic AMSFonts support
\symAMSa=\mathgroup4
\symAMSb=\mathgroup5
LaTeX Font Info:    Redeclaring math symbol \hbar on input line 98.
LaTeX Font Info:    Overwriting math alphabet `\mathfrak' in version `bold'
(Font)                  U/euf/m/n --> U/euf/b/n on input line 106.
)) (/usr/local/texlive/2025/texmf-dist/tex/latex/graphics/graphicx.sty
Package: graphicx 2021/09/16 v1.2d Enhanced LaTeX Graphics (DPC,SPQR)
 (/usr/local/texlive/2025/texmf-dist/tex/latex/graphics/keyval.sty
Package: keyval 2022/05/29 v1.15 key=value parser (DPC)
\KV@toks@=\toks25
) (/usr/local/texlive/2025/texmf-dist/tex/latex/graphics/graphics.sty
Package: graphics 2024/08/06 v1.4g Standard LaTeX Graphics (DPC,SPQR)
 (/usr/local/texlive/2025/texmf-dist/tex/latex/graphics/trig.sty
Package: trig 2023/12/02 v1.11 sin cos tan (DPC)
) (/usr/local/texlive/2025/texmf-dist/tex/latex/graphics-cfg/graphics.cfg
File: graphics.cfg 2016/06/04 v1.11 sample graphics configuration
)
Package graphics Info: Driver file: pdftex.def on input line 106.
 (/usr/local/texlive/2025/texmf-dist/tex/latex/graphics-def/pdftex.def
File: pdftex.def 2024/04/13 v1.2c Graphics/color driver for pdftex
))
\Gin@req@height=\dimen174
\Gin@req@width=\dimen175
) (/usr/local/texlive/2025/texmf-dist/tex/latex/hyperref/hyperref.sty
Package: hyperref 2024-11-05 v7.01l Hypertext links for LaTeX
 (/usr/local/texlive/2025/texmf-dist/tex/generic/iftex/iftex.sty
Package: iftex 2024/12/12 v1.0g TeX engine tests
) (/usr/local/texlive/2025/texmf-dist/tex/latex/kvsetkeys/kvsetkeys.sty
Package: kvsetkeys 2022-10-05 v1.19 Key value parser (HO)
) (/usr/local/texlive/2025/texmf-dist/tex/generic/kvdefinekeys/kvdefinekeys.sty
Package: kvdefinekeys 2019-12-19 v1.6 Define keys (HO)
) (/usr/local/texlive/2025/texmf-dist/tex/generic/pdfescape/pdfescape.sty
Package: pdfescape 2019/12/09 v1.15 Implements pdfTeX's escape features (HO)
 (/usr/local/texlive/2025/texmf-dist/tex/generic/ltxcmds/ltxcmds.sty
Package: ltxcmds 2023-12-04 v1.26 LaTeX kernel commands for general use (HO)
) (/usr/local/texlive/2025/texmf-dist/tex/generic/pdftexcmds/pdftexcmds.sty
Package: pdftexcmds 2020-06-27 v0.33 Utility functions of pdfTeX for LuaTeX (HO)
 (/usr/local/texlive/2025/texmf-dist/tex/generic/infwarerr/infwarerr.sty
Package: infwarerr 2019/12/03 v1.5 Providing info/warning/error messages (HO)
)
Package pdftexcmds Info: \pdf@primitive is available.
Package pdftexcmds Info: \pdf@ifprimitive is available.
Package pdftexcmds Info: \pdfdraftmode found.
)) (/usr/local/texlive/2025/texmf-dist/tex/latex/hycolor/hycolor.sty
Package: hycolor 2020-01-27 v1.10 Color options for hyperref/bookmark (HO)
) (/usr/local/texlive/2025/texmf-dist/tex/latex/hyperref/nameref.sty
Package: nameref 2023-11-26 v2.56 Cross-referencing by name of section
 (/usr/local/texlive/2025/texmf-dist/tex/latex/refcount/refcount.sty
Package: refcount 2019/12/15 v3.6 Data extraction from label references (HO)
) (/usr/local/texlive/2025/texmf-dist/tex/generic/gettitlestring/gettitlestring.sty
Package: gettitlestring 2019/12/15 v1.6 Cleanup title references (HO)
 (/usr/local/texlive/2025/texmf-dist/tex/latex/kvoptions/kvoptions.sty
Package: kvoptions 2022-06-15 v3.15 Key value format for package options (HO)
))
\c@section@level=\count289
) (/usr/local/texlive/2025/texmf-dist/tex/latex/etoolbox/etoolbox.sty
Package: etoolbox 2025/02/11 v2.5l e-TeX tools for LaTeX (JAW)
\etb@tempcnta=\count290
) (/usr/local/texlive/2025/texmf-dist/tex/generic/stringenc/stringenc.sty
Package: stringenc 2019/11/29 v1.12 Convert strings between diff. encodings (HO)
)
\@linkdim=\dimen176
\Hy@linkcounter=\count291
\Hy@pagecounter=\count292
 (/usr/local/texlive/2025/texmf-dist/tex/latex/hyperref/pd1enc.def
File: pd1enc.def 2024-11-05 v7.01l Hyperref: PDFDocEncoding definition (HO)
Now handling font encoding PD1 ...
... no UTF-8 mapping file for font encoding PD1
) (/usr/local/texlive/2025/texmf-dist/tex/generic/intcalc/intcalc.sty
Package: intcalc 2019/12/15 v1.3 Expandable calculations with integers (HO)
)
\Hy@SavedSpaceFactor=\count293
 (/usr/local/texlive/2025/texmf-dist/tex/latex/hyperref/puenc.def
File: puenc.def 2024-11-05 v7.01l Hyperref: PDF Unicode definition (HO)
Now handling font encoding PU ...
... no UTF-8 mapping file for font encoding PU
)
Package hyperref Info: Hyper figures OFF on input line 4157.
Package hyperref Info: Link nesting OFF on input line 4162.
Package hyperref Info: Hyper index ON on input line 4165.
Package hyperref Info: Plain pages OFF on input line 4172.
Package hyperref Info: Backreferencing OFF on input line 4177.
Package hyperref Info: Implicit mode ON; LaTeX internals redefined.
Package hyperref Info: Bookmarks ON on input line 4424.
\c@Hy@tempcnt=\count294
 (/usr/local/texlive/2025/texmf-dist/tex/latex/url/url.sty
\Urlmuskip=\muskip18
Package: url 2013/09/16  ver 3.4  Verb mode for urls, etc.
)
LaTeX Info: Redefining \url on input line 4763.
\XeTeXLinkMargin=\dimen177
 (/usr/local/texlive/2025/texmf-dist/tex/generic/bitset/bitset.sty
Package: bitset 2019/12/09 v1.3 Handle bit-vector datatype (HO)
 (/usr/local/texlive/2025/texmf-dist/tex/generic/bigintcalc/bigintcalc.sty
Package: bigintcalc 2019/12/15 v1.5 Expandable calculations on big integers (HO)
))
\Fld@menulength=\count295
\Field@Width=\dimen178
\Fld@charsize=\dimen179
Package hyperref Info: Hyper figures OFF on input line 6042.
Package hyperref Info: Link nesting OFF on input line 6047.
Package hyperref Info: Hyper index ON on input line 6050.
Package hyperref Info: backreferencing OFF on input line 6057.
Package hyperref Info: Link coloring OFF on input line 6062.
Package hyperref Info: Link coloring with OCG OFF on input line 6067.
Package hyperref Info: PDF/A mode OFF on input line 6072.
 (/usr/local/texlive/2025/texmf-dist/tex/latex/base/atbegshi-ltx.sty
Package: atbegshi-ltx 2021/01/10 v1.0c Emulation of the original atbegshi
package with kernel methods
)
\Hy@abspage=\count296
\c@Item=\count297
\c@Hfootnote=\count298
)
Package hyperref Info: Driver (autodetected): hpdftex.
 (/usr/local/texlive/2025/texmf-dist/tex/latex/hyperref/hpdftex.def
File: hpdftex.def 2024-11-05 v7.01l Hyperref driver for pdfTeX
 (/usr/local/texlive/2025/texmf-dist/tex/latex/base/atveryend-ltx.sty
Package: atveryend-ltx 2020/08/19 v1.0a Emulation of the original atveryend package
with kernel methods
)
\Fld@listcount=\count299
\c@bookmark@seq@number=\count300
 (/usr/local/texlive/2025/texmf-dist/tex/latex/rerunfilecheck/rerunfilecheck.sty
Package: rerunfilecheck 2022-07-10 v1.10 Rerun checks for auxiliary files (HO)
 (/usr/local/texlive/2025/texmf-dist/tex/generic/uniquecounter/uniquecounter.sty
Package: uniquecounter 2019/12/15 v1.4 Provide unlimited unique counter (HO)
)
Package uniquecounter Info: New unique counter `rerunfilecheck' on input line 285.
)
\Hy@SectionHShift=\skip55
) (/usr/local/texlive/2025/texmf-dist/tex/latex/tools/array.sty
Package: array 2024/10/17 v2.6g Tabular extension package (FMi)
\col@sep=\dimen180
\ar@mcellbox=\box56
\extrarowheight=\dimen181
\NC@list=\toks26
\extratabsurround=\skip56
\backup@length=\skip57
\ar@cellbox=\box57
) (/usr/local/texlive/2025/texmf-dist/tex/latex/xcolor/xcolor.sty
Package: xcolor 2024/09/29 v3.02 LaTeX color extensions (UK)
 (/usr/local/texlive/2025/texmf-dist/tex/latex/graphics-cfg/color.cfg
File: color.cfg 2016/01/02 v1.6 sample color configuration
)
Package xcolor Info: Driver file: pdftex.def on input line 274.
 (/usr/local/texlive/2025/texmf-dist/tex/latex/graphics/mathcolor.ltx)
Package xcolor Info: Model `cmy' substituted by `cmy0' on input line 1349.
Package xcolor Info: Model `hsb' substituted by `rgb' on input line 1353.
Package xcolor Info: Model `RGB' extended on input line 1365.
Package xcolor Info: Model `HTML' substituted by `rgb' on input line 1367.
Package xcolor Info: Model `Hsb' substituted by `hsb' on input line 1368.
Package xcolor Info: Model `tHsb' substituted by `hsb' on input line 1369.
Package xcolor Info: Model `HSB' substituted by `hsb' on input line 1370.
Package xcolor Info: Model `Gray' substituted by `gray' on input line 1371.
Package xcolor Info: Model `wave' substituted by `hsb' on input line 1372.
) (/usr/local/texlive/2025/texmf-dist/tex/latex/setspace/setspace.sty
Package: setspace 2022/12/04 v6.7b set line spacing
) (/usr/local/texlive/2025/texmf-dist/tex/latex/l3backend/l3backend-pdftex.def
File: l3backend-pdftex.def 2024-05-08 L3 backend support: PDF output (pdfTeX)
\l__color_backend_stack_int=\count301
\l__pdf_internal_box=\box58
) (./report.aux)
\openout1 = `report.aux'.

LaTeX Font Info:    Checking defaults for OML/cmm/m/it on input line 15.
LaTeX Font Info:    ... okay on input line 15.
LaTeX Font Info:    Checking defaults for OMS/cmsy/m/n on input line 15.
LaTeX Font Info:    ... okay on input line 15.
LaTeX Font Info:    Checking defaults for OT1/cmr/m/n on input line 15.
LaTeX Font Info:    ... okay on input line 15.
LaTeX Font Info:    Checking defaults for T1/cmr/m/n on input line 15.
LaTeX Font Info:    ... okay on input line 15.
LaTeX Font Info:    Checking defaults for TS1/cmr/m/n on input line 15.
LaTeX Font Info:    ... okay on input line 15.
LaTeX Font Info:    Checking defaults for OMX/cmex/m/n on input line 15.
LaTeX Font Info:    ... okay on input line 15.
LaTeX Font Info:    Checking defaults for U/cmr/m/n on input line 15.
LaTeX Font Info:    ... okay on input line 15.
LaTeX Font Info:    Checking defaults for PD1/pdf/m/n on input line 15.
LaTeX Font Info:    ... okay on input line 15.
LaTeX Font Info:    Checking defaults for PU/pdf/m/n on input line 15.
LaTeX Font Info:    ... okay on input line 15.

-- Lines per column: 48 (approximate, difference = 7.20172pt).
(/usr/local/texlive/2025/texmf-dist/tex/context/base/mkii/supp-pdf.mkii
[Loading MPS to PDF converter (version 2006.09.02).]
\scratchcounter=\count302
\scratchdimen=\dimen182
\scratchbox=\box59
\nofMPsegments=\count303
\nofMParguments=\count304
\everyMPshowfont=\toks27
\MPscratchCnt=\count305
\MPscratchDim=\dimen183
\MPnumerator=\count306
\makeMPintoPDFobject=\count307
\everyMPtoPDFconversion=\toks28
) (/usr/local/texlive/2025/texmf-dist/tex/latex/epstopdf-pkg/epstopdf-base.sty
Package: epstopdf-base 2020-01-24 v2.11 Base part for package epstopdf
Package epstopdf-base Info: Redefining graphics rule for `.eps' on input line 485.
 (/usr/local/texlive/2025/texmf-dist/tex/latex/latexconfig/epstopdf-sys.cfg
File: epstopdf-sys.cfg 2010/07/13 v1.3 Configuration of (r)epstopdf for TeX Live
))
Package hyperref Info: Link coloring OFF on input line 15.
 (./report.out) (./report.out)
\@outlinefile=\write3
\openout3 = `report.out'.

LaTeX Font Info:    Trying to load font information for U+msa on input line 31.
 (/usr/local/texlive/2025/texmf-dist/tex/latex/amsfonts/umsa.fd
File: umsa.fd 2013/01/14 v3.01 AMS symbols A
)
LaTeX Font Info:    Trying to load font information for U+msb on input line 31.
 (/usr/local/texlive/2025/texmf-dist/tex/latex/amsfonts/umsb.fd
File: umsb.fd 2013/01/14 v3.01 AMS symbols B
)
Underfull \hbox (badness 1584) in paragraph at lines 43--44
[]\T1/ptm/m/n/10 Une at-ten-tion par-ti-c-uličre est portée ŕ la ges-tion du
 []





[1{/usr/local/texlive/2025/texmf-var/fonts/map/pdftex/updmap/pdftex.map}{/usr/local/texlive/2025/texmf-dist/fonts/enc/dvips/base/8r.enc}


]


Underfull \hbox (badness 1852) in paragraph at lines 101--102
\T1/ptm/m/n/10 d'adapter les straté-gies d'apprentissage et les métriques
 []



[2]
<figures/data_distri.png, id=140, 715.473pt x 426.393pt>
File: figures/data_distri.png Graphic file (type png)
<use figures/data_distri.png>
Package pdftex.def Info: figures/data_distri.png  used on input line 114.
(pdftex.def)             Requested size: 247.6778pt x 147.6002pt.




[3 <./figures/data_distri.png>]
<figures/mask.png, id=156, 653.3208pt x 281.853pt>
File: figures/mask.png Graphic file (type png)
<use figures/mask.png>
Package pdftex.def Info: figures/mask.png  used on input line 141.
(pdftex.def)             Requested size: 247.6778pt x 106.8515pt.


LaTeX Warning: `h' float specifier changed to `ht'.





[4 <./figures/mask.png>]



[5]
<figures/t-sne-raw-features.png, id=182, 715.473pt x 570.933pt>
File: figures/t-sne-raw-features.png Graphic file (type png)
<use figures/t-sne-raw-features.png>
Package pdftex.def Info: figures/t-sne-raw-features.png  used on input line 194.
(pdftex.def)             Requested size: 247.6778pt x 197.63419pt.
<figures/t-sne-selected-features.png, id=183, 715.473pt x 570.933pt>
File: figures/t-sne-selected-features.png Graphic file (type png)
<use figures/t-sne-selected-features.png>
Package pdftex.def Info: figures/t-sne-selected-features.png  used on input line 201.
(pdftex.def)             Requested size: 247.6778pt x 197.63419pt.


LaTeX Font Info:    Trying to load font information for T1+pcr on input line 220.
(/usr/local/texlive/2025/texmf-dist/tex/latex/psnfss/t1pcr.fd
File: t1pcr.fd 2001/06/04 font definitions for T1/pcr.
)
Underfull \hbox (badness 1917) in paragraph at lines 220--221
\T1/ptm/m/n/10 taires et per-met d'apprendre des fron-tičres de dé-ci-sion
 []


Underfull \hbox (badness 3735) in paragraph at lines 220--221
\T1/ptm/m/n/10 est ap-pliqué unique-ment sur l'ensemble d'entraînement
 []


LaTeX Warning: `h' float specifier changed to `ht'.



[6 <./figures/t-sne-raw-features.png> <./figures/t-sne-selected-features.png>]
<figures/cm.png, id=200, 636.4578pt x 570.81255pt>
File: figures/cm.png Graphic file (type png)
<use figures/cm.png>
Package pdftex.def Info: figures/cm.png  used on input line 260.
(pdftex.def)             Requested size: 247.6778pt x 222.12823pt.


<figures/tsne_without_contrastive.png, id=202, 715.83435pt x 570.2103pt>
File: figures/tsne_without_contrastive.png Graphic file (type png)
<use figures/tsne_without_contrastive.png>
Package pdftex.def Info: figures/tsne_without_contrastive.png  used on input line 296.
(pdftex.def)             Requested size: 247.6778pt x 197.2883pt.

LaTeX Warning: `!h' float specifier changed to `!ht'.



[7 <./figures/cm.png>]
Underfull \hbox (badness 10000) in paragraph at lines 307--308
[]\T1/ptm/m/n/10 Les ap-proches de \T1/ptm/b/n/10 deep learn-ing \T1/ptm/m/n/10 re-posent sur
 []

<figures/pipeline.png, id=214, 794.97pt x 410.53375pt>
File: figures/pipeline.png Graphic file (type png)
<use figures/pipeline.png>
Package pdftex.def Info: figures/pipeline.png  used on input line 313.
(pdftex.def)             Requested size: 247.6778pt x 127.90309pt.



LaTeX Warning: `h' float specifier changed to `ht'.


Underfull \hbox (badness 10000) in paragraph at lines 358--359
\T1/ptm/m/n/10 glob-ale-ment, en par-ti-c-ulier \T1/ptm/b/n/10 EF-FI-CIENT-NET_V2_M
 []


Underfull \hbox (badness 10000) in paragraph at lines 358--359
\T1/ptm/m/n/10 (meilleur score), suivi de \T1/ptm/b/n/10 EF-FI-CIENT_V2_S \T1/ptm/m/n/10 et
 []


Underfull \hbox (badness 7558) in paragraph at lines 358--359
\T1/ptm/b/n/10 DENSENET_169\T1/ptm/m/n/10 . Ŕ l'inverse, les mod-čles pure-ment
 []



[8 <./figures/tsne_without_contrastive.png> <./figures/pipeline.png>]
<figures/exemple_cm_deep.png, id=222, 635.2533pt x 570.2103pt>
File: figures/exemple_cm_deep.png Graphic file (type png)
<use figures/exemple_cm_deep.png>
Package pdftex.def Info: figures/exemple_cm_deep.png  used on input line 364.
(pdftex.def)             Requested size: 247.6778pt x 222.31151pt.
<figures/exemple_tsne_deep.png, id=223, 715.83435pt x 570.2103pt>
File: figures/exemple_tsne_deep.png Graphic file (type png)
<use figures/exemple_tsne_deep.png>
Package pdftex.def Info: figures/exemple_tsne_deep.png  used on input line 371.
(pdftex.def)             Requested size: 247.6778pt x 197.2883pt.


LaTeX Warning: `h' float specifier changed to `ht'.


Underfull \hbox (badness 6859) in paragraph at lines 376--377
[]\T1/ptm/m/n/10 Ces fig-ures, is-sues de l'entraînement d'un mod-čle
 []





[9 <./figures/exemple_cm_deep.png> <./figures/exemple_tsne_deep.png>]
<figures/query_explain.png, id=241, 465.74pt x 250.9375pt>
File: figures/query_explain.png Graphic file (type png)
<use figures/query_explain.png>
Package pdftex.def Info: figures/query_explain.png  used on input line 397.
(pdftex.def)             Requested size: 247.6778pt x 133.44804pt.


LaTeX Warning: `h' float specifier changed to `ht'.





[10 <./figures/query_explain.png>]
Underfull \hbox (badness 2856) in paragraph at lines 451--452
\T1/ptm/m/n/10 la cross-entropy stan-dard dans notre cadre, no-tam-ment
 []




Overfull \hbox (4.3108pt too wide) in paragraph at lines 474--488
 [][] 
 []



[11]
Underfull \hbox (badness 2608) in paragraph at lines 522--523
\T1/ptm/m/n/10 straté-gies de \T1/ptm/b/n/10 co-sine an-neal-ing \T1/ptm/m/n/10 avec ou sans warmup.
 []


Underfull \hbox (badness 3838) in paragraph at lines 522--523
\T1/ptm/m/n/10 Le warmup per-met de sta-biliser les pre-mičres étapes
 []



<figures/contrastive_explain.png, id=267, 731.73375pt x 338.26375pt>
File: figures/contrastive_explain.png Graphic file (type png)
<use figures/contrastive_explain.png>
Package pdftex.def Info: figures/contrastive_explain.png  used on input line 539.
(pdftex.def)             Requested size: 247.6778pt x 114.49716pt.


[12 <./figures/contrastive_explain.png>]
File: figures/tsne_without_contrastive.png Graphic file (type png)
<use figures/tsne_without_contrastive.png>
Package pdftex.def Info: figures/tsne_without_contrastive.png  used on input line 556.
(pdftex.def)             Requested size: 247.6778pt x 197.2883pt.
<figures/tsne_with_contrastive.png, id=285, 715.83435pt x 570.2103pt>
File: figures/tsne_with_contrastive.png Graphic file (type png)
<use figures/tsne_with_contrastive.png>
Package pdftex.def Info: figures/tsne_with_contrastive.png  used on input line 563.
(pdftex.def)             Requested size: 247.6778pt x 197.2883pt.


LaTeX Warning: `h' float specifier changed to `ht'.





[13 <./figures/tsne_with_contrastive.png>]

<figures/gan_samples.png, id=301, 2073.7475pt x 2073.7475pt>
File: figures/gan_samples.png Graphic file (type png)
<use figures/gan_samples.png>
Package pdftex.def Info: figures/gan_samples.png  used on input line 614.
(pdftex.def)             Requested size: 247.6778pt x 247.66818pt.


[14 <./figures/gan_samples.png (PNG copy)>]

<figures/jepa.png, id=317, 874.26625pt x 196.735pt>
File: figures/jepa.png Graphic file (type png)
<use figures/jepa.png>
Package pdftex.def Info: figures/jepa.png  used on input line 674.
(pdftex.def)             Requested size: 247.6778pt x 55.73383pt.


[15 <./figures/jepa.png>]
Underfull \hbox (badness 2662) in paragraph at lines 683--684
[]\T1/ptm/m/n/10 Ainsi, bien que non ex-plorée ex-péri-men-tale-ment ici,
 []


Underfull \hbox (badness 1502) in paragraph at lines 694--695
\T1/ptm/m/n/10 a été le \T1/ptm/b/n/10 temps de cal-cul\T1/ptm/m/n/10 . L'entraînement de plusieurs
 []


Underfull \hbox (badness 10000) in paragraph at lines 696--697
[]\T1/ptm/m/n/10 Concernant le \T1/ptm/b/n/10 deep learn-ing\T1/ptm/m/n/10 , plusieurs choix
 []


Underfull \hbox (badness 1655) in paragraph at lines 696--697
\T1/ptm/m/n/10 méthodologiques n'ont pas donné les ré-sul-tats at-ten-dus.
 []





[16]
Underfull \hbox (badness 1874) in paragraph at lines 717--718
[]\T1/ptm/m/n/10 La ges-tion du \T1/ptm/b/n/10 déséquili-bre des classes \T1/ptm/m/n/10 est un fac-
 []


Underfull \hbox (badness 4467) in paragraph at lines 717--718
\T1/ptm/m/n/10 l'oversampling ex-plicite s'est avéré moins ef-fi-cace en
 []


Underfull \hbox (badness 7081) in paragraph at lines 725--726
[]\T1/ptm/m/n/10 Plusieurs per-spec-tives peu-vent ętre en-vis-agées pour
 []


Underfull \hbox (badness 10000) in paragraph at lines 725--726
\T1/ptm/m/n/10 améliorer ce tra-vail. L'exploration plus ap-pro-fondie
 []


Underfull \hbox (badness 1838) in paragraph at lines 725--726
\T1/ptm/m/n/10 de tirer da-van-tage parti des ar-chi-tec-tures mod-ernes, en
 []

(./report.bbl

)

[17] (./report.aux)
 ***********
LaTeX2e <2024-11-01> patch level 2
L3 programming layer <2025-01-18>
 ***********
Package rerunfilecheck Info: File `report.out' has not changed.
(rerunfilecheck)             Checksum: 84E2F0AB8BA2131C6ED9FB541FB9659E;4492.
 ) 
Here is how much of TeX's memory you used:
 11765 strings out of 473190
 183127 string characters out of 5715800
 594190 words of memory out of 5000000
 34759 multiletter control sequences out of 15000+600000
 674510 words of font info for 156 fonts, out of 8000000 for 9000
 1141 hyphenation exceptions out of 8191
 75i,9n,79p,1198b,455s stack positions out of 10000i,1000n,20000p,200000b,200000s
</usr/local/texlive/2025/texmf-dist/fonts/type1/public/amsfonts/cm/cmbx10.pfb></usr/local/texlive/2025/texmf-dist/fonts/type1/public/amsfonts/cm/cmex10.pfb></usr/local/texlive/2025/texmf-dist/fonts/type1/public/amsfonts/cm/cmmi10.pfb></usr/local/texlive/2025/texmf-dist/fonts/type1/public/amsfonts/cm/cmmi7.pfb></usr/local/texlive/2025/texmf-dist/fonts/type1/public/amsfonts/cm/cmmi8.pfb></usr/local/texlive/2025/texmf-dist/fonts/type1/public/amsfonts/cm/cmr10.pfb></usr/local/texlive/2025/texmf-dist/fonts/type1/public/amsfonts/cm/cmr6.pfb></usr/local/texlive/2025/texmf-dist/fonts/type1/public/amsfonts/cm/cmr7.pfb></usr/local/texlive/2025/texmf-dist/fonts/type1/public/amsfonts/cm/cmsy10.pfb></usr/local/texlive/2025/texmf-dist/fonts/type1/public/amsfonts/cm/cmsy7.pfb></usr/local/texlive/2025/texmf-dist/fonts/type1/public/amsfonts/symbols/msbm10.pfb></usr/local/texlive/2025/texmf-dist/fonts/type1/urw/courier/ucrr8a.pfb></usr/local/texlive/2025/texmf-dist/fonts/type1/urw/times/utmb8a.pfb></usr/local/texlive/2025/texmf-dist/fonts/type1/urw/times/utmr8a.pfb></usr/local/texlive/2025/texmf-dist/fonts/type1/urw/times/utmri8a.pfb>
Output written on report.pdf (17 pages, 10157692 bytes).
PDF statistics:
 439 PDF objects out of 1000 (max. 8388607)
 358 compressed objects within 4 object streams
 97 named destinations out of 1000 (max. 500000)
 255 words of extra memory for PDF output out of 10000 (max. 10000000)

