\BOOKMARK [1][-]{section.1}{\376\377\000I\000n\000t\000r\000o\000d\000u\000c\000t\000i\000o\000n}{}% 1
\BOOKMARK [1][-]{section.2}{\376\377\000M\000\351\000t\000r\000i\000q\000u\000e\000s\000\040\000d\000'\000\351\000v\000a\000l\000u\000a\000t\000i\000o\000n}{}% 2
\BOOKMARK [1][-]{section.3}{\376\377\000T\000r\000a\000v\000a\000u\000x\000\040\000l\000i\000\351\000s}{}% 3
\BOOKMARK [1][-]{section.4}{\376\377\000A\000n\000a\000l\000y\000s\000e\000\040\000d\000e\000s\000\040\000d\000o\000n\000n\000\351\000e\000s}{}% 4
\BOOKMARK [2][-]{subsection.4.1}{\376\377\000M\000a\000s\000k\000\040\000e\000x\000t\000r\000a\000c\000t\000i\000o\000n\000\040\000m\000e\000t\000h\000o\000d}{section.4}% 5
\BOOKMARK [1][-]{section.5}{\376\377\000A\000p\000p\000r\000o\000c\000h\000e\000s\000\040\000d\000e\000\040\000m\000a\000c\000h\000i\000n\000e\000\040\000l\000e\000a\000r\000n\000i\000n\000g}{}% 6
\BOOKMARK [2][-]{subsection.5.1}{\376\377\000C\000a\000r\000a\000c\000t\000\351\000r\000i\000s\000t\000i\000q\000u\000e\000s\000\040\000m\000a\000n\000u\000e\000l\000l\000e\000s}{section.5}% 7
\BOOKMARK [2][-]{subsection.5.2}{\376\377\000S\000\351\000l\000e\000c\000t\000i\000o\000n\000\040\000d\000e\000\040\000v\000a\000r\000i\000a\000b\000l\000e\000s\000\040\000e\000t\000\040\000v\000i\000s\000u\000a\000l\000i\000s\000a\000t\000i\000o\000n\000\040\000t\000-\000S\000N\000E}{section.5}% 8
\BOOKMARK [2][-]{subsection.5.3}{\376\377\000M\000\351\000t\000h\000o\000d\000e\000s\000\040\000d\000e\000\040\000r\000\351\000\351\000c\000h\000a\000n\000t\000i\000l\000l\000o\000n\000n\000a\000g\000e}{section.5}% 9
\BOOKMARK [2][-]{subsection.5.4}{\376\377\000R\000\351\000s\000u\000l\000t\000a\000t\000s\000\040\000e\000t\000\040\000d\000i\000s\000c\000u\000s\000s\000i\000o\000n}{section.5}% 10
\BOOKMARK [1][-]{section.6}{\376\377\000A\000p\000p\000r\000o\000c\000h\000e\000s\000\040\000d\000e\000\040\000d\000e\000e\000p\000\040\000l\000e\000a\000r\000n\000i\000n\000g}{}% 11
\BOOKMARK [2][-]{subsection.6.1}{\376\377\000M\000o\000d\000\350\000l\000e\000s\000\040\000d\000e\000\040\000l\000a\000\040\000l\000i\000t\000t\000\351\000r\000a\000t\000u\000r\000e}{section.6}% 12
\BOOKMARK [2][-]{subsection.6.2}{\376\377\000T\000\352\000t\000e\000s\000\040\000d\000e\000\040\000c\000l\000a\000s\000s\000i\000f\000i\000c\000a\000t\000i\000o\000n}{section.6}% 13
\BOOKMARK [2][-]{subsection.6.3}{\376\377\000P\000a\000r\000t\000i\000t\000i\000o\000n\000\040\000d\000e\000s\000\040\000d\000o\000n\000n\000\351\000e\000s\000,\000\040\000i\000n\000f\000l\000u\000e\000n\000c\000e\000\040\000d\000e\000\040\000l\000a\000\040\000s\000e\000e\000d\000\040\000e\000t\000\040\000v\000a\000l\000i\000d\000a\000t\000i\000o\000n\000\040\000c\000r\000o\000i\000s\000\351\000e\000\040\000K\000-\000f\000o\000l\000d}{section.6}% 14
\BOOKMARK [2][-]{subsection.6.4}{\376\377\000E\000n\000\040\000p\000r\000a\000t\000i\000q\000u\000e}{section.6}% 15
\BOOKMARK [1][-]{section.7}{\376\377\000A\000p\000p\000r\000o\000c\000h\000e\000s\000\040\000n\000o\000n\000\040\000c\000o\000n\000c\000l\000u\000a\000n\000t\000e\000s\000\040\000/\000\040\000i\000n\000a\000c\000h\000e\000v\000\351\000e\000s}{}% 16
\BOOKMARK [2][-]{subsection.7.1}{\376\377\000A\000p\000p\000r\000e\000n\000t\000i\000s\000s\000a\000g\000e\000\040\000c\000o\000n\000t\000r\000a\000s\000t\000i\000f\000\040\000s\000u\000p\000e\000r\000v\000i\000s\000\351}{section.7}% 17
\BOOKMARK [2][-]{subsection.7.2}{\376\377\000A\000u\000g\000m\000e\000n\000t\000a\000t\000i\000o\000n\000\040\000d\000e\000\040\000d\000o\000n\000n\000\351\000e\000s\000\040\000a\000v\000e\000c\000\040\000G\000A\000N\000s}{section.7}% 18
\BOOKMARK [2][-]{subsection.7.3}{\376\377\000O\000f\000f\000l\000i\000n\000e\000\040\000o\000v\000e\000r\000s\000a\000m\000p\000l\000i\000n\000g}{section.7}% 19
\BOOKMARK [2][-]{subsection.7.4}{\376\377\000P\000i\000s\000t\000e\000s\000\040\000i\000n\000t\000\351\000r\000e\000s\000s\000a\000n\000t\000e\000s\000\040\000:\000\040\000J\000E\000P\000A}{section.7}% 20
\BOOKMARK [1][-]{section.8}{\376\377\000D\000i\000f\000f\000i\000c\000u\000l\000t\000\351\000s\000\040\000e\000t\000\040\000a\000s\000p\000e\000c\000t\000s\000\040\000p\000r\000a\000t\000i\000q\000u\000e\000s}{}% 21
\BOOKMARK [1][-]{section.9}{\376\377\000D\000i\000s\000c\000u\000s\000s\000i\000o\000n\000\040\000a\000n\000d\000\040\000c\000o\000n\000c\000l\000u\000s\000i\000o\000n}{}% 22
\BOOKMARK [1][-]{section*.1}{\376\377\000R\000e\000f\000e\000r\000e\000n\000c\000e\000s}{}% 23
