--------------------------------------------------------------------------------
BACKBONE: CONVNEXT_BASE
MODE: training
DEVICE: cuda
--------------------------------------------------------------------------------
--------------------------------------------------------------------------------
MODEL INFORMATIONS
Backbone         : CONVNEXT_BASE
Feature dim      : 1024
Backbone params  : 87,564,416
Head params      : 659,469
Total params     : 88,223,885
Trainable params : 88,223,885
Frozen backbone  : False
--------------------------------------------------------------------------------
[DATALOADER]: Using grouped single split
[DATALOADER] Train distribution: [11713, 7291, 2471, 775, 373, 329, 352, 324, 397, 103, 1811, 61, 10]
[DATALOADER] Val distribution  : [1302, 810, 275, 86, 42, 37, 39, 36, 44, 11, 201, 7, 1]
[DATALOADER]: Using weighted sampling
[DATALOADER]: Using TTA
Successfully loaded data with sizes: train=26010, val=2891, test=N/A
Validation set distribution: {0: 1302, 1: 810, 2: 275, 3: 86, 4: 42, 5: 37, 6: 39, 7: 36, 8: 44, 9: 11, 10: 201, 11: 7, 12: 1}
Trainer config: {'save_ckpt': True, 'ckpt_dir': '/home/infres/yrothlin-24/CHAL_IM05/checkpoints/tests', 'ckpt_every': 1, 'resume_from': '/home/infres/yrothlin-24/CHAL_IM05/checkpoints/tests/best.pt', 'resume': True, 'resume_from_pretrained': '/home/infres/yrothlin-24/CHAL_IM05/checkpoints/contrastive_pretraining/best.pt', 'resume_pretrained': False, 'monitor': 'macro_f1', 'early_stopping': True, 'early_stopping_patience': 10, 'early_stopping_mode': 'max', 'use_mixup': True, 'mixup_alpha': 0.2, 'use_cutmix': True, 'cutmix_alpha': 1.0, 'cutmix_prob': 0.5, 'loss': 'focal', 'gamma': 2.0, 'bb_lr': 0.0003, 'head_lr': 0.0003, 'finetune_bb_lr': 0.0001, 'finetune_head_lr': 0.0001, 'weight_decay': 0.0001, 'num_epochs': 60, 'warmup_epochs': 0, 'optimizer': 'adamw', 'scheduler': 'cosine_restarts', 'use_amp': False, 'grad_clip': 1.0, 'log_step': 50, 'tta_rounds': 4, 'label_smoothing': 0.05, 'use_weights': False, 'weights': [0.131885, 0.167166, 0.287122, 0.512761, 0.738572, 0.786459, 0.760902, 0.792986, 0.716469, 1.409173, 0.335431, 1.824578, 4.536496], 'plot_tsne': True, 'tsne_split': 'val', 'tsne_every': 5, 'tsne_max_samples': 1000, 'tsne_perplexity': 30.0, 'tsne_dir': '/home/infres/yrothlin-24/CHAL_IM05/logs/tests/TSNE', 'plot_confusion': True, 'confusion_split': 'val', 'confusion_every': 5, 'confusion_normalize': True, 'confusion_dir': '/home/infres/yrothlin-24/CHAL_IM05/logs/tests/confusion', 'class_names': ['SNE', 'LY', 'MO', 'EO', 'BA', 'VLY', 'BNE', 'MMY', 'MY', 'PMY', 'BL', 'PC', 'PLY']}
MODE EVALUATION : False
Using TTA with : 4 rounds
Early stopping enabled with patience=10 and mode=max
TSNE will be plotted every 5 epochs and saved to: /home/infres/yrothlin-24/CHAL_IM05/logs/tests/TSNE
Confusion matrices will be plotted every 5 epochs and saved to: /home/infres/yrothlin-24/CHAL_IM05/logs/tests/confusion
Backbone frozen at epoch 1. Trainable parameters: 659469
Backbone unfrozen at epoch 1. Trainable parameters: 88223885
Step 50/407 | loss=1.8824 bb_lr=0.000100 head_lr=0.000100
Step 100/407 | loss=1.7475 bb_lr=0.000100 head_lr=0.000100
Step 150/407 | loss=1.6175 bb_lr=0.000100 head_lr=0.000100
Step 200/407 | loss=1.5239 bb_lr=0.000100 head_lr=0.000100
Step 250/407 | loss=1.4433 bb_lr=0.000100 head_lr=0.000100
Step 300/407 | loss=1.3708 bb_lr=0.000100 head_lr=0.000100
Step 350/407 | loss=1.3030 bb_lr=0.000100 head_lr=0.000100
Step 400/407 | loss=1.2673 bb_lr=0.000100 head_lr=0.000100
Timing (first 30 train batches) | data=0.024387s infer=0.156786s
[ TRAIN METRICS ]:
bacc=0.238 macro_f1=0.241
  best : 0(p0.46 r0.72 f0.56) 1(p0.46 r0.57 f0.51) 10(p0.42 r0.40 f0.41) 2(p0.37 r0.44 f0.40) 4(p0.41 r0.31 f0.35)
  worst: 12(p0.00 r0.00 f0.00) 11(p0.26 r0.01 f0.02) 5(p0.20 r0.02 f0.04) 6(p0.17 r0.03 f0.05) 7(p0.24 r0.07 f0.11)
[ VALIDATION METRICS TTA]:
Val dist: {0: 1302, 1: 810, 10: 201, 2: 275, 7: 36, 6: 39, 5: 37, 3: 86, 8: 44, 4: 42, 11: 7, 9: 11, 12: 1}
bacc=0.576 macro_f1=0.559
  best : 0(p0.97 r0.98 f0.97) 1(p0.95 r0.92 f0.93) 3(p0.99 r0.85 f0.91) 4(p0.97 r0.86 f0.91) 2(p0.83 r0.86 f0.84)
  worst: 12(p0.00 r0.00 f0.00) 6(p0.18 r0.10 f0.13) 11(p0.29 r0.29 f0.29) 9(p0.25 r0.45 f0.32) 5(p0.42 r0.27 f0.33)
[TSNE] Saved to /home/infres/yrothlin-24/CHAL_IM05/logs/tests/TSNE/tsne_val_epoch_001.png
[CONFUSION] Saved to /home/infres/yrothlin-24/CHAL_IM05/logs/tests/confusion/confusion_val_epoch_001_norm.png
[ RESULTS ] : Epoch 1/60 | train_loss=1.2596 val_loss=0.2738
New best macro_f1: 0.5588 at epoch 1.
Saving best checkpoint.
Checkpoint saved: /home/infres/yrothlin-24/CHAL_IM05/checkpoints/tests/best.pt
Step 50/407 | loss=0.8212 bb_lr=0.000099 head_lr=0.000099
Step 100/407 | loss=0.8574 bb_lr=0.000099 head_lr=0.000099
Step 150/407 | loss=0.8575 bb_lr=0.000099 head_lr=0.000099
Step 200/407 | loss=0.8570 bb_lr=0.000099 head_lr=0.000099
Step 250/407 | loss=0.8384 bb_lr=0.000099 head_lr=0.000099
Step 300/407 | loss=0.8384 bb_lr=0.000099 head_lr=0.000099
Step 350/407 | loss=0.8292 bb_lr=0.000099 head_lr=0.000099
Step 400/407 | loss=0.8211 bb_lr=0.000099 head_lr=0.000099
Timing (first 30 train batches) | data=0.032980s infer=0.160053s
[ TRAIN METRICS ]:
bacc=0.386 macro_f1=0.397
  best : 0(p0.62 r0.68 f0.65) 1(p0.56 r0.63 f0.59) 4(p0.58 r0.57 f0.57) 3(p0.55 r0.55 f0.55) 2(p0.51 r0.56 f0.53)
  worst: 12(p0.50 r0.01 f0.01) 6(p0.32 r0.18 f0.23) 7(p0.32 r0.22 f0.26) 5(p0.33 r0.21 f0.26) 9(p0.35 r0.26 f0.30)
[ VALIDATION METRICS TTA]:
Val dist: {0: 1302, 1: 810, 10: 201, 2: 275, 7: 36, 6: 39, 5: 37, 3: 86, 8: 44, 4: 42, 11: 7, 9: 11, 12: 1}
bacc=0.758 macro_f1=0.690
  best : 12(p1.00 r1.00 f1.00) 0(p0.99 r0.92 f0.95) 1(p0.96 r0.93 f0.95) 3(p0.88 r0.98 f0.93) 4(p0.93 r0.90 f0.92)
  worst: 6(p0.21 r0.62 f0.31) 7(p0.36 r0.44 f0.40) 11(p0.38 r0.43 f0.40) 9(p0.31 r0.82 f0.45) 5(p0.34 r0.68 f0.45)
[ RESULTS ] : Epoch 2/60 | train_loss=0.8206 val_loss=0.2558
New best macro_f1: 0.6900 at epoch 2.
Saving best checkpoint.
Checkpoint saved: /home/infres/yrothlin-24/CHAL_IM05/checkpoints/tests/best.pt
Step 50/407 | loss=0.7293 bb_lr=0.000098 head_lr=0.000098
Step 100/407 | loss=0.6818 bb_lr=0.000098 head_lr=0.000098
Step 150/407 | loss=0.7051 bb_lr=0.000098 head_lr=0.000098
Step 200/407 | loss=0.6999 bb_lr=0.000098 head_lr=0.000098
Step 250/407 | loss=0.7097 bb_lr=0.000098 head_lr=0.000098
Step 300/407 | loss=0.7054 bb_lr=0.000098 head_lr=0.000098
Step 350/407 | loss=0.7148 bb_lr=0.000098 head_lr=0.000098
Step 400/407 | loss=0.7267 bb_lr=0.000098 head_lr=0.000098
Timing (first 30 train batches) | data=0.026013s infer=0.163715s
[ TRAIN METRICS ]:
bacc=0.435 macro_f1=0.453
  best : 0(p0.64 r0.70 f0.67) 1(p0.58 r0.64 f0.61) 3(p0.57 r0.57 f0.57) 4(p0.57 r0.56 f0.57) 2(p0.53 r0.56 f0.55)
  worst: 7(p0.33 r0.25 f0.28) 6(p0.37 r0.26 f0.31) 12(p0.56 r0.22 f0.31) 5(p0.40 r0.27 f0.33) 9(p0.36 r0.30 f0.33)
[ VALIDATION METRICS TTA]:
Val dist: {0: 1302, 1: 810, 10: 201, 2: 275, 7: 36, 6: 39, 5: 37, 3: 86, 8: 44, 4: 42, 11: 7, 9: 11, 12: 1}
bacc=0.686 macro_f1=0.641
  best : 0(p0.98 r0.95 f0.97) 1(p0.94 r0.95 f0.94) 3(p1.00 r0.88 f0.94) 4(p0.95 r0.86 f0.90) 10(p0.93 r0.85 f0.89)
  worst: 12(p0.00 r0.00 f0.00) 6(p0.30 r0.72 f0.42) 11(p0.43 r0.43 f0.43) 7(p0.60 r0.33 f0.43) 5(p0.38 r0.65 f0.48)
[ RESULTS ] : Epoch 3/60 | train_loss=0.7268 val_loss=0.2175
No improvement on macro_f1. Early stopping counter: 1/10
Step 50/407 | loss=0.6656 bb_lr=0.000095 head_lr=0.000095
Step 100/407 | loss=0.6890 bb_lr=0.000095 head_lr=0.000095
Step 150/407 | loss=0.6944 bb_lr=0.000095 head_lr=0.000095
Step 200/407 | loss=0.6939 bb_lr=0.000095 head_lr=0.000095
Step 250/407 | loss=0.6909 bb_lr=0.000095 head_lr=0.000095
Step 300/407 | loss=0.6865 bb_lr=0.000095 head_lr=0.000095
Step 350/407 | loss=0.6832 bb_lr=0.000095 head_lr=0.000095
Step 400/407 | loss=0.6807 bb_lr=0.000095 head_lr=0.000095
Timing (first 30 train batches) | data=0.036268s infer=0.162899s
[ TRAIN METRICS ]:
bacc=0.470 macro_f1=0.484
  best : 0(p0.64 r0.69 f0.67) 1(p0.58 r0.63 f0.60) 3(p0.59 r0.60 f0.60) 4(p0.57 r0.58 f0.57) 2(p0.54 r0.57 f0.56)
  worst: 7(p0.38 r0.29 f0.33) 6(p0.40 r0.30 f0.34) 12(p0.42 r0.30 f0.35) 5(p0.44 r0.35 f0.39) 8(p0.42 r0.41 f0.42)
[ VALIDATION METRICS TTA]:
Val dist: {0: 1302, 1: 810, 10: 201, 2: 275, 7: 36, 6: 39, 5: 37, 3: 86, 8: 44, 4: 42, 11: 7, 9: 11, 12: 1}
bacc=0.784 macro_f1=0.676
  best : 0(p0.99 r0.94 f0.96) 3(p0.92 r0.98 f0.95) 4(p0.93 r0.95 f0.94) 1(p0.97 r0.89 f0.93) 2(p0.91 r0.85 f0.88)
  worst: 6(p0.27 r0.64 f0.38) 5(p0.27 r0.70 f0.39) 11(p0.43 r0.43 f0.43) 7(p0.45 r0.56 f0.50) 8(p0.59 r0.43 f0.50)
[ RESULTS ] : Epoch 4/60 | train_loss=0.6816 val_loss=0.2414
No improvement on macro_f1. Early stopping counter: 2/10
Step 50/407 | loss=0.6829 bb_lr=0.000090 head_lr=0.000090
Step 100/407 | loss=0.7001 bb_lr=0.000090 head_lr=0.000090
Step 150/407 | loss=0.6733 bb_lr=0.000090 head_lr=0.000090
Step 200/407 | loss=0.6520 bb_lr=0.000090 head_lr=0.000090
Step 250/407 | loss=0.6536 bb_lr=0.000090 head_lr=0.000090
Step 300/407 | loss=0.6677 bb_lr=0.000090 head_lr=0.000090
Step 350/407 | loss=0.6699 bb_lr=0.000090 head_lr=0.000090
Step 400/407 | loss=0.6701 bb_lr=0.000090 head_lr=0.000090
Timing (first 30 train batches) | data=0.025912s infer=0.163911s
[ TRAIN METRICS ]:
bacc=0.470 macro_f1=0.484
  best : 0(p0.63 r0.68 f0.65) 1(p0.58 r0.62 f0.60) 3(p0.56 r0.58 f0.57) 4(p0.57 r0.57 f0.57) 2(p0.54 r0.56 f0.55)
  worst: 7(p0.36 r0.29 f0.32) 6(p0.38 r0.28 f0.32) 5(p0.44 r0.35 f0.39) 8(p0.42 r0.39 f0.40) 9(p0.45 r0.40 f0.42)
[ VALIDATION METRICS TTA]:
Val dist: {0: 1302, 1: 810, 10: 201, 2: 275, 7: 36, 6: 39, 5: 37, 3: 86, 8: 44, 4: 42, 11: 7, 9: 11, 12: 1}
bacc=0.781 macro_f1=0.662
  best : 3(p0.98 r0.97 f0.97) 0(p0.99 r0.94 f0.97) 1(p0.96 r0.92 f0.94) 4(p0.91 r0.93 f0.92) 10(p0.92 r0.89 f0.90)
  worst: 11(p0.11 r0.43 f0.17) 12(p0.20 r1.00 f0.33) 6(p0.29 r0.59 f0.39) 7(p0.42 r0.58 f0.49) 5(p0.42 r0.62 f0.50)
[TSNE] Saved to /home/infres/yrothlin-24/CHAL_IM05/logs/tests/TSNE/tsne_val_epoch_005.png
[CONFUSION] Saved to /home/infres/yrothlin-24/CHAL_IM05/logs/tests/confusion/confusion_val_epoch_005_norm.png
[ RESULTS ] : Epoch 5/60 | train_loss=0.6687 val_loss=0.2155
No improvement on macro_f1. Early stopping counter: 3/10
Step 50/407 | loss=0.6329 bb_lr=0.000085 head_lr=0.000085
Step 100/407 | loss=0.6297 bb_lr=0.000085 head_lr=0.000085
Step 150/407 | loss=0.6455 bb_lr=0.000085 head_lr=0.000085
Step 200/407 | loss=0.6515 bb_lr=0.000085 head_lr=0.000085
Step 250/407 | loss=0.6446 bb_lr=0.000085 head_lr=0.000085
Step 300/407 | loss=0.6445 bb_lr=0.000085 head_lr=0.000085
Step 350/407 | loss=0.6343 bb_lr=0.000085 head_lr=0.000085
Step 400/407 | loss=0.6311 bb_lr=0.000085 head_lr=0.000085
Timing (first 30 train batches) | data=0.026177s infer=0.162132s
[ TRAIN METRICS ]:
bacc=0.509 macro_f1=0.520
  best : 0(p0.65 r0.69 f0.67) 1(p0.61 r0.65 f0.63) 4(p0.60 r0.61 f0.60) 2(p0.57 r0.60 f0.58) 3(p0.57 r0.59 f0.58)
  worst: 6(p0.41 r0.31 f0.35) 7(p0.41 r0.33 f0.36) 8(p0.44 r0.41 f0.43) 5(p0.49 r0.39 f0.43) 9(p0.47 r0.46 f0.47)
[ VALIDATION METRICS TTA]:
Val dist: {0: 1302, 1: 810, 10: 201, 2: 275, 7: 36, 6: 39, 5: 37, 3: 86, 8: 44, 4: 42, 11: 7, 9: 11, 12: 1}
bacc=0.782 macro_f1=0.735
  best : 12(p1.00 r1.00 f1.00) 0(p0.98 r0.95 f0.97) 1(p0.95 r0.95 f0.95) 3(p0.99 r0.88 f0.93) 4(p0.95 r0.88 f0.91)
  worst: 11(p0.27 r0.43 f0.33) 6(p0.32 r0.64 f0.43) 7(p0.46 r0.58 f0.51) 5(p0.44 r0.65 f0.53) 8(p0.53 r0.55 f0.54)
[ RESULTS ] : Epoch 6/60 | train_loss=0.6326 val_loss=0.1969
New best macro_f1: 0.7354 at epoch 6.
Saving best checkpoint.
Checkpoint saved: /home/infres/yrothlin-24/CHAL_IM05/checkpoints/tests/best.pt
Step 50/407 | loss=0.6906 bb_lr=0.000079 head_lr=0.000079
Step 100/407 | loss=0.6789 bb_lr=0.000079 head_lr=0.000079
Step 150/407 | loss=0.6542 bb_lr=0.000079 head_lr=0.000079
Step 200/407 | loss=0.6577 bb_lr=0.000079 head_lr=0.000079
Step 250/407 | loss=0.6448 bb_lr=0.000079 head_lr=0.000079
Step 300/407 | loss=0.6415 bb_lr=0.000079 head_lr=0.000079
Step 350/407 | loss=0.6338 bb_lr=0.000079 head_lr=0.000079
Step 400/407 | loss=0.6303 bb_lr=0.000079 head_lr=0.000079
Timing (first 30 train batches) | data=0.025310s infer=0.163953s
[ TRAIN METRICS ]:
bacc=0.522 macro_f1=0.535
  best : 0(p0.67 r0.72 f0.69) 1(p0.62 r0.66 f0.64) 3(p0.62 r0.62 f0.62) 4(p0.61 r0.61 f0.61) 10(p0.60 r0.60 f0.60)
  worst: 6(p0.42 r0.31 f0.36) 7(p0.42 r0.33 f0.37) 5(p0.50 r0.39 f0.44) 8(p0.48 r0.45 f0.46) 12(p0.54 r0.47 f0.51)
[ VALIDATION METRICS TTA]:
Val dist: {0: 1302, 1: 810, 10: 201, 2: 275, 7: 36, 6: 39, 5: 37, 3: 86, 8: 44, 4: 42, 11: 7, 9: 11, 12: 1}
bacc=0.808 macro_f1=0.666
  best : 3(p0.93 r0.99 f0.96) 0(p0.99 r0.91 f0.95) 4(p0.97 r0.90 f0.94) 1(p0.96 r0.90 f0.93) 2(p0.92 r0.85 f0.88)
  worst: 11(p0.23 r0.43 f0.30) 12(p0.20 r1.00 f0.33) 6(p0.23 r0.82 f0.36) 5(p0.31 r0.68 f0.43) 8(p0.56 r0.50 f0.53)
[ RESULTS ] : Epoch 7/60 | train_loss=0.6324 val_loss=0.2328
No improvement on macro_f1. Early stopping counter: 1/10
Step 50/407 | loss=0.6091 bb_lr=0.000073 head_lr=0.000073
Step 100/407 | loss=0.5812 bb_lr=0.000073 head_lr=0.000073
Step 150/407 | loss=0.5882 bb_lr=0.000073 head_lr=0.000073
Step 200/407 | loss=0.5973 bb_lr=0.000073 head_lr=0.000073
Step 250/407 | loss=0.5990 bb_lr=0.000073 head_lr=0.000073
Step 300/407 | loss=0.6037 bb_lr=0.000073 head_lr=0.000073
Step 350/407 | loss=0.6004 bb_lr=0.000073 head_lr=0.000073
Step 400/407 | loss=0.5972 bb_lr=0.000073 head_lr=0.000073
Timing (first 30 train batches) | data=0.037981s infer=0.163869s
[ TRAIN METRICS ]:
bacc=0.533 macro_f1=0.544
  best : 0(p0.67 r0.71 f0.69) 1(p0.62 r0.66 f0.64) 11(p0.64 r0.59 f0.61) 3(p0.61 r0.61 f0.61) 4(p0.61 r0.60 f0.61)
  worst: 6(p0.42 r0.33 f0.37) 7(p0.43 r0.36 f0.39) 5(p0.50 r0.41 f0.45) 8(p0.51 r0.48 f0.49) 9(p0.53 r0.49 f0.50)
[ VALIDATION METRICS TTA]:
Val dist: {0: 1302, 1: 810, 10: 201, 2: 275, 7: 36, 6: 39, 5: 37, 3: 86, 8: 44, 4: 42, 11: 7, 9: 11, 12: 1}
bacc=0.786 macro_f1=0.684
  best : 0(p0.98 r0.95 f0.97) 3(p0.98 r0.93 f0.95) 1(p0.94 r0.95 f0.95) 4(p0.95 r0.90 f0.93) 10(p0.92 r0.89 f0.90)
  worst: 12(p0.09 r1.00 f0.17) 11(p0.21 r0.43 f0.29) 6(p0.29 r0.51 f0.37) 7(p0.50 r0.64 f0.56) 8(p0.53 r0.66 f0.59)
[ RESULTS ] : Epoch 8/60 | train_loss=0.5923 val_loss=0.1888
No improvement on macro_f1. Early stopping counter: 2/10
Step 50/407 | loss=0.5855 bb_lr=0.000065 head_lr=0.000065
Step 100/407 | loss=0.5879 bb_lr=0.000065 head_lr=0.000065
Step 150/407 | loss=0.5792 bb_lr=0.000065 head_lr=0.000065
Step 200/407 | loss=0.5949 bb_lr=0.000065 head_lr=0.000065
Step 250/407 | loss=0.5891 bb_lr=0.000065 head_lr=0.000065
Step 300/407 | loss=0.5859 bb_lr=0.000065 head_lr=0.000065
Step 350/407 | loss=0.5795 bb_lr=0.000065 head_lr=0.000065
Step 400/407 | loss=0.5747 bb_lr=0.000065 head_lr=0.000065
Timing (first 30 train batches) | data=0.029405s infer=0.163609s
[ TRAIN METRICS ]:
bacc=0.558 macro_f1=0.569
  best : 0(p0.68 r0.71 f0.70) 1(p0.64 r0.67 f0.65) 4(p0.63 r0.64 f0.63) 3(p0.62 r0.64 f0.63) 10(p0.61 r0.60 f0.61)
  worst: 7(p0.46 r0.38 f0.42) 6(p0.47 r0.37 f0.42) 8(p0.51 r0.48 f0.50) 9(p0.52 r0.51 f0.51) 5(p0.57 r0.48 f0.52)
[ VALIDATION METRICS TTA]:
Val dist: {0: 1302, 1: 810, 10: 201, 2: 275, 7: 36, 6: 39, 5: 37, 3: 86, 8: 44, 4: 42, 11: 7, 9: 11, 12: 1}
bacc=0.793 macro_f1=0.751
  best : 12(p1.00 r1.00 f1.00) 3(p0.98 r0.98 f0.98) 0(p0.99 r0.94 f0.96) 1(p0.96 r0.95 f0.95) 10(p0.89 r0.92 f0.91)
  worst: 11(p0.30 r0.43 f0.35) 6(p0.30 r0.69 f0.42) 8(p0.64 r0.48 f0.55) 5(p0.58 r0.57 f0.58) 7(p0.57 r0.58 f0.58)
[ RESULTS ] : Epoch 9/60 | train_loss=0.5758 val_loss=0.1850
New best macro_f1: 0.7510 at epoch 9.
Saving best checkpoint.
Checkpoint saved: /home/infres/yrothlin-24/CHAL_IM05/checkpoints/tests/best.pt
Step 50/407 | loss=0.5556 bb_lr=0.000058 head_lr=0.000058
Step 100/407 | loss=0.5573 bb_lr=0.000058 head_lr=0.000058
Step 150/407 | loss=0.5685 bb_lr=0.000058 head_lr=0.000058
Step 200/407 | loss=0.5625 bb_lr=0.000058 head_lr=0.000058
Step 250/407 | loss=0.5656 bb_lr=0.000058 head_lr=0.000058
Step 300/407 | loss=0.5494 bb_lr=0.000058 head_lr=0.000058
Step 350/407 | loss=0.5520 bb_lr=0.000058 head_lr=0.000058
Step 400/407 | loss=0.5565 bb_lr=0.000058 head_lr=0.000058
Timing (first 30 train batches) | data=0.034749s infer=0.162539s
[ TRAIN METRICS ]:
bacc=0.543 macro_f1=0.552
  best : 0(p0.66 r0.70 f0.68) 12(p0.67 r0.61 f0.64) 1(p0.62 r0.65 f0.63) 3(p0.60 r0.61 f0.61) 4(p0.59 r0.59 f0.59)
  worst: 6(p0.44 r0.34 f0.39) 7(p0.45 r0.36 f0.40) 8(p0.48 r0.46 f0.47) 5(p0.52 r0.45 f0.48) 9(p0.55 r0.54 f0.54)
[ VALIDATION METRICS TTA]:
Val dist: {0: 1302, 1: 810, 10: 201, 2: 275, 7: 36, 6: 39, 5: 37, 3: 86, 8: 44, 4: 42, 11: 7, 9: 11, 12: 1}
bacc=0.798 macro_f1=0.759
  best : 12(p1.00 r1.00 f1.00) 3(p1.00 r0.98 f0.99) 0(p0.99 r0.94 f0.97) 1(p0.96 r0.95 f0.95) 4(p0.95 r0.93 f0.94)
  worst: 6(p0.28 r0.72 f0.40) 11(p0.50 r0.43 f0.46) 8(p0.63 r0.50 f0.56) 5(p0.49 r0.65 f0.56) 9(p0.53 r0.73 f0.62)
[TSNE] Saved to /home/infres/yrothlin-24/CHAL_IM05/logs/tests/TSNE/tsne_val_epoch_010.png
[CONFUSION] Saved to /home/infres/yrothlin-24/CHAL_IM05/logs/tests/confusion/confusion_val_epoch_010_norm.png
[ RESULTS ] : Epoch 10/60 | train_loss=0.5580 val_loss=0.1850
New best macro_f1: 0.7585 at epoch 10.
Saving best checkpoint.
Checkpoint saved: /home/infres/yrothlin-24/CHAL_IM05/checkpoints/tests/best.pt
Step 50/407 | loss=0.5563 bb_lr=0.000050 head_lr=0.000050
Step 100/407 | loss=0.5408 bb_lr=0.000050 head_lr=0.000050
Step 150/407 | loss=0.5565 bb_lr=0.000050 head_lr=0.000050
Step 200/407 | loss=0.5504 bb_lr=0.000050 head_lr=0.000050
Step 250/407 | loss=0.5657 bb_lr=0.000050 head_lr=0.000050
Step 300/407 | loss=0.5532 bb_lr=0.000050 head_lr=0.000050
Step 350/407 | loss=0.5455 bb_lr=0.000050 head_lr=0.000050
Step 400/407 | loss=0.5357 bb_lr=0.000050 head_lr=0.000050
Timing (first 30 train batches) | data=0.031335s infer=0.163015s
[ TRAIN METRICS ]:
bacc=0.565 macro_f1=0.572
  best : 0(p0.69 r0.71 f0.70) 1(p0.65 r0.67 f0.66) 4(p0.63 r0.64 f0.64) 3(p0.61 r0.63 f0.62) 2(p0.60 r0.62 f0.61)
  worst: 7(p0.47 r0.39 f0.43) 6(p0.48 r0.41 f0.44) 8(p0.52 r0.48 f0.50) 5(p0.54 r0.47 f0.51) 9(p0.55 r0.52 f0.53)
[ VALIDATION METRICS TTA]:
Val dist: {0: 1302, 1: 810, 10: 201, 2: 275, 7: 36, 6: 39, 5: 37, 3: 86, 8: 44, 4: 42, 11: 7, 9: 11, 12: 1}
bacc=0.779 macro_f1=0.697
  best : 3(p1.00 r0.95 f0.98) 0(p0.99 r0.95 f0.97) 1(p0.96 r0.94 f0.95) 4(p0.95 r0.93 f0.94) 10(p0.88 r0.94 f0.91)
  worst: 12(p0.20 r1.00 f0.33) 11(p0.38 r0.43 f0.40) 6(p0.34 r0.62 f0.44) 5(p0.47 r0.59 f0.52) 8(p0.52 r0.57 f0.54)
[ RESULTS ] : Epoch 11/60 | train_loss=0.5334 val_loss=0.1741
No improvement on macro_f1. Early stopping counter: 1/10
Step 50/407 | loss=0.5771 bb_lr=0.000042 head_lr=0.000042
Step 100/407 | loss=0.5623 bb_lr=0.000042 head_lr=0.000042
Step 150/407 | loss=0.5563 bb_lr=0.000042 head_lr=0.000042
Step 200/407 | loss=0.5188 bb_lr=0.000042 head_lr=0.000042
Step 250/407 | loss=0.5181 bb_lr=0.000042 head_lr=0.000042
Step 300/407 | loss=0.5177 bb_lr=0.000042 head_lr=0.000042
Step 350/407 | loss=0.5068 bb_lr=0.000042 head_lr=0.000042
Step 400/407 | loss=0.5105 bb_lr=0.000042 head_lr=0.000042
Timing (first 30 train batches) | data=0.035483s infer=0.162633s
[ TRAIN METRICS ]:
bacc=0.581 macro_f1=0.588
  best : 0(p0.69 r0.72 f0.70) 1(p0.65 r0.68 f0.66) 3(p0.65 r0.66 f0.65) 12(p0.67 r0.63 f0.65) 11(p0.64 r0.62 f0.63)
  worst: 6(p0.48 r0.41 f0.44) 7(p0.50 r0.43 f0.46) 5(p0.54 r0.48 f0.51) 8(p0.54 r0.53 f0.53) 9(p0.58 r0.55 f0.56)
[ VALIDATION METRICS TTA]:
Val dist: {0: 1302, 1: 810, 10: 201, 2: 275, 7: 36, 6: 39, 5: 37, 3: 86, 8: 44, 4: 42, 11: 7, 9: 11, 12: 1}
bacc=0.789 macro_f1=0.766
  best : 12(p1.00 r1.00 f1.00) 0(p0.99 r0.94 f0.97) 3(p0.97 r0.97 f0.97) 1(p0.96 r0.96 f0.96) 10(p0.90 r0.94 f0.92)
  worst: 6(p0.30 r0.64 f0.41) 11(p0.50 r0.43 f0.46) 7(p0.52 r0.67 f0.59) 5(p0.58 r0.59 f0.59) 8(p0.59 r0.61 f0.60)
[ RESULTS ] : Epoch 12/60 | train_loss=0.5142 val_loss=0.1765
New best macro_f1: 0.7665 at epoch 12.
Saving best checkpoint.
Checkpoint saved: /home/infres/yrothlin-24/CHAL_IM05/checkpoints/tests/best.pt
Step 50/407 | loss=0.5397 bb_lr=0.000035 head_lr=0.000035
Step 100/407 | loss=0.5370 bb_lr=0.000035 head_lr=0.000035
Step 150/407 | loss=0.5294 bb_lr=0.000035 head_lr=0.000035
Step 200/407 | loss=0.5224 bb_lr=0.000035 head_lr=0.000035
Step 250/407 | loss=0.5159 bb_lr=0.000035 head_lr=0.000035
Step 300/407 | loss=0.5070 bb_lr=0.000035 head_lr=0.000035
Step 350/407 | loss=0.5179 bb_lr=0.000035 head_lr=0.000035
Step 400/407 | loss=0.5140 bb_lr=0.000035 head_lr=0.000035
Timing (first 30 train batches) | data=0.025129s infer=0.164389s
[ TRAIN METRICS ]:
bacc=0.577 macro_f1=0.586
  best : 0(p0.70 r0.73 f0.71) 1(p0.66 r0.68 f0.67) 3(p0.64 r0.64 f0.64) 10(p0.63 r0.63 f0.63) 11(p0.64 r0.62 f0.63)
  worst: 7(p0.49 r0.43 f0.46) 6(p0.51 r0.44 f0.47) 8(p0.54 r0.51 f0.53) 5(p0.56 r0.50 f0.53) 9(p0.56 r0.53 f0.55)
[ VALIDATION METRICS TTA]:
Val dist: {0: 1302, 1: 810, 10: 201, 2: 275, 7: 36, 6: 39, 5: 37, 3: 86, 8: 44, 4: 42, 11: 7, 9: 11, 12: 1}
bacc=0.795 macro_f1=0.748
  best : 12(p1.00 r1.00 f1.00) 3(p1.00 r0.98 f0.99) 0(p0.98 r0.96 f0.97) 1(p0.97 r0.93 f0.95) 2(p0.88 r0.91 f0.89)
  worst: 6(p0.31 r0.54 f0.39) 11(p0.33 r0.57 f0.42) 5(p0.43 r0.57 f0.49) 8(p0.62 r0.48 f0.54) 7(p0.61 r0.61 f0.61)
[ RESULTS ] : Epoch 13/60 | train_loss=0.5160 val_loss=0.1719
No improvement on macro_f1. Early stopping counter: 1/10
Step 50/407 | loss=0.5150 bb_lr=0.000027 head_lr=0.000027
Step 100/407 | loss=0.5054 bb_lr=0.000027 head_lr=0.000027
Step 150/407 | loss=0.5078 bb_lr=0.000027 head_lr=0.000027
Step 200/407 | loss=0.4942 bb_lr=0.000027 head_lr=0.000027
Step 250/407 | loss=0.4812 bb_lr=0.000027 head_lr=0.000027
Step 300/407 | loss=0.4903 bb_lr=0.000027 head_lr=0.000027
Step 350/407 | loss=0.4966 bb_lr=0.000027 head_lr=0.000027
Step 400/407 | loss=0.4983 bb_lr=0.000027 head_lr=0.000027
Timing (first 30 train batches) | data=0.034009s infer=0.163156s
[ TRAIN METRICS ]:
bacc=0.562 macro_f1=0.569
  best : 0(p0.67 r0.70 f0.68) 1(p0.62 r0.65 f0.64) 3(p0.62 r0.64 f0.63) 4(p0.62 r0.61 f0.61) 2(p0.59 r0.60 f0.59)
  worst: 6(p0.47 r0.40 f0.43) 7(p0.50 r0.41 f0.45) 5(p0.54 r0.49 f0.51) 8(p0.54 r0.52 f0.53) 9(p0.58 r0.56 f0.57)
[ VALIDATION METRICS TTA]:
Val dist: {0: 1302, 1: 810, 10: 201, 2: 275, 7: 36, 6: 39, 5: 37, 3: 86, 8: 44, 4: 42, 11: 7, 9: 11, 12: 1}
bacc=0.779 macro_f1=0.753
  best : 12(p1.00 r1.00 f1.00) 3(p0.99 r0.97 f0.98) 0(p0.99 r0.95 f0.97) 1(p0.96 r0.94 f0.95) 4(p0.95 r0.88 f0.91)
  worst: 6(p0.30 r0.62 f0.40) 11(p0.43 r0.43 f0.43) 5(p0.49 r0.57 f0.53) 7(p0.50 r0.67 f0.57) 9(p0.58 r0.64 f0.61)
[ RESULTS ] : Epoch 14/60 | train_loss=0.5008 val_loss=0.1712
No improvement on macro_f1. Early stopping counter: 2/10
Step 50/407 | loss=0.5409 bb_lr=0.000021 head_lr=0.000021
Step 100/407 | loss=0.4880 bb_lr=0.000021 head_lr=0.000021
Step 150/407 | loss=0.4788 bb_lr=0.000021 head_lr=0.000021
Step 200/407 | loss=0.4826 bb_lr=0.000021 head_lr=0.000021
Step 250/407 | loss=0.4798 bb_lr=0.000021 head_lr=0.000021
Step 300/407 | loss=0.4925 bb_lr=0.000021 head_lr=0.000021
Step 350/407 | loss=0.4840 bb_lr=0.000021 head_lr=0.000021
Step 400/407 | loss=0.4889 bb_lr=0.000021 head_lr=0.000021
Timing (first 30 train batches) | data=0.025821s infer=0.163650s
[ TRAIN METRICS ]:
bacc=0.544 macro_f1=0.549
  best : 0(p0.66 r0.68 f0.67) 1(p0.61 r0.63 f0.62) 3(p0.60 r0.61 f0.61) 4(p0.60 r0.61 f0.60) 12(p0.59 r0.59 f0.59)
  worst: 7(p0.45 r0.39 f0.42) 6(p0.46 r0.41 f0.43) 8(p0.48 r0.46 f0.47) 5(p0.52 r0.47 f0.49) 9(p0.54 r0.53 f0.53)
[ VALIDATION METRICS TTA]:
Val dist: {0: 1302, 1: 810, 10: 201, 2: 275, 7: 36, 6: 39, 5: 37, 3: 86, 8: 44, 4: 42, 11: 7, 9: 11, 12: 1}
bacc=0.799 macro_f1=0.771
  best : 12(p1.00 r1.00 f1.00) 3(p1.00 r0.97 f0.98) 0(p0.99 r0.95 f0.97) 1(p0.96 r0.95 f0.95) 4(p0.95 r0.88 f0.91)
  worst: 6(p0.31 r0.72 f0.44) 11(p0.50 r0.43 f0.46) 5(p0.59 r0.59 f0.59) 8(p0.61 r0.61 f0.61) 7(p0.61 r0.64 f0.62)
[TSNE] Saved to /home/infres/yrothlin-24/CHAL_IM05/logs/tests/TSNE/tsne_val_epoch_015.png
[CONFUSION] Saved to /home/infres/yrothlin-24/CHAL_IM05/logs/tests/confusion/confusion_val_epoch_015_norm.png
[ RESULTS ] : Epoch 15/60 | train_loss=0.4923 val_loss=0.1753
New best macro_f1: 0.7708 at epoch 15.
Saving best checkpoint.
Checkpoint saved: /home/infres/yrothlin-24/CHAL_IM05/checkpoints/tests/best.pt
Step 50/407 | loss=0.5256 bb_lr=0.000015 head_lr=0.000015
Step 100/407 | loss=0.4947 bb_lr=0.000015 head_lr=0.000015
Step 150/407 | loss=0.5135 bb_lr=0.000015 head_lr=0.000015
Step 200/407 | loss=0.4965 bb_lr=0.000015 head_lr=0.000015
Step 250/407 | loss=0.4988 bb_lr=0.000015 head_lr=0.000015
Step 300/407 | loss=0.4882 bb_lr=0.000015 head_lr=0.000015
Step 350/407 | loss=0.4997 bb_lr=0.000015 head_lr=0.000015
Step 400/407 | loss=0.5031 bb_lr=0.000015 head_lr=0.000015
Timing (first 30 train batches) | data=0.035717s infer=0.161952s
[ TRAIN METRICS ]:
bacc=0.548 macro_f1=0.554
  best : 0(p0.66 r0.68 f0.67) 1(p0.61 r0.64 f0.62) 3(p0.59 r0.60 f0.59) 2(p0.58 r0.58 f0.58) 4(p0.58 r0.58 f0.58)
  worst: 6(p0.48 r0.41 f0.44) 7(p0.49 r0.43 f0.45) 8(p0.51 r0.48 f0.49) 5(p0.54 r0.48 f0.51) 11(p0.56 r0.56 f0.56)
[ VALIDATION METRICS TTA]:
Val dist: {0: 1302, 1: 810, 10: 201, 2: 275, 7: 36, 6: 39, 5: 37, 3: 86, 8: 44, 4: 42, 11: 7, 9: 11, 12: 1}
bacc=0.786 macro_f1=0.756
  best : 12(p1.00 r1.00 f1.00) 3(p0.98 r0.97 f0.97) 0(p0.99 r0.94 f0.97) 1(p0.96 r0.95 f0.95) 10(p0.91 r0.92 f0.92)
  worst: 11(p0.43 r0.43 f0.43) 6(p0.33 r0.77 f0.46) 5(p0.54 r0.51 f0.53) 7(p0.48 r0.61 f0.54) 9(p0.64 r0.64 f0.64)
[ RESULTS ] : Epoch 16/60 | train_loss=0.5021 val_loss=0.1788
No improvement on macro_f1. Early stopping counter: 1/10
Step 50/407 | loss=0.4696 bb_lr=0.000010 head_lr=0.000010
Step 100/407 | loss=0.4879 bb_lr=0.000010 head_lr=0.000010
Step 150/407 | loss=0.4792 bb_lr=0.000010 head_lr=0.000010
Step 200/407 | loss=0.4816 bb_lr=0.000010 head_lr=0.000010
Step 250/407 | loss=0.4867 bb_lr=0.000010 head_lr=0.000010
Step 300/407 | loss=0.4948 bb_lr=0.000010 head_lr=0.000010
Step 350/407 | loss=0.4900 bb_lr=0.000010 head_lr=0.000010
Step 400/407 | loss=0.4845 bb_lr=0.000010 head_lr=0.000010
Timing (first 30 train batches) | data=0.024811s infer=0.164160s
[ TRAIN METRICS ]:
bacc=0.526 macro_f1=0.532
  best : 0(p0.65 r0.67 f0.66) 1(p0.60 r0.62 f0.61) 4(p0.58 r0.59 f0.58) 2(p0.57 r0.58 f0.58) 3(p0.56 r0.58 f0.57)
  worst: 6(p0.44 r0.39 f0.41) 7(p0.44 r0.40 f0.42) 5(p0.51 r0.45 f0.48) 8(p0.50 r0.47 f0.49) 9(p0.51 r0.48 f0.49)
[ VALIDATION METRICS TTA]:
Val dist: {0: 1302, 1: 810, 10: 201, 2: 275, 7: 36, 6: 39, 5: 37, 3: 86, 8: 44, 4: 42, 11: 7, 9: 11, 12: 1}
bacc=0.781 macro_f1=0.755
  best : 12(p1.00 r1.00 f1.00) 3(p1.00 r0.97 f0.98) 0(p0.99 r0.96 f0.97) 1(p0.96 r0.95 f0.96) 4(p0.93 r0.90 f0.92)
  worst: 11(p0.43 r0.43 f0.43) 6(p0.33 r0.64 f0.43) 5(p0.53 r0.49 f0.51) 7(p0.49 r0.64 f0.55) 8(p0.60 r0.66 f0.63)
[ RESULTS ] : Epoch 17/60 | train_loss=0.4856 val_loss=0.1734
No improvement on macro_f1. Early stopping counter: 2/10
Step 50/407 | loss=0.4984 bb_lr=0.000005 head_lr=0.000005
Step 100/407 | loss=0.5152 bb_lr=0.000005 head_lr=0.000005
Step 150/407 | loss=0.5109 bb_lr=0.000005 head_lr=0.000005
Step 200/407 | loss=0.4922 bb_lr=0.000005 head_lr=0.000005
Step 250/407 | loss=0.5018 bb_lr=0.000005 head_lr=0.000005
Step 300/407 | loss=0.4960 bb_lr=0.000005 head_lr=0.000005
Step 350/407 | loss=0.5070 bb_lr=0.000005 head_lr=0.000005
Step 400/407 | loss=0.5094 bb_lr=0.000005 head_lr=0.000005
Timing (first 30 train batches) | data=0.038810s infer=0.163680s
[ TRAIN METRICS ]:
bacc=0.552 macro_f1=0.557
  best : 0(p0.64 r0.67 f0.65) 1(p0.63 r0.65 f0.64) 11(p0.62 r0.60 f0.61) 4(p0.59 r0.61 f0.60) 3(p0.59 r0.60 f0.59)
  worst: 6(p0.46 r0.39 f0.42) 7(p0.49 r0.43 f0.46) 5(p0.54 r0.48 f0.51) 8(p0.53 r0.51 f0.52) 9(p0.56 r0.53 f0.54)
[ VALIDATION METRICS TTA]:
Val dist: {0: 1302, 1: 810, 10: 201, 2: 275, 7: 36, 6: 39, 5: 37, 3: 86, 8: 44, 4: 42, 11: 7, 9: 11, 12: 1}
bacc=0.775 macro_f1=0.756
  best : 12(p1.00 r1.00 f1.00) 3(p1.00 r0.97 f0.98) 0(p0.99 r0.96 f0.97) 1(p0.96 r0.95 f0.95) 10(p0.91 r0.93 f0.92)
  worst: 6(p0.32 r0.62 f0.42) 11(p0.43 r0.43 f0.43) 9(p0.50 r0.55 f0.52) 5(p0.55 r0.59 f0.57) 8(p0.61 r0.61 f0.61)
[ RESULTS ] : Epoch 18/60 | train_loss=0.5096 val_loss=0.1726
No improvement on macro_f1. Early stopping counter: 3/10
Step 50/407 | loss=0.4981 bb_lr=0.000002 head_lr=0.000002
Step 100/407 | loss=0.5124 bb_lr=0.000002 head_lr=0.000002
Step 150/407 | loss=0.4964 bb_lr=0.000002 head_lr=0.000002
Step 200/407 | loss=0.4910 bb_lr=0.000002 head_lr=0.000002
Step 250/407 | loss=0.5036 bb_lr=0.000002 head_lr=0.000002
Step 300/407 | loss=0.5007 bb_lr=0.000002 head_lr=0.000002
Step 350/407 | loss=0.5023 bb_lr=0.000002 head_lr=0.000002
Step 400/407 | loss=0.4897 bb_lr=0.000002 head_lr=0.000002
Timing (first 30 train batches) | data=0.025261s infer=0.164208s
[ TRAIN METRICS ]:
bacc=0.592 macro_f1=0.597
  best : 0(p0.68 r0.70 f0.69) 1(p0.66 r0.67 f0.67) 3(p0.63 r0.66 f0.65) 11(p0.64 r0.62 f0.63) 4(p0.62 r0.63 f0.63)
  worst: 6(p0.51 r0.44 f0.47) 7(p0.53 r0.46 f0.49) 5(p0.54 r0.50 f0.52) 8(p0.57 r0.54 f0.55) 9(p0.61 r0.60 f0.60)
[ VALIDATION METRICS TTA]:
Val dist: {0: 1302, 1: 810, 10: 201, 2: 275, 7: 36, 6: 39, 5: 37, 3: 86, 8: 44, 4: 42, 11: 7, 9: 11, 12: 1}
bacc=0.777 macro_f1=0.753
  best : 12(p1.00 r1.00 f1.00) 3(p0.99 r0.97 f0.98) 0(p0.99 r0.95 f0.97) 1(p0.96 r0.95 f0.96) 4(p0.95 r0.90 f0.93)
  worst: 6(p0.31 r0.64 f0.42) 11(p0.43 r0.43 f0.43) 7(p0.51 r0.61 f0.56) 5(p0.55 r0.57 f0.56) 9(p0.54 r0.64 f0.58)
[ RESULTS ] : Epoch 19/60 | train_loss=0.4908 val_loss=0.1753
No improvement on macro_f1. Early stopping counter: 4/10
Step 50/407 | loss=0.4772 bb_lr=0.000001 head_lr=0.000001
Step 100/407 | loss=0.4870 bb_lr=0.000001 head_lr=0.000001
Step 150/407 | loss=0.4900 bb_lr=0.000001 head_lr=0.000001
Step 200/407 | loss=0.4949 bb_lr=0.000001 head_lr=0.000001
Step 250/407 | loss=0.4906 bb_lr=0.000001 head_lr=0.000001
Step 300/407 | loss=0.4962 bb_lr=0.000001 head_lr=0.000001
Step 350/407 | loss=0.4956 bb_lr=0.000001 head_lr=0.000001
Step 400/407 | loss=0.4960 bb_lr=0.000001 head_lr=0.000001
Timing (first 30 train batches) | data=0.037338s infer=0.163628s
[ TRAIN METRICS ]:
bacc=0.576 macro_f1=0.581
  best : 0(p0.68 r0.70 f0.69) 1(p0.65 r0.67 f0.66) 3(p0.62 r0.64 f0.63) 4(p0.62 r0.62 f0.62) 12(p0.62 r0.62 f0.62)
  worst: 6(p0.50 r0.43 f0.47) 7(p0.53 r0.46 f0.49) 5(p0.54 r0.50 f0.52) 8(p0.55 r0.53 f0.54) 11(p0.54 r0.55 f0.55)
[ VALIDATION METRICS TTA]:
Val dist: {0: 1302, 1: 810, 10: 201, 2: 275, 7: 36, 6: 39, 5: 37, 3: 86, 8: 44, 4: 42, 11: 7, 9: 11, 12: 1}
bacc=0.783 macro_f1=0.755
  best : 12(p1.00 r1.00 f1.00) 3(p1.00 r0.97 f0.98) 0(p0.99 r0.95 f0.97) 1(p0.96 r0.95 f0.95) 10(p0.91 r0.93 f0.92)
  worst: 6(p0.29 r0.64 f0.40) 11(p0.43 r0.43 f0.43) 7(p0.47 r0.64 f0.54) 5(p0.55 r0.57 f0.56) 8(p0.61 r0.61 f0.61)
[TSNE] Saved to /home/infres/yrothlin-24/CHAL_IM05/logs/tests/TSNE/tsne_val_epoch_020.png
[CONFUSION] Saved to /home/infres/yrothlin-24/CHAL_IM05/logs/tests/confusion/confusion_val_epoch_020_norm.png
[ RESULTS ] : Epoch 20/60 | train_loss=0.4990 val_loss=0.1773
No improvement on macro_f1. Early stopping counter: 5/10
Step 50/407 | loss=0.4880 bb_lr=0.000100 head_lr=0.000100
Step 100/407 | loss=0.5019 bb_lr=0.000100 head_lr=0.000100
Step 150/407 | loss=0.5343 bb_lr=0.000100 head_lr=0.000100
Step 200/407 | loss=0.5330 bb_lr=0.000100 head_lr=0.000100
Step 250/407 | loss=0.5330 bb_lr=0.000100 head_lr=0.000100
Step 300/407 | loss=0.5439 bb_lr=0.000100 head_lr=0.000100
Step 350/407 | loss=0.5346 bb_lr=0.000100 head_lr=0.000100
Step 400/407 | loss=0.5417 bb_lr=0.000100 head_lr=0.000100
Timing (first 30 train batches) | data=0.023204s infer=0.163448s
[ TRAIN METRICS ]:
bacc=0.563 macro_f1=0.570
  best : 0(p0.67 r0.70 f0.68) 1(p0.64 r0.66 f0.65) 4(p0.63 r0.64 f0.64) 3(p0.61 r0.62 f0.61) 12(p0.62 r0.60 f0.61)
  worst: 6(p0.47 r0.41 f0.44) 7(p0.49 r0.43 f0.46) 5(p0.51 r0.45 f0.48) 9(p0.52 r0.51 f0.51) 8(p0.53 r0.51 f0.52)
[ VALIDATION METRICS TTA]:
Val dist: {0: 1302, 1: 810, 10: 201, 2: 275, 7: 36, 6: 39, 5: 37, 3: 86, 8: 44, 4: 42, 11: 7, 9: 11, 12: 1}
bacc=0.770 macro_f1=0.738
  best : 12(p1.00 r1.00 f1.00) 0(p0.99 r0.94 f0.96) 3(p0.98 r0.95 f0.96) 1(p0.94 r0.96 f0.95) 4(p0.95 r0.88 f0.91)
  worst: 11(p0.23 r0.43 f0.30) 6(p0.27 r0.62 f0.38) 8(p0.55 r0.52 f0.53) 5(p0.59 r0.51 f0.55) 7(p0.54 r0.69 f0.61)
[ RESULTS ] : Epoch 21/60 | train_loss=0.5418 val_loss=0.1982
No improvement on macro_f1. Early stopping counter: 6/10
Step 50/407 | loss=0.5554 bb_lr=0.000099 head_lr=0.000099
Step 100/407 | loss=0.5546 bb_lr=0.000099 head_lr=0.000099
Step 150/407 | loss=0.5788 bb_lr=0.000099 head_lr=0.000099
Step 200/407 | loss=0.5525 bb_lr=0.000099 head_lr=0.000099
Step 250/407 | loss=0.5424 bb_lr=0.000099 head_lr=0.000099
Step 300/407 | loss=0.5354 bb_lr=0.000099 head_lr=0.000099
Step 350/407 | loss=0.5324 bb_lr=0.000099 head_lr=0.000099
Step 400/407 | loss=0.5304 bb_lr=0.000099 head_lr=0.000099
Timing (first 30 train batches) | data=0.024333s infer=0.163997s
[ TRAIN METRICS ]:
bacc=0.548 macro_f1=0.555
  best : 0(p0.66 r0.69 f0.67) 1(p0.62 r0.65 f0.64) 3(p0.61 r0.61 f0.61) 12(p0.61 r0.60 f0.60) 2(p0.59 r0.60 f0.60)
  worst: 6(p0.45 r0.38 f0.41) 7(p0.45 r0.39 f0.42) 8(p0.50 r0.48 f0.49) 5(p0.53 r0.48 f0.50) 9(p0.53 r0.50 f0.52)
[ VALIDATION METRICS TTA]:
Val dist: {0: 1302, 1: 810, 10: 201, 2: 275, 7: 36, 6: 39, 5: 37, 3: 86, 8: 44, 4: 42, 11: 7, 9: 11, 12: 1}
bacc=0.781 macro_f1=0.749
  best : 12(p1.00 r1.00 f1.00) 3(p1.00 r0.97 f0.98) 0(p0.99 r0.94 f0.97) 1(p0.95 r0.95 f0.95) 4(p0.95 r0.86 f0.90)
  worst: 6(p0.29 r0.72 f0.42) 11(p0.50 r0.43 f0.46) 5(p0.68 r0.41 f0.51) 7(p0.49 r0.67 f0.56) 8(p0.55 r0.61 f0.58)
[ RESULTS ] : Epoch 22/60 | train_loss=0.5303 val_loss=0.2031
No improvement on macro_f1. Early stopping counter: 7/10
Step 50/407 | loss=0.5709 bb_lr=0.000098 head_lr=0.000098
Step 100/407 | loss=0.5505 bb_lr=0.000098 head_lr=0.000098
Step 150/407 | loss=0.5439 bb_lr=0.000098 head_lr=0.000098
Step 200/407 | loss=0.5373 bb_lr=0.000098 head_lr=0.000098
Step 250/407 | loss=0.5326 bb_lr=0.000098 head_lr=0.000098
Step 300/407 | loss=0.5258 bb_lr=0.000098 head_lr=0.000098
Step 350/407 | loss=0.5271 bb_lr=0.000098 head_lr=0.000098
Step 400/407 | loss=0.5330 bb_lr=0.000098 head_lr=0.000098
Timing (first 30 train batches) | data=0.022277s infer=0.164259s
[ TRAIN METRICS ]:
bacc=0.548 macro_f1=0.554
  best : 0(p0.67 r0.69 f0.68) 1(p0.63 r0.66 f0.65) 3(p0.61 r0.62 f0.62) 4(p0.61 r0.61 f0.61) 10(p0.60 r0.59 f0.60)
  worst: 6(p0.45 r0.40 f0.43) 7(p0.47 r0.41 f0.44) 5(p0.51 r0.46 f0.48) 8(p0.50 r0.47 f0.49) 12(p0.53 r0.50 f0.52)
[ VALIDATION METRICS TTA]:
Val dist: {0: 1302, 1: 810, 10: 201, 2: 275, 7: 36, 6: 39, 5: 37, 3: 86, 8: 44, 4: 42, 11: 7, 9: 11, 12: 1}
bacc=0.781 macro_f1=0.738
  best : 12(p1.00 r1.00 f1.00) 3(p0.97 r0.99 f0.98) 0(p0.99 r0.93 f0.96) 1(p0.95 r0.96 f0.96) 4(p0.97 r0.88 f0.93)
  worst: 6(p0.26 r0.72 f0.39) 11(p0.50 r0.43 f0.46) 9(p0.43 r0.55 f0.48) 7(p0.41 r0.69 f0.52) 5(p0.47 r0.59 f0.52)
[ RESULTS ] : Epoch 23/60 | train_loss=0.5312 val_loss=0.2102
No improvement on macro_f1. Early stopping counter: 8/10
Step 50/407 | loss=0.5407 bb_lr=0.000095 head_lr=0.000095
Step 100/407 | loss=0.5581 bb_lr=0.000095 head_lr=0.000095
Step 150/407 | loss=0.5111 bb_lr=0.000095 head_lr=0.000095
Step 200/407 | loss=0.5071 bb_lr=0.000095 head_lr=0.000095
Step 250/407 | loss=0.5081 bb_lr=0.000095 head_lr=0.000095
Step 300/407 | loss=0.5058 bb_lr=0.000095 head_lr=0.000095
Step 350/407 | loss=0.5098 bb_lr=0.000095 head_lr=0.000095
Step 400/407 | loss=0.5167 bb_lr=0.000095 head_lr=0.000095
Timing (first 30 train batches) | data=0.020349s infer=0.164147s
[ TRAIN METRICS ]:
bacc=0.562 macro_f1=0.569
  best : 0(p0.66 r0.69 f0.68) 1(p0.63 r0.66 f0.64) 3(p0.62 r0.64 f0.63) 4(p0.61 r0.62 f0.61) 2(p0.61 r0.61 f0.61)
  worst: 6(p0.49 r0.42 f0.45) 7(p0.51 r0.44 f0.47) 8(p0.52 r0.51 f0.52) 5(p0.55 r0.50 f0.52) 12(p0.55 r0.54 f0.54)
[ VALIDATION METRICS TTA]:
Val dist: {0: 1302, 1: 810, 10: 201, 2: 275, 7: 36, 6: 39, 5: 37, 3: 86, 8: 44, 4: 42, 11: 7, 9: 11, 12: 1}
bacc=0.780 macro_f1=0.748
  best : 12(p1.00 r1.00 f1.00) 3(p0.99 r0.98 f0.98) 0(p0.99 r0.94 f0.96) 1(p0.95 r0.96 f0.95) 4(p0.95 r0.90 f0.93)
  worst: 11(p0.33 r0.43 f0.38) 6(p0.31 r0.72 f0.43) 5(p0.62 r0.49 f0.55) 8(p0.56 r0.55 f0.55) 7(p0.49 r0.64 f0.55)
[ RESULTS ] : Epoch 24/60 | train_loss=0.5172 val_loss=0.2019
No improvement on macro_f1. Early stopping counter: 9/10
Step 50/407 | loss=0.5467 bb_lr=0.000090 head_lr=0.000090
Step 100/407 | loss=0.5475 bb_lr=0.000090 head_lr=0.000090
Step 150/407 | loss=0.5435 bb_lr=0.000090 head_lr=0.000090
Step 200/407 | loss=0.5378 bb_lr=0.000090 head_lr=0.000090
Step 250/407 | loss=0.5429 bb_lr=0.000090 head_lr=0.000090
Step 300/407 | loss=0.5369 bb_lr=0.000090 head_lr=0.000090
Step 350/407 | loss=0.5316 bb_lr=0.000090 head_lr=0.000090
Step 400/407 | loss=0.5274 bb_lr=0.000090 head_lr=0.000090
Timing (first 30 train batches) | data=0.023577s infer=0.164260s
[ TRAIN METRICS ]:
bacc=0.558 macro_f1=0.564
  best : 0(p0.68 r0.71 f0.69) 1(p0.64 r0.66 f0.65) 3(p0.62 r0.63 f0.62) 4(p0.61 r0.62 f0.62) 10(p0.60 r0.60 f0.60)
  worst: 6(p0.48 r0.40 f0.44) 7(p0.48 r0.42 f0.45) 8(p0.52 r0.49 f0.50) 5(p0.54 r0.48 f0.51) 9(p0.55 r0.54 f0.54)
[ VALIDATION METRICS TTA]:
Val dist: {0: 1302, 1: 810, 10: 201, 2: 275, 7: 36, 6: 39, 5: 37, 3: 86, 8: 44, 4: 42, 11: 7, 9: 11, 12: 1}
bacc=0.756 macro_f1=0.734
  best : 12(p1.00 r1.00 f1.00) 3(p1.00 r0.94 f0.97) 0(p0.99 r0.95 f0.97) 1(p0.95 r0.93 f0.94) 4(p0.97 r0.86 f0.91)
  worst: 6(p0.33 r0.62 f0.43) 9(p0.45 r0.45 f0.45) 11(p0.50 r0.43 f0.46) 7(p0.41 r0.58 f0.48) 5(p0.48 r0.59 f0.53)
[TSNE] Saved to /home/infres/yrothlin-24/CHAL_IM05/logs/tests/TSNE/tsne_val_epoch_025.png
[CONFUSION] Saved to /home/infres/yrothlin-24/CHAL_IM05/logs/tests/confusion/confusion_val_epoch_025_norm.png
[ RESULTS ] : Epoch 25/60 | train_loss=0.5278 val_loss=0.2124
No improvement on macro_f1. Early stopping counter: 10/10
Early stopping triggered at epoch 25. Best epoch was 15 with macro_f1=0.7708
[FINAL]: Best score achieved at epoch 15 with score: 0.770766534515475
