--------------------------------------------------------------------------------
BACKBONE: CONVNEXT_TINY
MODE: training
DEVICE: cuda
--------------------------------------------------------------------------------
--------------------------------------------------------------------------------
MODEL INFORMATIONS
Backbone         : CONVNEXT_TINY
Feature dim      : 768
Backbone params  : 27,818,592
Head params      : 371,725
Total params     : 28,190,317
Trainable params : 28,190,317
Frozen backbone  : False
--------------------------------------------------------------------------------
[DATALOADER]: Using grouped single split
[DATALOADER] Train distribution: [11713, 7291, 2471, 775, 373, 329, 352, 324, 397, 103, 1811, 61, 10]
[DATALOADER] Val distribution  : [1302, 810, 275, 86, 42, 37, 39, 36, 44, 11, 201, 7, 1]
[DATALOADER]: Using weighted sampling
[DATALOADER]: Using TTA
Successfully loaded data with sizes: train=26010, val=2891, test=N/A
Validation set distribution: {0: 1302, 1: 810, 2: 275, 3: 86, 4: 42, 5: 37, 6: 39, 7: 36, 8: 44, 9: 11, 10: 201, 11: 7, 12: 1}
Trainer config: {'save_ckpt': True, 'ckpt_dir': '/home/infres/yrothlin-24/CHAL_IM05/checkpoints/tests', 'ckpt_every': 1, 'resume_from': '/home/infres/yrothlin-24/CHAL_IM05/checkpoints/tests/best.pt', 'resume': True, 'resume_from_pretrained': '/home/infres/yrothlin-24/CHAL_IM05/checkpoints/contrastive_pretraining/best.pt', 'resume_pretrained': False, 'monitor': 'macro_f1', 'early_stopping': True, 'early_stopping_patience': 10, 'early_stopping_mode': 'max', 'use_mixup': True, 'mixup_alpha': 0.2, 'use_cutmix': True, 'cutmix_alpha': 1.0, 'cutmix_prob': 0.5, 'loss': 'focal', 'gamma': 2.0, 'bb_lr': 0.0003, 'head_lr': 0.0003, 'finetune_bb_lr': 0.0001, 'finetune_head_lr': 0.0001, 'weight_decay': 0.0001, 'num_epochs': 60, 'warmup_epochs': 0, 'optimizer': 'adamw', 'scheduler': 'cosine_restarts', 'use_amp': False, 'grad_clip': 1.0, 'log_step': 50, 'tta_rounds': 4, 'label_smoothing': 0.05, 'use_weights': False, 'weights': [0.131885, 0.167166, 0.287122, 0.512761, 0.738572, 0.786459, 0.760902, 0.792986, 0.716469, 1.409173, 0.335431, 1.824578, 4.536496], 'plot_tsne': True, 'tsne_split': 'val', 'tsne_every': 5, 'tsne_max_samples': 1000, 'tsne_perplexity': 30.0, 'tsne_dir': '/home/infres/yrothlin-24/CHAL_IM05/logs/tests/TSNE', 'plot_confusion': True, 'confusion_split': 'val', 'confusion_every': 5, 'confusion_normalize': True, 'confusion_dir': '/home/infres/yrothlin-24/CHAL_IM05/logs/tests/confusion', 'class_names': ['SNE', 'LY', 'MO', 'EO', 'BA', 'VLY', 'BNE', 'MMY', 'MY', 'PMY', 'BL', 'PC', 'PLY']}
MODE EVALUATION : False
Using TTA with : 4 rounds
Early stopping enabled with patience=10 and mode=max
TSNE will be plotted every 5 epochs and saved to: /home/infres/yrothlin-24/CHAL_IM05/logs/tests/TSNE
Confusion matrices will be plotted every 5 epochs and saved to: /home/infres/yrothlin-24/CHAL_IM05/logs/tests/confusion
Backbone frozen at epoch 1. Trainable parameters: 371725
Backbone unfrozen at epoch 1. Trainable parameters: 28190317
Step 50/407 | loss=1.8927 bb_lr=0.000100 head_lr=0.000100
Step 100/407 | loss=1.7920 bb_lr=0.000100 head_lr=0.000100
Step 150/407 | loss=1.6908 bb_lr=0.000100 head_lr=0.000100
Step 200/407 | loss=1.6079 bb_lr=0.000100 head_lr=0.000100
Step 250/407 | loss=1.5498 bb_lr=0.000100 head_lr=0.000100
Step 300/407 | loss=1.4845 bb_lr=0.000100 head_lr=0.000100
Step 350/407 | loss=1.4303 bb_lr=0.000100 head_lr=0.000100
Step 400/407 | loss=1.3843 bb_lr=0.000100 head_lr=0.000100
Timing (first 30 train batches) | data=0.018714s infer=0.065717s
[ TRAIN METRICS ]:
bacc=0.181 macro_f1=0.175
  best : 0(p0.42 r0.71 f0.53) 1(p0.41 r0.52 f0.45) 10(p0.31 r0.37 f0.34) 2(p0.29 r0.35 f0.32) 4(p0.44 r0.17 f0.24)
  worst: 12(p0.00 r0.00 f0.00) 11(p0.50 r0.00 f0.00) 6(p0.16 r0.01 f0.02) 5(p0.17 r0.02 f0.04) 7(p0.22 r0.04 f0.07)
[ VALIDATION METRICS TTA]:
Val dist: {0: 1302, 1: 810, 10: 201, 2: 275, 7: 36, 6: 39, 5: 37, 3: 86, 8: 44, 4: 42, 11: 7, 9: 11, 12: 1}
bacc=0.554 macro_f1=0.499
  best : 0(p0.98 r0.90 f0.94) 1(p0.97 r0.88 f0.92) 2(p0.86 r0.75 f0.80) 10(p0.72 r0.88 f0.79) 4(p0.70 r0.90 f0.79)
  worst: 12(p0.00 r0.00 f0.00) 5(p0.22 r0.19 f0.20) 8(p0.17 r0.25 f0.20) 6(p0.25 r0.21 f0.23) 9(p0.14 r0.73 f0.24)
[TSNE] Saved to /home/infres/yrothlin-24/CHAL_IM05/logs/tests/TSNE/tsne_val_epoch_001.png
[CONFUSION] Saved to /home/infres/yrothlin-24/CHAL_IM05/logs/tests/confusion/confusion_val_epoch_001_norm.png
[ RESULTS ] : Epoch 1/60 | train_loss=1.3770 val_loss=0.3808
New best macro_f1: 0.4991 at epoch 1.
Saving best checkpoint.
Checkpoint saved: /home/infres/yrothlin-24/CHAL_IM05/checkpoints/tests/best.pt
Step 50/407 | loss=1.0294 bb_lr=0.000099 head_lr=0.000099
Step 100/407 | loss=0.9930 bb_lr=0.000099 head_lr=0.000099
Step 150/407 | loss=0.9896 bb_lr=0.000099 head_lr=0.000099
Step 200/407 | loss=0.9662 bb_lr=0.000099 head_lr=0.000099
Step 250/407 | loss=0.9429 bb_lr=0.000099 head_lr=0.000099
Step 300/407 | loss=0.9437 bb_lr=0.000099 head_lr=0.000099
Step 350/407 | loss=0.9383 bb_lr=0.000099 head_lr=0.000099
Step 400/407 | loss=0.9348 bb_lr=0.000099 head_lr=0.000099
Timing (first 30 train batches) | data=0.021229s infer=0.061483s
[ TRAIN METRICS ]:
bacc=0.360 macro_f1=0.371
  best : 0(p0.60 r0.69 f0.64) 1(p0.55 r0.64 f0.59) 4(p0.55 r0.53 f0.54) 10(p0.52 r0.54 f0.53) 2(p0.48 r0.55 f0.51)
  worst: 12(p0.00 r0.00 f0.00) 6(p0.31 r0.12 f0.17) 5(p0.32 r0.17 f0.22) 7(p0.27 r0.19 f0.23) 9(p0.38 r0.23 f0.29)
[ VALIDATION METRICS TTA]:
Val dist: {0: 1302, 1: 810, 10: 201, 2: 275, 7: 36, 6: 39, 5: 37, 3: 86, 8: 44, 4: 42, 11: 7, 9: 11, 12: 1}
bacc=0.608 macro_f1=0.602
  best : 0(p0.98 r0.90 f0.94) 1(p0.92 r0.96 f0.94) 3(p0.90 r0.93 f0.91) 4(p0.97 r0.81 f0.88) 2(p0.83 r0.90 f0.87)
  worst: 12(p0.00 r0.00 f0.00) 6(p0.17 r0.59 f0.27) 11(p0.50 r0.29 f0.36) 9(p0.60 r0.27 f0.37) 5(p0.50 r0.35 f0.41)
[ RESULTS ] : Epoch 2/60 | train_loss=0.9315 val_loss=0.2730
New best macro_f1: 0.6023 at epoch 2.
Saving best checkpoint.
Checkpoint saved: /home/infres/yrothlin-24/CHAL_IM05/checkpoints/tests/best.pt
Step 50/407 | loss=0.7959 bb_lr=0.000098 head_lr=0.000098
Step 100/407 | loss=0.8242 bb_lr=0.000098 head_lr=0.000098
Step 150/407 | loss=0.8497 bb_lr=0.000098 head_lr=0.000098
Step 200/407 | loss=0.8363 bb_lr=0.000098 head_lr=0.000098
Step 250/407 | loss=0.8333 bb_lr=0.000098 head_lr=0.000098
Step 300/407 | loss=0.8296 bb_lr=0.000098 head_lr=0.000098
Step 350/407 | loss=0.8213 bb_lr=0.000098 head_lr=0.000098
Step 400/407 | loss=0.8209 bb_lr=0.000098 head_lr=0.000098
Timing (first 30 train batches) | data=0.023843s infer=0.063182s
[ TRAIN METRICS ]:
bacc=0.392 macro_f1=0.405
  best : 0(p0.60 r0.67 f0.63) 1(p0.55 r0.62 f0.58) 3(p0.55 r0.55 f0.55) 4(p0.54 r0.54 f0.54) 2(p0.50 r0.54 f0.52)
  worst: 12(p0.59 r0.05 f0.09) 6(p0.28 r0.17 f0.21) 7(p0.29 r0.22 f0.25) 5(p0.37 r0.28 f0.32) 9(p0.38 r0.29 f0.33)
[ VALIDATION METRICS TTA]:
Val dist: {0: 1302, 1: 810, 10: 201, 2: 275, 7: 36, 6: 39, 5: 37, 3: 86, 8: 44, 4: 42, 11: 7, 9: 11, 12: 1}
bacc=0.721 macro_f1=0.650
  best : 3(p0.93 r0.98 f0.95) 0(p0.99 r0.91 f0.95) 1(p0.94 r0.94 f0.94) 4(p0.97 r0.88 f0.93) 2(p0.90 r0.82 f0.86)
  worst: 6(p0.19 r0.59 f0.29) 7(p0.33 r0.28 f0.30) 5(p0.37 r0.51 f0.43) 8(p0.38 r0.50 f0.43) 11(p0.60 r0.43 f0.50)
[ RESULTS ] : Epoch 3/60 | train_loss=0.8174 val_loss=0.2426
New best macro_f1: 0.6496 at epoch 3.
Saving best checkpoint.
Checkpoint saved: /home/infres/yrothlin-24/CHAL_IM05/checkpoints/tests/best.pt
Step 50/407 | loss=0.8006 bb_lr=0.000095 head_lr=0.000095
Step 100/407 | loss=0.7987 bb_lr=0.000095 head_lr=0.000095
Step 150/407 | loss=0.8029 bb_lr=0.000095 head_lr=0.000095
Step 200/407 | loss=0.7879 bb_lr=0.000095 head_lr=0.000095
Step 250/407 | loss=0.7942 bb_lr=0.000095 head_lr=0.000095
Step 300/407 | loss=0.7689 bb_lr=0.000095 head_lr=0.000095
Step 350/407 | loss=0.7609 bb_lr=0.000095 head_lr=0.000095
Step 400/407 | loss=0.7556 bb_lr=0.000095 head_lr=0.000095
Timing (first 30 train batches) | data=0.017874s infer=0.063432s
[ TRAIN METRICS ]:
bacc=0.465 macro_f1=0.484
  best : 0(p0.65 r0.71 f0.68) 1(p0.60 r0.66 f0.63) 4(p0.62 r0.62 f0.62) 3(p0.60 r0.61 f0.60) 2(p0.56 r0.60 f0.58)
  worst: 6(p0.38 r0.26 f0.31) 7(p0.36 r0.28 f0.32) 12(p0.45 r0.25 f0.32) 9(p0.45 r0.34 f0.39) 5(p0.47 r0.35 f0.40)
[ VALIDATION METRICS TTA]:
Val dist: {0: 1302, 1: 810, 10: 201, 2: 275, 7: 36, 6: 39, 5: 37, 3: 86, 8: 44, 4: 42, 11: 7, 9: 11, 12: 1}
bacc=0.751 macro_f1=0.698
  best : 12(p1.00 r1.00 f1.00) 1(p0.96 r0.93 f0.95) 0(p1.00 r0.88 f0.93) 4(p0.97 r0.88 f0.93) 3(p0.84 r0.99 f0.91)
  worst: 6(p0.18 r0.72 f0.28) 7(p0.31 r0.44 f0.36) 11(p0.38 r0.43 f0.40) 9(p0.46 r0.55 f0.50) 8(p0.43 r0.61 f0.50)
[ RESULTS ] : Epoch 4/60 | train_loss=0.7568 val_loss=0.2497
New best macro_f1: 0.6980 at epoch 4.
Saving best checkpoint.
Checkpoint saved: /home/infres/yrothlin-24/CHAL_IM05/checkpoints/tests/best.pt
Step 50/407 | loss=0.6701 bb_lr=0.000090 head_lr=0.000090
Step 100/407 | loss=0.7240 bb_lr=0.000090 head_lr=0.000090
Step 150/407 | loss=0.7297 bb_lr=0.000090 head_lr=0.000090
Step 200/407 | loss=0.7280 bb_lr=0.000090 head_lr=0.000090
Step 250/407 | loss=0.7119 bb_lr=0.000090 head_lr=0.000090
Step 300/407 | loss=0.7184 bb_lr=0.000090 head_lr=0.000090
Step 350/407 | loss=0.7160 bb_lr=0.000090 head_lr=0.000090
Step 400/407 | loss=0.7122 bb_lr=0.000090 head_lr=0.000090
Timing (first 30 train batches) | data=0.023402s infer=0.063184s
[ TRAIN METRICS ]:
bacc=0.466 macro_f1=0.483
  best : 0(p0.64 r0.69 f0.66) 1(p0.59 r0.63 f0.61) 4(p0.56 r0.58 f0.57) 2(p0.56 r0.58 f0.57) 3(p0.56 r0.57 f0.57)
  worst: 6(p0.37 r0.28 f0.32) 7(p0.38 r0.29 f0.33) 8(p0.39 r0.36 f0.37) 5(p0.44 r0.34 f0.39) 9(p0.45 r0.39 f0.42)
[ VALIDATION METRICS TTA]:
Val dist: {0: 1302, 1: 810, 10: 201, 2: 275, 7: 36, 6: 39, 5: 37, 3: 86, 8: 44, 4: 42, 11: 7, 9: 11, 12: 1}
bacc=0.763 macro_f1=0.685
  best : 3(p0.98 r0.98 f0.98) 0(p0.99 r0.95 f0.97) 1(p0.96 r0.93 f0.94) 4(p0.97 r0.88 f0.93) 2(p0.90 r0.87 f0.88)
  worst: 12(p0.25 r1.00 f0.40) 11(p0.67 r0.29 f0.40) 6(p0.29 r0.67 f0.41) 5(p0.42 r0.54 f0.47) 7(p0.55 r0.50 f0.52)
[TSNE] Saved to /home/infres/yrothlin-24/CHAL_IM05/logs/tests/TSNE/tsne_val_epoch_005.png
[CONFUSION] Saved to /home/infres/yrothlin-24/CHAL_IM05/logs/tests/confusion/confusion_val_epoch_005_norm.png
[ RESULTS ] : Epoch 5/60 | train_loss=0.7112 val_loss=0.2132
No improvement on macro_f1. Early stopping counter: 1/10
Step 50/407 | loss=0.6824 bb_lr=0.000085 head_lr=0.000085
Step 100/407 | loss=0.6951 bb_lr=0.000085 head_lr=0.000085
Step 150/407 | loss=0.6775 bb_lr=0.000085 head_lr=0.000085
Step 200/407 | loss=0.6860 bb_lr=0.000085 head_lr=0.000085
Step 250/407 | loss=0.6893 bb_lr=0.000085 head_lr=0.000085
Step 300/407 | loss=0.7012 bb_lr=0.000085 head_lr=0.000085
Step 350/407 | loss=0.7046 bb_lr=0.000085 head_lr=0.000085
Step 400/407 | loss=0.7056 bb_lr=0.000085 head_lr=0.000085
Timing (first 30 train batches) | data=0.021444s infer=0.062925s
[ TRAIN METRICS ]:
bacc=0.481 macro_f1=0.496
  best : 0(p0.65 r0.70 f0.67) 1(p0.61 r0.67 f0.64) 3(p0.61 r0.61 f0.61) 4(p0.60 r0.59 f0.59) 2(p0.56 r0.59 f0.58)
  worst: 6(p0.36 r0.25 f0.29) 7(p0.38 r0.28 f0.32) 5(p0.47 r0.36 f0.41) 12(p0.48 r0.36 f0.41) 8(p0.43 r0.40 f0.42)
[ VALIDATION METRICS TTA]:
Val dist: {0: 1302, 1: 810, 10: 201, 2: 275, 7: 36, 6: 39, 5: 37, 3: 86, 8: 44, 4: 42, 11: 7, 9: 11, 12: 1}
bacc=0.786 macro_f1=0.724
  best : 3(p0.98 r0.98 f0.98) 0(p0.99 r0.95 f0.97) 1(p0.96 r0.94 f0.95) 4(p0.97 r0.86 f0.91) 10(p0.88 r0.91 f0.89)
  worst: 6(p0.30 r0.72 f0.42) 7(p0.43 r0.56 f0.48) 11(p0.60 r0.43 f0.50) 8(p0.55 r0.55 f0.55) 5(p0.61 r0.54 f0.57)
[ RESULTS ] : Epoch 6/60 | train_loss=0.7066 val_loss=0.1969
New best macro_f1: 0.7239 at epoch 6.
Saving best checkpoint.
Checkpoint saved: /home/infres/yrothlin-24/CHAL_IM05/checkpoints/tests/best.pt
Step 50/407 | loss=0.6797 bb_lr=0.000079 head_lr=0.000079
Step 100/407 | loss=0.6831 bb_lr=0.000079 head_lr=0.000079
Step 150/407 | loss=0.6547 bb_lr=0.000079 head_lr=0.000079
Step 200/407 | loss=0.6629 bb_lr=0.000079 head_lr=0.000079
Step 250/407 | loss=0.6605 bb_lr=0.000079 head_lr=0.000079
Step 300/407 | loss=0.6519 bb_lr=0.000079 head_lr=0.000079
Step 350/407 | loss=0.6541 bb_lr=0.000079 head_lr=0.000079
Step 400/407 | loss=0.6498 bb_lr=0.000079 head_lr=0.000079
Timing (first 30 train batches) | data=0.018025s infer=0.063000s
[ TRAIN METRICS ]:
bacc=0.521 macro_f1=0.535
  best : 0(p0.66 r0.71 f0.69) 1(p0.62 r0.67 f0.64) 4(p0.61 r0.62 f0.62) 3(p0.60 r0.62 f0.61) 10(p0.60 r0.60 f0.60)
  worst: 6(p0.40 r0.29 f0.34) 7(p0.43 r0.34 f0.38) 9(p0.46 r0.42 f0.44) 5(p0.52 r0.41 f0.46) 8(p0.48 r0.45 f0.46)
[ VALIDATION METRICS TTA]:
Val dist: {0: 1302, 1: 810, 10: 201, 2: 275, 7: 36, 6: 39, 5: 37, 3: 86, 8: 44, 4: 42, 11: 7, 9: 11, 12: 1}
bacc=0.781 macro_f1=0.684
  best : 3(p0.94 r0.99 f0.97) 0(p0.99 r0.94 f0.96) 1(p0.97 r0.93 f0.95) 4(p0.95 r0.90 f0.93) 2(p0.87 r0.89 f0.88)
  worst: 12(p0.12 r1.00 f0.22) 6(p0.27 r0.67 f0.39) 7(p0.47 r0.56 f0.51) 11(p0.75 r0.43 f0.55) 8(p0.57 r0.52 f0.55)
[ RESULTS ] : Epoch 7/60 | train_loss=0.6486 val_loss=0.1968
No improvement on macro_f1. Early stopping counter: 1/10
Step 50/407 | loss=0.6301 bb_lr=0.000073 head_lr=0.000073
Step 100/407 | loss=0.5800 bb_lr=0.000073 head_lr=0.000073
Step 150/407 | loss=0.5851 bb_lr=0.000073 head_lr=0.000073
Step 200/407 | loss=0.5985 bb_lr=0.000073 head_lr=0.000073
Step 250/407 | loss=0.6171 bb_lr=0.000073 head_lr=0.000073
Step 300/407 | loss=0.6164 bb_lr=0.000073 head_lr=0.000073
Step 350/407 | loss=0.6180 bb_lr=0.000073 head_lr=0.000073
Step 400/407 | loss=0.6187 bb_lr=0.000073 head_lr=0.000073
Timing (first 30 train batches) | data=0.019562s infer=0.063094s
[ TRAIN METRICS ]:
bacc=0.501 macro_f1=0.512
  best : 0(p0.65 r0.69 f0.67) 1(p0.61 r0.65 f0.63) 4(p0.60 r0.60 f0.60) 3(p0.58 r0.60 f0.59) 2(p0.57 r0.59 f0.58)
  worst: 6(p0.38 r0.30 f0.34) 7(p0.41 r0.32 f0.36) 8(p0.44 r0.41 f0.42) 9(p0.44 r0.42 f0.43) 5(p0.48 r0.40 f0.43)
[ VALIDATION METRICS TTA]:
Val dist: {0: 1302, 1: 810, 10: 201, 2: 275, 7: 36, 6: 39, 5: 37, 3: 86, 8: 44, 4: 42, 11: 7, 9: 11, 12: 1}
bacc=0.797 macro_f1=0.714
  best : 0(p0.99 r0.94 f0.96) 3(p1.00 r0.93 f0.96) 1(p0.97 r0.93 f0.95) 4(p0.95 r0.90 f0.93) 10(p0.86 r0.92 f0.88)
  worst: 6(p0.28 r0.74 f0.41) 11(p0.50 r0.43 f0.46) 12(p0.33 r1.00 f0.50) 5(p0.46 r0.57 f0.51) 7(p0.41 r0.72 f0.52)
[ RESULTS ] : Epoch 8/60 | train_loss=0.6162 val_loss=0.2066
No improvement on macro_f1. Early stopping counter: 2/10
Step 50/407 | loss=0.6175 bb_lr=0.000065 head_lr=0.000065
Step 100/407 | loss=0.6474 bb_lr=0.000065 head_lr=0.000065
Step 150/407 | loss=0.6474 bb_lr=0.000065 head_lr=0.000065
Step 200/407 | loss=0.6588 bb_lr=0.000065 head_lr=0.000065
Step 250/407 | loss=0.6520 bb_lr=0.000065 head_lr=0.000065
Step 300/407 | loss=0.6464 bb_lr=0.000065 head_lr=0.000065
Step 350/407 | loss=0.6529 bb_lr=0.000065 head_lr=0.000065
Step 400/407 | loss=0.6455 bb_lr=0.000065 head_lr=0.000065
Timing (first 30 train batches) | data=0.022633s infer=0.062974s
[ TRAIN METRICS ]:
bacc=0.521 macro_f1=0.533
  best : 0(p0.67 r0.71 f0.69) 1(p0.62 r0.66 f0.64) 3(p0.61 r0.63 f0.62) 4(p0.60 r0.61 f0.60) 2(p0.59 r0.60 f0.60)
  worst: 6(p0.41 r0.30 f0.35) 7(p0.42 r0.34 f0.37) 5(p0.50 r0.41 f0.45) 8(p0.48 r0.46 f0.47) 12(p0.52 r0.46 f0.49)
[ VALIDATION METRICS TTA]:
Val dist: {0: 1302, 1: 810, 10: 201, 2: 275, 7: 36, 6: 39, 5: 37, 3: 86, 8: 44, 4: 42, 11: 7, 9: 11, 12: 1}
bacc=0.791 macro_f1=0.714
  best : 3(p0.97 r0.98 f0.97) 0(p0.99 r0.94 f0.96) 1(p0.95 r0.95 f0.95) 4(p0.97 r0.88 f0.93) 10(p0.91 r0.85 f0.88)
  worst: 6(p0.29 r0.64 f0.40) 11(p0.43 r0.43 f0.43) 7(p0.38 r0.78 f0.51) 5(p0.54 r0.51 f0.53) 9(p0.45 r0.82 f0.58)
[ RESULTS ] : Epoch 9/60 | train_loss=0.6420 val_loss=0.1896
No improvement on macro_f1. Early stopping counter: 3/10
Step 50/407 | loss=0.6172 bb_lr=0.000058 head_lr=0.000058
Step 100/407 | loss=0.6088 bb_lr=0.000058 head_lr=0.000058
Step 150/407 | loss=0.5894 bb_lr=0.000058 head_lr=0.000058
Step 200/407 | loss=0.5958 bb_lr=0.000058 head_lr=0.000058
Step 250/407 | loss=0.6067 bb_lr=0.000058 head_lr=0.000058
Step 300/407 | loss=0.6011 bb_lr=0.000058 head_lr=0.000058
Step 350/407 | loss=0.5912 bb_lr=0.000058 head_lr=0.000058
Step 400/407 | loss=0.5974 bb_lr=0.000058 head_lr=0.000058
Timing (first 30 train batches) | data=0.017567s infer=0.063457s
[ TRAIN METRICS ]:
bacc=0.546 macro_f1=0.557
  best : 0(p0.68 r0.72 f0.70) 1(p0.64 r0.67 f0.66) 3(p0.62 r0.64 f0.63) 4(p0.59 r0.61 f0.60) 2(p0.59 r0.61 f0.60)
  worst: 6(p0.43 r0.33 f0.37) 7(p0.47 r0.40 f0.43) 5(p0.54 r0.45 f0.49) 8(p0.53 r0.49 f0.51) 12(p0.56 r0.49 f0.52)
[ VALIDATION METRICS TTA]:
Val dist: {0: 1302, 1: 810, 10: 201, 2: 275, 7: 36, 6: 39, 5: 37, 3: 86, 8: 44, 4: 42, 11: 7, 9: 11, 12: 1}
bacc=0.801 macro_f1=0.715
  best : 0(p0.99 r0.95 f0.97) 3(p0.97 r0.97 f0.97) 1(p0.96 r0.94 f0.95) 4(p0.97 r0.90 f0.94) 10(p0.86 r0.90 f0.88)
  worst: 12(p0.17 r1.00 f0.29) 11(p0.33 r0.43 f0.38) 6(p0.36 r0.62 f0.45) 5(p0.51 r0.62 f0.56) 7(p0.55 r0.61 f0.58)
[TSNE] Saved to /home/infres/yrothlin-24/CHAL_IM05/logs/tests/TSNE/tsne_val_epoch_010.png
[CONFUSION] Saved to /home/infres/yrothlin-24/CHAL_IM05/logs/tests/confusion/confusion_val_epoch_010_norm.png
[ RESULTS ] : Epoch 10/60 | train_loss=0.5957 val_loss=0.1857
No improvement on macro_f1. Early stopping counter: 4/10
Step 50/407 | loss=0.6174 bb_lr=0.000050 head_lr=0.000050
Step 100/407 | loss=0.6182 bb_lr=0.000050 head_lr=0.000050
Step 150/407 | loss=0.6162 bb_lr=0.000050 head_lr=0.000050
Step 200/407 | loss=0.6019 bb_lr=0.000050 head_lr=0.000050
Step 250/407 | loss=0.6079 bb_lr=0.000050 head_lr=0.000050
Step 300/407 | loss=0.5966 bb_lr=0.000050 head_lr=0.000050
Step 350/407 | loss=0.5902 bb_lr=0.000050 head_lr=0.000050
Step 400/407 | loss=0.5908 bb_lr=0.000050 head_lr=0.000050
Timing (first 30 train batches) | data=0.018684s infer=0.062859s
[ TRAIN METRICS ]:
bacc=0.544 macro_f1=0.554
  best : 0(p0.67 r0.71 f0.69) 1(p0.63 r0.66 f0.65) 3(p0.62 r0.63 f0.62) 4(p0.60 r0.61 f0.60) 12(p0.63 r0.57 f0.60)
  worst: 6(p0.43 r0.33 f0.37) 7(p0.46 r0.38 f0.41) 5(p0.51 r0.43 f0.46) 8(p0.49 r0.46 f0.47) 9(p0.54 r0.51 f0.52)
[ VALIDATION METRICS TTA]:
Val dist: {0: 1302, 1: 810, 10: 201, 2: 275, 7: 36, 6: 39, 5: 37, 3: 86, 8: 44, 4: 42, 11: 7, 9: 11, 12: 1}
bacc=0.800 macro_f1=0.756
  best : 12(p1.00 r1.00 f1.00) 3(p0.99 r0.97 f0.98) 0(p0.99 r0.96 f0.97) 4(p0.97 r0.93 f0.95) 1(p0.96 r0.93 f0.94)
  worst: 11(p0.60 r0.43 f0.50) 6(p0.39 r0.72 f0.51) 5(p0.43 r0.65 f0.52) 7(p0.51 r0.58 f0.55) 8(p0.56 r0.57 f0.56)
[ RESULTS ] : Epoch 11/60 | train_loss=0.5903 val_loss=0.1917
New best macro_f1: 0.7562 at epoch 11.
Saving best checkpoint.
Checkpoint saved: /home/infres/yrothlin-24/CHAL_IM05/checkpoints/tests/best.pt
Step 50/407 | loss=0.5432 bb_lr=0.000042 head_lr=0.000042
Step 100/407 | loss=0.5545 bb_lr=0.000042 head_lr=0.000042
Step 150/407 | loss=0.5564 bb_lr=0.000042 head_lr=0.000042
Step 200/407 | loss=0.5532 bb_lr=0.000042 head_lr=0.000042
Step 250/407 | loss=0.5555 bb_lr=0.000042 head_lr=0.000042
Step 300/407 | loss=0.5545 bb_lr=0.000042 head_lr=0.000042
Step 350/407 | loss=0.5530 bb_lr=0.000042 head_lr=0.000042
Step 400/407 | loss=0.5533 bb_lr=0.000042 head_lr=0.000042
Timing (first 30 train batches) | data=0.017463s infer=0.062945s
[ TRAIN METRICS ]:
bacc=0.550 macro_f1=0.560
  best : 0(p0.67 r0.71 f0.69) 1(p0.63 r0.66 f0.64) 4(p0.62 r0.62 f0.62) 3(p0.61 r0.63 f0.62) 11(p0.62 r0.59 f0.60)
  worst: 6(p0.47 r0.38 f0.42) 7(p0.46 r0.38 f0.42) 8(p0.50 r0.47 f0.49) 5(p0.53 r0.45 f0.49) 9(p0.54 r0.52 f0.53)
[ VALIDATION METRICS TTA]:
Val dist: {0: 1302, 1: 810, 10: 201, 2: 275, 7: 36, 6: 39, 5: 37, 3: 86, 8: 44, 4: 42, 11: 7, 9: 11, 12: 1}
bacc=0.790 macro_f1=0.729
  best : 3(p1.00 r0.97 f0.98) 0(p0.99 r0.95 f0.97) 4(p0.98 r0.95 f0.96) 1(p0.96 r0.93 f0.95) 10(p0.86 r0.93 f0.89)
  worst: 6(p0.34 r0.59 f0.43) 11(p0.60 r0.43 f0.50) 5(p0.47 r0.57 f0.51) 7(p0.46 r0.64 f0.53) 8(p0.61 r0.52 f0.56)
[ RESULTS ] : Epoch 12/60 | train_loss=0.5535 val_loss=0.1920
No improvement on macro_f1. Early stopping counter: 1/10
Step 50/407 | loss=0.5306 bb_lr=0.000035 head_lr=0.000035
Step 100/407 | loss=0.5190 bb_lr=0.000035 head_lr=0.000035
Step 150/407 | loss=0.5490 bb_lr=0.000035 head_lr=0.000035
Step 200/407 | loss=0.5451 bb_lr=0.000035 head_lr=0.000035
Step 250/407 | loss=0.5392 bb_lr=0.000035 head_lr=0.000035
Step 300/407 | loss=0.5459 bb_lr=0.000035 head_lr=0.000035
Step 350/407 | loss=0.5441 bb_lr=0.000035 head_lr=0.000035
Step 400/407 | loss=0.5405 bb_lr=0.000035 head_lr=0.000035
Timing (first 30 train batches) | data=0.017856s infer=0.063345s
[ TRAIN METRICS ]:
bacc=0.518 macro_f1=0.525
  best : 0(p0.65 r0.68 f0.66) 1(p0.60 r0.62 f0.61) 3(p0.58 r0.60 f0.59) 10(p0.58 r0.57 f0.57) 2(p0.55 r0.57 f0.56)
  worst: 7(p0.43 r0.36 f0.39) 6(p0.44 r0.37 f0.40) 5(p0.51 r0.43 f0.47) 8(p0.48 r0.46 f0.47) 12(p0.51 r0.49 f0.50)
[ VALIDATION METRICS TTA]:
Val dist: {0: 1302, 1: 810, 10: 201, 2: 275, 7: 36, 6: 39, 5: 37, 3: 86, 8: 44, 4: 42, 11: 7, 9: 11, 12: 1}
bacc=0.791 macro_f1=0.760
  best : 12(p1.00 r1.00 f1.00) 0(p0.99 r0.94 f0.97) 3(p0.95 r0.97 f0.96) 1(p0.95 r0.95 f0.95) 4(p0.97 r0.90 f0.94)
  worst: 11(p0.38 r0.43 f0.40) 6(p0.32 r0.69 f0.44) 7(p0.44 r0.67 f0.53) 5(p0.55 r0.62 f0.58) 8(p0.54 r0.64 f0.58)
[ RESULTS ] : Epoch 13/60 | train_loss=0.5414 val_loss=0.1831
New best macro_f1: 0.7596 at epoch 13.
Saving best checkpoint.
Checkpoint saved: /home/infres/yrothlin-24/CHAL_IM05/checkpoints/tests/best.pt
Step 50/407 | loss=0.4948 bb_lr=0.000027 head_lr=0.000027
Step 100/407 | loss=0.4872 bb_lr=0.000027 head_lr=0.000027
Step 150/407 | loss=0.5356 bb_lr=0.000027 head_lr=0.000027
Step 200/407 | loss=0.5428 bb_lr=0.000027 head_lr=0.000027
Step 250/407 | loss=0.5408 bb_lr=0.000027 head_lr=0.000027
Step 300/407 | loss=0.5537 bb_lr=0.000027 head_lr=0.000027
Step 350/407 | loss=0.5535 bb_lr=0.000027 head_lr=0.000027
Step 400/407 | loss=0.5579 bb_lr=0.000027 head_lr=0.000027
Timing (first 30 train batches) | data=0.020325s infer=0.063241s
[ TRAIN METRICS ]:
bacc=0.552 macro_f1=0.561
  best : 0(p0.66 r0.70 f0.68) 1(p0.62 r0.65 f0.64) 4(p0.63 r0.63 f0.63) 3(p0.61 r0.63 f0.62) 2(p0.60 r0.61 f0.60)
  worst: 6(p0.49 r0.39 f0.43) 7(p0.48 r0.40 f0.44) 5(p0.53 r0.45 f0.48) 8(p0.49 r0.48 f0.48) 9(p0.55 r0.53 f0.54)
[ VALIDATION METRICS TTA]:
Val dist: {0: 1302, 1: 810, 10: 201, 2: 275, 7: 36, 6: 39, 5: 37, 3: 86, 8: 44, 4: 42, 11: 7, 9: 11, 12: 1}
bacc=0.797 macro_f1=0.751
  best : 12(p1.00 r1.00 f1.00) 3(p1.00 r0.95 f0.98) 0(p0.99 r0.95 f0.97) 1(p0.96 r0.93 f0.95) 4(p0.95 r0.93 f0.94)
  worst: 11(p0.33 r0.43 f0.38) 6(p0.33 r0.72 f0.45) 5(p0.43 r0.57 f0.49) 7(p0.53 r0.56 f0.54) 8(p0.59 r0.61 f0.60)
[ RESULTS ] : Epoch 14/60 | train_loss=0.5550 val_loss=0.1842
No improvement on macro_f1. Early stopping counter: 1/10
Step 50/407 | loss=0.5703 bb_lr=0.000021 head_lr=0.000021
Step 100/407 | loss=0.5751 bb_lr=0.000021 head_lr=0.000021
Step 150/407 | loss=0.5703 bb_lr=0.000021 head_lr=0.000021
Step 200/407 | loss=0.5579 bb_lr=0.000021 head_lr=0.000021
Step 250/407 | loss=0.5414 bb_lr=0.000021 head_lr=0.000021
Step 300/407 | loss=0.5421 bb_lr=0.000021 head_lr=0.000021
Step 350/407 | loss=0.5358 bb_lr=0.000021 head_lr=0.000021
Step 400/407 | loss=0.5371 bb_lr=0.000021 head_lr=0.000021
Timing (first 30 train batches) | data=0.020958s infer=0.063480s
[ TRAIN METRICS ]:
bacc=0.545 macro_f1=0.552
  best : 0(p0.65 r0.69 f0.67) 1(p0.62 r0.64 f0.63) 4(p0.61 r0.61 f0.61) 3(p0.59 r0.62 f0.60) 12(p0.61 r0.59 f0.60)
  worst: 6(p0.44 r0.37 f0.40) 7(p0.46 r0.40 f0.43) 5(p0.48 r0.43 f0.46) 8(p0.50 r0.47 f0.48) 9(p0.56 r0.53 f0.55)
[ VALIDATION METRICS TTA]:
Val dist: {0: 1302, 1: 810, 10: 201, 2: 275, 7: 36, 6: 39, 5: 37, 3: 86, 8: 44, 4: 42, 11: 7, 9: 11, 12: 1}
bacc=0.793 macro_f1=0.772
  best : 12(p1.00 r1.00 f1.00) 0(p0.99 r0.94 f0.97) 3(p0.97 r0.97 f0.97) 1(p0.95 r0.96 f0.95) 4(p0.95 r0.90 f0.93)
  worst: 6(p0.33 r0.77 f0.46) 5(p0.59 r0.46 f0.52) 11(p0.75 r0.43 f0.55) 7(p0.61 r0.53 f0.57) 8(p0.61 r0.64 f0.62)
[TSNE] Saved to /home/infres/yrothlin-24/CHAL_IM05/logs/tests/TSNE/tsne_val_epoch_015.png
[CONFUSION] Saved to /home/infres/yrothlin-24/CHAL_IM05/logs/tests/confusion/confusion_val_epoch_015_norm.png
[ RESULTS ] : Epoch 15/60 | train_loss=0.5361 val_loss=0.1773
New best macro_f1: 0.7723 at epoch 15.
Saving best checkpoint.
Checkpoint saved: /home/infres/yrothlin-24/CHAL_IM05/checkpoints/tests/best.pt
Step 50/407 | loss=0.5329 bb_lr=0.000015 head_lr=0.000015
Step 100/407 | loss=0.5015 bb_lr=0.000015 head_lr=0.000015
Step 150/407 | loss=0.5065 bb_lr=0.000015 head_lr=0.000015
Step 200/407 | loss=0.5241 bb_lr=0.000015 head_lr=0.000015
Step 250/407 | loss=0.5291 bb_lr=0.000015 head_lr=0.000015
Step 300/407 | loss=0.5301 bb_lr=0.000015 head_lr=0.000015
Step 350/407 | loss=0.5318 bb_lr=0.000015 head_lr=0.000015
Step 400/407 | loss=0.5286 bb_lr=0.000015 head_lr=0.000015
Timing (first 30 train batches) | data=0.017963s infer=0.062885s
[ TRAIN METRICS ]:
bacc=0.548 macro_f1=0.556
  best : 0(p0.66 r0.69 f0.67) 1(p0.63 r0.65 f0.64) 4(p0.59 r0.59 f0.59) 10(p0.58 r0.58 f0.58) 2(p0.58 r0.58 f0.58)
  worst: 6(p0.47 r0.41 f0.44) 7(p0.48 r0.41 f0.44) 8(p0.50 r0.48 f0.49) 5(p0.55 r0.49 f0.51) 12(p0.57 r0.53 f0.55)
[ VALIDATION METRICS TTA]:
Val dist: {0: 1302, 1: 810, 10: 201, 2: 275, 7: 36, 6: 39, 5: 37, 3: 86, 8: 44, 4: 42, 11: 7, 9: 11, 12: 1}
bacc=0.798 macro_f1=0.769
  best : 12(p1.00 r1.00 f1.00) 3(p1.00 r0.95 f0.98) 0(p0.99 r0.94 f0.97) 1(p0.96 r0.94 f0.95) 4(p0.95 r0.90 f0.93)
  worst: 11(p0.43 r0.43 f0.43) 6(p0.33 r0.72 f0.45) 5(p0.58 r0.49 f0.53) 7(p0.56 r0.64 f0.60) 8(p0.66 r0.61 f0.64)
[ RESULTS ] : Epoch 16/60 | train_loss=0.5283 val_loss=0.1908
No improvement on macro_f1. Early stopping counter: 1/10
Step 50/407 | loss=0.5319 bb_lr=0.000010 head_lr=0.000010
Step 100/407 | loss=0.5079 bb_lr=0.000010 head_lr=0.000010
Step 150/407 | loss=0.5456 bb_lr=0.000010 head_lr=0.000010
Step 200/407 | loss=0.5585 bb_lr=0.000010 head_lr=0.000010
Step 250/407 | loss=0.5499 bb_lr=0.000010 head_lr=0.000010
Step 300/407 | loss=0.5506 bb_lr=0.000010 head_lr=0.000010
Step 350/407 | loss=0.5534 bb_lr=0.000010 head_lr=0.000010
Step 400/407 | loss=0.5432 bb_lr=0.000010 head_lr=0.000010
Timing (first 30 train batches) | data=0.019209s infer=0.063588s
[ TRAIN METRICS ]:
bacc=0.540 macro_f1=0.548
  best : 0(p0.65 r0.68 f0.67) 1(p0.62 r0.65 f0.63) 3(p0.60 r0.61 f0.60) 11(p0.59 r0.59 f0.59) 4(p0.58 r0.58 f0.58)
  worst: 6(p0.46 r0.38 f0.42) 7(p0.48 r0.42 f0.45) 5(p0.52 r0.46 f0.49) 8(p0.51 r0.47 f0.49) 9(p0.52 r0.50 f0.51)
[ VALIDATION METRICS TTA]:
Val dist: {0: 1302, 1: 810, 10: 201, 2: 275, 7: 36, 6: 39, 5: 37, 3: 86, 8: 44, 4: 42, 11: 7, 9: 11, 12: 1}
bacc=0.804 macro_f1=0.776
  best : 12(p1.00 r1.00 f1.00) 3(p1.00 r0.97 f0.98) 0(p0.99 r0.95 f0.97) 1(p0.96 r0.95 f0.95) 4(p0.97 r0.90 f0.94)
  worst: 6(p0.32 r0.72 f0.44) 11(p0.60 r0.43 f0.50) 5(p0.59 r0.54 f0.56) 7(p0.53 r0.67 f0.59) 8(p0.68 r0.61 f0.64)
[ RESULTS ] : Epoch 17/60 | train_loss=0.5433 val_loss=0.1829
New best macro_f1: 0.7762 at epoch 17.
Saving best checkpoint.
Checkpoint saved: /home/infres/yrothlin-24/CHAL_IM05/checkpoints/tests/best.pt
Step 50/407 | loss=0.5644 bb_lr=0.000005 head_lr=0.000005
Step 100/407 | loss=0.5656 bb_lr=0.000005 head_lr=0.000005
Step 150/407 | loss=0.5632 bb_lr=0.000005 head_lr=0.000005
Step 200/407 | loss=0.5292 bb_lr=0.000005 head_lr=0.000005
Step 250/407 | loss=0.5218 bb_lr=0.000005 head_lr=0.000005
Step 300/407 | loss=0.5143 bb_lr=0.000005 head_lr=0.000005
Step 350/407 | loss=0.5189 bb_lr=0.000005 head_lr=0.000005
Step 400/407 | loss=0.5187 bb_lr=0.000005 head_lr=0.000005
Timing (first 30 train batches) | data=0.019243s infer=0.063040s
[ TRAIN METRICS ]:
bacc=0.554 macro_f1=0.561
  best : 0(p0.67 r0.70 f0.68) 1(p0.63 r0.65 f0.64) 4(p0.61 r0.62 f0.62) 3(p0.60 r0.62 f0.61) 2(p0.58 r0.59 f0.59)
  worst: 6(p0.45 r0.38 f0.41) 7(p0.49 r0.42 f0.45) 5(p0.53 r0.48 f0.50) 8(p0.53 r0.50 f0.51) 9(p0.55 r0.54 f0.55)
[ VALIDATION METRICS TTA]:
Val dist: {0: 1302, 1: 810, 10: 201, 2: 275, 7: 36, 6: 39, 5: 37, 3: 86, 8: 44, 4: 42, 11: 7, 9: 11, 12: 1}
bacc=0.794 macro_f1=0.768
  best : 12(p1.00 r1.00 f1.00) 3(p0.99 r0.97 f0.98) 0(p0.99 r0.95 f0.97) 1(p0.96 r0.95 f0.95) 4(p0.97 r0.93 f0.95)
  worst: 11(p0.43 r0.43 f0.43) 6(p0.33 r0.67 f0.44) 5(p0.56 r0.49 f0.52) 7(p0.53 r0.64 f0.58) 8(p0.64 r0.66 f0.65)
[ RESULTS ] : Epoch 18/60 | train_loss=0.5220 val_loss=0.1776
No improvement on macro_f1. Early stopping counter: 1/10
Step 50/407 | loss=0.5043 bb_lr=0.000002 head_lr=0.000002
Step 100/407 | loss=0.4999 bb_lr=0.000002 head_lr=0.000002
Step 150/407 | loss=0.5094 bb_lr=0.000002 head_lr=0.000002
Step 200/407 | loss=0.5333 bb_lr=0.000002 head_lr=0.000002
Step 250/407 | loss=0.5346 bb_lr=0.000002 head_lr=0.000002
Step 300/407 | loss=0.5338 bb_lr=0.000002 head_lr=0.000002
Step 350/407 | loss=0.5343 bb_lr=0.000002 head_lr=0.000002
Step 400/407 | loss=0.5277 bb_lr=0.000002 head_lr=0.000002
Timing (first 30 train batches) | data=0.017757s infer=0.063026s
[ TRAIN METRICS ]:
bacc=0.568 macro_f1=0.574
  best : 0(p0.68 r0.70 f0.69) 1(p0.65 r0.66 f0.66) 4(p0.62 r0.62 f0.62) 3(p0.60 r0.62 f0.61) 11(p0.61 r0.62 f0.61)
  worst: 6(p0.49 r0.42 f0.45) 7(p0.50 r0.44 f0.47) 5(p0.55 r0.49 f0.52) 8(p0.55 r0.52 f0.53) 9(p0.56 r0.53 f0.54)
[ VALIDATION METRICS TTA]:
Val dist: {0: 1302, 1: 810, 10: 201, 2: 275, 7: 36, 6: 39, 5: 37, 3: 86, 8: 44, 4: 42, 11: 7, 9: 11, 12: 1}
bacc=0.807 macro_f1=0.776
  best : 12(p1.00 r1.00 f1.00) 3(p0.99 r0.95 f0.97) 0(p0.99 r0.95 f0.97) 1(p0.96 r0.94 f0.95) 4(p0.95 r0.90 f0.93)
  worst: 11(p0.50 r0.43 f0.46) 6(p0.36 r0.77 f0.49) 5(p0.58 r0.51 f0.54) 7(p0.51 r0.64 f0.57) 8(p0.62 r0.68 f0.65)
[ RESULTS ] : Epoch 19/60 | train_loss=0.5229 val_loss=0.1800
New best macro_f1: 0.7764 at epoch 19.
Saving best checkpoint.
Checkpoint saved: /home/infres/yrothlin-24/CHAL_IM05/checkpoints/tests/best.pt
Step 50/407 | loss=0.4723 bb_lr=0.000001 head_lr=0.000001
Step 100/407 | loss=0.4692 bb_lr=0.000001 head_lr=0.000001
Step 150/407 | loss=0.4630 bb_lr=0.000001 head_lr=0.000001
Step 200/407 | loss=0.4687 bb_lr=0.000001 head_lr=0.000001
Step 250/407 | loss=0.4755 bb_lr=0.000001 head_lr=0.000001
Step 300/407 | loss=0.4868 bb_lr=0.000001 head_lr=0.000001
Step 350/407 | loss=0.4941 bb_lr=0.000001 head_lr=0.000001
Step 400/407 | loss=0.4887 bb_lr=0.000001 head_lr=0.000001
Timing (first 30 train batches) | data=0.022825s infer=0.063456s
[ TRAIN METRICS ]:
bacc=0.568 macro_f1=0.575
  best : 0(p0.67 r0.70 f0.69) 1(p0.64 r0.66 f0.65) 3(p0.61 r0.63 f0.62) 2(p0.61 r0.62 f0.61) 11(p0.62 r0.60 f0.61)
  worst: 6(p0.49 r0.43 f0.46) 7(p0.52 r0.47 f0.49) 8(p0.52 r0.50 f0.51) 5(p0.55 r0.50 f0.52) 9(p0.58 r0.55 f0.56)
[ VALIDATION METRICS TTA]:
Val dist: {0: 1302, 1: 810, 10: 201, 2: 275, 7: 36, 6: 39, 5: 37, 3: 86, 8: 44, 4: 42, 11: 7, 9: 11, 12: 1}
bacc=0.808 macro_f1=0.773
  best : 12(p1.00 r1.00 f1.00) 3(p1.00 r0.97 f0.98) 0(p0.99 r0.95 f0.97) 1(p0.96 r0.94 f0.95) 4(p0.95 r0.93 f0.94)
  worst: 6(p0.34 r0.72 f0.46) 11(p0.50 r0.43 f0.46) 5(p0.56 r0.51 f0.54) 7(p0.53 r0.67 f0.59) 8(p0.62 r0.68 f0.65)
[TSNE] Saved to /home/infres/yrothlin-24/CHAL_IM05/logs/tests/TSNE/tsne_val_epoch_020.png
[CONFUSION] Saved to /home/infres/yrothlin-24/CHAL_IM05/logs/tests/confusion/confusion_val_epoch_020_norm.png
[ RESULTS ] : Epoch 20/60 | train_loss=0.4906 val_loss=0.1803
No improvement on macro_f1. Early stopping counter: 1/10
Step 50/407 | loss=0.4355 bb_lr=0.000100 head_lr=0.000100
Step 100/407 | loss=0.5230 bb_lr=0.000100 head_lr=0.000100
Step 150/407 | loss=0.5214 bb_lr=0.000100 head_lr=0.000100
Step 200/407 | loss=0.5278 bb_lr=0.000100 head_lr=0.000100
Step 250/407 | loss=0.5385 bb_lr=0.000100 head_lr=0.000100
Step 300/407 | loss=0.5524 bb_lr=0.000100 head_lr=0.000100
Step 350/407 | loss=0.5478 bb_lr=0.000100 head_lr=0.000100
Step 400/407 | loss=0.5501 bb_lr=0.000100 head_lr=0.000100
Timing (first 30 train batches) | data=0.016782s infer=0.063847s
[ TRAIN METRICS ]:
bacc=0.511 macro_f1=0.519
  best : 0(p0.65 r0.69 f0.67) 1(p0.60 r0.62 f0.61) 4(p0.57 r0.57 f0.57) 3(p0.56 r0.58 f0.57) 2(p0.56 r0.57 f0.57)
  worst: 6(p0.40 r0.33 f0.36) 7(p0.44 r0.38 f0.41) 8(p0.44 r0.42 f0.43) 5(p0.50 r0.45 f0.47) 9(p0.49 r0.48 f0.48)
[ VALIDATION METRICS TTA]:
Val dist: {0: 1302, 1: 810, 10: 201, 2: 275, 7: 36, 6: 39, 5: 37, 3: 86, 8: 44, 4: 42, 11: 7, 9: 11, 12: 1}
bacc=0.799 macro_f1=0.744
  best : 12(p1.00 r1.00 f1.00) 3(p1.00 r0.98 f0.99) 0(p0.99 r0.94 f0.96) 1(p0.95 r0.93 f0.94) 4(p0.95 r0.93 f0.94)
  worst: 6(p0.25 r0.62 f0.35) 11(p0.26 r0.71 f0.38) 5(p0.46 r0.51 f0.49) 7(p0.58 r0.53 f0.55) 8(p0.72 r0.52 f0.61)
[ RESULTS ] : Epoch 21/60 | train_loss=0.5510 val_loss=0.1849
No improvement on macro_f1. Early stopping counter: 2/10
Step 50/407 | loss=0.5842 bb_lr=0.000099 head_lr=0.000099
Step 100/407 | loss=0.5903 bb_lr=0.000099 head_lr=0.000099
Step 150/407 | loss=0.5977 bb_lr=0.000099 head_lr=0.000099
Step 200/407 | loss=0.5920 bb_lr=0.000099 head_lr=0.000099
Step 250/407 | loss=0.5863 bb_lr=0.000099 head_lr=0.000099
Step 300/407 | loss=0.5787 bb_lr=0.000099 head_lr=0.000099
Step 350/407 | loss=0.5805 bb_lr=0.000099 head_lr=0.000099
Step 400/407 | loss=0.5822 bb_lr=0.000099 head_lr=0.000099
Timing (first 30 train batches) | data=0.017073s infer=0.063151s
[ TRAIN METRICS ]:
bacc=0.533 macro_f1=0.543
  best : 0(p0.66 r0.69 f0.67) 1(p0.63 r0.66 f0.64) 4(p0.61 r0.62 f0.61) 3(p0.59 r0.61 f0.60) 10(p0.58 r0.57 f0.58)
  worst: 7(p0.44 r0.37 f0.40) 6(p0.44 r0.37 f0.40) 5(p0.51 r0.44 f0.48) 8(p0.50 r0.46 f0.48) 9(p0.53 r0.48 f0.50)
[ VALIDATION METRICS TTA]:
Val dist: {0: 1302, 1: 810, 10: 201, 2: 275, 7: 36, 6: 39, 5: 37, 3: 86, 8: 44, 4: 42, 11: 7, 9: 11, 12: 1}
bacc=0.786 macro_f1=0.688
  best : 0(p0.99 r0.93 f0.96) 3(p0.94 r0.98 f0.96) 1(p0.96 r0.92 f0.94) 4(p0.91 r0.93 f0.92) 10(p0.87 r0.90 f0.88)
  worst: 11(p0.50 r0.29 f0.36) 6(p0.27 r0.74 f0.39) 7(p0.31 r0.61 f0.41) 5(p0.38 r0.68 f0.49) 8(p0.48 r0.68 f0.56)
[ RESULTS ] : Epoch 22/60 | train_loss=0.5825 val_loss=0.2240
No improvement on macro_f1. Early stopping counter: 3/10
Step 50/407 | loss=0.5563 bb_lr=0.000098 head_lr=0.000098
Step 100/407 | loss=0.5775 bb_lr=0.000098 head_lr=0.000098
Step 150/407 | loss=0.5741 bb_lr=0.000098 head_lr=0.000098
Step 200/407 | loss=0.5762 bb_lr=0.000098 head_lr=0.000098
Step 250/407 | loss=0.5555 bb_lr=0.000098 head_lr=0.000098
Step 300/407 | loss=0.5696 bb_lr=0.000098 head_lr=0.000098
Step 350/407 | loss=0.5721 bb_lr=0.000098 head_lr=0.000098
Step 400/407 | loss=0.5786 bb_lr=0.000098 head_lr=0.000098
Timing (first 30 train batches) | data=0.017153s infer=0.063483s
[ TRAIN METRICS ]:
bacc=0.540 macro_f1=0.548
  best : 0(p0.67 r0.70 f0.68) 1(p0.61 r0.64 f0.63) 12(p0.62 r0.60 f0.61) 4(p0.60 r0.61 f0.60) 3(p0.58 r0.59 f0.59)
  worst: 6(p0.44 r0.37 f0.40) 7(p0.47 r0.39 f0.43) 5(p0.50 r0.44 f0.46) 8(p0.50 r0.46 f0.48) 9(p0.53 r0.51 f0.52)
[ VALIDATION METRICS TTA]:
Val dist: {0: 1302, 1: 810, 10: 201, 2: 275, 7: 36, 6: 39, 5: 37, 3: 86, 8: 44, 4: 42, 11: 7, 9: 11, 12: 1}
bacc=0.769 macro_f1=0.748
  best : 12(p1.00 r1.00 f1.00) 0(p0.99 r0.96 f0.97) 3(p0.97 r0.97 f0.97) 4(p0.97 r0.93 f0.95) 1(p0.96 r0.94 f0.95)
  worst: 6(p0.33 r0.49 f0.39) 5(p0.77 r0.27 f0.40) 11(p0.43 r0.43 f0.43) 8(p0.57 r0.64 f0.60) 7(p0.57 r0.67 f0.62)
[ RESULTS ] : Epoch 23/60 | train_loss=0.5800 val_loss=0.1849
No improvement on macro_f1. Early stopping counter: 4/10
Step 50/407 | loss=0.5646 bb_lr=0.000095 head_lr=0.000095
Step 100/407 | loss=0.5419 bb_lr=0.000095 head_lr=0.000095
Step 150/407 | loss=0.5329 bb_lr=0.000095 head_lr=0.000095
Step 200/407 | loss=0.5270 bb_lr=0.000095 head_lr=0.000095
Step 250/407 | loss=0.5421 bb_lr=0.000095 head_lr=0.000095
Step 300/407 | loss=0.5505 bb_lr=0.000095 head_lr=0.000095
Step 350/407 | loss=0.5510 bb_lr=0.000095 head_lr=0.000095
Step 400/407 | loss=0.5413 bb_lr=0.000095 head_lr=0.000095
Timing (first 30 train batches) | data=0.020238s infer=0.063663s
[ TRAIN METRICS ]:
bacc=0.537 macro_f1=0.544
  best : 0(p0.66 r0.69 f0.67) 1(p0.61 r0.64 f0.62) 3(p0.59 r0.60 f0.59) 4(p0.59 r0.59 f0.59) 10(p0.59 r0.58 f0.58)
  worst: 6(p0.45 r0.37 f0.40) 7(p0.47 r0.42 f0.44) 8(p0.49 r0.46 f0.47) 9(p0.52 r0.49 f0.50) 5(p0.53 r0.48 f0.51)
[ VALIDATION METRICS TTA]:
Val dist: {0: 1302, 1: 810, 10: 201, 2: 275, 7: 36, 6: 39, 5: 37, 3: 86, 8: 44, 4: 42, 11: 7, 9: 11, 12: 1}
bacc=0.783 macro_f1=0.725
  best : 3(p0.99 r0.98 f0.98) 0(p0.99 r0.96 f0.97) 1(p0.94 r0.97 f0.95) 4(p0.95 r0.88 f0.91) 2(p0.92 r0.88 f0.90)
  worst: 6(p0.32 r0.59 f0.42) 11(p0.36 r0.57 f0.44) 7(p0.54 r0.53 f0.54) 5(p0.54 r0.59 f0.56) 8(p0.57 r0.57 f0.57)
[ RESULTS ] : Epoch 24/60 | train_loss=0.5423 val_loss=0.1742
No improvement on macro_f1. Early stopping counter: 5/10
Step 50/407 | loss=0.5766 bb_lr=0.000090 head_lr=0.000090
Step 100/407 | loss=0.5570 bb_lr=0.000090 head_lr=0.000090
Step 150/407 | loss=0.5404 bb_lr=0.000090 head_lr=0.000090
Step 200/407 | loss=0.5562 bb_lr=0.000090 head_lr=0.000090
Step 250/407 | loss=0.5629 bb_lr=0.000090 head_lr=0.000090
Step 300/407 | loss=0.5575 bb_lr=0.000090 head_lr=0.000090
Step 350/407 | loss=0.5548 bb_lr=0.000090 head_lr=0.000090
Step 400/407 | loss=0.5445 bb_lr=0.000090 head_lr=0.000090
Timing (first 30 train batches) | data=0.018720s infer=0.063702s
[ TRAIN METRICS ]:
bacc=0.567 macro_f1=0.575
  best : 0(p0.67 r0.70 f0.68) 1(p0.63 r0.66 f0.65) 12(p0.65 r0.64 f0.64) 3(p0.62 r0.63 f0.62) 2(p0.60 r0.62 f0.61)
  worst: 6(p0.47 r0.41 f0.44) 7(p0.50 r0.42 f0.46) 8(p0.51 r0.48 f0.49) 9(p0.56 r0.52 f0.54) 5(p0.57 r0.52 f0.54)
[ VALIDATION METRICS TTA]:
Val dist: {0: 1302, 1: 810, 10: 201, 2: 275, 7: 36, 6: 39, 5: 37, 3: 86, 8: 44, 4: 42, 11: 7, 9: 11, 12: 1}
bacc=0.745 macro_f1=0.712
  best : 3(p0.99 r0.95 f0.97) 0(p0.99 r0.94 f0.97) 1(p0.94 r0.96 f0.95) 4(p0.97 r0.83 f0.90) 10(p0.83 r0.92 f0.87)
  worst: 6(p0.28 r0.67 f0.39) 11(p0.67 r0.29 f0.40) 5(p0.72 r0.35 f0.47) 7(p0.40 r0.67 f0.50) 8(p0.61 r0.64 f0.62)
[TSNE] Saved to /home/infres/yrothlin-24/CHAL_IM05/logs/tests/TSNE/tsne_val_epoch_025.png
[CONFUSION] Saved to /home/infres/yrothlin-24/CHAL_IM05/logs/tests/confusion/confusion_val_epoch_025_norm.png
[ RESULTS ] : Epoch 25/60 | train_loss=0.5435 val_loss=0.1959
No improvement on macro_f1. Early stopping counter: 6/10
Step 50/407 | loss=0.5738 bb_lr=0.000085 head_lr=0.000085
Step 100/407 | loss=0.5690 bb_lr=0.000085 head_lr=0.000085
Step 150/407 | loss=0.5542 bb_lr=0.000085 head_lr=0.000085
Step 200/407 | loss=0.5456 bb_lr=0.000085 head_lr=0.000085
Step 250/407 | loss=0.5542 bb_lr=0.000085 head_lr=0.000085
Step 300/407 | loss=0.5536 bb_lr=0.000085 head_lr=0.000085
Step 350/407 | loss=0.5478 bb_lr=0.000085 head_lr=0.000085
Step 400/407 | loss=0.5407 bb_lr=0.000085 head_lr=0.000085
Timing (first 30 train batches) | data=0.020252s infer=0.063601s
[ TRAIN METRICS ]:
bacc=0.560 macro_f1=0.567
  best : 0(p0.66 r0.69 f0.68) 1(p0.63 r0.65 f0.64) 4(p0.62 r0.62 f0.62) 3(p0.61 r0.62 f0.61) 10(p0.61 r0.61 f0.61)
  worst: 6(p0.46 r0.39 f0.42) 7(p0.52 r0.45 f0.48) 8(p0.52 r0.48 f0.50) 5(p0.53 r0.48 f0.50) 9(p0.57 r0.54 f0.55)
[ VALIDATION METRICS TTA]:
Val dist: {0: 1302, 1: 810, 10: 201, 2: 275, 7: 36, 6: 39, 5: 37, 3: 86, 8: 44, 4: 42, 11: 7, 9: 11, 12: 1}
bacc=0.776 macro_f1=0.713
  best : 3(p1.00 r0.95 f0.98) 0(p0.99 r0.94 f0.97) 1(p0.97 r0.94 f0.95) 4(p0.95 r0.93 f0.94) 10(p0.84 r0.94 f0.88)
  worst: 11(p0.40 r0.29 f0.33) 6(p0.30 r0.59 f0.40) 5(p0.43 r0.62 f0.51) 7(p0.38 r0.78 f0.51) 9(p0.67 r0.55 f0.60)
[ RESULTS ] : Epoch 26/60 | train_loss=0.5391 val_loss=0.2005
No improvement on macro_f1. Early stopping counter: 7/10
Step 50/407 | loss=0.5275 bb_lr=0.000079 head_lr=0.000079
Step 100/407 | loss=0.5364 bb_lr=0.000079 head_lr=0.000079
Step 150/407 | loss=0.5312 bb_lr=0.000079 head_lr=0.000079
Step 200/407 | loss=0.5343 bb_lr=0.000079 head_lr=0.000079
Step 250/407 | loss=0.5384 bb_lr=0.000079 head_lr=0.000079
Step 300/407 | loss=0.5283 bb_lr=0.000079 head_lr=0.000079
Step 350/407 | loss=0.5278 bb_lr=0.000079 head_lr=0.000079
Step 400/407 | loss=0.5366 bb_lr=0.000079 head_lr=0.000079
Timing (first 30 train batches) | data=0.017473s infer=0.063886s
[ TRAIN METRICS ]:
bacc=0.559 macro_f1=0.566
  best : 0(p0.66 r0.69 f0.68) 1(p0.62 r0.64 f0.63) 3(p0.60 r0.61 f0.60) 4(p0.60 r0.61 f0.60) 2(p0.60 r0.61 f0.60)
  worst: 6(p0.46 r0.40 f0.43) 7(p0.52 r0.46 f0.49) 5(p0.53 r0.47 f0.50) 8(p0.54 r0.52 f0.53) 12(p0.55 r0.55 f0.55)
[ VALIDATION METRICS TTA]:
Val dist: {0: 1302, 1: 810, 10: 201, 2: 275, 7: 36, 6: 39, 5: 37, 3: 86, 8: 44, 4: 42, 11: 7, 9: 11, 12: 1}
bacc=0.793 macro_f1=0.739
  best : 3(p0.98 r0.97 f0.97) 0(p0.98 r0.96 f0.97) 1(p0.95 r0.95 f0.95) 4(p0.91 r0.95 f0.93) 10(p0.92 r0.92 f0.92)
  worst: 6(p0.30 r0.49 f0.37) 7(p0.44 r0.50 f0.47) 11(p0.60 r0.43 f0.50) 5(p0.46 r0.62 f0.53) 12(p0.50 r1.00 f0.67)
[ RESULTS ] : Epoch 27/60 | train_loss=0.5358 val_loss=0.1892
No improvement on macro_f1. Early stopping counter: 8/10
Step 50/407 | loss=0.5168 bb_lr=0.000073 head_lr=0.000073
Step 100/407 | loss=0.4991 bb_lr=0.000073 head_lr=0.000073
Step 150/407 | loss=0.5042 bb_lr=0.000073 head_lr=0.000073
Step 200/407 | loss=0.4989 bb_lr=0.000073 head_lr=0.000073
Step 250/407 | loss=0.5221 bb_lr=0.000073 head_lr=0.000073
Step 300/407 | loss=0.5271 bb_lr=0.000073 head_lr=0.000073
Step 350/407 | loss=0.5152 bb_lr=0.000073 head_lr=0.000073
Step 400/407 | loss=0.5190 bb_lr=0.000073 head_lr=0.000073
Timing (first 30 train batches) | data=0.025320s infer=0.063154s
[ TRAIN METRICS ]:
bacc=0.579 macro_f1=0.585
  best : 0(p0.67 r0.70 f0.69) 1(p0.64 r0.67 f0.65) 11(p0.64 r0.63 f0.64) 3(p0.62 r0.64 f0.63) 4(p0.61 r0.62 f0.61)
  worst: 6(p0.48 r0.42 f0.45) 7(p0.53 r0.46 f0.50) 5(p0.55 r0.50 f0.53) 8(p0.55 r0.53 f0.54) 9(p0.57 r0.54 f0.56)
[ VALIDATION METRICS TTA]:
Val dist: {0: 1302, 1: 810, 10: 201, 2: 275, 7: 36, 6: 39, 5: 37, 3: 86, 8: 44, 4: 42, 11: 7, 9: 11, 12: 1}
bacc=0.766 macro_f1=0.742
  best : 12(p1.00 r1.00 f1.00) 3(p1.00 r0.95 f0.98) 0(p0.99 r0.93 f0.96) 4(p0.97 r0.93 f0.95) 1(p0.96 r0.94 f0.95)
  worst: 11(p0.50 r0.29 f0.36) 5(p0.61 r0.30 f0.40) 6(p0.28 r0.74 f0.40) 7(p0.45 r0.61 f0.52) 8(p0.60 r0.66 f0.63)
[ RESULTS ] : Epoch 28/60 | train_loss=0.5156 val_loss=0.2231
No improvement on macro_f1. Early stopping counter: 9/10
Step 50/407 | loss=0.4864 bb_lr=0.000065 head_lr=0.000065
Step 100/407 | loss=0.5280 bb_lr=0.000065 head_lr=0.000065
Step 150/407 | loss=0.4897 bb_lr=0.000065 head_lr=0.000065
Step 200/407 | loss=0.4686 bb_lr=0.000065 head_lr=0.000065
Step 250/407 | loss=0.4724 bb_lr=0.000065 head_lr=0.000065
Step 300/407 | loss=0.4800 bb_lr=0.000065 head_lr=0.000065
Step 350/407 | loss=0.4909 bb_lr=0.000065 head_lr=0.000065
Step 400/407 | loss=0.4951 bb_lr=0.000065 head_lr=0.000065
Timing (first 30 train batches) | data=0.020496s infer=0.062750s
[ TRAIN METRICS ]:
bacc=0.544 macro_f1=0.549
  best : 0(p0.65 r0.68 f0.67) 1(p0.62 r0.63 f0.63) 3(p0.61 r0.62 f0.61) 2(p0.58 r0.59 f0.59) 4(p0.58 r0.58 f0.58)
  worst: 6(p0.45 r0.38 f0.41) 7(p0.47 r0.43 f0.45) 8(p0.50 r0.47 f0.49) 5(p0.52 r0.46 f0.49) 9(p0.53 r0.51 f0.52)
[ VALIDATION METRICS TTA]:
Val dist: {0: 1302, 1: 810, 10: 201, 2: 275, 7: 36, 6: 39, 5: 37, 3: 86, 8: 44, 4: 42, 11: 7, 9: 11, 12: 1}
bacc=0.765 macro_f1=0.745
  best : 12(p1.00 r1.00 f1.00) 3(p0.99 r0.95 f0.97) 0(p0.99 r0.94 f0.96) 1(p0.94 r0.95 f0.95) 4(p0.95 r0.93 f0.94)
  worst: 6(p0.29 r0.67 f0.41) 11(p0.50 r0.43 f0.46) 5(p0.86 r0.32 f0.47) 7(p0.58 r0.50 f0.54) 8(p0.61 r0.50 f0.55)
[ RESULTS ] : Epoch 29/60 | train_loss=0.4945 val_loss=0.1951
No improvement on macro_f1. Early stopping counter: 10/10
Early stopping triggered at epoch 29. Best epoch was 19 with macro_f1=0.7764
[FINAL]: Best score achieved at epoch 19 with score: 0.7763994551155908
