--------------------------------------------------------------------------------
BACKBONE: CONVNEXT_BASE
MODE: training
DEVICE: cuda
--------------------------------------------------------------------------------
Training with 10-fold cross-validation...
================================================================================
FOLD 1/10
================================================================================
--------------------------------------------------------------------------------
MODEL INFORMATIONS
Backbone         : CONVNEXT_BASE
Feature dim      : 1024
Backbone params  : 87,564,416
Head params      : 664,845
Total params     : 88,229,261
Trainable params : 88,229,261
Frozen backbone  : False
--------------------------------------------------------------------------------
[DATALOADER]: Using grouped KFOLD
[DATALOADER] Train distribution: [11713, 7291, 2471, 775, 374, 330, 351, 324, 397, 102, 1811, 62, 9]
[DATALOADER] Val distribution  : [1302, 810, 275, 86, 41, 36, 40, 36, 44, 12, 201, 6, 2]
[DATALOADER]: Using weighted sampling
[DATALOADER]: Using TTA
Successfully loaded data with sizes: train=26010, val=2891, test=N/A
Validation set distribution: {0: 1302, 1: 810, 2: 275, 3: 86, 4: 41, 5: 36, 6: 40, 7: 36, 8: 44, 9: 12, 10: 201, 11: 6, 12: 2}
Checkpoint directory: /home/infres/yrothlin-24/CHAL_IM05/checkpoints/tests/fold_0
Trainer config: {'save_ckpt': True, 'ckpt_dir': '/home/infres/yrothlin-24/CHAL_IM05/checkpoints/tests/fold_0', 'ckpt_every': 1, 'resume_from': '/home/infres/yrothlin-24/CHAL_IM05/checkpoints/tests/best.pt', 'resume': True, 'resume_from_pretrained': '/home/infres/yrothlin-24/CHAL_IM05/checkpoints/contrastive_pretraining/best.pt', 'resume_pretrained': False, 'monitor': 'macro_f1', 'use_mixup': True, 'mixup_alpha': 0.2, 'use_cutmix': True, 'cutmix_alpha': 1.0, 'cutmix_prob': 0.5, 'loss': 'focal', 'gamma': 2.0, 'bb_lr': 0.0003, 'head_lr': 0.0003, 'finetune_bb_lr': 0.0001, 'finetune_head_lr': 0.0001, 'weight_decay': 0.0001, 'num_epochs': 60, 'warmup_epochs': 0, 'optimizer': 'adamw', 'scheduler': 'cosine_restarts', 'use_amp': False, 'grad_clip': 1.0, 'log_step': 50, 'tta_rounds': 3, 'label_smoothing': 0.05, 'use_weights': False, 'weights': [0.131885, 0.167166, 0.287122, 0.512761, 0.738572, 0.786459, 0.760902, 0.792986, 0.716469, 1.409173, 0.335431, 1.824578, 4.536496], 'plot_tsne': True, 'tsne_split': 'val', 'tsne_every': 5, 'tsne_max_samples': 1000, 'tsne_perplexity': 30, 'tsne_dir': '/home/infres/yrothlin-24/CHAL_IM05/logs/tests/TSNE', 'plot_confusion': True, 'confusion_split': 'val', 'confusion_every': 1, 'confusion_normalize': True, 'confusion_dir': '/home/infres/yrothlin-24/CHAL_IM05/logs/tests/confusion', 'class_names': ['SNE', 'LY', 'MO', 'EO', 'BA', 'VLY', 'BNE', 'MMY', 'MY', 'PMY', 'BL', 'PC', 'PLY']}
MODE EVALUATION : False
Using TTA with : 3 rounds
TSNE will be plotted every 5 epochs and saved to: /home/infres/yrothlin-24/CHAL_IM05/logs/tests/TSNE
Confusion matrices will be plotted every 1 epochs and saved to: /home/infres/yrothlin-24/CHAL_IM05/logs/tests/confusion
Backbone frozen at epoch 1. Trainable parameters: 664845
Backbone unfrozen at epoch 1. Trainable parameters: 88229261
Step 50/407 | loss=1.3985 bb_lr=0.000100 head_lr=0.000100
Step 100/407 | loss=1.2083 bb_lr=0.000100 head_lr=0.000100
Step 150/407 | loss=1.1049 bb_lr=0.000100 head_lr=0.000100
Step 200/407 | loss=1.0550 bb_lr=0.000100 head_lr=0.000100
Step 250/407 | loss=1.0027 bb_lr=0.000100 head_lr=0.000100
Step 300/407 | loss=0.9689 bb_lr=0.000100 head_lr=0.000100
Step 350/407 | loss=0.9430 bb_lr=0.000100 head_lr=0.000100
Step 400/407 | loss=0.9222 bb_lr=0.000100 head_lr=0.000100
Timing (first 30 train batches) | data=0.034677s infer=0.128892s
[ TRAIN METRICS ]:
bacc=0.341 macro_f1=0.360
  best : 0(p0.58 r0.68 f0.62) 1(p0.52 r0.62 f0.56) 3(p0.51 r0.46 f0.48) 2(p0.44 r0.50 f0.47) 10(p0.46 r0.47 f0.46)
  worst: 12(p0.30 r0.07 f0.12) 6(p0.28 r0.14 f0.19) 7(p0.31 r0.18 f0.23) 5(p0.35 r0.17 f0.23) 9(p0.30 r0.20 f0.24)
[ VALIDATION METRICS TTA]:
Val dist: {5: 36, 0: 1302, 10: 201, 2: 275, 1: 810, 3: 86, 7: 36, 4: 41, 8: 44, 9: 12, 6: 40, 11: 6, 12: 2}
bacc=0.702 macro_f1=0.695
  best : 0(p0.98 r0.95 f0.97) 1(p0.94 r0.95 f0.95) 3(p0.89 r0.97 f0.93) 11(p1.00 r0.83 f0.91) 2(p0.95 r0.83 f0.89)
  worst: 12(p0.00 r0.00 f0.00) 5(p0.38 r0.47 f0.42) 6(p0.32 r0.65 f0.43) 9(p0.50 r0.50 f0.50) 7(p0.58 r0.61 f0.59)
[CONFUSION] Saved to /home/infres/yrothlin-24/CHAL_IM05/logs/tests/confusion/confusion_val_epoch_001_norm.png
[ RESULTS ] : Epoch 1/60 | train_loss=0.9221 val_loss=0.2177
New best macro_f1: 0.6951 at epoch 1. Saving checkpoint.
Checkpoint saved: /home/infres/yrothlin-24/CHAL_IM05/checkpoints/tests/fold_0/best.pt
Step 50/407 | loss=0.7965 bb_lr=0.000099 head_lr=0.000099
Step 100/407 | loss=0.7931 bb_lr=0.000099 head_lr=0.000099
Step 150/407 | loss=0.7738 bb_lr=0.000099 head_lr=0.000099
Step 200/407 | loss=0.7353 bb_lr=0.000099 head_lr=0.000099
Step 250/407 | loss=0.7291 bb_lr=0.000099 head_lr=0.000099
Step 300/407 | loss=0.7341 bb_lr=0.000099 head_lr=0.000099
Step 350/407 | loss=0.7335 bb_lr=0.000099 head_lr=0.000099
Step 400/407 | loss=0.7223 bb_lr=0.000099 head_lr=0.000099
Timing (first 30 train batches) | data=0.033431s infer=0.127771s
[ TRAIN METRICS ]:
bacc=0.432 macro_f1=0.449
  best : 0(p0.62 r0.68 f0.65) 1(p0.56 r0.62 f0.59) 3(p0.56 r0.57 f0.56) 2(p0.52 r0.55 f0.53) 4(p0.53 r0.53 f0.53)
  worst: 7(p0.32 r0.24 f0.27) 6(p0.35 r0.25 f0.29) 5(p0.39 r0.30 f0.34) 8(p0.40 r0.36 f0.38) 12(p0.48 r0.32 f0.38)
[ VALIDATION METRICS TTA]:
Val dist: {5: 36, 0: 1302, 10: 201, 2: 275, 1: 810, 3: 86, 7: 36, 4: 41, 8: 44, 9: 12, 6: 40, 11: 6, 12: 2}
bacc=0.827 macro_f1=0.732
  best : 0(p0.98 r0.95 f0.97) 1(p0.98 r0.88 f0.93) 3(p0.97 r0.88 f0.93) 4(p0.85 r0.98 f0.91) 2(p0.90 r0.90 f0.90)
  worst: 6(p0.31 r0.68 f0.42) 5(p0.34 r0.56 f0.43) 11(p0.29 r0.83 f0.43) 7(p0.54 r0.56 f0.55) 12(p0.50 r1.00 f0.67)
[CONFUSION] Saved to /home/infres/yrothlin-24/CHAL_IM05/logs/tests/confusion/confusion_val_epoch_002_norm.png
[ RESULTS ] : Epoch 2/60 | train_loss=0.7230 val_loss=0.2095
New best macro_f1: 0.7316 at epoch 2. Saving checkpoint.
Checkpoint saved: /home/infres/yrothlin-24/CHAL_IM05/checkpoints/tests/fold_0/best.pt
Step 50/407 | loss=0.6818 bb_lr=0.000098 head_lr=0.000098
Step 100/407 | loss=0.6603 bb_lr=0.000098 head_lr=0.000098
Step 150/407 | loss=0.6626 bb_lr=0.000098 head_lr=0.000098
Step 200/407 | loss=0.6623 bb_lr=0.000098 head_lr=0.000098
Step 250/407 | loss=0.6560 bb_lr=0.000098 head_lr=0.000098
Step 300/407 | loss=0.6676 bb_lr=0.000098 head_lr=0.000098
Step 350/407 | loss=0.6579 bb_lr=0.000098 head_lr=0.000098
Step 400/407 | loss=0.6615 bb_lr=0.000098 head_lr=0.000098
Timing (first 30 train batches) | data=0.034243s infer=0.127123s
[ TRAIN METRICS ]:
bacc=0.481 macro_f1=0.497
  best : 0(p0.66 r0.70 f0.68) 1(p0.60 r0.66 f0.63) 3(p0.60 r0.61 f0.61) 4(p0.59 r0.59 f0.59) 2(p0.57 r0.59 f0.58)
  worst: 7(p0.41 r0.31 f0.35) 6(p0.40 r0.31 f0.35) 9(p0.43 r0.36 f0.39) 8(p0.42 r0.40 f0.41) 5(p0.50 r0.37 f0.42)
[ VALIDATION METRICS TTA]:
Val dist: {5: 36, 0: 1302, 10: 201, 2: 275, 1: 810, 3: 86, 7: 36, 4: 41, 8: 44, 9: 12, 6: 40, 11: 6, 12: 2}
bacc=0.769 macro_f1=0.694
  best : 0(p0.99 r0.91 f0.95) 1(p0.98 r0.91 f0.94) 4(p0.93 r0.95 f0.94) 3(p0.90 r0.93 f0.91) 10(p0.91 r0.90 f0.91)
  worst: 12(p0.00 r0.00 f0.00) 6(p0.22 r0.70 f0.34) 5(p0.37 r0.69 f0.49) 7(p0.51 r0.64 f0.57) 11(p0.50 r0.83 f0.62)
[CONFUSION] Saved to /home/infres/yrothlin-24/CHAL_IM05/logs/tests/confusion/confusion_val_epoch_003_norm.png
[ RESULTS ] : Epoch 3/60 | train_loss=0.6592 val_loss=0.2073
Step 50/407 | loss=0.6988 bb_lr=0.000095 head_lr=0.000095
Step 100/407 | loss=0.6930 bb_lr=0.000095 head_lr=0.000095
Step 150/407 | loss=0.6966 bb_lr=0.000095 head_lr=0.000095
Step 200/407 | loss=0.6740 bb_lr=0.000095 head_lr=0.000095
Step 250/407 | loss=0.6710 bb_lr=0.000095 head_lr=0.000095
Step 300/407 | loss=0.6685 bb_lr=0.000095 head_lr=0.000095
Step 350/407 | loss=0.6664 bb_lr=0.000095 head_lr=0.000095
Step 400/407 | loss=0.6596 bb_lr=0.000095 head_lr=0.000095
Timing (first 30 train batches) | data=0.035835s infer=0.128224s
[ TRAIN METRICS ]:
bacc=0.477 macro_f1=0.492
  best : 0(p0.63 r0.68 f0.66) 1(p0.59 r0.63 f0.61) 3(p0.58 r0.59 f0.58) 4(p0.55 r0.56 f0.56) 10(p0.55 r0.55 f0.55)
  worst: 6(p0.38 r0.29 f0.33) 7(p0.42 r0.33 f0.37) 5(p0.43 r0.34 f0.38) 8(p0.43 r0.40 f0.42) 9(p0.48 r0.41 f0.44)
[ VALIDATION METRICS TTA]:
Val dist: {5: 36, 0: 1302, 10: 201, 2: 275, 1: 810, 3: 86, 7: 36, 4: 41, 8: 44, 9: 12, 6: 40, 11: 6, 12: 2}
bacc=0.805 macro_f1=0.752
  best : 0(p0.99 r0.94 f0.96) 4(p0.95 r0.95 f0.95) 3(p0.93 r0.93 f0.93) 1(p0.96 r0.90 f0.93) 2(p0.92 r0.90 f0.91)
  worst: 5(p0.27 r0.69 f0.38) 12(p0.33 r0.50 f0.40) 6(p0.29 r0.68 f0.41) 7(p0.60 r0.69 f0.64) 9(p0.73 r0.67 f0.70)
[CONFUSION] Saved to /home/infres/yrothlin-24/CHAL_IM05/logs/tests/confusion/confusion_val_epoch_004_norm.png
[ RESULTS ] : Epoch 4/60 | train_loss=0.6596 val_loss=0.1984
New best macro_f1: 0.7523 at epoch 4. Saving checkpoint.
Checkpoint saved: /home/infres/yrothlin-24/CHAL_IM05/checkpoints/tests/fold_0/best.pt
Step 50/407 | loss=0.6411 bb_lr=0.000090 head_lr=0.000090
Step 100/407 | loss=0.6193 bb_lr=0.000090 head_lr=0.000090
Step 150/407 | loss=0.6273 bb_lr=0.000090 head_lr=0.000090
Step 200/407 | loss=0.6311 bb_lr=0.000090 head_lr=0.000090
Step 250/407 | loss=0.6201 bb_lr=0.000090 head_lr=0.000090
Step 300/407 | loss=0.6099 bb_lr=0.000090 head_lr=0.000090
Step 350/407 | loss=0.6086 bb_lr=0.000090 head_lr=0.000090
Step 400/407 | loss=0.6111 bb_lr=0.000090 head_lr=0.000090
Timing (first 30 train batches) | data=0.038162s infer=0.127598s
[ TRAIN METRICS ]:
bacc=0.527 macro_f1=0.537
  best : 0(p0.67 r0.70 f0.68) 4(p0.63 r0.63 f0.63) 1(p0.61 r0.64 f0.63) 3(p0.60 r0.61 f0.60) 12(p0.62 r0.58 f0.60)
  worst: 7(p0.43 r0.35 f0.39) 6(p0.44 r0.35 f0.39) 5(p0.50 r0.41 f0.45) 8(p0.47 r0.45 f0.46) 11(p0.50 r0.44 f0.47)
[ VALIDATION METRICS TTA]:
Val dist: {5: 36, 0: 1302, 10: 201, 2: 275, 1: 810, 3: 86, 7: 36, 4: 41, 8: 44, 9: 12, 6: 40, 11: 6, 12: 2}
bacc=0.754 macro_f1=0.686
  best : 0(p0.99 r0.95 f0.97) 1(p0.96 r0.96 f0.96) 3(p0.96 r0.94 f0.95) 4(p0.87 r0.95 f0.91) 2(p0.91 r0.88 f0.90)
  worst: 12(p0.00 r0.00 f0.00) 6(p0.33 r0.70 f0.45) 9(p0.30 r1.00 f0.46) 5(p0.80 r0.33 f0.47) 7(p0.51 r0.69 f0.59)
[TSNE] Saved to /home/infres/yrothlin-24/CHAL_IM05/logs/tests/TSNE/tsne_val_epoch_005.png
[CONFUSION] Saved to /home/infres/yrothlin-24/CHAL_IM05/logs/tests/confusion/confusion_val_epoch_005_norm.png
[ RESULTS ] : Epoch 5/60 | train_loss=0.6087 val_loss=0.1986
Step 50/407 | loss=0.6197 bb_lr=0.000085 head_lr=0.000085
Step 100/407 | loss=0.5847 bb_lr=0.000085 head_lr=0.000085
Step 150/407 | loss=0.5817 bb_lr=0.000085 head_lr=0.000085
Step 200/407 | loss=0.6002 bb_lr=0.000085 head_lr=0.000085
Step 250/407 | loss=0.6091 bb_lr=0.000085 head_lr=0.000085
Step 300/407 | loss=0.6155 bb_lr=0.000085 head_lr=0.000085
Step 350/407 | loss=0.6083 bb_lr=0.000085 head_lr=0.000085
Step 400/407 | loss=0.6034 bb_lr=0.000085 head_lr=0.000085
Timing (first 30 train batches) | data=0.030734s infer=0.127785s
[ TRAIN METRICS ]:
bacc=0.513 macro_f1=0.524
  best : 0(p0.66 r0.70 f0.68) 1(p0.61 r0.65 f0.63) 4(p0.61 r0.62 f0.62) 3(p0.60 r0.61 f0.60) 2(p0.56 r0.58 f0.57)
  worst: 7(p0.43 r0.34 f0.38) 6(p0.42 r0.35 f0.38) 8(p0.42 r0.39 f0.40) 9(p0.47 r0.43 f0.45) 5(p0.50 r0.41 f0.45)
[ VALIDATION METRICS TTA]:
Val dist: {5: 36, 0: 1302, 10: 201, 2: 275, 1: 810, 3: 86, 7: 36, 4: 41, 8: 44, 9: 12, 6: 40, 11: 6, 12: 2}
bacc=0.830 macro_f1=0.731
  best : 0(p0.99 r0.96 f0.97) 1(p0.98 r0.92 f0.95) 3(p0.94 r0.94 f0.94) 4(p0.95 r0.93 f0.94) 10(p0.87 r0.90 f0.88)
  worst: 12(p0.25 r1.00 f0.40) 6(p0.37 r0.62 f0.47) 5(p0.44 r0.64 f0.52) 9(p0.42 r0.83 f0.56) 7(p0.53 r0.67 f0.59)
[CONFUSION] Saved to /home/infres/yrothlin-24/CHAL_IM05/logs/tests/confusion/confusion_val_epoch_006_norm.png
[ RESULTS ] : Epoch 6/60 | train_loss=0.6035 val_loss=0.1929
Step 50/407 | loss=0.5543 bb_lr=0.000079 head_lr=0.000079
Step 100/407 | loss=0.5620 bb_lr=0.000079 head_lr=0.000079
Step 150/407 | loss=0.5539 bb_lr=0.000079 head_lr=0.000079
Step 200/407 | loss=0.5600 bb_lr=0.000079 head_lr=0.000079
Step 250/407 | loss=0.5592 bb_lr=0.000079 head_lr=0.000079
Step 300/407 | loss=0.5511 bb_lr=0.000079 head_lr=0.000079
Step 350/407 | loss=0.5532 bb_lr=0.000079 head_lr=0.000079
Step 400/407 | loss=0.5598 bb_lr=0.000079 head_lr=0.000079
Timing (first 30 train batches) | data=0.029658s infer=0.127947s
[ TRAIN METRICS ]:
bacc=0.551 macro_f1=0.561
  best : 0(p0.67 r0.71 f0.69) 4(p0.65 r0.65 f0.65) 1(p0.63 r0.66 f0.65) 3(p0.62 r0.62 f0.62) 10(p0.61 r0.61 f0.61)
  worst: 7(p0.47 r0.39 f0.43) 6(p0.47 r0.39 f0.43) 5(p0.51 r0.42 f0.46) 8(p0.49 r0.48 f0.49) 9(p0.57 r0.53 f0.55)
[ VALIDATION METRICS TTA]:
Val dist: {5: 36, 0: 1302, 10: 201, 2: 275, 1: 810, 3: 86, 7: 36, 4: 41, 8: 44, 9: 12, 6: 40, 11: 6, 12: 2}
bacc=0.794 macro_f1=0.740
  best : 0(p0.99 r0.93 f0.96) 1(p0.97 r0.95 f0.96) 3(p0.95 r0.94 f0.95) 4(p0.93 r0.95 f0.94) 2(p0.94 r0.88 f0.91)
  worst: 6(p0.26 r0.70 f0.38) 11(p0.28 r0.83 f0.42) 5(p0.55 r0.58 f0.57) 7(p0.51 r0.69 f0.59) 9(p0.53 r0.67 f0.59)
[CONFUSION] Saved to /home/infres/yrothlin-24/CHAL_IM05/logs/tests/confusion/confusion_val_epoch_007_norm.png
[ RESULTS ] : Epoch 7/60 | train_loss=0.5587 val_loss=0.1899
Step 50/407 | loss=0.5647 bb_lr=0.000073 head_lr=0.000073
Step 100/407 | loss=0.5990 bb_lr=0.000073 head_lr=0.000073
Step 150/407 | loss=0.5875 bb_lr=0.000073 head_lr=0.000073
Step 200/407 | loss=0.5792 bb_lr=0.000073 head_lr=0.000073
Step 250/407 | loss=0.5692 bb_lr=0.000073 head_lr=0.000073
Step 300/407 | loss=0.5587 bb_lr=0.000073 head_lr=0.000073
Step 350/407 | loss=0.5595 bb_lr=0.000073 head_lr=0.000073
Step 400/407 | loss=0.5531 bb_lr=0.000073 head_lr=0.000073
Timing (first 30 train batches) | data=0.033749s infer=0.128282s
[ TRAIN METRICS ]:
bacc=0.547 macro_f1=0.557
  best : 0(p0.67 r0.70 f0.68) 12(p0.69 r0.61 f0.64) 1(p0.62 r0.65 f0.63) 4(p0.61 r0.61 f0.61) 3(p0.59 r0.60 f0.60)
  worst: 6(p0.46 r0.38 f0.41) 7(p0.46 r0.40 f0.42) 8(p0.49 r0.46 f0.47) 5(p0.51 r0.46 f0.49) 9(p0.53 r0.52 f0.53)
[ VALIDATION METRICS TTA]:
Val dist: {5: 36, 0: 1302, 10: 201, 2: 275, 1: 810, 3: 86, 7: 36, 4: 41, 8: 44, 9: 12, 6: 40, 11: 6, 12: 2}
bacc=0.756 macro_f1=0.717
  best : 0(p0.99 r0.96 f0.97) 1(p0.96 r0.96 f0.96) 3(p0.94 r0.94 f0.94) 4(p0.91 r0.95 f0.93) 2(p0.91 r0.91 f0.91)
  worst: 12(p0.00 r0.00 f0.00) 6(p0.41 r0.68 f0.51) 9(p0.58 r0.58 f0.58) 5(p0.61 r0.61 f0.61) 11(p0.50 r0.83 f0.62)
[CONFUSION] Saved to /home/infres/yrothlin-24/CHAL_IM05/logs/tests/confusion/confusion_val_epoch_008_norm.png
[ RESULTS ] : Epoch 8/60 | train_loss=0.5552 val_loss=0.1710
Step 50/407 | loss=0.6650 bb_lr=0.000065 head_lr=0.000065
Step 100/407 | loss=0.5752 bb_lr=0.000065 head_lr=0.000065
Step 150/407 | loss=0.5598 bb_lr=0.000065 head_lr=0.000065
Step 200/407 | loss=0.5651 bb_lr=0.000065 head_lr=0.000065
Step 250/407 | loss=0.5629 bb_lr=0.000065 head_lr=0.000065
Step 300/407 | loss=0.5734 bb_lr=0.000065 head_lr=0.000065
Step 350/407 | loss=0.5670 bb_lr=0.000065 head_lr=0.000065
Step 400/407 | loss=0.5620 bb_lr=0.000065 head_lr=0.000065
Timing (first 30 train batches) | data=0.036292s infer=0.127496s
[ TRAIN METRICS ]:
bacc=0.552 macro_f1=0.561
  best : 0(p0.67 r0.70 f0.69) 12(p0.66 r0.64 f0.65) 1(p0.62 r0.66 f0.64) 3(p0.61 r0.62 f0.62) 4(p0.61 r0.61 f0.61)
  worst: 6(p0.44 r0.38 f0.41) 7(p0.47 r0.38 f0.42) 8(p0.49 r0.46 f0.47) 5(p0.52 r0.44 f0.48) 9(p0.53 r0.50 f0.52)
[ VALIDATION METRICS TTA]:
Val dist: {5: 36, 0: 1302, 10: 201, 2: 275, 1: 810, 3: 86, 7: 36, 4: 41, 8: 44, 9: 12, 6: 40, 11: 6, 12: 2}
bacc=0.761 macro_f1=0.709
  best : 0(p0.99 r0.95 f0.97) 1(p0.95 r0.97 f0.96) 3(p0.96 r0.93 f0.95) 4(p0.89 r0.98 f0.93) 10(p0.91 r0.91 f0.91)
  worst: 12(p0.00 r0.00 f0.00) 6(p0.33 r0.62 f0.43) 7(p0.38 r0.81 f0.51) 5(p0.68 r0.53 f0.59) 11(p0.50 r0.83 f0.62)
[CONFUSION] Saved to /home/infres/yrothlin-24/CHAL_IM05/logs/tests/confusion/confusion_val_epoch_009_norm.png
[ RESULTS ] : Epoch 9/60 | train_loss=0.5624 val_loss=0.1902
Step 50/407 | loss=0.5669 bb_lr=0.000058 head_lr=0.000058
Step 100/407 | loss=0.5431 bb_lr=0.000058 head_lr=0.000058
Step 150/407 | loss=0.5406 bb_lr=0.000058 head_lr=0.000058
Step 200/407 | loss=0.5221 bb_lr=0.000058 head_lr=0.000058
Step 250/407 | loss=0.5063 bb_lr=0.000058 head_lr=0.000058
Step 300/407 | loss=0.5154 bb_lr=0.000058 head_lr=0.000058
Step 350/407 | loss=0.5159 bb_lr=0.000058 head_lr=0.000058
Step 400/407 | loss=0.5118 bb_lr=0.000058 head_lr=0.000058
Timing (first 30 train batches) | data=0.031213s infer=0.128159s
[ TRAIN METRICS ]:
bacc=0.531 macro_f1=0.538
  best : 0(p0.65 r0.68 f0.66) 1(p0.61 r0.63 f0.62) 3(p0.58 r0.60 f0.59) 4(p0.58 r0.59 f0.59) 10(p0.58 r0.58 f0.58)
  worst: 6(p0.43 r0.37 f0.40) 7(p0.47 r0.41 f0.44) 8(p0.49 r0.46 f0.48) 9(p0.49 r0.47 f0.48) 5(p0.51 r0.45 f0.48)
[ VALIDATION METRICS TTA]:
Val dist: {5: 36, 0: 1302, 10: 201, 2: 275, 1: 810, 3: 86, 7: 36, 4: 41, 8: 44, 9: 12, 6: 40, 11: 6, 12: 2}
bacc=0.800 macro_f1=0.769
  best : 0(p0.99 r0.94 f0.96) 1(p0.97 r0.95 f0.96) 4(p0.93 r0.95 f0.94) 3(p0.90 r0.94 f0.92) 2(p0.90 r0.92 f0.91)
  worst: 6(p0.31 r0.75 f0.43) 7(p0.62 r0.50 f0.55) 5(p0.60 r0.58 f0.59) 12(p1.00 r0.50 f0.67) 11(p0.56 r0.83 f0.67)
[TSNE] Saved to /home/infres/yrothlin-24/CHAL_IM05/logs/tests/TSNE/tsne_val_epoch_010.png
[CONFUSION] Saved to /home/infres/yrothlin-24/CHAL_IM05/logs/tests/confusion/confusion_val_epoch_010_norm.png
[ RESULTS ] : Epoch 10/60 | train_loss=0.5147 val_loss=0.1844
New best macro_f1: 0.7690 at epoch 10. Saving checkpoint.
Checkpoint saved: /home/infres/yrothlin-24/CHAL_IM05/checkpoints/tests/fold_0/best.pt
Step 50/407 | loss=0.5632 bb_lr=0.000050 head_lr=0.000050
Step 100/407 | loss=0.5590 bb_lr=0.000050 head_lr=0.000050
Step 150/407 | loss=0.5448 bb_lr=0.000050 head_lr=0.000050
Step 200/407 | loss=0.5187 bb_lr=0.000050 head_lr=0.000050
Step 250/407 | loss=0.5222 bb_lr=0.000050 head_lr=0.000050
Step 300/407 | loss=0.5132 bb_lr=0.000050 head_lr=0.000050
Step 350/407 | loss=0.5163 bb_lr=0.000050 head_lr=0.000050
Step 400/407 | loss=0.5213 bb_lr=0.000050 head_lr=0.000050
Timing (first 30 train batches) | data=0.032649s infer=0.128911s
[ TRAIN METRICS ]:
bacc=0.588 macro_f1=0.594
  best : 0(p0.69 r0.72 f0.70) 3(p0.66 r0.67 f0.66) 12(p0.66 r0.65 f0.66) 1(p0.65 r0.67 f0.66) 4(p0.64 r0.65 f0.64)
  worst: 7(p0.50 r0.41 f0.45) 6(p0.50 r0.42 f0.46) 5(p0.56 r0.50 f0.53) 8(p0.55 r0.53 f0.54) 9(p0.57 r0.56 f0.57)
[ VALIDATION METRICS TTA]:
Val dist: {5: 36, 0: 1302, 10: 201, 2: 275, 1: 810, 3: 86, 7: 36, 4: 41, 8: 44, 9: 12, 6: 40, 11: 6, 12: 2}
bacc=0.777 macro_f1=0.730
  best : 0(p0.99 r0.94 f0.96) 1(p0.96 r0.96 f0.96) 3(p0.98 r0.93 f0.95) 4(p0.91 r0.95 f0.93) 10(p0.89 r0.93 f0.91)
  worst: 12(p0.00 r0.00 f0.00) 6(p0.28 r0.70 f0.40) 7(p0.51 r0.72 f0.60) 5(p0.70 r0.58 f0.64) 9(p0.53 r0.83 f0.65)
[CONFUSION] Saved to /home/infres/yrothlin-24/CHAL_IM05/logs/tests/confusion/confusion_val_epoch_011_norm.png
[ RESULTS ] : Epoch 11/60 | train_loss=0.5238 val_loss=0.1952
Step 50/407 | loss=0.5128 bb_lr=0.000042 head_lr=0.000042
Step 100/407 | loss=0.5038 bb_lr=0.000042 head_lr=0.000042
Step 150/407 | loss=0.5239 bb_lr=0.000042 head_lr=0.000042
Step 200/407 | loss=0.5174 bb_lr=0.000042 head_lr=0.000042
Step 250/407 | loss=0.5288 bb_lr=0.000042 head_lr=0.000042
Step 300/407 | loss=0.5161 bb_lr=0.000042 head_lr=0.000042
Step 350/407 | loss=0.5087 bb_lr=0.000042 head_lr=0.000042
Step 400/407 | loss=0.5065 bb_lr=0.000042 head_lr=0.000042
Timing (first 30 train batches) | data=0.029151s infer=0.127453s
[ TRAIN METRICS ]:
bacc=0.542 macro_f1=0.547
  best : 0(p0.66 r0.68 f0.67) 1(p0.62 r0.64 f0.63) 3(p0.59 r0.61 f0.60) 4(p0.59 r0.59 f0.59) 12(p0.59 r0.58 f0.59)
  worst: 6(p0.44 r0.38 f0.41) 7(p0.49 r0.43 f0.46) 8(p0.48 r0.45 f0.46) 5(p0.52 r0.48 f0.50) 9(p0.51 r0.50 f0.51)
[ VALIDATION METRICS TTA]:
Val dist: {5: 36, 0: 1302, 10: 201, 2: 275, 1: 810, 3: 86, 7: 36, 4: 41, 8: 44, 9: 12, 6: 40, 11: 6, 12: 2}
bacc=0.767 macro_f1=0.725
  best : 0(p0.99 r0.96 f0.97) 1(p0.98 r0.93 f0.96) 4(p0.93 r0.98 f0.95) 3(p0.95 r0.94 f0.95) 2(p0.88 r0.91 f0.90)
  worst: 12(p0.00 r0.00 f0.00) 6(p0.36 r0.70 f0.47) 5(p0.54 r0.61 f0.57) 7(p0.51 r0.69 f0.59) 9(p0.56 r0.75 f0.64)
[CONFUSION] Saved to /home/infres/yrothlin-24/CHAL_IM05/logs/tests/confusion/confusion_val_epoch_012_norm.png
[ RESULTS ] : Epoch 12/60 | train_loss=0.5044 val_loss=0.1868
Step 50/407 | loss=0.5222 bb_lr=0.000035 head_lr=0.000035
Step 100/407 | loss=0.5100 bb_lr=0.000035 head_lr=0.000035
Step 150/407 | loss=0.4915 bb_lr=0.000035 head_lr=0.000035
Step 200/407 | loss=0.4927 bb_lr=0.000035 head_lr=0.000035
Step 250/407 | loss=0.4919 bb_lr=0.000035 head_lr=0.000035
Step 300/407 | loss=0.4780 bb_lr=0.000035 head_lr=0.000035
Step 350/407 | loss=0.4743 bb_lr=0.000035 head_lr=0.000035
Step 400/407 | loss=0.4771 bb_lr=0.000035 head_lr=0.000035
Timing (first 30 train batches) | data=0.038426s infer=0.127631s
[ TRAIN METRICS ]:
bacc=0.550 macro_f1=0.556
  best : 0(p0.66 r0.68 f0.67) 1(p0.62 r0.64 f0.63) 12(p0.63 r0.62 f0.62) 4(p0.59 r0.60 f0.60) 3(p0.58 r0.60 f0.59)
  worst: 6(p0.44 r0.39 f0.42) 7(p0.47 r0.41 f0.44) 8(p0.50 r0.48 f0.49) 9(p0.53 r0.50 f0.51) 5(p0.55 r0.49 f0.52)
[ VALIDATION METRICS TTA]:
Val dist: {5: 36, 0: 1302, 10: 201, 2: 275, 1: 810, 3: 86, 7: 36, 4: 41, 8: 44, 9: 12, 6: 40, 11: 6, 12: 2}
bacc=0.765 macro_f1=0.734
  best : 0(p0.99 r0.96 f0.97) 1(p0.96 r0.96 f0.96) 3(p0.96 r0.94 f0.95) 4(p0.93 r0.98 f0.95) 2(p0.93 r0.89 f0.91)
  worst: 12(p0.00 r0.00 f0.00) 6(p0.36 r0.68 f0.47) 5(p0.57 r0.56 f0.56) 7(p0.57 r0.72 f0.63) 9(p0.62 r0.67 f0.64)
[CONFUSION] Saved to /home/infres/yrothlin-24/CHAL_IM05/logs/tests/confusion/confusion_val_epoch_013_norm.png
[ RESULTS ] : Epoch 13/60 | train_loss=0.4783 val_loss=0.1827
Step 50/407 | loss=0.5725 bb_lr=0.000027 head_lr=0.000027
Step 100/407 | loss=0.5337 bb_lr=0.000027 head_lr=0.000027
Step 150/407 | loss=0.5247 bb_lr=0.000027 head_lr=0.000027
Step 200/407 | loss=0.5130 bb_lr=0.000027 head_lr=0.000027
Step 250/407 | loss=0.5021 bb_lr=0.000027 head_lr=0.000027
Step 300/407 | loss=0.4895 bb_lr=0.000027 head_lr=0.000027
Step 350/407 | loss=0.4853 bb_lr=0.000027 head_lr=0.000027
Step 400/407 | loss=0.4905 bb_lr=0.000027 head_lr=0.000027
Timing (first 30 train batches) | data=0.035327s infer=0.128711s
[ TRAIN METRICS ]:
bacc=0.596 macro_f1=0.602
  best : 0(p0.70 r0.72 f0.71) 1(p0.66 r0.68 f0.67) 3(p0.64 r0.67 f0.66) 4(p0.63 r0.64 f0.64) 2(p0.63 r0.64 f0.63)
  worst: 6(p0.53 r0.48 f0.50) 7(p0.53 r0.48 f0.50) 5(p0.57 r0.51 f0.54) 8(p0.57 r0.54 f0.55) 9(p0.59 r0.56 f0.57)
[ VALIDATION METRICS TTA]:
Val dist: {5: 36, 0: 1302, 10: 201, 2: 275, 1: 810, 3: 86, 7: 36, 4: 41, 8: 44, 9: 12, 6: 40, 11: 6, 12: 2}
bacc=0.804 macro_f1=0.787
  best : 0(p0.99 r0.95 f0.97) 1(p0.97 r0.95 f0.96) 3(p0.94 r0.95 f0.95) 4(p0.93 r0.95 f0.94) 2(p0.92 r0.90 f0.91)
  worst: 6(p0.35 r0.70 f0.46) 5(p0.58 r0.53 f0.55) 7(p0.59 r0.72 f0.65) 9(p0.60 r0.75 f0.67) 12(p1.00 r0.50 f0.67)
[CONFUSION] Saved to /home/infres/yrothlin-24/CHAL_IM05/logs/tests/confusion/confusion_val_epoch_014_norm.png
[ RESULTS ] : Epoch 14/60 | train_loss=0.4869 val_loss=0.1837
New best macro_f1: 0.7873 at epoch 14. Saving checkpoint.
Checkpoint saved: /home/infres/yrothlin-24/CHAL_IM05/checkpoints/tests/fold_0/best.pt
Step 50/407 | loss=0.4400 bb_lr=0.000021 head_lr=0.000021
Step 100/407 | loss=0.4395 bb_lr=0.000021 head_lr=0.000021
Step 150/407 | loss=0.4499 bb_lr=0.000021 head_lr=0.000021
Step 200/407 | loss=0.4610 bb_lr=0.000021 head_lr=0.000021
Step 250/407 | loss=0.4698 bb_lr=0.000021 head_lr=0.000021
Step 300/407 | loss=0.4763 bb_lr=0.000021 head_lr=0.000021
Step 350/407 | loss=0.4807 bb_lr=0.000021 head_lr=0.000021
Step 400/407 | loss=0.4698 bb_lr=0.000021 head_lr=0.000021
Timing (first 30 train batches) | data=0.037750s infer=0.127461s
[ TRAIN METRICS ]:
bacc=0.581 macro_f1=0.586
  best : 0(p0.68 r0.69 f0.68) 1(p0.64 r0.66 f0.65) 4(p0.63 r0.63 f0.63) 3(p0.62 r0.64 f0.63) 2(p0.62 r0.62 f0.62)
  worst: 6(p0.52 r0.49 f0.51) 7(p0.54 r0.48 f0.51) 5(p0.55 r0.51 f0.53) 8(p0.55 r0.53 f0.54) 9(p0.56 r0.53 f0.55)
[ VALIDATION METRICS TTA]:
Val dist: {5: 36, 0: 1302, 10: 201, 2: 275, 1: 810, 3: 86, 7: 36, 4: 41, 8: 44, 9: 12, 6: 40, 11: 6, 12: 2}
bacc=0.769 macro_f1=0.749
  best : 0(p0.99 r0.96 f0.97) 1(p0.96 r0.96 f0.96) 3(p0.96 r0.93 f0.95) 4(p0.91 r0.98 f0.94) 2(p0.94 r0.88 f0.91)
  worst: 12(p0.00 r0.00 f0.00) 6(p0.35 r0.68 f0.46) 5(p0.67 r0.50 f0.57) 7(p0.62 r0.72 f0.67) 9(p0.69 r0.75 f0.72)
[TSNE] Saved to /home/infres/yrothlin-24/CHAL_IM05/logs/tests/TSNE/tsne_val_epoch_015.png
[CONFUSION] Saved to /home/infres/yrothlin-24/CHAL_IM05/logs/tests/confusion/confusion_val_epoch_015_norm.png
[ RESULTS ] : Epoch 15/60 | train_loss=0.4682 val_loss=0.1902
Step 50/407 | loss=0.4977 bb_lr=0.000015 head_lr=0.000015
Step 100/407 | loss=0.4524 bb_lr=0.000015 head_lr=0.000015
Step 150/407 | loss=0.4649 bb_lr=0.000015 head_lr=0.000015
Step 200/407 | loss=0.4772 bb_lr=0.000015 head_lr=0.000015
Step 250/407 | loss=0.4787 bb_lr=0.000015 head_lr=0.000015
Step 300/407 | loss=0.4704 bb_lr=0.000015 head_lr=0.000015
Step 350/407 | loss=0.4672 bb_lr=0.000015 head_lr=0.000015
Step 400/407 | loss=0.4691 bb_lr=0.000015 head_lr=0.000015
Timing (first 30 train batches) | data=0.035577s infer=0.127905s
[ TRAIN METRICS ]:
bacc=0.574 macro_f1=0.580
  best : 0(p0.67 r0.70 f0.68) 1(p0.63 r0.65 f0.64) 3(p0.63 r0.64 f0.64) 2(p0.62 r0.62 f0.62) 4(p0.60 r0.62 f0.61)
  worst: 6(p0.46 r0.42 f0.44) 7(p0.51 r0.45 f0.48) 8(p0.56 r0.52 f0.54) 5(p0.59 r0.54 f0.57) 9(p0.58 r0.56 f0.57)
[ VALIDATION METRICS TTA]:
Val dist: {5: 36, 0: 1302, 10: 201, 2: 275, 1: 810, 3: 86, 7: 36, 4: 41, 8: 44, 9: 12, 6: 40, 11: 6, 12: 2}
bacc=0.793 macro_f1=0.777
  best : 0(p0.99 r0.95 f0.97) 1(p0.96 r0.96 f0.96) 4(p0.93 r0.98 f0.95) 3(p0.95 r0.94 f0.95) 10(p0.88 r0.95 f0.91)
  worst: 6(p0.33 r0.70 f0.45) 5(p0.74 r0.47 f0.58) 9(p0.57 r0.67 f0.62) 7(p0.59 r0.67 f0.62) 12(p1.00 r0.50 f0.67)
[CONFUSION] Saved to /home/infres/yrothlin-24/CHAL_IM05/logs/tests/confusion/confusion_val_epoch_016_norm.png
[ RESULTS ] : Epoch 16/60 | train_loss=0.4686 val_loss=0.1907
Step 50/407 | loss=0.4887 bb_lr=0.000010 head_lr=0.000010
Step 100/407 | loss=0.4739 bb_lr=0.000010 head_lr=0.000010
Step 150/407 | loss=0.4725 bb_lr=0.000010 head_lr=0.000010
Step 200/407 | loss=0.4657 bb_lr=0.000010 head_lr=0.000010
Step 250/407 | loss=0.4549 bb_lr=0.000010 head_lr=0.000010
Step 300/407 | loss=0.4554 bb_lr=0.000010 head_lr=0.000010
Step 350/407 | loss=0.4524 bb_lr=0.000010 head_lr=0.000010
Step 400/407 | loss=0.4501 bb_lr=0.000010 head_lr=0.000010
Timing (first 30 train batches) | data=0.029232s infer=0.128646s
[ TRAIN METRICS ]:
bacc=0.581 macro_f1=0.586
  best : 0(p0.67 r0.69 f0.68) 1(p0.63 r0.65 f0.64) 4(p0.63 r0.64 f0.64) 2(p0.61 r0.61 f0.61) 10(p0.61 r0.61 f0.61)
  worst: 6(p0.47 r0.42 f0.44) 7(p0.54 r0.48 f0.51) 8(p0.56 r0.52 f0.54) 5(p0.59 r0.53 f0.56) 12(p0.59 r0.59 f0.59)
[ VALIDATION METRICS TTA]:
Val dist: {5: 36, 0: 1302, 10: 201, 2: 275, 1: 810, 3: 86, 7: 36, 4: 41, 8: 44, 9: 12, 6: 40, 11: 6, 12: 2}
bacc=0.752 macro_f1=0.716
  best : 0(p0.98 r0.96 f0.97) 1(p0.97 r0.95 f0.96) 3(p0.98 r0.93 f0.95) 4(p0.91 r0.98 f0.94) 2(p0.92 r0.88 f0.90)
  worst: 12(p0.00 r0.00 f0.00) 6(p0.36 r0.65 f0.46) 9(p0.47 r0.67 f0.55) 5(p0.54 r0.58 f0.56) 7(p0.59 r0.67 f0.62)
[CONFUSION] Saved to /home/infres/yrothlin-24/CHAL_IM05/logs/tests/confusion/confusion_val_epoch_017_norm.png
[ RESULTS ] : Epoch 17/60 | train_loss=0.4528 val_loss=0.1879
Step 50/407 | loss=0.4863 bb_lr=0.000005 head_lr=0.000005
Step 100/407 | loss=0.4757 bb_lr=0.000005 head_lr=0.000005
Step 150/407 | loss=0.4604 bb_lr=0.000005 head_lr=0.000005
Step 200/407 | loss=0.4560 bb_lr=0.000005 head_lr=0.000005
Step 250/407 | loss=0.4650 bb_lr=0.000005 head_lr=0.000005
Step 300/407 | loss=0.4721 bb_lr=0.000005 head_lr=0.000005
Step 350/407 | loss=0.4612 bb_lr=0.000005 head_lr=0.000005
Step 400/407 | loss=0.4642 bb_lr=0.000005 head_lr=0.000005
Timing (first 30 train batches) | data=0.031622s infer=0.128561s
[ TRAIN METRICS ]:
bacc=0.573 macro_f1=0.578
  best : 0(p0.66 r0.68 f0.67) 1(p0.63 r0.65 f0.64) 3(p0.62 r0.63 f0.63) 4(p0.60 r0.61 f0.61) 10(p0.60 r0.60 f0.60)
  worst: 6(p0.49 r0.44 f0.46) 8(p0.52 r0.51 f0.52) 7(p0.55 r0.50 f0.52) 5(p0.56 r0.52 f0.54) 9(p0.56 r0.55 f0.55)
[ VALIDATION METRICS TTA]:
Val dist: {5: 36, 0: 1302, 10: 201, 2: 275, 1: 810, 3: 86, 7: 36, 4: 41, 8: 44, 9: 12, 6: 40, 11: 6, 12: 2}
bacc=0.760 macro_f1=0.730
  best : 0(p0.99 r0.96 f0.97) 1(p0.97 r0.96 f0.96) 3(p0.98 r0.93 f0.95) 4(p0.93 r0.98 f0.95) 2(p0.94 r0.89 f0.91)
  worst: 12(p0.00 r0.00 f0.00) 6(p0.38 r0.72 f0.50) 5(p0.65 r0.47 f0.55) 7(p0.59 r0.64 f0.61) 9(p0.60 r0.75 f0.67)
[CONFUSION] Saved to /home/infres/yrothlin-24/CHAL_IM05/logs/tests/confusion/confusion_val_epoch_018_norm.png
[ RESULTS ] : Epoch 18/60 | train_loss=0.4622 val_loss=0.1893
Step 50/407 | loss=0.5152 bb_lr=0.000002 head_lr=0.000002
Step 100/407 | loss=0.4370 bb_lr=0.000002 head_lr=0.000002
Step 150/407 | loss=0.4331 bb_lr=0.000002 head_lr=0.000002
Step 200/407 | loss=0.4573 bb_lr=0.000002 head_lr=0.000002
Step 250/407 | loss=0.4492 bb_lr=0.000002 head_lr=0.000002
Step 300/407 | loss=0.4478 bb_lr=0.000002 head_lr=0.000002
Step 350/407 | loss=0.4511 bb_lr=0.000002 head_lr=0.000002
Step 400/407 | loss=0.4490 bb_lr=0.000002 head_lr=0.000002
Timing (first 30 train batches) | data=0.029185s infer=0.128857s
[ TRAIN METRICS ]:
bacc=0.553 macro_f1=0.557
  best : 0(p0.65 r0.67 f0.66) 1(p0.62 r0.63 f0.62) 3(p0.59 r0.60 f0.60) 2(p0.58 r0.59 f0.59) 4(p0.58 r0.59 f0.59)
  worst: 6(p0.45 r0.42 f0.43) 7(p0.51 r0.47 f0.49) 5(p0.51 r0.48 f0.49) 8(p0.53 r0.51 f0.52) 9(p0.53 r0.51 f0.52)
[ VALIDATION METRICS TTA]:
Val dist: {5: 36, 0: 1302, 10: 201, 2: 275, 1: 810, 3: 86, 7: 36, 4: 41, 8: 44, 9: 12, 6: 40, 11: 6, 12: 2}
bacc=0.759 macro_f1=0.729
  best : 0(p0.99 r0.96 f0.97) 1(p0.97 r0.95 f0.96) 3(p0.95 r0.93 f0.94) 4(p0.91 r0.98 f0.94) 2(p0.93 r0.89 f0.91)
  worst: 12(p0.00 r0.00 f0.00) 6(p0.38 r0.70 f0.50) 5(p0.63 r0.53 f0.58) 9(p0.57 r0.67 f0.62) 7(p0.62 r0.64 f0.63)
[CONFUSION] Saved to /home/infres/yrothlin-24/CHAL_IM05/logs/tests/confusion/confusion_val_epoch_019_norm.png
[ RESULTS ] : Epoch 19/60 | train_loss=0.4467 val_loss=0.1849
Step 50/407 | loss=0.4949 bb_lr=0.000001 head_lr=0.000001
Step 100/407 | loss=0.4670 bb_lr=0.000001 head_lr=0.000001
Step 150/407 | loss=0.4351 bb_lr=0.000001 head_lr=0.000001
Step 200/407 | loss=0.4481 bb_lr=0.000001 head_lr=0.000001
Step 250/407 | loss=0.4575 bb_lr=0.000001 head_lr=0.000001
Step 300/407 | loss=0.4538 bb_lr=0.000001 head_lr=0.000001
Step 350/407 | loss=0.4555 bb_lr=0.000001 head_lr=0.000001
Step 400/407 | loss=0.4544 bb_lr=0.000001 head_lr=0.000001
Timing (first 30 train batches) | data=0.027399s infer=0.128704s
[ TRAIN METRICS ]:
bacc=0.573 macro_f1=0.578
  best : 0(p0.67 r0.69 f0.68) 1(p0.64 r0.65 f0.65) 3(p0.61 r0.63 f0.62) 4(p0.61 r0.62 f0.61) 2(p0.60 r0.60 f0.60)
  worst: 6(p0.51 r0.45 f0.48) 7(p0.53 r0.46 f0.50) 5(p0.53 r0.50 f0.51) 8(p0.54 r0.51 f0.52) 9(p0.57 r0.57 f0.57)
[ VALIDATION METRICS TTA]:
Val dist: {5: 36, 0: 1302, 10: 201, 2: 275, 1: 810, 3: 86, 7: 36, 4: 41, 8: 44, 9: 12, 6: 40, 11: 6, 12: 2}
bacc=0.803 macro_f1=0.791
  best : 0(p0.99 r0.96 f0.97) 1(p0.97 r0.95 f0.96) 3(p0.98 r0.93 f0.95) 4(p0.89 r0.98 f0.93) 2(p0.93 r0.89 f0.91)
  worst: 6(p0.38 r0.72 f0.50) 5(p0.68 r0.53 f0.59) 9(p0.62 r0.67 f0.64) 7(p0.64 r0.69 f0.67) 12(p1.00 r0.50 f0.67)
[TSNE] Saved to /home/infres/yrothlin-24/CHAL_IM05/logs/tests/TSNE/tsne_val_epoch_020.png
[CONFUSION] Saved to /home/infres/yrothlin-24/CHAL_IM05/logs/tests/confusion/confusion_val_epoch_020_norm.png
[ RESULTS ] : Epoch 20/60 | train_loss=0.4547 val_loss=0.1865
New best macro_f1: 0.7905 at epoch 20. Saving checkpoint.
Checkpoint saved: /home/infres/yrothlin-24/CHAL_IM05/checkpoints/tests/fold_0/best.pt
Step 50/407 | loss=0.5087 bb_lr=0.000100 head_lr=0.000100
Step 100/407 | loss=0.5172 bb_lr=0.000100 head_lr=0.000100
Step 150/407 | loss=0.5394 bb_lr=0.000100 head_lr=0.000100
Step 200/407 | loss=0.5387 bb_lr=0.000100 head_lr=0.000100
Step 250/407 | loss=0.5449 bb_lr=0.000100 head_lr=0.000100
Step 300/407 | loss=0.5445 bb_lr=0.000100 head_lr=0.000100
Step 350/407 | loss=0.5407 bb_lr=0.000100 head_lr=0.000100
Step 400/407 | loss=0.5349 bb_lr=0.000100 head_lr=0.000100
Timing (first 30 train batches) | data=0.029013s infer=0.129186s
[ TRAIN METRICS ]:
bacc=0.545 macro_f1=0.552
  best : 0(p0.65 r0.68 f0.67) 1(p0.61 r0.63 f0.62) 3(p0.60 r0.61 f0.60) 12(p0.58 r0.59 f0.58) 2(p0.58 r0.58 f0.58)
  worst: 7(p0.47 r0.40 f0.43) 6(p0.49 r0.42 f0.45) 8(p0.50 r0.48 f0.49) 5(p0.54 r0.49 f0.51) 11(p0.52 r0.51 f0.52)
[ VALIDATION METRICS TTA]:
Val dist: {5: 36, 0: 1302, 10: 201, 2: 275, 1: 810, 3: 86, 7: 36, 4: 41, 8: 44, 9: 12, 6: 40, 11: 6, 12: 2}
bacc=0.739 macro_f1=0.701
  best : 0(p0.99 r0.95 f0.97) 1(p0.96 r0.96 f0.96) 3(p0.94 r0.93 f0.94) 4(p0.89 r0.95 f0.92) 2(p0.94 r0.88 f0.91)
  worst: 12(p0.00 r0.00 f0.00) 6(p0.33 r0.62 f0.43) 11(p0.33 r0.67 f0.44) 5(p0.61 r0.53 f0.57) 7(p0.57 r0.72 f0.63)
[CONFUSION] Saved to /home/infres/yrothlin-24/CHAL_IM05/logs/tests/confusion/confusion_val_epoch_021_norm.png
[ RESULTS ] : Epoch 21/60 | train_loss=0.5318 val_loss=0.1959
Step 50/407 | loss=0.5374 bb_lr=0.000099 head_lr=0.000099
Step 100/407 | loss=0.5135 bb_lr=0.000099 head_lr=0.000099
Step 150/407 | loss=0.5192 bb_lr=0.000099 head_lr=0.000099
Step 200/407 | loss=0.5309 bb_lr=0.000099 head_lr=0.000099
Step 250/407 | loss=0.5179 bb_lr=0.000099 head_lr=0.000099
Step 300/407 | loss=0.5210 bb_lr=0.000099 head_lr=0.000099
Step 350/407 | loss=0.5172 bb_lr=0.000099 head_lr=0.000099
Step 400/407 | loss=0.5105 bb_lr=0.000099 head_lr=0.000099
Timing (first 30 train batches) | data=0.028308s infer=0.129009s
[ TRAIN METRICS ]:
bacc=0.567 macro_f1=0.574
  best : 0(p0.67 r0.70 f0.68) 1(p0.64 r0.68 f0.66) 4(p0.61 r0.62 f0.61) 3(p0.60 r0.62 f0.61) 2(p0.60 r0.60 f0.60)
  worst: 6(p0.49 r0.40 f0.44) 7(p0.49 r0.44 f0.47) 8(p0.51 r0.49 f0.50) 5(p0.58 r0.53 f0.55) 9(p0.58 r0.54 f0.56)
[ VALIDATION METRICS TTA]:
Val dist: {5: 36, 0: 1302, 10: 201, 2: 275, 1: 810, 3: 86, 7: 36, 4: 41, 8: 44, 9: 12, 6: 40, 11: 6, 12: 2}
bacc=0.773 macro_f1=0.745
  best : 0(p0.98 r0.97 f0.98) 1(p0.98 r0.94 f0.96) 4(p0.93 r0.98 f0.95) 3(p0.92 r0.95 f0.94) 11(p1.00 r0.83 f0.91)
  worst: 12(p0.00 r0.00 f0.00) 5(p0.48 r0.56 f0.51) 6(p0.47 r0.65 f0.55) 7(p0.69 r0.50 f0.58) 9(p0.55 r1.00 f0.71)
[CONFUSION] Saved to /home/infres/yrothlin-24/CHAL_IM05/logs/tests/confusion/confusion_val_epoch_022_norm.png
[ RESULTS ] : Epoch 22/60 | train_loss=0.5109 val_loss=0.1999
Step 50/407 | loss=0.5349 bb_lr=0.000098 head_lr=0.000098
Step 100/407 | loss=0.5327 bb_lr=0.000098 head_lr=0.000098
Step 150/407 | loss=0.4842 bb_lr=0.000098 head_lr=0.000098
Step 200/407 | loss=0.4803 bb_lr=0.000098 head_lr=0.000098
Step 250/407 | loss=0.4893 bb_lr=0.000098 head_lr=0.000098
Step 300/407 | loss=0.4846 bb_lr=0.000098 head_lr=0.000098
Step 350/407 | loss=0.4855 bb_lr=0.000098 head_lr=0.000098
Step 400/407 | loss=0.4756 bb_lr=0.000098 head_lr=0.000098
Timing (first 30 train batches) | data=0.030288s infer=0.128308s
[ TRAIN METRICS ]:
bacc=0.544 macro_f1=0.552
  best : 0(p0.66 r0.68 f0.67) 1(p0.62 r0.64 f0.63) 12(p0.63 r0.60 f0.62) 3(p0.60 r0.61 f0.60) 2(p0.58 r0.59 f0.58)
  worst: 6(p0.46 r0.38 f0.42) 7(p0.49 r0.42 f0.45) 5(p0.49 r0.43 f0.46) 8(p0.50 r0.48 f0.49) 9(p0.57 r0.53 f0.55)
[ VALIDATION METRICS TTA]:
Val dist: {5: 36, 0: 1302, 10: 201, 2: 275, 1: 810, 3: 86, 7: 36, 4: 41, 8: 44, 9: 12, 6: 40, 11: 6, 12: 2}
bacc=0.769 macro_f1=0.729
  best : 0(p0.99 r0.96 f0.97) 1(p0.97 r0.95 f0.96) 4(p0.91 r0.95 f0.93) 3(p0.90 r0.95 f0.93) 10(p0.90 r0.93 f0.91)
  worst: 12(p0.00 r0.00 f0.00) 6(p0.35 r0.70 f0.47) 5(p0.43 r0.64 f0.51) 7(p0.62 r0.58 f0.60) 9(p0.67 r0.83 f0.74)
[CONFUSION] Saved to /home/infres/yrothlin-24/CHAL_IM05/logs/tests/confusion/confusion_val_epoch_023_norm.png
[ RESULTS ] : Epoch 23/60 | train_loss=0.4807 val_loss=0.1983
Step 50/407 | loss=0.5402 bb_lr=0.000095 head_lr=0.000095
Step 100/407 | loss=0.4951 bb_lr=0.000095 head_lr=0.000095
Step 150/407 | loss=0.4648 bb_lr=0.000095 head_lr=0.000095
Step 200/407 | loss=0.5053 bb_lr=0.000095 head_lr=0.000095
Step 250/407 | loss=0.5095 bb_lr=0.000095 head_lr=0.000095
Step 300/407 | loss=0.4957 bb_lr=0.000095 head_lr=0.000095
Step 350/407 | loss=0.4945 bb_lr=0.000095 head_lr=0.000095
Step 400/407 | loss=0.5025 bb_lr=0.000095 head_lr=0.000095
Timing (first 30 train batches) | data=0.029990s infer=0.128974s
[ TRAIN METRICS ]:
bacc=0.571 macro_f1=0.577
  best : 0(p0.67 r0.69 f0.68) 1(p0.63 r0.64 f0.64) 4(p0.63 r0.64 f0.63) 3(p0.61 r0.62 f0.61) 11(p0.62 r0.60 f0.61)
  worst: 6(p0.50 r0.45 f0.47) 7(p0.52 r0.47 f0.49) 5(p0.55 r0.50 f0.52) 9(p0.53 r0.52 f0.53) 8(p0.54 r0.52 f0.53)
[ VALIDATION METRICS TTA]:
Val dist: {5: 36, 0: 1302, 10: 201, 2: 275, 1: 810, 3: 86, 7: 36, 4: 41, 8: 44, 9: 12, 6: 40, 11: 6, 12: 2}
bacc=0.809 macro_f1=0.759
  best : 0(p0.99 r0.96 f0.98) 1(p0.98 r0.94 f0.96) 4(p0.91 r0.98 f0.94) 3(p0.92 r0.95 f0.94) 2(p0.95 r0.88 f0.91)
  worst: 6(p0.37 r0.70 f0.49) 12(p0.50 r0.50 f0.50) 7(p0.56 r0.61 f0.59) 9(p0.48 r0.83 f0.61) 5(p0.64 r0.64 f0.64)
[CONFUSION] Saved to /home/infres/yrothlin-24/CHAL_IM05/logs/tests/confusion/confusion_val_epoch_024_norm.png
[ RESULTS ] : Epoch 24/60 | train_loss=0.5014 val_loss=0.2019
Step 50/407 | loss=0.5315 bb_lr=0.000090 head_lr=0.000090
Step 100/407 | loss=0.5215 bb_lr=0.000090 head_lr=0.000090
Step 150/407 | loss=0.5174 bb_lr=0.000090 head_lr=0.000090
Step 200/407 | loss=0.5080 bb_lr=0.000090 head_lr=0.000090
Step 250/407 | loss=0.4934 bb_lr=0.000090 head_lr=0.000090
Step 300/407 | loss=0.4785 bb_lr=0.000090 head_lr=0.000090
Step 350/407 | loss=0.4792 bb_lr=0.000090 head_lr=0.000090
Step 400/407 | loss=0.4814 bb_lr=0.000090 head_lr=0.000090
Timing (first 30 train batches) | data=0.029966s infer=0.128781s
[ TRAIN METRICS ]:
bacc=0.575 macro_f1=0.580
  best : 0(p0.67 r0.70 f0.69) 1(p0.64 r0.65 f0.64) 12(p0.63 r0.62 f0.63) 11(p0.63 r0.62 f0.63) 3(p0.62 r0.62 f0.62)
  worst: 6(p0.49 r0.43 f0.46) 7(p0.50 r0.46 f0.48) 8(p0.53 r0.51 f0.52) 5(p0.56 r0.51 f0.53) 9(p0.58 r0.56 f0.57)
[ VALIDATION METRICS TTA]:
Val dist: {5: 36, 0: 1302, 10: 201, 2: 275, 1: 810, 3: 86, 7: 36, 4: 41, 8: 44, 9: 12, 6: 40, 11: 6, 12: 2}
bacc=0.736 macro_f1=0.704
  best : 0(p0.98 r0.96 f0.97) 1(p0.97 r0.95 f0.96) 4(p0.91 r0.95 f0.93) 3(p0.97 r0.88 f0.93) 2(p0.95 r0.88 f0.91)
  worst: 12(p0.00 r0.00 f0.00) 9(p0.45 r0.42 f0.43) 6(p0.39 r0.75 f0.52) 5(p0.54 r0.56 f0.55) 7(p0.51 r0.67 f0.58)
[TSNE] Saved to /home/infres/yrothlin-24/CHAL_IM05/logs/tests/TSNE/tsne_val_epoch_025.png
[CONFUSION] Saved to /home/infres/yrothlin-24/CHAL_IM05/logs/tests/confusion/confusion_val_epoch_025_norm.png
[ RESULTS ] : Epoch 25/60 | train_loss=0.4800 val_loss=0.2167
Step 50/407 | loss=0.4971 bb_lr=0.000085 head_lr=0.000085
Step 100/407 | loss=0.4693 bb_lr=0.000085 head_lr=0.000085
Step 150/407 | loss=0.4797 bb_lr=0.000085 head_lr=0.000085
Step 200/407 | loss=0.4759 bb_lr=0.000085 head_lr=0.000085
Step 250/407 | loss=0.4687 bb_lr=0.000085 head_lr=0.000085
Step 300/407 | loss=0.4850 bb_lr=0.000085 head_lr=0.000085
Step 350/407 | loss=0.4899 bb_lr=0.000085 head_lr=0.000085
Step 400/407 | loss=0.4893 bb_lr=0.000085 head_lr=0.000085
Timing (first 30 train batches) | data=0.031160s infer=0.128194s
[ TRAIN METRICS ]:
bacc=0.555 macro_f1=0.561
  best : 0(p0.66 r0.69 f0.68) 1(p0.63 r0.64 f0.64) 12(p0.61 r0.61 f0.61) 2(p0.60 r0.60 f0.60) 3(p0.58 r0.60 f0.59)
  worst: 6(p0.46 r0.39 f0.42) 7(p0.50 r0.44 f0.47) 9(p0.52 r0.48 f0.50) 8(p0.53 r0.50 f0.52) 5(p0.56 r0.52 f0.54)
[ VALIDATION METRICS TTA]:
Val dist: {5: 36, 0: 1302, 10: 201, 2: 275, 1: 810, 3: 86, 7: 36, 4: 41, 8: 44, 9: 12, 6: 40, 11: 6, 12: 2}
bacc=0.740 macro_f1=0.721
  best : 0(p0.99 r0.96 f0.97) 1(p0.97 r0.96 f0.96) 3(p0.93 r0.95 f0.94) 4(p0.95 r0.93 f0.94) 2(p0.93 r0.89 f0.91)
  worst: 12(p0.00 r0.00 f0.00) 6(p0.40 r0.72 f0.52) 5(p0.70 r0.44 f0.54) 7(p0.54 r0.61 f0.57) 9(p0.62 r0.67 f0.64)
[CONFUSION] Saved to /home/infres/yrothlin-24/CHAL_IM05/logs/tests/confusion/confusion_val_epoch_026_norm.png
[ RESULTS ] : Epoch 26/60 | train_loss=0.4912 val_loss=0.2078
Step 50/407 | loss=0.4266 bb_lr=0.000079 head_lr=0.000079
Step 100/407 | loss=0.4461 bb_lr=0.000079 head_lr=0.000079
Step 150/407 | loss=0.4589 bb_lr=0.000079 head_lr=0.000079
Step 200/407 | loss=0.4643 bb_lr=0.000079 head_lr=0.000079
Step 250/407 | loss=0.4778 bb_lr=0.000079 head_lr=0.000079
Step 300/407 | loss=0.4821 bb_lr=0.000079 head_lr=0.000079
Step 350/407 | loss=0.4795 bb_lr=0.000079 head_lr=0.000079
Step 400/407 | loss=0.4816 bb_lr=0.000079 head_lr=0.000079
Timing (first 30 train batches) | data=0.031037s infer=0.127943s
[ TRAIN METRICS ]:
bacc=0.612 macro_f1=0.617
  best : 0(p0.70 r0.72 f0.71) 12(p0.67 r0.69 f0.68) 1(p0.66 r0.68 f0.67) 4(p0.65 r0.66 f0.65) 3(p0.64 r0.65 f0.65)
  worst: 6(p0.50 r0.45 f0.47) 7(p0.55 r0.50 f0.53) 5(p0.60 r0.55 f0.57) 8(p0.59 r0.56 f0.58) 9(p0.62 r0.61 f0.62)
[ VALIDATION METRICS TTA]:
Val dist: {5: 36, 0: 1302, 10: 201, 2: 275, 1: 810, 3: 86, 7: 36, 4: 41, 8: 44, 9: 12, 6: 40, 11: 6, 12: 2}
bacc=0.750 macro_f1=0.707
  best : 0(p0.99 r0.96 f0.97) 1(p0.97 r0.95 f0.96) 4(p0.93 r0.98 f0.95) 3(p0.95 r0.93 f0.94) 10(p0.89 r0.92 f0.91)
  worst: 12(p0.00 r0.00 f0.00) 9(p0.41 r0.58 f0.48) 6(p0.40 r0.72 f0.52) 5(p0.53 r0.58 f0.55) 7(p0.66 r0.53 f0.58)
[CONFUSION] Saved to /home/infres/yrothlin-24/CHAL_IM05/logs/tests/confusion/confusion_val_epoch_027_norm.png
[ RESULTS ] : Epoch 27/60 | train_loss=0.4822 val_loss=0.1881
Step 50/407 | loss=0.4689 bb_lr=0.000073 head_lr=0.000073
Step 100/407 | loss=0.4652 bb_lr=0.000073 head_lr=0.000073
Step 150/407 | loss=0.4726 bb_lr=0.000073 head_lr=0.000073
Step 200/407 | loss=0.4803 bb_lr=0.000073 head_lr=0.000073
Step 250/407 | loss=0.4830 bb_lr=0.000073 head_lr=0.000073
Step 300/407 | loss=0.4766 bb_lr=0.000073 head_lr=0.000073
Step 350/407 | loss=0.4752 bb_lr=0.000073 head_lr=0.000073
Step 400/407 | loss=0.4762 bb_lr=0.000073 head_lr=0.000073
Timing (first 30 train batches) | data=0.028248s infer=0.129716s
[ TRAIN METRICS ]:
bacc=0.602 macro_f1=0.607
  best : 0(p0.69 r0.71 f0.70) 12(p0.66 r0.67 f0.67) 1(p0.65 r0.66 f0.66) 3(p0.63 r0.65 f0.64) 4(p0.63 r0.64 f0.63)
  worst: 6(p0.53 r0.48 f0.50) 7(p0.54 r0.49 f0.51) 8(p0.56 r0.54 f0.55) 5(p0.58 r0.54 f0.56) 10(p0.61 r0.61 f0.61)
[ VALIDATION METRICS TTA]:
Val dist: {5: 36, 0: 1302, 10: 201, 2: 275, 1: 810, 3: 86, 7: 36, 4: 41, 8: 44, 9: 12, 6: 40, 11: 6, 12: 2}
bacc=0.765 macro_f1=0.725
  best : 0(p0.99 r0.96 f0.97) 1(p0.96 r0.97 f0.96) 3(p0.98 r0.94 f0.96) 4(p0.89 r0.98 f0.93) 2(p0.96 r0.89 f0.92)
  worst: 12(p0.00 r0.00 f0.00) 6(p0.38 r0.68 f0.48) 5(p0.71 r0.47 f0.57) 9(p0.46 r0.92 f0.61) 7(p0.58 r0.69 f0.63)
[CONFUSION] Saved to /home/infres/yrothlin-24/CHAL_IM05/logs/tests/confusion/confusion_val_epoch_028_norm.png
[ RESULTS ] : Epoch 28/60 | train_loss=0.4748 val_loss=0.1960
Step 50/407 | loss=0.5030 bb_lr=0.000065 head_lr=0.000065
Step 100/407 | loss=0.4771 bb_lr=0.000065 head_lr=0.000065
Step 150/407 | loss=0.4568 bb_lr=0.000065 head_lr=0.000065
Step 200/407 | loss=0.4431 bb_lr=0.000065 head_lr=0.000065
Step 250/407 | loss=0.4431 bb_lr=0.000065 head_lr=0.000065
Step 300/407 | loss=0.4362 bb_lr=0.000065 head_lr=0.000065
Step 350/407 | loss=0.4356 bb_lr=0.000065 head_lr=0.000065
Step 400/407 | loss=0.4435 bb_lr=0.000065 head_lr=0.000065
Timing (first 30 train batches) | data=0.027130s infer=0.129297s
[ TRAIN METRICS ]:
bacc=0.573 macro_f1=0.577
  best : 0(p0.66 r0.67 f0.67) 1(p0.64 r0.65 f0.64) 4(p0.61 r0.62 f0.61) 3(p0.60 r0.61 f0.60) 10(p0.60 r0.60 f0.60)
  worst: 6(p0.48 r0.44 f0.46) 7(p0.53 r0.49 f0.51) 8(p0.54 r0.53 f0.53) 5(p0.55 r0.53 f0.54) 9(p0.59 r0.56 f0.58)
[ VALIDATION METRICS TTA]:
Val dist: {5: 36, 0: 1302, 10: 201, 2: 275, 1: 810, 3: 86, 7: 36, 4: 41, 8: 44, 9: 12, 6: 40, 11: 6, 12: 2}
bacc=0.762 macro_f1=0.726
  best : 0(p0.99 r0.96 f0.97) 1(p0.97 r0.96 f0.96) 3(p0.96 r0.94 f0.95) 4(p0.93 r0.95 f0.94) 2(p0.93 r0.89 f0.91)
  worst: 12(p0.00 r0.00 f0.00) 6(p0.36 r0.70 f0.48) 5(p0.61 r0.56 f0.58) 9(p0.62 r0.67 f0.64) 7(p0.57 r0.75 f0.65)
[CONFUSION] Saved to /home/infres/yrothlin-24/CHAL_IM05/logs/tests/confusion/confusion_val_epoch_029_norm.png
[ RESULTS ] : Epoch 29/60 | train_loss=0.4420 val_loss=0.2037
Step 50/407 | loss=0.4442 bb_lr=0.000058 head_lr=0.000058
Step 100/407 | loss=0.4449 bb_lr=0.000058 head_lr=0.000058
Step 150/407 | loss=0.4768 bb_lr=0.000058 head_lr=0.000058
Step 200/407 | loss=0.4826 bb_lr=0.000058 head_lr=0.000058
Step 250/407 | loss=0.4894 bb_lr=0.000058 head_lr=0.000058
Step 300/407 | loss=0.4819 bb_lr=0.000058 head_lr=0.000058
Step 350/407 | loss=0.4814 bb_lr=0.000058 head_lr=0.000058
Step 400/407 | loss=0.4712 bb_lr=0.000058 head_lr=0.000058
Timing (first 30 train batches) | data=0.030765s infer=0.128233s
[ TRAIN METRICS ]:
bacc=0.623 macro_f1=0.629
  best : 0(p0.71 r0.74 f0.73) 1(p0.68 r0.69 f0.68) 12(p0.68 r0.67 f0.68) 4(p0.66 r0.67 f0.66) 3(p0.66 r0.67 f0.66)
  worst: 6(p0.53 r0.48 f0.51) 7(p0.59 r0.52 f0.56) 8(p0.57 r0.55 f0.56) 5(p0.62 r0.56 f0.59) 9(p0.63 r0.61 f0.62)
[ VALIDATION METRICS TTA]:
Val dist: {5: 36, 0: 1302, 10: 201, 2: 275, 1: 810, 3: 86, 7: 36, 4: 41, 8: 44, 9: 12, 6: 40, 11: 6, 12: 2}
bacc=0.751 macro_f1=0.735
  best : 0(p0.99 r0.97 f0.98) 1(p0.97 r0.96 f0.96) 3(p0.98 r0.93 f0.95) 4(p0.91 r0.98 f0.94) 10(p0.88 r0.94 f0.91)
  worst: 12(p0.00 r0.00 f0.00) 6(p0.43 r0.70 f0.53) 9(p0.54 r0.58 f0.56) 7(p0.63 r0.61 f0.62) 5(p0.83 r0.53 f0.64)
[TSNE] Saved to /home/infres/yrothlin-24/CHAL_IM05/logs/tests/TSNE/tsne_val_epoch_030.png
[CONFUSION] Saved to /home/infres/yrothlin-24/CHAL_IM05/logs/tests/confusion/confusion_val_epoch_030_norm.png
[ RESULTS ] : Epoch 30/60 | train_loss=0.4713 val_loss=0.1996
Step 50/407 | loss=0.4203 bb_lr=0.000050 head_lr=0.000050
Step 100/407 | loss=0.4648 bb_lr=0.000050 head_lr=0.000050
Step 150/407 | loss=0.4213 bb_lr=0.000050 head_lr=0.000050
Step 200/407 | loss=0.4144 bb_lr=0.000050 head_lr=0.000050
Step 250/407 | loss=0.4130 bb_lr=0.000050 head_lr=0.000050
Step 300/407 | loss=0.4121 bb_lr=0.000050 head_lr=0.000050
Step 350/407 | loss=0.4197 bb_lr=0.000050 head_lr=0.000050
Step 400/407 | loss=0.4218 bb_lr=0.000050 head_lr=0.000050
Timing (first 30 train batches) | data=0.031104s infer=0.128959s
[ TRAIN METRICS ]:
bacc=0.578 macro_f1=0.583
  best : 0(p0.68 r0.70 f0.69) 1(p0.64 r0.65 f0.65) 3(p0.61 r0.62 f0.62) 2(p0.61 r0.61 f0.61) 4(p0.60 r0.61 f0.60)
  worst: 6(p0.51 r0.47 f0.49) 7(p0.55 r0.50 f0.53) 8(p0.55 r0.54 f0.55) 11(p0.56 r0.55 f0.56) 5(p0.58 r0.54 f0.56)
[ VALIDATION METRICS TTA]:
Val dist: {5: 36, 0: 1302, 10: 201, 2: 275, 1: 810, 3: 86, 7: 36, 4: 41, 8: 44, 9: 12, 6: 40, 11: 6, 12: 2}
bacc=0.753 macro_f1=0.736
  best : 0(p0.98 r0.97 f0.98) 1(p0.97 r0.95 f0.96) 3(p0.98 r0.93 f0.95) 4(p0.91 r0.98 f0.94) 2(p0.91 r0.90 f0.90)
  worst: 12(p0.00 r0.00 f0.00) 6(p0.48 r0.65 f0.55) 9(p0.50 r0.67 f0.57) 5(p0.72 r0.50 f0.59) 7(p0.61 r0.69 f0.65)
[CONFUSION] Saved to /home/infres/yrothlin-24/CHAL_IM05/logs/tests/confusion/confusion_val_epoch_031_norm.png
[ RESULTS ] : Epoch 31/60 | train_loss=0.4218 val_loss=0.2043
Step 50/407 | loss=0.4202 bb_lr=0.000042 head_lr=0.000042
Step 100/407 | loss=0.4422 bb_lr=0.000042 head_lr=0.000042
Step 150/407 | loss=0.4396 bb_lr=0.000042 head_lr=0.000042
Step 200/407 | loss=0.4290 bb_lr=0.000042 head_lr=0.000042
Step 250/407 | loss=0.4308 bb_lr=0.000042 head_lr=0.000042
Step 300/407 | loss=0.4274 bb_lr=0.000042 head_lr=0.000042
Step 350/407 | loss=0.4289 bb_lr=0.000042 head_lr=0.000042
Step 400/407 | loss=0.4330 bb_lr=0.000042 head_lr=0.000042
Timing (first 30 train batches) | data=0.026266s infer=0.129050s
[ TRAIN METRICS ]:
bacc=0.582 macro_f1=0.586
  best : 0(p0.68 r0.70 f0.69) 1(p0.64 r0.65 f0.65) 4(p0.61 r0.62 f0.62) 3(p0.60 r0.62 f0.61) 2(p0.60 r0.60 f0.60)
  worst: 6(p0.54 r0.50 f0.52) 7(p0.55 r0.51 f0.53) 11(p0.54 r0.55 f0.55) 8(p0.55 r0.54 f0.55) 12(p0.56 r0.55 f0.56)
[ VALIDATION METRICS TTA]:
Val dist: {5: 36, 0: 1302, 10: 201, 2: 275, 1: 810, 3: 86, 7: 36, 4: 41, 8: 44, 9: 12, 6: 40, 11: 6, 12: 2}
bacc=0.744 macro_f1=0.733
  best : 0(p0.98 r0.98 f0.98) 1(p0.95 r0.97 f0.96) 3(p0.96 r0.93 f0.95) 4(p0.91 r0.95 f0.93) 2(p0.95 r0.88 f0.92)
  worst: 12(p0.00 r0.00 f0.00) 5(p0.62 r0.42 f0.50) 6(p0.51 r0.60 f0.55) 9(p0.53 r0.67 f0.59) 7(p0.60 r0.75 f0.67)
[CONFUSION] Saved to /home/infres/yrothlin-24/CHAL_IM05/logs/tests/confusion/confusion_val_epoch_032_norm.png
[ RESULTS ] : Epoch 32/60 | train_loss=0.4328 val_loss=0.2089
Step 50/407 | loss=0.4177 bb_lr=0.000035 head_lr=0.000035
Step 100/407 | loss=0.4258 bb_lr=0.000035 head_lr=0.000035
Step 150/407 | loss=0.4091 bb_lr=0.000035 head_lr=0.000035
Step 200/407 | loss=0.4008 bb_lr=0.000035 head_lr=0.000035
Step 250/407 | loss=0.4102 bb_lr=0.000035 head_lr=0.000035
Step 300/407 | loss=0.4077 bb_lr=0.000035 head_lr=0.000035
Step 350/407 | loss=0.4075 bb_lr=0.000035 head_lr=0.000035
Step 400/407 | loss=0.4068 bb_lr=0.000035 head_lr=0.000035
Timing (first 30 train batches) | data=0.029727s infer=0.128231s
[ TRAIN METRICS ]:
bacc=0.586 macro_f1=0.590
  best : 0(p0.67 r0.69 f0.68) 1(p0.64 r0.65 f0.65) 2(p0.62 r0.62 f0.62) 3(p0.61 r0.62 f0.61) 11(p0.61 r0.62 f0.61)
  worst: 6(p0.53 r0.50 f0.51) 7(p0.54 r0.51 f0.53) 5(p0.56 r0.52 f0.54) 8(p0.55 r0.53 f0.54) 9(p0.59 r0.56 f0.57)
[ VALIDATION METRICS TTA]:
Val dist: {5: 36, 0: 1302, 10: 201, 2: 275, 1: 810, 3: 86, 7: 36, 4: 41, 8: 44, 9: 12, 6: 40, 11: 6, 12: 2}
bacc=0.744 macro_f1=0.725
  best : 0(p0.99 r0.97 f0.98) 1(p0.96 r0.97 f0.96) 3(p0.96 r0.94 f0.95) 2(p0.95 r0.89 f0.92) 10(p0.91 r0.93 f0.92)
  worst: 12(p0.00 r0.00 f0.00) 9(p0.47 r0.58 f0.52) 5(p0.63 r0.47 f0.54) 6(p0.45 r0.68 f0.54) 7(p0.66 r0.64 f0.65)
[CONFUSION] Saved to /home/infres/yrothlin-24/CHAL_IM05/logs/tests/confusion/confusion_val_epoch_033_norm.png
[ RESULTS ] : Epoch 33/60 | train_loss=0.4064 val_loss=0.2106
Step 50/407 | loss=0.4346 bb_lr=0.000027 head_lr=0.000027
Step 100/407 | loss=0.4277 bb_lr=0.000027 head_lr=0.000027
Step 150/407 | loss=0.4164 bb_lr=0.000027 head_lr=0.000027
Step 200/407 | loss=0.4187 bb_lr=0.000027 head_lr=0.000027
Step 250/407 | loss=0.4249 bb_lr=0.000027 head_lr=0.000027
Step 300/407 | loss=0.4254 bb_lr=0.000027 head_lr=0.000027
Step 350/407 | loss=0.4266 bb_lr=0.000027 head_lr=0.000027
Step 400/407 | loss=0.4243 bb_lr=0.000027 head_lr=0.000027
Timing (first 30 train batches) | data=0.030575s infer=0.128776s
[ TRAIN METRICS ]:
bacc=0.564 macro_f1=0.568
  best : 0(p0.66 r0.68 f0.67) 1(p0.63 r0.64 f0.63) 12(p0.61 r0.62 f0.61) 2(p0.59 r0.59 f0.59) 3(p0.58 r0.59 f0.59)
  worst: 7(p0.51 r0.46 f0.49) 6(p0.51 r0.47 f0.49) 8(p0.53 r0.50 f0.52) 5(p0.54 r0.51 f0.52) 9(p0.56 r0.55 f0.55)
[ VALIDATION METRICS TTA]:
Val dist: {5: 36, 0: 1302, 10: 201, 2: 275, 1: 810, 3: 86, 7: 36, 4: 41, 8: 44, 9: 12, 6: 40, 11: 6, 12: 2}
bacc=0.747 macro_f1=0.740
  best : 0(p0.98 r0.98 f0.98) 1(p0.96 r0.97 f0.96) 3(p0.96 r0.93 f0.95) 4(p0.93 r0.95 f0.94) 2(p0.94 r0.91 f0.92)
  worst: 12(p0.00 r0.00 f0.00) 6(p0.47 r0.70 f0.57) 5(p0.69 r0.50 f0.58) 9(p0.64 r0.58 f0.61) 7(p0.81 r0.61 f0.70)
[CONFUSION] Saved to /home/infres/yrothlin-24/CHAL_IM05/logs/tests/confusion/confusion_val_epoch_034_norm.png
[ RESULTS ] : Epoch 34/60 | train_loss=0.4253 val_loss=0.1997
Step 50/407 | loss=0.4843 bb_lr=0.000021 head_lr=0.000021
Step 100/407 | loss=0.4446 bb_lr=0.000021 head_lr=0.000021
Step 150/407 | loss=0.4135 bb_lr=0.000021 head_lr=0.000021
Step 200/407 | loss=0.4206 bb_lr=0.000021 head_lr=0.000021
Step 250/407 | loss=0.4062 bb_lr=0.000021 head_lr=0.000021
Step 300/407 | loss=0.4066 bb_lr=0.000021 head_lr=0.000021
Step 350/407 | loss=0.4032 bb_lr=0.000021 head_lr=0.000021
Step 400/407 | loss=0.4003 bb_lr=0.000021 head_lr=0.000021
Timing (first 30 train batches) | data=0.030354s infer=0.129364s
[ TRAIN METRICS ]:
bacc=0.614 macro_f1=0.618
  best : 0(p0.70 r0.71 f0.71) 1(p0.67 r0.68 f0.67) 3(p0.65 r0.66 f0.66) 2(p0.65 r0.65 f0.65) 10(p0.63 r0.64 f0.64)
  worst: 6(p0.54 r0.52 f0.53) 7(p0.55 r0.51 f0.53) 8(p0.58 r0.56 f0.57) 5(p0.60 r0.58 f0.59) 9(p0.61 r0.60 f0.60)
[ VALIDATION METRICS TTA]:
Val dist: {5: 36, 0: 1302, 10: 201, 2: 275, 1: 810, 3: 86, 7: 36, 4: 41, 8: 44, 9: 12, 6: 40, 11: 6, 12: 2}
bacc=0.761 macro_f1=0.755
  best : 0(p0.98 r0.98 f0.98) 1(p0.97 r0.97 f0.97) 3(p0.98 r0.94 f0.96) 4(p0.91 r0.95 f0.93) 2(p0.94 r0.89 f0.91)
  worst: 12(p0.00 r0.00 f0.00) 6(p0.55 r0.68 f0.61) 5(p0.76 r0.53 f0.62) 9(p0.62 r0.67 f0.64) 7(p0.67 r0.72 f0.69)
[TSNE] Saved to /home/infres/yrothlin-24/CHAL_IM05/logs/tests/TSNE/tsne_val_epoch_035.png
[CONFUSION] Saved to /home/infres/yrothlin-24/CHAL_IM05/logs/tests/confusion/confusion_val_epoch_035_norm.png
[ RESULTS ] : Epoch 35/60 | train_loss=0.4002 val_loss=0.2078
Step 50/407 | loss=0.3993 bb_lr=0.000015 head_lr=0.000015
Step 100/407 | loss=0.4163 bb_lr=0.000015 head_lr=0.000015
Step 150/407 | loss=0.4317 bb_lr=0.000015 head_lr=0.000015
Step 200/407 | loss=0.4276 bb_lr=0.000015 head_lr=0.000015
Step 250/407 | loss=0.4418 bb_lr=0.000015 head_lr=0.000015
Step 300/407 | loss=0.4384 bb_lr=0.000015 head_lr=0.000015
Step 350/407 | loss=0.4294 bb_lr=0.000015 head_lr=0.000015
Step 400/407 | loss=0.4269 bb_lr=0.000015 head_lr=0.000015
Timing (first 30 train batches) | data=0.027935s infer=0.127549s
[ TRAIN METRICS ]:
bacc=0.588 macro_f1=0.592
  best : 0(p0.67 r0.68 f0.67) 1(p0.63 r0.65 f0.64) 11(p0.63 r0.64 f0.64) 12(p0.62 r0.64 f0.63) 4(p0.61 r0.62 f0.61)
  worst: 6(p0.49 r0.46 f0.47) 7(p0.56 r0.51 f0.53) 8(p0.57 r0.53 f0.55) 5(p0.59 r0.53 f0.56) 9(p0.60 r0.57 f0.58)
[ VALIDATION METRICS TTA]:
Val dist: {5: 36, 0: 1302, 10: 201, 2: 275, 1: 810, 3: 86, 7: 36, 4: 41, 8: 44, 9: 12, 6: 40, 11: 6, 12: 2}
bacc=0.760 macro_f1=0.734
  best : 0(p0.99 r0.97 f0.98) 1(p0.97 r0.96 f0.96) 3(p0.96 r0.94 f0.95) 4(p0.91 r0.95 f0.93) 2(p0.94 r0.89 f0.92)
  worst: 12(p0.00 r0.00 f0.00) 6(p0.41 r0.72 f0.52) 5(p0.74 r0.47 f0.58) 9(p0.53 r0.75 f0.62) 7(p0.65 r0.67 f0.66)
[CONFUSION] Saved to /home/infres/yrothlin-24/CHAL_IM05/logs/tests/confusion/confusion_val_epoch_036_norm.png
[ RESULTS ] : Epoch 36/60 | train_loss=0.4240 val_loss=0.2222
Step 50/407 | loss=0.3981 bb_lr=0.000010 head_lr=0.000010
Step 100/407 | loss=0.4319 bb_lr=0.000010 head_lr=0.000010
Step 150/407 | loss=0.4164 bb_lr=0.000010 head_lr=0.000010
Step 200/407 | loss=0.4093 bb_lr=0.000010 head_lr=0.000010
Step 250/407 | loss=0.4064 bb_lr=0.000010 head_lr=0.000010
Step 300/407 | loss=0.4080 bb_lr=0.000010 head_lr=0.000010
Step 350/407 | loss=0.3994 bb_lr=0.000010 head_lr=0.000010
Step 400/407 | loss=0.3971 bb_lr=0.000010 head_lr=0.000010
Timing (first 30 train batches) | data=0.028875s infer=0.129676s
[ TRAIN METRICS ]:
bacc=0.638 macro_f1=0.639
  best : 0(p0.70 r0.71 f0.71) 1(p0.68 r0.69 f0.68) 9(p0.68 r0.67 f0.68) 2(p0.66 r0.66 f0.66) 11(p0.65 r0.66 f0.65)
  worst: 6(p0.55 r0.52 f0.54) 7(p0.59 r0.56 f0.58) 8(p0.62 r0.60 f0.61) 5(p0.64 r0.62 f0.63) 4(p0.63 r0.65 f0.64)
[ VALIDATION METRICS TTA]:
Val dist: {5: 36, 0: 1302, 10: 201, 2: 275, 1: 810, 3: 86, 7: 36, 4: 41, 8: 44, 9: 12, 6: 40, 11: 6, 12: 2}
bacc=0.741 macro_f1=0.731
  best : 0(p0.98 r0.98 f0.98) 1(p0.96 r0.96 f0.96) 3(p0.96 r0.93 f0.95) 4(p0.91 r0.95 f0.93) 2(p0.93 r0.89 f0.91)
  worst: 12(p0.00 r0.00 f0.00) 9(p0.50 r0.67 f0.57) 6(p0.50 r0.68 f0.57) 5(p0.78 r0.50 f0.61) 7(p0.66 r0.58 f0.62)
[CONFUSION] Saved to /home/infres/yrothlin-24/CHAL_IM05/logs/tests/confusion/confusion_val_epoch_037_norm.png
[ RESULTS ] : Epoch 37/60 | train_loss=0.3947 val_loss=0.2094
Step 50/407 | loss=0.4033 bb_lr=0.000005 head_lr=0.000005
Step 100/407 | loss=0.3845 bb_lr=0.000005 head_lr=0.000005
Step 150/407 | loss=0.3956 bb_lr=0.000005 head_lr=0.000005
Step 200/407 | loss=0.3872 bb_lr=0.000005 head_lr=0.000005
Step 250/407 | loss=0.3859 bb_lr=0.000005 head_lr=0.000005
Step 300/407 | loss=0.3904 bb_lr=0.000005 head_lr=0.000005
Step 350/407 | loss=0.3820 bb_lr=0.000005 head_lr=0.000005
Step 400/407 | loss=0.3803 bb_lr=0.000005 head_lr=0.000005
Timing (first 30 train batches) | data=0.031523s infer=0.127581s
[ TRAIN METRICS ]:
bacc=0.615 macro_f1=0.618
  best : 0(p0.70 r0.71 f0.70) 1(p0.66 r0.66 f0.66) 3(p0.65 r0.66 f0.66) 11(p0.64 r0.65 f0.65) 2(p0.64 r0.64 f0.64)
  worst: 6(p0.57 r0.54 f0.55) 7(p0.58 r0.54 f0.56) 8(p0.58 r0.56 f0.57) 5(p0.61 r0.59 f0.60) 12(p0.60 r0.60 f0.60)
[ VALIDATION METRICS TTA]:
Val dist: {5: 36, 0: 1302, 10: 201, 2: 275, 1: 810, 3: 86, 7: 36, 4: 41, 8: 44, 9: 12, 6: 40, 11: 6, 12: 2}
bacc=0.739 macro_f1=0.731
  best : 0(p0.98 r0.98 f0.98) 1(p0.95 r0.97 f0.96) 3(p0.96 r0.93 f0.95) 4(p0.91 r0.95 f0.93) 2(p0.94 r0.89 f0.91)
  worst: 12(p0.00 r0.00 f0.00) 5(p0.68 r0.42 f0.52) 9(p0.50 r0.67 f0.57) 6(p0.51 r0.68 f0.58) 7(p0.62 r0.64 f0.63)
[CONFUSION] Saved to /home/infres/yrothlin-24/CHAL_IM05/logs/tests/confusion/confusion_val_epoch_038_norm.png
[ RESULTS ] : Epoch 38/60 | train_loss=0.3796 val_loss=0.2097
Step 50/407 | loss=0.3765 bb_lr=0.000002 head_lr=0.000002
Step 100/407 | loss=0.3700 bb_lr=0.000002 head_lr=0.000002
Step 150/407 | loss=0.3760 bb_lr=0.000002 head_lr=0.000002
Step 200/407 | loss=0.3748 bb_lr=0.000002 head_lr=0.000002
Step 250/407 | loss=0.3903 bb_lr=0.000002 head_lr=0.000002
Step 300/407 | loss=0.4051 bb_lr=0.000002 head_lr=0.000002
Step 350/407 | loss=0.4089 bb_lr=0.000002 head_lr=0.000002
Step 400/407 | loss=0.4072 bb_lr=0.000002 head_lr=0.000002
Timing (first 30 train batches) | data=0.028916s infer=0.129006s
[ TRAIN METRICS ]:
bacc=0.626 macro_f1=0.630
  best : 0(p0.70 r0.72 f0.71) 1(p0.67 r0.68 f0.68) 12(p0.67 r0.68 f0.67) 11(p0.68 r0.67 f0.67) 3(p0.65 r0.65 f0.65)
  worst: 6(p0.54 r0.48 f0.51) 7(p0.59 r0.56 f0.57) 8(p0.60 r0.56 f0.58) 5(p0.60 r0.58 f0.59) 9(p0.64 r0.63 f0.63)
[ VALIDATION METRICS TTA]:
Val dist: {5: 36, 0: 1302, 10: 201, 2: 275, 1: 810, 3: 86, 7: 36, 4: 41, 8: 44, 9: 12, 6: 40, 11: 6, 12: 2}
bacc=0.748 macro_f1=0.734
  best : 0(p0.98 r0.97 f0.98) 1(p0.96 r0.97 f0.96) 3(p0.96 r0.93 f0.95) 4(p0.91 r0.95 f0.93) 2(p0.94 r0.89 f0.92)
  worst: 12(p0.00 r0.00 f0.00) 6(p0.46 r0.65 f0.54) 5(p0.72 r0.50 f0.59) 9(p0.53 r0.67 f0.59) 7(p0.71 r0.67 f0.69)
[CONFUSION] Saved to /home/infres/yrothlin-24/CHAL_IM05/logs/tests/confusion/confusion_val_epoch_039_norm.png
[ RESULTS ] : Epoch 39/60 | train_loss=0.4073 val_loss=0.2112
