--------------------------------------------------------------------------------
BACKBONE: CONVNEXT_TINY
MODE: training
DEVICE: cuda
--------------------------------------------------------------------------------
--------------------------------------------------------------------------------
MODEL INFORMATIONS
Backbone         : CONVNEXT_TINY
Feature dim      : 768
Backbone params  : 27,818,592
Head params      : 371,725
Total params     : 28,190,317
Trainable params : 28,190,317
Frozen backbone  : False
--------------------------------------------------------------------------------
[DATALOADER]: Using grouped single split
[DATALOADER] Train distribution: [11713, 7291, 2471, 775, 373, 329, 352, 324, 397, 103, 1811, 61, 10]
[DATALOADER] Val distribution  : [1302, 810, 275, 86, 42, 37, 39, 36, 44, 11, 201, 7, 1]
[DATALOADER]: Using weighted sampling
[DATALOADER]: Using TTA
Successfully loaded data with sizes: train=26010, val=2891, test=N/A
Validation set distribution: {0: 1302, 1: 810, 2: 275, 3: 86, 4: 42, 5: 37, 6: 39, 7: 36, 8: 44, 9: 11, 10: 201, 11: 7, 12: 1}
Trainer config: {'save_ckpt': True, 'ckpt_dir': '/home/infres/yrothlin-24/CHAL_IM05/checkpoints/tests', 'ckpt_every': 1, 'resume_from': '/home/infres/yrothlin-24/CHAL_IM05/checkpoints/tests/best.pt', 'resume': True, 'resume_from_pretrained': '/home/infres/yrothlin-24/CHAL_IM05/checkpoints/contrastive_pretraining/best.pt', 'resume_pretrained': False, 'monitor': 'macro_f1', 'early_stopping': True, 'early_stopping_patience': 10, 'early_stopping_mode': 'max', 'use_mixup': True, 'mixup_alpha': 0.2, 'use_cutmix': True, 'cutmix_alpha': 1.0, 'cutmix_prob': 0.5, 'loss': 'focal', 'gamma': 2.0, 'bb_lr': 0.0003, 'head_lr': 0.0003, 'finetune_bb_lr': 0.0001, 'finetune_head_lr': 0.0001, 'weight_decay': 0.0001, 'num_epochs': 60, 'warmup_epochs': 0, 'optimizer': 'adamw', 'scheduler': 'cosine_restarts', 'use_amp': False, 'grad_clip': 1.0, 'log_step': 50, 'tta_rounds': 4, 'label_smoothing': 0.05, 'use_weights': False, 'weights': [0.131885, 0.167166, 0.287122, 0.512761, 0.738572, 0.786459, 0.760902, 0.792986, 0.716469, 1.409173, 0.335431, 1.824578, 4.536496], 'plot_tsne': True, 'tsne_split': 'val', 'tsne_every': 5, 'tsne_max_samples': 1000, 'tsne_perplexity': 30.0, 'tsne_dir': '/home/infres/yrothlin-24/CHAL_IM05/logs/tests/TSNE', 'plot_confusion': True, 'confusion_split': 'val', 'confusion_every': 5, 'confusion_normalize': True, 'confusion_dir': '/home/infres/yrothlin-24/CHAL_IM05/logs/tests/confusion', 'class_names': ['SNE', 'LY', 'MO', 'EO', 'BA', 'VLY', 'BNE', 'MMY', 'MY', 'PMY', 'BL', 'PC', 'PLY']}
MODE EVALUATION : False
Using TTA with : 4 rounds
Early stopping enabled with patience=10 and mode=max
TSNE will be plotted every 5 epochs and saved to: /home/infres/yrothlin-24/CHAL_IM05/logs/tests/TSNE
Confusion matrices will be plotted every 5 epochs and saved to: /home/infres/yrothlin-24/CHAL_IM05/logs/tests/confusion
Backbone frozen at epoch 1. Trainable parameters: 371725
Backbone unfrozen at epoch 1. Trainable parameters: 28190317
Step 50/407 | loss=1.8960 bb_lr=0.000100 head_lr=0.000100
Step 100/407 | loss=1.7367 bb_lr=0.000100 head_lr=0.000100
Step 150/407 | loss=1.6150 bb_lr=0.000100 head_lr=0.000100
Step 200/407 | loss=1.5486 bb_lr=0.000100 head_lr=0.000100
Step 250/407 | loss=1.4834 bb_lr=0.000100 head_lr=0.000100
Step 300/407 | loss=1.4393 bb_lr=0.000100 head_lr=0.000100
Step 350/407 | loss=1.3863 bb_lr=0.000100 head_lr=0.000100
Step 400/407 | loss=1.3519 bb_lr=0.000100 head_lr=0.000100
Timing (first 30 train batches) | data=0.024131s infer=0.069607s
[ TRAIN METRICS ]:
bacc=0.203 macro_f1=0.202
  best : 0(p0.46 r0.71 f0.56) 1(p0.39 r0.57 f0.47) 2(p0.34 r0.41 f0.37) 10(p0.37 r0.35 f0.36) 4(p0.45 r0.25 f0.33)
  worst: 12(p0.00 r0.00 f0.00) 11(p0.38 r0.01 f0.01) 5(p0.16 r0.01 f0.02) 6(p0.09 r0.02 f0.03) 7(p0.21 r0.04 f0.07)
[ VALIDATION METRICS TTA]:
Val dist: {0: 1302, 1: 810, 10: 201, 2: 275, 7: 36, 6: 39, 5: 37, 3: 86, 8: 44, 4: 42, 11: 7, 9: 11, 12: 1}
bacc=0.513 macro_f1=0.527
  best : 0(p0.97 r0.94 f0.95) 1(p0.91 r0.97 f0.94) 4(p0.93 r0.88 f0.90) 2(p0.85 r0.90 f0.87) 10(p0.90 r0.74 f0.81)
  worst: 12(p0.00 r0.00 f0.00) 9(p0.50 r0.09 f0.15) 11(p1.00 r0.14 f0.25) 6(p0.26 r0.26 f0.26) 5(p0.44 r0.19 f0.26)
[TSNE] Saved to /home/infres/yrothlin-24/CHAL_IM05/logs/tests/TSNE/tsne_val_epoch_001.png
[CONFUSION] Saved to /home/infres/yrothlin-24/CHAL_IM05/logs/tests/confusion/confusion_val_epoch_001_norm.png
[ RESULTS ] : Epoch 1/60 | train_loss=1.3461 val_loss=0.2892
New best macro_f1: 0.5267 at epoch 1.
Saving best checkpoint.
Checkpoint saved: /home/infres/yrothlin-24/CHAL_IM05/checkpoints/tests/best.pt
Step 50/407 | loss=0.9618 bb_lr=0.000099 head_lr=0.000099
Step 100/407 | loss=0.9431 bb_lr=0.000099 head_lr=0.000099
Step 150/407 | loss=0.9088 bb_lr=0.000099 head_lr=0.000099
Step 200/407 | loss=0.9253 bb_lr=0.000099 head_lr=0.000099
Step 250/407 | loss=0.9416 bb_lr=0.000099 head_lr=0.000099
Step 300/407 | loss=0.9387 bb_lr=0.000099 head_lr=0.000099
Step 350/407 | loss=0.9223 bb_lr=0.000099 head_lr=0.000099
Step 400/407 | loss=0.9258 bb_lr=0.000099 head_lr=0.000099
Timing (first 30 train batches) | data=0.023464s infer=0.062444s
[ TRAIN METRICS ]:
bacc=0.336 macro_f1=0.346
  best : 0(p0.58 r0.67 f0.62) 1(p0.53 r0.62 f0.57) 4(p0.52 r0.50 f0.51) 10(p0.50 r0.50 f0.50) 2(p0.45 r0.51 f0.48)
  worst: 12(p0.00 r0.00 f0.00) 6(p0.23 r0.10 f0.14) 7(p0.28 r0.18 f0.22) 11(p0.37 r0.16 f0.22) 5(p0.30 r0.19 f0.23)
[ VALIDATION METRICS TTA]:
Val dist: {0: 1302, 1: 810, 10: 201, 2: 275, 7: 36, 6: 39, 5: 37, 3: 86, 8: 44, 4: 42, 11: 7, 9: 11, 12: 1}
bacc=0.604 macro_f1=0.610
  best : 0(p0.97 r0.95 f0.96) 1(p0.92 r0.95 f0.93) 3(p0.91 r0.87 f0.89) 4(p0.97 r0.81 f0.88) 2(p0.83 r0.93 f0.87)
  worst: 12(p0.00 r0.00 f0.00) 6(p0.25 r0.44 f0.32) 7(p0.43 r0.36 f0.39) 9(p0.38 r0.45 f0.42) 5(p0.39 r0.51 f0.44)
[ RESULTS ] : Epoch 2/60 | train_loss=0.9243 val_loss=0.2318
New best macro_f1: 0.6096 at epoch 2.
Saving best checkpoint.
Checkpoint saved: /home/infres/yrothlin-24/CHAL_IM05/checkpoints/tests/best.pt
Step 50/407 | loss=0.8934 bb_lr=0.000098 head_lr=0.000098
Step 100/407 | loss=0.8455 bb_lr=0.000098 head_lr=0.000098
Step 150/407 | loss=0.8325 bb_lr=0.000098 head_lr=0.000098
Step 200/407 | loss=0.8206 bb_lr=0.000098 head_lr=0.000098
Step 250/407 | loss=0.8160 bb_lr=0.000098 head_lr=0.000098
Step 300/407 | loss=0.8233 bb_lr=0.000098 head_lr=0.000098
Step 350/407 | loss=0.8160 bb_lr=0.000098 head_lr=0.000098
Step 400/407 | loss=0.8194 bb_lr=0.000098 head_lr=0.000098
Timing (first 30 train batches) | data=0.023055s infer=0.063340s
[ TRAIN METRICS ]:
bacc=0.402 macro_f1=0.416
  best : 0(p0.63 r0.69 f0.66) 1(p0.57 r0.64 f0.60) 4(p0.55 r0.55 f0.55) 3(p0.54 r0.54 f0.54) 2(p0.51 r0.55 f0.53)
  worst: 12(p0.42 r0.04 f0.08) 6(p0.32 r0.20 f0.25) 7(p0.32 r0.25 f0.28) 5(p0.38 r0.27 f0.31) 9(p0.37 r0.29 f0.33)
[ VALIDATION METRICS TTA]:
Val dist: {0: 1302, 1: 810, 10: 201, 2: 275, 7: 36, 6: 39, 5: 37, 3: 86, 8: 44, 4: 42, 11: 7, 9: 11, 12: 1}
bacc=0.721 macro_f1=0.702
  best : 12(p1.00 r1.00 f1.00) 0(p0.98 r0.96 f0.97) 3(p0.93 r0.97 f0.95) 1(p0.95 r0.91 f0.93) 4(p0.91 r0.93 f0.92)
  worst: 6(p0.32 r0.41 f0.36) 9(p0.33 r0.55 f0.41) 7(p0.42 r0.42 f0.42) 11(p0.43 r0.43 f0.43) 5(p0.52 r0.43 f0.47)
[ RESULTS ] : Epoch 3/60 | train_loss=0.8204 val_loss=0.2172
New best macro_f1: 0.7016 at epoch 3.
Saving best checkpoint.
Checkpoint saved: /home/infres/yrothlin-24/CHAL_IM05/checkpoints/tests/best.pt
Step 50/407 | loss=0.7058 bb_lr=0.000095 head_lr=0.000095
Step 100/407 | loss=0.7272 bb_lr=0.000095 head_lr=0.000095
Step 150/407 | loss=0.7575 bb_lr=0.000095 head_lr=0.000095
Step 200/407 | loss=0.7403 bb_lr=0.000095 head_lr=0.000095
Step 250/407 | loss=0.7449 bb_lr=0.000095 head_lr=0.000095
Step 300/407 | loss=0.7329 bb_lr=0.000095 head_lr=0.000095
Step 350/407 | loss=0.7408 bb_lr=0.000095 head_lr=0.000095
Step 400/407 | loss=0.7397 bb_lr=0.000095 head_lr=0.000095
Timing (first 30 train batches) | data=0.033503s infer=0.063338s
[ TRAIN METRICS ]:
bacc=0.469 macro_f1=0.488
  best : 0(p0.66 r0.71 f0.68) 1(p0.60 r0.65 f0.62) 3(p0.60 r0.61 f0.60) 4(p0.59 r0.59 f0.59) 2(p0.54 r0.58 f0.56)
  worst: 7(p0.36 r0.27 f0.31) 6(p0.37 r0.27 f0.31) 9(p0.41 r0.34 f0.37) 5(p0.46 r0.34 f0.39) 8(p0.43 r0.40 f0.42)
[ VALIDATION METRICS TTA]:
Val dist: {0: 1302, 1: 810, 10: 201, 2: 275, 7: 36, 6: 39, 5: 37, 3: 86, 8: 44, 4: 42, 11: 7, 9: 11, 12: 1}
bacc=0.721 macro_f1=0.623
  best : 0(p0.97 r0.98 f0.97) 3(p0.95 r0.95 f0.95) 1(p0.96 r0.92 f0.94) 4(p0.91 r0.95 f0.93) 2(p0.94 r0.83 f0.88)
  worst: 12(p0.05 r1.00 f0.10) 6(p0.21 r0.18 f0.19) 11(p0.19 r0.43 f0.26) 5(p0.45 r0.49 f0.47) 9(p0.38 r0.73 f0.50)
[ RESULTS ] : Epoch 4/60 | train_loss=0.7376 val_loss=0.2090
No improvement on macro_f1. Early stopping counter: 1/10
Step 50/407 | loss=0.7216 bb_lr=0.000090 head_lr=0.000090
Step 100/407 | loss=0.7305 bb_lr=0.000090 head_lr=0.000090
Step 150/407 | loss=0.7611 bb_lr=0.000090 head_lr=0.000090
Step 200/407 | loss=0.7624 bb_lr=0.000090 head_lr=0.000090
Step 250/407 | loss=0.7580 bb_lr=0.000090 head_lr=0.000090
Step 300/407 | loss=0.7467 bb_lr=0.000090 head_lr=0.000090
Step 350/407 | loss=0.7342 bb_lr=0.000090 head_lr=0.000090
Step 400/407 | loss=0.7313 bb_lr=0.000090 head_lr=0.000090
Timing (first 30 train batches) | data=0.043301s infer=0.062960s
[ TRAIN METRICS ]:
bacc=0.442 macro_f1=0.459
  best : 0(p0.61 r0.66 f0.63) 1(p0.56 r0.61 f0.58) 3(p0.55 r0.55 f0.55) 2(p0.53 r0.57 f0.55) 4(p0.54 r0.54 f0.54)
  worst: 6(p0.36 r0.27 f0.31) 7(p0.37 r0.27 f0.31) 8(p0.37 r0.33 f0.35) 9(p0.40 r0.34 f0.37) 5(p0.46 r0.32 f0.38)
[ VALIDATION METRICS TTA]:
Val dist: {0: 1302, 1: 810, 10: 201, 2: 275, 7: 36, 6: 39, 5: 37, 3: 86, 8: 44, 4: 42, 11: 7, 9: 11, 12: 1}
bacc=0.774 macro_f1=0.622
  best : 3(p0.96 r0.99 f0.97) 0(p1.00 r0.92 f0.96) 1(p0.97 r0.88 f0.92) 4(p0.86 r0.90 f0.88) 10(p0.90 r0.86 f0.88)
  worst: 12(p0.07 r1.00 f0.13) 11(p0.13 r0.43 f0.20) 9(p0.23 r0.73 f0.35) 6(p0.25 r0.82 f0.38) 7(p0.52 r0.42 f0.46)
[TSNE] Saved to /home/infres/yrothlin-24/CHAL_IM05/logs/tests/TSNE/tsne_val_epoch_005.png
[CONFUSION] Saved to /home/infres/yrothlin-24/CHAL_IM05/logs/tests/confusion/confusion_val_epoch_005_norm.png
[ RESULTS ] : Epoch 5/60 | train_loss=0.7307 val_loss=0.2421
No improvement on macro_f1. Early stopping counter: 2/10
Step 50/407 | loss=0.7428 bb_lr=0.000085 head_lr=0.000085
Step 100/407 | loss=0.7513 bb_lr=0.000085 head_lr=0.000085
Step 150/407 | loss=0.7287 bb_lr=0.000085 head_lr=0.000085
Step 200/407 | loss=0.7046 bb_lr=0.000085 head_lr=0.000085
Step 250/407 | loss=0.7022 bb_lr=0.000085 head_lr=0.000085
Step 300/407 | loss=0.6892 bb_lr=0.000085 head_lr=0.000085
Step 350/407 | loss=0.6811 bb_lr=0.000085 head_lr=0.000085
Step 400/407 | loss=0.6762 bb_lr=0.000085 head_lr=0.000085
Timing (first 30 train batches) | data=0.048745s infer=0.063209s
[ TRAIN METRICS ]:
bacc=0.456 macro_f1=0.469
  best : 0(p0.63 r0.67 f0.65) 1(p0.56 r0.60 f0.58) 3(p0.56 r0.56 f0.56) 4(p0.54 r0.54 f0.54) 2(p0.52 r0.54 f0.53)
  worst: 6(p0.33 r0.23 f0.27) 7(p0.36 r0.27 f0.31) 5(p0.46 r0.36 f0.40) 8(p0.43 r0.40 f0.41) 12(p0.47 r0.39 f0.43)
[ VALIDATION METRICS TTA]:
Val dist: {0: 1302, 1: 810, 10: 201, 2: 275, 7: 36, 6: 39, 5: 37, 3: 86, 8: 44, 4: 42, 11: 7, 9: 11, 12: 1}
bacc=0.780 macro_f1=0.667
  best : 0(p0.99 r0.93 f0.96) 3(p0.95 r0.97 f0.96) 1(p0.94 r0.94 f0.94) 4(p0.97 r0.88 f0.93) 10(p0.92 r0.89 f0.90)
  worst: 12(p0.14 r1.00 f0.25) 11(p0.23 r0.43 f0.30) 6(p0.27 r0.67 f0.39) 7(p0.44 r0.50 f0.47) 5(p0.39 r0.65 f0.49)
[ RESULTS ] : Epoch 6/60 | train_loss=0.6771 val_loss=0.2126
No improvement on macro_f1. Early stopping counter: 3/10
Step 50/407 | loss=0.5989 bb_lr=0.000079 head_lr=0.000079
Step 100/407 | loss=0.6250 bb_lr=0.000079 head_lr=0.000079
Step 150/407 | loss=0.6550 bb_lr=0.000079 head_lr=0.000079
Step 200/407 | loss=0.6492 bb_lr=0.000079 head_lr=0.000079
Step 250/407 | loss=0.6309 bb_lr=0.000079 head_lr=0.000079
Step 300/407 | loss=0.6355 bb_lr=0.000079 head_lr=0.000079
Step 350/407 | loss=0.6380 bb_lr=0.000079 head_lr=0.000079
Step 400/407 | loss=0.6347 bb_lr=0.000079 head_lr=0.000079
Timing (first 30 train batches) | data=0.078772s infer=0.062510s
[ TRAIN METRICS ]:
bacc=0.505 macro_f1=0.518
  best : 0(p0.66 r0.70 f0.68) 1(p0.61 r0.65 f0.63) 3(p0.60 r0.61 f0.61) 4(p0.60 r0.60 f0.60) 2(p0.55 r0.58 f0.56)
  worst: 6(p0.41 r0.31 f0.35) 7(p0.41 r0.32 f0.36) 5(p0.50 r0.39 f0.44) 8(p0.45 r0.43 f0.44) 9(p0.48 r0.44 f0.46)
[ VALIDATION METRICS TTA]:
Val dist: {0: 1302, 1: 810, 10: 201, 2: 275, 7: 36, 6: 39, 5: 37, 3: 86, 8: 44, 4: 42, 11: 7, 9: 11, 12: 1}
bacc=0.789 macro_f1=0.678
  best : 3(p0.99 r0.94 f0.96) 0(p0.99 r0.92 f0.95) 4(p0.93 r0.98 f0.95) 1(p0.97 r0.92 f0.94) 10(p0.89 r0.87 f0.88)
  worst: 12(p0.17 r1.00 f0.29) 6(p0.25 r0.77 f0.38) 11(p0.50 r0.43 f0.46) 7(p0.38 r0.67 f0.48) 9(p0.56 r0.45 f0.50)
[ RESULTS ] : Epoch 7/60 | train_loss=0.6374 val_loss=0.2302
No improvement on macro_f1. Early stopping counter: 4/10
Step 50/407 | loss=0.7236 bb_lr=0.000073 head_lr=0.000073
Step 100/407 | loss=0.7085 bb_lr=0.000073 head_lr=0.000073
Step 150/407 | loss=0.6889 bb_lr=0.000073 head_lr=0.000073
Step 200/407 | loss=0.6797 bb_lr=0.000073 head_lr=0.000073
Step 250/407 | loss=0.6760 bb_lr=0.000073 head_lr=0.000073
Step 300/407 | loss=0.6678 bb_lr=0.000073 head_lr=0.000073
Step 350/407 | loss=0.6495 bb_lr=0.000073 head_lr=0.000073
Step 400/407 | loss=0.6499 bb_lr=0.000073 head_lr=0.000073
Timing (first 30 train batches) | data=0.060721s infer=0.062666s
[ TRAIN METRICS ]:
bacc=0.513 macro_f1=0.526
  best : 0(p0.66 r0.70 f0.68) 1(p0.61 r0.65 f0.63) 3(p0.61 r0.61 f0.61) 4(p0.60 r0.61 f0.61) 2(p0.57 r0.59 f0.58)
  worst: 6(p0.42 r0.33 f0.37) 7(p0.44 r0.35 f0.39) 5(p0.49 r0.38 f0.43) 9(p0.50 r0.44 f0.46) 8(p0.48 r0.46 f0.47)
[ VALIDATION METRICS TTA]:
Val dist: {0: 1302, 1: 810, 10: 201, 2: 275, 7: 36, 6: 39, 5: 37, 3: 86, 8: 44, 4: 42, 11: 7, 9: 11, 12: 1}
bacc=0.767 macro_f1=0.675
  best : 0(p0.99 r0.94 f0.96) 3(p0.93 r0.95 f0.94) 1(p0.94 r0.94 f0.94) 4(p0.97 r0.86 f0.91) 2(p0.85 r0.92 f0.88)
  worst: 12(p0.17 r1.00 f0.29) 11(p0.25 r0.43 f0.32) 6(p0.33 r0.67 f0.44) 7(p0.50 r0.53 f0.51) 5(p0.56 r0.49 f0.52)
[ RESULTS ] : Epoch 8/60 | train_loss=0.6497 val_loss=0.1916
No improvement on macro_f1. Early stopping counter: 5/10
Step 50/407 | loss=0.6323 bb_lr=0.000065 head_lr=0.000065
Step 100/407 | loss=0.6410 bb_lr=0.000065 head_lr=0.000065
Step 150/407 | loss=0.6503 bb_lr=0.000065 head_lr=0.000065
Step 200/407 | loss=0.6351 bb_lr=0.000065 head_lr=0.000065
Step 250/407 | loss=0.6391 bb_lr=0.000065 head_lr=0.000065
Step 300/407 | loss=0.6433 bb_lr=0.000065 head_lr=0.000065
Step 350/407 | loss=0.6517 bb_lr=0.000065 head_lr=0.000065
Step 400/407 | loss=0.6469 bb_lr=0.000065 head_lr=0.000065
Timing (first 30 train batches) | data=0.037663s infer=0.062464s
[ TRAIN METRICS ]:
bacc=0.529 macro_f1=0.542
  best : 0(p0.65 r0.70 f0.68) 1(p0.63 r0.67 f0.65) 4(p0.62 r0.63 f0.63) 3(p0.62 r0.62 f0.62) 2(p0.59 r0.61 f0.60)
  worst: 7(p0.43 r0.34 f0.38) 6(p0.44 r0.33 f0.38) 5(p0.51 r0.41 f0.46) 8(p0.50 r0.45 f0.47) 12(p0.56 r0.49 f0.52)
[ VALIDATION METRICS TTA]:
Val dist: {0: 1302, 1: 810, 10: 201, 2: 275, 7: 36, 6: 39, 5: 37, 3: 86, 8: 44, 4: 42, 11: 7, 9: 11, 12: 1}
bacc=0.665 macro_f1=0.660
  best : 3(p0.99 r0.97 f0.98) 0(p0.99 r0.95 f0.97) 1(p0.92 r0.97 f0.95) 4(p0.97 r0.88 f0.93) 2(p0.90 r0.89 f0.90)
  worst: 12(p0.00 r0.00 f0.00) 6(p0.29 r0.46 f0.36) 11(p0.67 r0.29 f0.40) 7(p0.44 r0.50 f0.47) 5(p0.64 r0.38 f0.47)
[ RESULTS ] : Epoch 9/60 | train_loss=0.6470 val_loss=0.1805
No improvement on macro_f1. Early stopping counter: 6/10
Step 50/407 | loss=0.5514 bb_lr=0.000058 head_lr=0.000058
Step 100/407 | loss=0.5558 bb_lr=0.000058 head_lr=0.000058
Step 150/407 | loss=0.5824 bb_lr=0.000058 head_lr=0.000058
Step 200/407 | loss=0.6050 bb_lr=0.000058 head_lr=0.000058
Step 250/407 | loss=0.6072 bb_lr=0.000058 head_lr=0.000058
Step 300/407 | loss=0.5989 bb_lr=0.000058 head_lr=0.000058
Step 350/407 | loss=0.5819 bb_lr=0.000058 head_lr=0.000058
Step 400/407 | loss=0.5718 bb_lr=0.000058 head_lr=0.000058
Timing (first 30 train batches) | data=0.037540s infer=0.062336s
[ TRAIN METRICS ]:
bacc=0.516 macro_f1=0.526
  best : 0(p0.64 r0.68 f0.66) 1(p0.60 r0.63 f0.61) 2(p0.58 r0.60 f0.59) 3(p0.58 r0.59 f0.59) 4(p0.59 r0.58 f0.58)
  worst: 6(p0.41 r0.33 f0.36) 7(p0.42 r0.36 f0.39) 5(p0.49 r0.41 f0.45) 8(p0.48 r0.45 f0.46) 9(p0.51 r0.49 f0.50)
[ VALIDATION METRICS TTA]:
Val dist: {0: 1302, 1: 810, 10: 201, 2: 275, 7: 36, 6: 39, 5: 37, 3: 86, 8: 44, 4: 42, 11: 7, 9: 11, 12: 1}
bacc=0.773 macro_f1=0.731
  best : 12(p1.00 r1.00 f1.00) 0(p0.99 r0.95 f0.97) 1(p0.96 r0.93 f0.95) 4(p0.95 r0.88 f0.91) 3(p0.83 r0.98 f0.90)
  worst: 6(p0.36 r0.62 f0.45) 11(p0.50 r0.43 f0.46) 7(p0.46 r0.61 f0.52) 5(p0.58 r0.49 f0.53) 8(p0.62 r0.48 f0.54)
[TSNE] Saved to /home/infres/yrothlin-24/CHAL_IM05/logs/tests/TSNE/tsne_val_epoch_010.png
[CONFUSION] Saved to /home/infres/yrothlin-24/CHAL_IM05/logs/tests/confusion/confusion_val_epoch_010_norm.png
[ RESULTS ] : Epoch 10/60 | train_loss=0.5724 val_loss=0.1923
New best macro_f1: 0.7312 at epoch 10.
Saving best checkpoint.
Checkpoint saved: /home/infres/yrothlin-24/CHAL_IM05/checkpoints/tests/best.pt
Step 50/407 | loss=0.7124 bb_lr=0.000050 head_lr=0.000050
Step 100/407 | loss=0.6994 bb_lr=0.000050 head_lr=0.000050
Step 150/407 | loss=0.6474 bb_lr=0.000050 head_lr=0.000050
Step 200/407 | loss=0.6439 bb_lr=0.000050 head_lr=0.000050
Step 250/407 | loss=0.6252 bb_lr=0.000050 head_lr=0.000050
Step 300/407 | loss=0.6113 bb_lr=0.000050 head_lr=0.000050
Step 350/407 | loss=0.6011 bb_lr=0.000050 head_lr=0.000050
Step 400/407 | loss=0.5975 bb_lr=0.000050 head_lr=0.000050
Timing (first 30 train batches) | data=0.035375s infer=0.062579s
[ TRAIN METRICS ]:
bacc=0.515 macro_f1=0.524
  best : 0(p0.64 r0.68 f0.66) 1(p0.61 r0.63 f0.62) 3(p0.58 r0.59 f0.59) 12(p0.60 r0.56 f0.58) 4(p0.57 r0.58 f0.57)
  worst: 6(p0.42 r0.33 f0.37) 7(p0.43 r0.36 f0.39) 5(p0.50 r0.41 f0.45) 8(p0.48 r0.43 f0.46) 9(p0.47 r0.47 f0.47)
[ VALIDATION METRICS TTA]:
Val dist: {0: 1302, 1: 810, 10: 201, 2: 275, 7: 36, 6: 39, 5: 37, 3: 86, 8: 44, 4: 42, 11: 7, 9: 11, 12: 1}
bacc=0.797 macro_f1=0.748
  best : 12(p1.00 r1.00 f1.00) 3(p0.95 r0.98 f0.97) 0(p0.99 r0.93 f0.96) 1(p0.96 r0.94 f0.95) 4(p0.97 r0.88 f0.93)
  worst: 11(p0.43 r0.43 f0.43) 6(p0.31 r0.74 f0.43) 7(p0.47 r0.61 f0.53) 8(p0.66 r0.48 f0.55) 5(p0.55 r0.57 f0.56)
[ RESULTS ] : Epoch 11/60 | train_loss=0.5992 val_loss=0.2182
New best macro_f1: 0.7478 at epoch 11.
Saving best checkpoint.
Checkpoint saved: /home/infres/yrothlin-24/CHAL_IM05/checkpoints/tests/best.pt
Step 50/407 | loss=0.5567 bb_lr=0.000042 head_lr=0.000042
Step 100/407 | loss=0.5475 bb_lr=0.000042 head_lr=0.000042
Step 150/407 | loss=0.5671 bb_lr=0.000042 head_lr=0.000042
Step 200/407 | loss=0.5890 bb_lr=0.000042 head_lr=0.000042
Step 250/407 | loss=0.5832 bb_lr=0.000042 head_lr=0.000042
Step 300/407 | loss=0.5728 bb_lr=0.000042 head_lr=0.000042
Step 350/407 | loss=0.5768 bb_lr=0.000042 head_lr=0.000042
Step 400/407 | loss=0.5778 bb_lr=0.000042 head_lr=0.000042
Timing (first 30 train batches) | data=0.047432s infer=0.062404s
[ TRAIN METRICS ]:
bacc=0.546 macro_f1=0.555
  best : 0(p0.67 r0.71 f0.69) 1(p0.63 r0.67 f0.65) 3(p0.62 r0.63 f0.62) 4(p0.61 r0.61 f0.61) 11(p0.61 r0.58 f0.60)
  worst: 7(p0.45 r0.38 f0.41) 6(p0.46 r0.38 f0.42) 5(p0.52 r0.44 f0.48) 8(p0.51 r0.47 f0.49) 9(p0.50 r0.47 f0.49)
[ VALIDATION METRICS TTA]:
Val dist: {0: 1302, 1: 810, 10: 201, 2: 275, 7: 36, 6: 39, 5: 37, 3: 86, 8: 44, 4: 42, 11: 7, 9: 11, 12: 1}
bacc=0.787 macro_f1=0.769
  best : 12(p1.00 r1.00 f1.00) 3(p0.98 r0.97 f0.97) 0(p0.99 r0.95 f0.97) 1(p0.96 r0.94 f0.95) 4(p0.97 r0.86 f0.91)
  worst: 11(p1.00 r0.29 f0.44) 6(p0.35 r0.67 f0.46) 5(p0.49 r0.62 f0.55) 7(p0.50 r0.61 f0.55) 8(p0.59 r0.75 f0.66)
[ RESULTS ] : Epoch 12/60 | train_loss=0.5788 val_loss=0.1801
New best macro_f1: 0.7688 at epoch 12.
Saving best checkpoint.
Checkpoint saved: /home/infres/yrothlin-24/CHAL_IM05/checkpoints/tests/best.pt
Step 50/407 | loss=0.5747 bb_lr=0.000035 head_lr=0.000035
Step 100/407 | loss=0.5657 bb_lr=0.000035 head_lr=0.000035
Step 150/407 | loss=0.5754 bb_lr=0.000035 head_lr=0.000035
Step 200/407 | loss=0.5926 bb_lr=0.000035 head_lr=0.000035
Step 250/407 | loss=0.5761 bb_lr=0.000035 head_lr=0.000035
Step 300/407 | loss=0.5714 bb_lr=0.000035 head_lr=0.000035
Step 350/407 | loss=0.5726 bb_lr=0.000035 head_lr=0.000035
Step 400/407 | loss=0.5671 bb_lr=0.000035 head_lr=0.000035
Timing (first 30 train batches) | data=0.195865s infer=0.062342s
[ TRAIN METRICS ]:
bacc=0.545 macro_f1=0.554
  best : 0(p0.67 r0.71 f0.69) 1(p0.63 r0.66 f0.64) 4(p0.63 r0.63 f0.63) 3(p0.61 r0.61 f0.61) 10(p0.60 r0.59 f0.59)
  worst: 6(p0.45 r0.37 f0.40) 7(p0.49 r0.41 f0.45) 5(p0.52 r0.44 f0.47) 8(p0.50 r0.47 f0.48) 9(p0.54 r0.53 f0.54)
[ VALIDATION METRICS TTA]:
Val dist: {0: 1302, 1: 810, 10: 201, 2: 275, 7: 36, 6: 39, 5: 37, 3: 86, 8: 44, 4: 42, 11: 7, 9: 11, 12: 1}
bacc=0.788 macro_f1=0.763
  best : 12(p1.00 r1.00 f1.00) 0(p0.99 r0.95 f0.97) 3(p0.97 r0.98 f0.97) 4(p0.95 r0.95 f0.95) 1(p0.96 r0.94 f0.95)
  worst: 11(p0.43 r0.43 f0.43) 6(p0.35 r0.72 f0.47) 5(p0.55 r0.46 f0.50) 7(p0.48 r0.64 f0.55) 8(p0.66 r0.61 f0.64)
[ RESULTS ] : Epoch 13/60 | train_loss=0.5691 val_loss=0.1795
No improvement on macro_f1. Early stopping counter: 1/10
Step 50/407 | loss=0.4984 bb_lr=0.000027 head_lr=0.000027
Step 100/407 | loss=0.5134 bb_lr=0.000027 head_lr=0.000027
Step 150/407 | loss=0.5502 bb_lr=0.000027 head_lr=0.000027
Step 200/407 | loss=0.5412 bb_lr=0.000027 head_lr=0.000027
Step 250/407 | loss=0.5538 bb_lr=0.000027 head_lr=0.000027
Step 300/407 | loss=0.5542 bb_lr=0.000027 head_lr=0.000027
Step 350/407 | loss=0.5569 bb_lr=0.000027 head_lr=0.000027
Step 400/407 | loss=0.5589 bb_lr=0.000027 head_lr=0.000027
Timing (first 30 train batches) | data=0.051387s infer=0.062265s
[ TRAIN METRICS ]:
bacc=0.537 macro_f1=0.545
  best : 0(p0.66 r0.69 f0.67) 1(p0.63 r0.66 f0.64) 3(p0.59 r0.60 f0.60) 10(p0.59 r0.58 f0.59) 4(p0.59 r0.58 f0.58)
  worst: 6(p0.42 r0.35 f0.38) 7(p0.48 r0.39 f0.43) 8(p0.48 r0.46 f0.47) 5(p0.53 r0.45 f0.49) 9(p0.55 r0.52 f0.54)
[ VALIDATION METRICS TTA]:
Val dist: {0: 1302, 1: 810, 10: 201, 2: 275, 7: 36, 6: 39, 5: 37, 3: 86, 8: 44, 4: 42, 11: 7, 9: 11, 12: 1}
bacc=0.797 macro_f1=0.764
  best : 12(p1.00 r1.00 f1.00) 0(p0.99 r0.95 f0.97) 1(p0.95 r0.96 f0.96) 3(p0.94 r0.97 f0.95) 4(p0.97 r0.90 f0.94)
  worst: 11(p0.38 r0.43 f0.40) 6(p0.33 r0.74 f0.46) 7(p0.47 r0.64 f0.54) 5(p0.53 r0.62 f0.57) 8(p0.64 r0.57 f0.60)
[ RESULTS ] : Epoch 14/60 | train_loss=0.5583 val_loss=0.1771
No improvement on macro_f1. Early stopping counter: 2/10
Step 50/407 | loss=0.5896 bb_lr=0.000021 head_lr=0.000021
Step 100/407 | loss=0.6110 bb_lr=0.000021 head_lr=0.000021
Step 150/407 | loss=0.5869 bb_lr=0.000021 head_lr=0.000021
Step 200/407 | loss=0.5689 bb_lr=0.000021 head_lr=0.000021
Step 250/407 | loss=0.5683 bb_lr=0.000021 head_lr=0.000021
Step 300/407 | loss=0.5699 bb_lr=0.000021 head_lr=0.000021
Step 350/407 | loss=0.5627 bb_lr=0.000021 head_lr=0.000021
Step 400/407 | loss=0.5555 bb_lr=0.000021 head_lr=0.000021
Timing (first 30 train batches) | data=0.062552s infer=0.062241s
[ TRAIN METRICS ]:
bacc=0.560 macro_f1=0.567
  best : 0(p0.67 r0.69 f0.68) 1(p0.64 r0.67 f0.65) 4(p0.63 r0.63 f0.63) 3(p0.62 r0.63 f0.62) 11(p0.61 r0.59 f0.60)
  worst: 6(p0.46 r0.39 f0.42) 7(p0.47 r0.40 f0.43) 8(p0.52 r0.48 f0.50) 5(p0.55 r0.49 f0.52) 9(p0.55 r0.56 f0.55)
[ VALIDATION METRICS TTA]:
Val dist: {0: 1302, 1: 810, 10: 201, 2: 275, 7: 36, 6: 39, 5: 37, 3: 86, 8: 44, 4: 42, 11: 7, 9: 11, 12: 1}
bacc=0.793 macro_f1=0.757
  best : 12(p1.00 r1.00 f1.00) 3(p0.97 r0.98 f0.97) 0(p0.99 r0.94 f0.97) 1(p0.96 r0.95 f0.96) 4(p0.97 r0.90 f0.94)
  worst: 11(p0.43 r0.43 f0.43) 6(p0.33 r0.79 f0.46) 5(p0.58 r0.51 f0.54) 7(p0.53 r0.67 f0.59) 9(p0.50 r0.73 f0.59)
[TSNE] Saved to /home/infres/yrothlin-24/CHAL_IM05/logs/tests/TSNE/tsne_val_epoch_015.png
[CONFUSION] Saved to /home/infres/yrothlin-24/CHAL_IM05/logs/tests/confusion/confusion_val_epoch_015_norm.png
[ RESULTS ] : Epoch 15/60 | train_loss=0.5553 val_loss=0.1789
No improvement on macro_f1. Early stopping counter: 3/10
Step 50/407 | loss=0.5335 bb_lr=0.000015 head_lr=0.000015
Step 100/407 | loss=0.5371 bb_lr=0.000015 head_lr=0.000015
Step 150/407 | loss=0.5299 bb_lr=0.000015 head_lr=0.000015
Step 200/407 | loss=0.5440 bb_lr=0.000015 head_lr=0.000015
Step 250/407 | loss=0.5427 bb_lr=0.000015 head_lr=0.000015
Step 300/407 | loss=0.5421 bb_lr=0.000015 head_lr=0.000015
Step 350/407 | loss=0.5448 bb_lr=0.000015 head_lr=0.000015
Step 400/407 | loss=0.5476 bb_lr=0.000015 head_lr=0.000015
Timing (first 30 train batches) | data=0.029056s infer=0.062630s
[ TRAIN METRICS ]:
bacc=0.566 macro_f1=0.575
  best : 0(p0.68 r0.71 f0.70) 1(p0.64 r0.67 f0.66) 4(p0.63 r0.64 f0.63) 11(p0.61 r0.61 f0.61) 12(p0.61 r0.59 f0.60)
  worst: 6(p0.48 r0.39 f0.43) 7(p0.47 r0.41 f0.44) 8(p0.55 r0.51 f0.53) 5(p0.57 r0.50 f0.54) 9(p0.56 r0.52 f0.54)
[ VALIDATION METRICS TTA]:
Val dist: {0: 1302, 1: 810, 10: 201, 2: 275, 7: 36, 6: 39, 5: 37, 3: 86, 8: 44, 4: 42, 11: 7, 9: 11, 12: 1}
bacc=0.783 macro_f1=0.753
  best : 12(p1.00 r1.00 f1.00) 3(p0.97 r0.97 f0.97) 0(p0.99 r0.94 f0.96) 1(p0.96 r0.95 f0.95) 4(p0.95 r0.90 f0.93)
  worst: 6(p0.31 r0.77 f0.44) 5(p0.52 r0.41 f0.45) 11(p0.50 r0.43 f0.46) 7(p0.48 r0.61 f0.54) 8(p0.60 r0.66 f0.63)
[ RESULTS ] : Epoch 16/60 | train_loss=0.5456 val_loss=0.1818
No improvement on macro_f1. Early stopping counter: 4/10
Step 50/407 | loss=0.5410 bb_lr=0.000010 head_lr=0.000010
Step 100/407 | loss=0.5680 bb_lr=0.000010 head_lr=0.000010
Step 150/407 | loss=0.5545 bb_lr=0.000010 head_lr=0.000010
Step 200/407 | loss=0.5595 bb_lr=0.000010 head_lr=0.000010
Step 250/407 | loss=0.5475 bb_lr=0.000010 head_lr=0.000010
Step 300/407 | loss=0.5480 bb_lr=0.000010 head_lr=0.000010
Step 350/407 | loss=0.5519 bb_lr=0.000010 head_lr=0.000010
Step 400/407 | loss=0.5531 bb_lr=0.000010 head_lr=0.000010
Timing (first 30 train batches) | data=0.053106s infer=0.062685s
[ TRAIN METRICS ]:
bacc=0.550 macro_f1=0.559
  best : 0(p0.66 r0.70 f0.68) 1(p0.63 r0.65 f0.64) 4(p0.61 r0.60 f0.60) 3(p0.60 r0.61 f0.60) 12(p0.61 r0.59 f0.60)
  worst: 7(p0.47 r0.39 f0.43) 6(p0.49 r0.41 f0.44) 8(p0.50 r0.46 f0.48) 5(p0.56 r0.49 f0.52) 9(p0.54 r0.51 f0.53)
[ VALIDATION METRICS TTA]:
Val dist: {0: 1302, 1: 810, 10: 201, 2: 275, 7: 36, 6: 39, 5: 37, 3: 86, 8: 44, 4: 42, 11: 7, 9: 11, 12: 1}
bacc=0.794 macro_f1=0.763
  best : 12(p1.00 r1.00 f1.00) 3(p0.97 r0.98 f0.97) 0(p0.99 r0.94 f0.97) 1(p0.96 r0.95 f0.95) 4(p0.95 r0.88 f0.91)
  worst: 11(p0.50 r0.43 f0.46) 6(p0.35 r0.77 f0.48) 5(p0.55 r0.46 f0.50) 7(p0.50 r0.67 f0.57) 8(p0.63 r0.61 f0.62)
[ RESULTS ] : Epoch 17/60 | train_loss=0.5488 val_loss=0.1791
No improvement on macro_f1. Early stopping counter: 5/10
Step 50/407 | loss=0.4986 bb_lr=0.000005 head_lr=0.000005
Step 100/407 | loss=0.5273 bb_lr=0.000005 head_lr=0.000005
Step 150/407 | loss=0.5395 bb_lr=0.000005 head_lr=0.000005
Step 200/407 | loss=0.5456 bb_lr=0.000005 head_lr=0.000005
Step 250/407 | loss=0.5204 bb_lr=0.000005 head_lr=0.000005
Step 300/407 | loss=0.5095 bb_lr=0.000005 head_lr=0.000005
Step 350/407 | loss=0.5091 bb_lr=0.000005 head_lr=0.000005
Step 400/407 | loss=0.5197 bb_lr=0.000005 head_lr=0.000005
Timing (first 30 train batches) | data=0.161193s infer=0.062399s
[ TRAIN METRICS ]:
bacc=0.585 macro_f1=0.591
  best : 0(p0.69 r0.71 f0.70) 1(p0.66 r0.68 f0.67) 3(p0.65 r0.66 f0.66) 4(p0.65 r0.64 f0.65) 12(p0.64 r0.65 f0.64)
  worst: 6(p0.50 r0.42 f0.46) 7(p0.50 r0.43 f0.46) 8(p0.53 r0.51 f0.52) 5(p0.55 r0.50 f0.52) 9(p0.57 r0.56 f0.56)
[ VALIDATION METRICS TTA]:
Val dist: {0: 1302, 1: 810, 10: 201, 2: 275, 7: 36, 6: 39, 5: 37, 3: 86, 8: 44, 4: 42, 11: 7, 9: 11, 12: 1}
bacc=0.794 macro_f1=0.771
  best : 12(p1.00 r1.00 f1.00) 3(p0.98 r0.98 f0.98) 0(p0.99 r0.94 f0.97) 1(p0.96 r0.95 f0.95) 4(p0.95 r0.90 f0.93)
  worst: 6(p0.31 r0.72 f0.43) 11(p0.50 r0.43 f0.46) 7(p0.51 r0.58 f0.55) 5(p0.59 r0.54 f0.56) 8(p0.62 r0.64 f0.63)
[ RESULTS ] : Epoch 18/60 | train_loss=0.5198 val_loss=0.1736
New best macro_f1: 0.7711 at epoch 18.
Saving best checkpoint.
Checkpoint saved: /home/infres/yrothlin-24/CHAL_IM05/checkpoints/tests/best.pt
Step 50/407 | loss=0.5266 bb_lr=0.000002 head_lr=0.000002
Step 100/407 | loss=0.5066 bb_lr=0.000002 head_lr=0.000002
Step 150/407 | loss=0.5221 bb_lr=0.000002 head_lr=0.000002
Step 200/407 | loss=0.5280 bb_lr=0.000002 head_lr=0.000002
Step 250/407 | loss=0.5153 bb_lr=0.000002 head_lr=0.000002
Step 300/407 | loss=0.5174 bb_lr=0.000002 head_lr=0.000002
Step 350/407 | loss=0.5112 bb_lr=0.000002 head_lr=0.000002
Step 400/407 | loss=0.5120 bb_lr=0.000002 head_lr=0.000002
Timing (first 30 train batches) | data=0.035113s infer=0.062973s
[ TRAIN METRICS ]:
bacc=0.535 macro_f1=0.541
  best : 0(p0.66 r0.68 f0.67) 1(p0.63 r0.65 f0.64) 3(p0.59 r0.61 f0.60) 10(p0.60 r0.59 f0.60) 4(p0.58 r0.58 f0.58)
  worst: 7(p0.43 r0.37 f0.40) 6(p0.45 r0.38 f0.41) 5(p0.51 r0.44 f0.47) 8(p0.51 r0.48 f0.49) 9(p0.51 r0.50 f0.51)
[ VALIDATION METRICS TTA]:
Val dist: {0: 1302, 1: 810, 10: 201, 2: 275, 7: 36, 6: 39, 5: 37, 3: 86, 8: 44, 4: 42, 11: 7, 9: 11, 12: 1}
bacc=0.807 macro_f1=0.776
  best : 12(p1.00 r1.00 f1.00) 3(p0.99 r0.97 f0.98) 0(p0.99 r0.95 f0.97) 1(p0.96 r0.95 f0.95) 4(p0.97 r0.90 f0.94)
  worst: 6(p0.34 r0.79 f0.48) 11(p0.60 r0.43 f0.50) 5(p0.56 r0.51 f0.54) 8(p0.61 r0.57 f0.59) 7(p0.56 r0.69 f0.62)
[ RESULTS ] : Epoch 19/60 | train_loss=0.5116 val_loss=0.1743
New best macro_f1: 0.7759 at epoch 19.
Saving best checkpoint.
Checkpoint saved: /home/infres/yrothlin-24/CHAL_IM05/checkpoints/tests/best.pt
Step 50/407 | loss=0.5676 bb_lr=0.000001 head_lr=0.000001
Step 100/407 | loss=0.5772 bb_lr=0.000001 head_lr=0.000001
Step 150/407 | loss=0.5496 bb_lr=0.000001 head_lr=0.000001
Step 200/407 | loss=0.5340 bb_lr=0.000001 head_lr=0.000001
Step 250/407 | loss=0.5307 bb_lr=0.000001 head_lr=0.000001
Step 300/407 | loss=0.5233 bb_lr=0.000001 head_lr=0.000001
Step 350/407 | loss=0.5200 bb_lr=0.000001 head_lr=0.000001
Step 400/407 | loss=0.5173 bb_lr=0.000001 head_lr=0.000001
Timing (first 30 train batches) | data=0.047296s infer=0.062249s
[ TRAIN METRICS ]:
bacc=0.573 macro_f1=0.580
  best : 0(p0.68 r0.71 f0.70) 1(p0.64 r0.67 f0.65) 3(p0.63 r0.64 f0.63) 11(p0.63 r0.62 f0.62) 2(p0.60 r0.61 f0.61)
  worst: 7(p0.51 r0.44 f0.47) 6(p0.52 r0.44 f0.48) 5(p0.52 r0.48 f0.50) 8(p0.53 r0.49 f0.51) 12(p0.58 r0.58 f0.58)
[ VALIDATION METRICS TTA]:
Val dist: {0: 1302, 1: 810, 10: 201, 2: 275, 7: 36, 6: 39, 5: 37, 3: 86, 8: 44, 4: 42, 11: 7, 9: 11, 12: 1}
bacc=0.791 macro_f1=0.763
  best : 12(p1.00 r1.00 f1.00) 3(p0.99 r0.97 f0.98) 0(p0.99 r0.94 f0.97) 1(p0.96 r0.95 f0.95) 4(p0.95 r0.88 f0.91)
  worst: 6(p0.33 r0.74 f0.45) 11(p0.50 r0.43 f0.46) 5(p0.58 r0.49 f0.53) 7(p0.48 r0.64 f0.55) 8(p0.60 r0.61 f0.61)
[TSNE] Saved to /home/infres/yrothlin-24/CHAL_IM05/logs/tests/TSNE/tsne_val_epoch_020.png
[CONFUSION] Saved to /home/infres/yrothlin-24/CHAL_IM05/logs/tests/confusion/confusion_val_epoch_020_norm.png
[ RESULTS ] : Epoch 20/60 | train_loss=0.5177 val_loss=0.1747
No improvement on macro_f1. Early stopping counter: 1/10
Step 50/407 | loss=0.5637 bb_lr=0.000100 head_lr=0.000100
Step 100/407 | loss=0.6026 bb_lr=0.000100 head_lr=0.000100
Step 150/407 | loss=0.6142 bb_lr=0.000100 head_lr=0.000100
Step 200/407 | loss=0.6110 bb_lr=0.000100 head_lr=0.000100
Step 250/407 | loss=0.5925 bb_lr=0.000100 head_lr=0.000100
Step 300/407 | loss=0.5990 bb_lr=0.000100 head_lr=0.000100
Step 350/407 | loss=0.5961 bb_lr=0.000100 head_lr=0.000100
Step 400/407 | loss=0.5909 bb_lr=0.000100 head_lr=0.000100
Timing (first 30 train batches) | data=0.051807s infer=0.062157s
[ TRAIN METRICS ]:
bacc=0.554 macro_f1=0.563
  best : 0(p0.67 r0.71 f0.69) 1(p0.64 r0.68 f0.66) 4(p0.63 r0.63 f0.63) 3(p0.62 r0.63 f0.62) 10(p0.61 r0.60 f0.61)
  worst: 6(p0.47 r0.38 f0.42) 7(p0.48 r0.40 f0.44) 8(p0.50 r0.48 f0.49) 5(p0.54 r0.45 f0.49) 9(p0.56 r0.52 f0.54)
[ VALIDATION METRICS TTA]:
Val dist: {0: 1302, 1: 810, 10: 201, 2: 275, 7: 36, 6: 39, 5: 37, 3: 86, 8: 44, 4: 42, 11: 7, 9: 11, 12: 1}
bacc=0.810 macro_f1=0.730
  best : 12(p1.00 r1.00 f1.00) 3(p0.99 r0.93 f0.96) 0(p0.99 r0.91 f0.95) 1(p0.97 r0.92 f0.95) 4(p0.97 r0.86 f0.91)
  worst: 6(p0.25 r0.74 f0.37) 11(p0.29 r0.71 f0.42) 7(p0.40 r0.67 f0.50) 5(p0.48 r0.54 f0.51) 8(p0.50 r0.64 f0.56)
[ RESULTS ] : Epoch 21/60 | train_loss=0.5897 val_loss=0.2318
No improvement on macro_f1. Early stopping counter: 2/10
Step 50/407 | loss=0.6547 bb_lr=0.000099 head_lr=0.000099
Step 100/407 | loss=0.6437 bb_lr=0.000099 head_lr=0.000099
Step 150/407 | loss=0.6115 bb_lr=0.000099 head_lr=0.000099
Step 200/407 | loss=0.6048 bb_lr=0.000099 head_lr=0.000099
Step 250/407 | loss=0.6034 bb_lr=0.000099 head_lr=0.000099
Step 300/407 | loss=0.5997 bb_lr=0.000099 head_lr=0.000099
Step 350/407 | loss=0.5973 bb_lr=0.000099 head_lr=0.000099
Step 400/407 | loss=0.5858 bb_lr=0.000099 head_lr=0.000099
Timing (first 30 train batches) | data=0.058111s infer=0.062977s
[ TRAIN METRICS ]:
bacc=0.538 macro_f1=0.548
  best : 0(p0.66 r0.70 f0.68) 1(p0.62 r0.65 f0.63) 3(p0.60 r0.61 f0.61) 4(p0.60 r0.60 f0.60) 12(p0.60 r0.58 f0.59)
  worst: 6(p0.45 r0.37 f0.40) 7(p0.47 r0.39 f0.42) 8(p0.49 r0.45 f0.47) 5(p0.54 r0.45 f0.49) 9(p0.51 r0.49 f0.50)
[ VALIDATION METRICS TTA]:
Val dist: {0: 1302, 1: 810, 10: 201, 2: 275, 7: 36, 6: 39, 5: 37, 3: 86, 8: 44, 4: 42, 11: 7, 9: 11, 12: 1}
bacc=0.801 macro_f1=0.758
  best : 12(p1.00 r1.00 f1.00) 0(p0.99 r0.94 f0.97) 1(p0.96 r0.95 f0.95) 3(p0.86 r1.00 f0.92) 4(p0.97 r0.86 f0.91)
  worst: 11(p0.43 r0.43 f0.43) 6(p0.35 r0.64 f0.45) 5(p0.65 r0.54 f0.59) 7(p0.55 r0.64 f0.59) 8(p0.57 r0.61 f0.59)
[ RESULTS ] : Epoch 22/60 | train_loss=0.5844 val_loss=0.1865
No improvement on macro_f1. Early stopping counter: 3/10
Step 50/407 | loss=0.6255 bb_lr=0.000098 head_lr=0.000098
Step 100/407 | loss=0.6255 bb_lr=0.000098 head_lr=0.000098
Step 150/407 | loss=0.6001 bb_lr=0.000098 head_lr=0.000098
Step 200/407 | loss=0.5950 bb_lr=0.000098 head_lr=0.000098
Step 250/407 | loss=0.5832 bb_lr=0.000098 head_lr=0.000098
Step 300/407 | loss=0.5896 bb_lr=0.000098 head_lr=0.000098
Step 350/407 | loss=0.5933 bb_lr=0.000098 head_lr=0.000098
Step 400/407 | loss=0.5896 bb_lr=0.000098 head_lr=0.000098
Timing (first 30 train batches) | data=0.052619s infer=0.062243s
[ TRAIN METRICS ]:
bacc=0.538 macro_f1=0.546
  best : 0(p0.66 r0.69 f0.68) 1(p0.62 r0.66 f0.64) 11(p0.62 r0.60 f0.61) 3(p0.59 r0.61 f0.60) 2(p0.58 r0.60 f0.59)
  worst: 6(p0.46 r0.37 f0.41) 7(p0.46 r0.38 f0.41) 5(p0.53 r0.43 f0.47) 8(p0.50 r0.47 f0.49) 9(p0.53 r0.51 f0.52)
[ VALIDATION METRICS TTA]:
Val dist: {0: 1302, 1: 810, 10: 201, 2: 275, 7: 36, 6: 39, 5: 37, 3: 86, 8: 44, 4: 42, 11: 7, 9: 11, 12: 1}
bacc=0.798 macro_f1=0.738
  best : 12(p1.00 r1.00 f1.00) 3(p0.98 r0.98 f0.98) 0(p0.99 r0.94 f0.96) 1(p0.96 r0.93 f0.95) 4(p0.89 r0.95 f0.92)
  worst: 6(p0.28 r0.72 f0.40) 11(p0.33 r0.57 f0.42) 5(p0.54 r0.35 f0.43) 7(p0.48 r0.61 f0.54) 8(p0.64 r0.64 f0.64)
[ RESULTS ] : Epoch 23/60 | train_loss=0.5910 val_loss=0.1986
No improvement on macro_f1. Early stopping counter: 4/10
Step 50/407 | loss=0.5359 bb_lr=0.000095 head_lr=0.000095
Step 100/407 | loss=0.5420 bb_lr=0.000095 head_lr=0.000095
Step 150/407 | loss=0.5456 bb_lr=0.000095 head_lr=0.000095
Step 200/407 | loss=0.5476 bb_lr=0.000095 head_lr=0.000095
Step 250/407 | loss=0.5548 bb_lr=0.000095 head_lr=0.000095
Step 300/407 | loss=0.5498 bb_lr=0.000095 head_lr=0.000095
Step 350/407 | loss=0.5542 bb_lr=0.000095 head_lr=0.000095
Step 400/407 | loss=0.5595 bb_lr=0.000095 head_lr=0.000095
Timing (first 30 train batches) | data=0.032449s infer=0.062698s
[ TRAIN METRICS ]:
bacc=0.550 macro_f1=0.558
  best : 0(p0.67 r0.71 f0.69) 12(p0.66 r0.64 f0.65) 1(p0.63 r0.66 f0.64) 3(p0.62 r0.63 f0.62) 4(p0.60 r0.60 f0.60)
  worst: 7(p0.45 r0.36 f0.40) 6(p0.45 r0.37 f0.40) 8(p0.51 r0.48 f0.50) 5(p0.53 r0.47 f0.50) 11(p0.53 r0.51 f0.52)
[ VALIDATION METRICS TTA]:
Val dist: {0: 1302, 1: 810, 10: 201, 2: 275, 7: 36, 6: 39, 5: 37, 3: 86, 8: 44, 4: 42, 11: 7, 9: 11, 12: 1}
bacc=0.785 macro_f1=0.747
  best : 12(p1.00 r1.00 f1.00) 0(p0.99 r0.95 f0.97) 3(p0.99 r0.93 f0.96) 1(p0.93 r0.96 f0.95) 4(p0.97 r0.90 f0.94)
  worst: 6(p0.30 r0.69 f0.42) 5(p0.52 r0.43 f0.47) 11(p0.40 r0.57 f0.47) 9(p0.45 r0.82 f0.58) 7(p0.53 r0.67 f0.59)
[ RESULTS ] : Epoch 24/60 | train_loss=0.5621 val_loss=0.1895
No improvement on macro_f1. Early stopping counter: 5/10
Step 50/407 | loss=0.5478 bb_lr=0.000090 head_lr=0.000090
Step 100/407 | loss=0.6028 bb_lr=0.000090 head_lr=0.000090
Step 150/407 | loss=0.5714 bb_lr=0.000090 head_lr=0.000090
Step 200/407 | loss=0.5681 bb_lr=0.000090 head_lr=0.000090
Step 250/407 | loss=0.5564 bb_lr=0.000090 head_lr=0.000090
Step 300/407 | loss=0.5718 bb_lr=0.000090 head_lr=0.000090
Step 350/407 | loss=0.5697 bb_lr=0.000090 head_lr=0.000090
Step 400/407 | loss=0.5736 bb_lr=0.000090 head_lr=0.000090
Timing (first 30 train batches) | data=0.032878s infer=0.063278s
[ TRAIN METRICS ]:
bacc=0.526 macro_f1=0.533
  best : 0(p0.64 r0.68 f0.66) 1(p0.61 r0.63 f0.62) 3(p0.59 r0.59 f0.59) 10(p0.58 r0.58 f0.58) 11(p0.57 r0.57 f0.57)
  worst: 6(p0.43 r0.34 f0.38) 7(p0.44 r0.38 f0.41) 8(p0.47 r0.44 f0.46) 5(p0.51 r0.44 f0.47) 9(p0.52 r0.50 f0.51)
[ VALIDATION METRICS TTA]:
Val dist: {0: 1302, 1: 810, 10: 201, 2: 275, 7: 36, 6: 39, 5: 37, 3: 86, 8: 44, 4: 42, 11: 7, 9: 11, 12: 1}
bacc=0.779 macro_f1=0.734
  best : 12(p1.00 r1.00 f1.00) 3(p0.99 r0.97 f0.98) 0(p0.99 r0.93 f0.96) 4(p0.97 r0.93 f0.95) 1(p0.96 r0.94 f0.95)
  worst: 9(p0.60 r0.27 f0.37) 6(p0.28 r0.74 f0.41) 7(p0.38 r0.64 f0.48) 11(p0.44 r0.57 f0.50) 5(p0.49 r0.65 f0.56)
[TSNE] Saved to /home/infres/yrothlin-24/CHAL_IM05/logs/tests/TSNE/tsne_val_epoch_025.png
[CONFUSION] Saved to /home/infres/yrothlin-24/CHAL_IM05/logs/tests/confusion/confusion_val_epoch_025_norm.png
[ RESULTS ] : Epoch 25/60 | train_loss=0.5735 val_loss=0.2069
No improvement on macro_f1. Early stopping counter: 6/10
Step 50/407 | loss=0.5081 bb_lr=0.000085 head_lr=0.000085
Step 100/407 | loss=0.5226 bb_lr=0.000085 head_lr=0.000085
Step 150/407 | loss=0.5280 bb_lr=0.000085 head_lr=0.000085
Step 200/407 | loss=0.5103 bb_lr=0.000085 head_lr=0.000085
Step 250/407 | loss=0.5163 bb_lr=0.000085 head_lr=0.000085
Step 300/407 | loss=0.5266 bb_lr=0.000085 head_lr=0.000085
Step 350/407 | loss=0.5206 bb_lr=0.000085 head_lr=0.000085
Step 400/407 | loss=0.5211 bb_lr=0.000085 head_lr=0.000085
Timing (first 30 train batches) | data=0.080921s infer=0.062560s
[ TRAIN METRICS ]:
bacc=0.533 macro_f1=0.540
  best : 0(p0.64 r0.66 f0.65) 12(p0.63 r0.61 f0.62) 1(p0.61 r0.63 f0.62) 4(p0.59 r0.60 f0.59) 11(p0.58 r0.57 f0.57)
  worst: 8(p0.45 r0.42 f0.43) 6(p0.47 r0.41 f0.44) 7(p0.47 r0.41 f0.44) 9(p0.49 r0.48 f0.49) 5(p0.53 r0.46 f0.50)
[ VALIDATION METRICS TTA]:
Val dist: {0: 1302, 1: 810, 10: 201, 2: 275, 7: 36, 6: 39, 5: 37, 3: 86, 8: 44, 4: 42, 11: 7, 9: 11, 12: 1}
bacc=0.797 macro_f1=0.760
  best : 12(p1.00 r1.00 f1.00) 0(p0.99 r0.95 f0.97) 3(p0.94 r0.99 f0.97) 1(p0.96 r0.94 f0.95) 4(p0.95 r0.93 f0.94)
  worst: 6(p0.35 r0.59 f0.44) 11(p0.50 r0.43 f0.46) 5(p0.42 r0.70 f0.53) 8(p0.64 r0.52 f0.57) 7(p0.48 r0.72 f0.58)
[ RESULTS ] : Epoch 26/60 | train_loss=0.5218 val_loss=0.1884
No improvement on macro_f1. Early stopping counter: 7/10
Step 50/407 | loss=0.5355 bb_lr=0.000079 head_lr=0.000079
Step 100/407 | loss=0.5334 bb_lr=0.000079 head_lr=0.000079
Step 150/407 | loss=0.5330 bb_lr=0.000079 head_lr=0.000079
Step 200/407 | loss=0.5278 bb_lr=0.000079 head_lr=0.000079
Step 250/407 | loss=0.5313 bb_lr=0.000079 head_lr=0.000079
Step 300/407 | loss=0.5369 bb_lr=0.000079 head_lr=0.000079
Step 350/407 | loss=0.5325 bb_lr=0.000079 head_lr=0.000079
Step 400/407 | loss=0.5299 bb_lr=0.000079 head_lr=0.000079
Timing (first 30 train batches) | data=0.034421s infer=0.062827s
[ TRAIN METRICS ]:
bacc=0.548 macro_f1=0.555
  best : 0(p0.66 r0.69 f0.67) 12(p0.66 r0.64 f0.65) 1(p0.61 r0.64 f0.63) 3(p0.59 r0.60 f0.60) 2(p0.58 r0.59 f0.58)
  worst: 6(p0.48 r0.41 f0.44) 7(p0.49 r0.42 f0.45) 5(p0.52 r0.48 f0.50) 8(p0.51 r0.49 f0.50) 9(p0.53 r0.51 f0.52)
[ VALIDATION METRICS TTA]:
Val dist: {0: 1302, 1: 810, 10: 201, 2: 275, 7: 36, 6: 39, 5: 37, 3: 86, 8: 44, 4: 42, 11: 7, 9: 11, 12: 1}
bacc=0.781 macro_f1=0.759
  best : 12(p1.00 r1.00 f1.00) 3(p0.99 r0.97 f0.98) 0(p0.99 r0.95 f0.97) 1(p0.97 r0.94 f0.95) 4(p0.93 r0.95 f0.94)
  worst: 6(p0.28 r0.59 f0.38) 11(p0.50 r0.43 f0.46) 7(p0.53 r0.56 f0.54) 5(p0.56 r0.54 f0.55) 8(p0.65 r0.68 f0.67)
[ RESULTS ] : Epoch 27/60 | train_loss=0.5305 val_loss=0.1900
No improvement on macro_f1. Early stopping counter: 8/10
Step 50/407 | loss=0.5385 bb_lr=0.000073 head_lr=0.000073
Step 100/407 | loss=0.5465 bb_lr=0.000073 head_lr=0.000073
Step 150/407 | loss=0.5390 bb_lr=0.000073 head_lr=0.000073
Step 200/407 | loss=0.5337 bb_lr=0.000073 head_lr=0.000073
Step 250/407 | loss=0.5348 bb_lr=0.000073 head_lr=0.000073
Step 300/407 | loss=0.5326 bb_lr=0.000073 head_lr=0.000073
Step 350/407 | loss=0.5229 bb_lr=0.000073 head_lr=0.000073
Step 400/407 | loss=0.5267 bb_lr=0.000073 head_lr=0.000073
Timing (first 30 train batches) | data=0.033092s infer=0.062701s
[ TRAIN METRICS ]:
bacc=0.556 macro_f1=0.563
  best : 0(p0.67 r0.70 f0.68) 1(p0.64 r0.66 f0.65) 3(p0.62 r0.62 f0.62) 2(p0.59 r0.60 f0.60) 11(p0.59 r0.59 f0.59)
  worst: 6(p0.45 r0.39 f0.42) 7(p0.51 r0.47 f0.49) 5(p0.53 r0.47 f0.50) 8(p0.53 r0.49 f0.51) 12(p0.56 r0.55 f0.55)
[ VALIDATION METRICS TTA]:
Val dist: {0: 1302, 1: 810, 10: 201, 2: 275, 7: 36, 6: 39, 5: 37, 3: 86, 8: 44, 4: 42, 11: 7, 9: 11, 12: 1}
bacc=0.774 macro_f1=0.741
  best : 12(p1.00 r1.00 f1.00) 3(p1.00 r0.95 f0.98) 0(p0.98 r0.95 f0.97) 1(p0.96 r0.93 f0.95) 4(p0.93 r0.95 f0.94)
  worst: 6(p0.31 r0.54 f0.39) 5(p0.47 r0.46 f0.47) 9(p0.40 r0.73 f0.52) 11(p0.50 r0.57 f0.53) 7(p0.47 r0.67 f0.55)
[ RESULTS ] : Epoch 28/60 | train_loss=0.5251 val_loss=0.1962
No improvement on macro_f1. Early stopping counter: 9/10
Step 50/407 | loss=0.4797 bb_lr=0.000065 head_lr=0.000065
Step 100/407 | loss=0.4919 bb_lr=0.000065 head_lr=0.000065
Step 150/407 | loss=0.4884 bb_lr=0.000065 head_lr=0.000065
Step 200/407 | loss=0.4752 bb_lr=0.000065 head_lr=0.000065
Step 250/407 | loss=0.4816 bb_lr=0.000065 head_lr=0.000065
Step 300/407 | loss=0.4807 bb_lr=0.000065 head_lr=0.000065
Step 350/407 | loss=0.4872 bb_lr=0.000065 head_lr=0.000065
Step 400/407 | loss=0.4871 bb_lr=0.000065 head_lr=0.000065
Timing (first 30 train batches) | data=0.032087s infer=0.062836s
[ TRAIN METRICS ]:
bacc=0.571 macro_f1=0.577
  best : 0(p0.67 r0.70 f0.69) 1(p0.64 r0.66 f0.65) 12(p0.62 r0.63 f0.63) 3(p0.62 r0.64 f0.63) 4(p0.62 r0.61 f0.61)
  worst: 6(p0.49 r0.41 f0.45) 7(p0.52 r0.46 f0.49) 9(p0.51 r0.50 f0.50) 8(p0.53 r0.51 f0.52) 5(p0.56 r0.50 f0.53)
[ VALIDATION METRICS TTA]:
Val dist: {0: 1302, 1: 810, 10: 201, 2: 275, 7: 36, 6: 39, 5: 37, 3: 86, 8: 44, 4: 42, 11: 7, 9: 11, 12: 1}
bacc=0.789 macro_f1=0.773
  best : 12(p1.00 r1.00 f1.00) 3(p0.97 r0.99 f0.98) 0(p0.99 r0.96 f0.97) 1(p0.96 r0.95 f0.96) 10(p0.88 r0.93 f0.90)
  worst: 6(p0.35 r0.56 f0.44) 11(p0.60 r0.43 f0.50) 5(p0.57 r0.54 f0.56) 7(p0.55 r0.58 f0.57) 8(p0.59 r0.66 f0.62)
[ RESULTS ] : Epoch 29/60 | train_loss=0.4856 val_loss=0.1793
No improvement on macro_f1. Early stopping counter: 10/10
Early stopping triggered at epoch 29. Best epoch was 19 with macro_f1=0.7759
[FINAL]: Best score achieved at epoch 19 with score: 0.7759179382652002
