Traceback (most recent call last):
  File "<frozen runpy>", line 198, in _run_module_as_main
  File "<frozen runpy>", line 88, in _run_code
  File "/home/infres/yrothlin-24/CHAL_IM05/deep_learning/main.py", line 409, in <module>
    main(config)
  File "/home/infres/yrothlin-24/CHAL_IM05/deep_learning/main.py", line 402, in main
    run_single_train(device, model_config, data_config, training_config)
  File "/home/infres/yrothlin-24/CHAL_IM05/deep_learning/main.py", line 197, in run_single_train
    model = build_model(model_config, device)
            ^^^^^^^^^^^^^^^^^^^^^^^^^^^^^^^^^
  File "/home/infres/yrothlin-24/CHAL_IM05/deep_learning/main.py", line 187, in build_model
    model = Model(**model_config).to(device)
            ^^^^^^^^^^^^^^^^^^^^^
  File "/home/infres/yrothlin-24/CHAL_IM05/deep_learning/models/model.py", line 13, in __init__
    self.backbone = Backbone(name=backbone_name, pretrained=pretrained)
                    ^^^^^^^^^^^^^^^^^^^^^^^^^^^^^^^^^^^^^^^^^^^^^^^^^^^
  File "/home/infres/yrothlin-24/CHAL_IM05/deep_learning/models/backbone.py", line 51, in __init__
    self.backbone = self._load_backbone(name)
                    ^^^^^^^^^^^^^^^^^^^^^^^^^
  File "/home/infres/yrothlin-24/CHAL_IM05/deep_learning/models/backbone.py", line 160, in _load_backbone
    raise ValueError(f"Backbone inconnu: {name}")
ValueError: Backbone inconnu: RESNET101
