--------------------------------------------------------------------------------
BACKBONE: RESNET_50
MODE: training
DEVICE: cuda
--------------------------------------------------------------------------------
--------------------------------------------------------------------------------
MODEL INFORMATIONS
Backbone         : RESNET_50
Feature dim      : 2048
Backbone params  : 23,508,032
Head params      : 2,629,645
Total params     : 26,137,677
Trainable params : 26,137,677
Frozen backbone  : False
--------------------------------------------------------------------------------
[DATALOADER]: Using grouped single split
[DATALOADER] Train distribution: [11713, 7291, 2471, 775, 373, 329, 352, 324, 397, 103, 1811, 61, 10]
[DATALOADER] Val distribution  : [1302, 810, 275, 86, 42, 37, 39, 36, 44, 11, 201, 7, 1]
[DATALOADER]: Using weighted sampling
[DATALOADER]: Using TTA
Successfully loaded data with sizes: train=26010, val=2891, test=N/A
Validation set distribution: {0: 1302, 1: 810, 2: 275, 3: 86, 4: 42, 5: 37, 6: 39, 7: 36, 8: 44, 9: 11, 10: 201, 11: 7, 12: 1}
Trainer config: {'save_ckpt': True, 'ckpt_dir': '/home/infres/yrothlin-24/CHAL_IM05/checkpoints/tests', 'ckpt_every': 1, 'resume_from': '/home/infres/yrothlin-24/CHAL_IM05/checkpoints/tests/best.pt', 'resume': True, 'resume_from_pretrained': '/home/infres/yrothlin-24/CHAL_IM05/checkpoints/contrastive_pretraining/best.pt', 'resume_pretrained': False, 'monitor': 'macro_f1', 'early_stopping': True, 'early_stopping_patience': 10, 'early_stopping_mode': 'max', 'use_mixup': True, 'mixup_alpha': 0.2, 'use_cutmix': True, 'cutmix_alpha': 1.0, 'cutmix_prob': 0.5, 'loss': 'focal', 'gamma': 2.0, 'bb_lr': 0.0003, 'head_lr': 0.0003, 'finetune_bb_lr': 0.0001, 'finetune_head_lr': 0.0001, 'weight_decay': 0.0001, 'num_epochs': 60, 'warmup_epochs': 0, 'optimizer': 'adamw', 'scheduler': 'cosine_restarts', 'use_amp': False, 'grad_clip': 1.0, 'log_step': 50, 'tta_rounds': 4, 'label_smoothing': 0.05, 'use_weights': False, 'weights': [0.131885, 0.167166, 0.287122, 0.512761, 0.738572, 0.786459, 0.760902, 0.792986, 0.716469, 1.409173, 0.335431, 1.824578, 4.536496], 'plot_tsne': True, 'tsne_split': 'val', 'tsne_every': 5, 'tsne_max_samples': 1000, 'tsne_perplexity': 30.0, 'tsne_dir': '/home/infres/yrothlin-24/CHAL_IM05/logs/tests/TSNE', 'plot_confusion': True, 'confusion_split': 'val', 'confusion_every': 5, 'confusion_normalize': True, 'confusion_dir': '/home/infres/yrothlin-24/CHAL_IM05/logs/tests/confusion', 'class_names': ['SNE', 'LY', 'MO', 'EO', 'BA', 'VLY', 'BNE', 'MMY', 'MY', 'PMY', 'BL', 'PC', 'PLY']}
MODE EVALUATION : False
Using TTA with : 4 rounds
Early stopping enabled with patience=10 and mode=max
TSNE will be plotted every 5 epochs and saved to: /home/infres/yrothlin-24/CHAL_IM05/logs/tests/TSNE
Confusion matrices will be plotted every 5 epochs and saved to: /home/infres/yrothlin-24/CHAL_IM05/logs/tests/confusion
Backbone frozen at epoch 1. Trainable parameters: 2629645
Backbone unfrozen at epoch 1. Trainable parameters: 26137677
Step 50/407 | loss=1.8086 bb_lr=0.000100 head_lr=0.000100
Step 100/407 | loss=1.6119 bb_lr=0.000100 head_lr=0.000100
Step 150/407 | loss=1.4924 bb_lr=0.000100 head_lr=0.000100
Step 200/407 | loss=1.3903 bb_lr=0.000100 head_lr=0.000100
Step 250/407 | loss=1.3335 bb_lr=0.000100 head_lr=0.000100
Step 300/407 | loss=1.2604 bb_lr=0.000100 head_lr=0.000100
Step 350/407 | loss=1.2048 bb_lr=0.000100 head_lr=0.000100
Step 400/407 | loss=1.1607 bb_lr=0.000100 head_lr=0.000100
Timing (first 30 train batches) | data=0.019401s infer=0.074123s
[ TRAIN METRICS ]:
bacc=0.250 macro_f1=0.264
  best : 0(p0.49 r0.73 f0.58) 1(p0.45 r0.61 f0.52) 10(p0.44 r0.38 f0.41) 3(p0.50 r0.33 f0.40) 2(p0.38 r0.41 f0.39)
  worst: 12(p0.00 r0.00 f0.00) 11(p0.50 r0.04 f0.07) 5(p0.25 r0.05 f0.08) 6(p0.30 r0.07 f0.11) 7(p0.22 r0.08 f0.12)
[ VALIDATION METRICS TTA]:
Val dist: {0: 1302, 1: 810, 10: 201, 2: 275, 7: 36, 6: 39, 5: 37, 3: 86, 8: 44, 4: 42, 11: 7, 9: 11, 12: 1}
bacc=0.560 macro_f1=0.547
  best : 0(p0.97 r0.95 f0.96) 1(p0.93 r0.94 f0.94) 4(p0.94 r0.81 f0.87) 3(p1.00 r0.76 f0.86) 10(p0.80 r0.87 f0.83)
  worst: 12(p0.00 r0.00 f0.00) 5(p0.44 r0.11 f0.17) 7(p0.27 r0.19 f0.23) 6(p0.20 r0.28 f0.24) 8(p0.48 r0.23 f0.31)
[TSNE] Saved to /home/infres/yrothlin-24/CHAL_IM05/logs/tests/TSNE/tsne_val_epoch_001.png
[CONFUSION] Saved to /home/infres/yrothlin-24/CHAL_IM05/logs/tests/confusion/confusion_val_epoch_001_norm.png
[ RESULTS ] : Epoch 1/60 | train_loss=1.1563 val_loss=0.3049
New best macro_f1: 0.5475 at epoch 1.
Saving best checkpoint.
Checkpoint saved: /home/infres/yrothlin-24/CHAL_IM05/checkpoints/tests/best.pt
Step 50/407 | loss=0.8394 bb_lr=0.000099 head_lr=0.000099
Step 100/407 | loss=0.8744 bb_lr=0.000099 head_lr=0.000099
Step 150/407 | loss=0.8392 bb_lr=0.000099 head_lr=0.000099
Step 200/407 | loss=0.8367 bb_lr=0.000099 head_lr=0.000099
Step 250/407 | loss=0.8238 bb_lr=0.000099 head_lr=0.000099
Step 300/407 | loss=0.8151 bb_lr=0.000099 head_lr=0.000099
Step 350/407 | loss=0.8044 bb_lr=0.000099 head_lr=0.000099
Step 400/407 | loss=0.8107 bb_lr=0.000099 head_lr=0.000099
Timing (first 30 train batches) | data=0.017880s infer=0.069045s
[ TRAIN METRICS ]:
bacc=0.414 macro_f1=0.434
  best : 0(p0.62 r0.68 f0.65) 1(p0.57 r0.64 f0.60) 4(p0.57 r0.56 f0.57) 3(p0.57 r0.56 f0.56) 10(p0.53 r0.53 f0.53)
  worst: 12(p0.56 r0.15 f0.23) 7(p0.31 r0.20 f0.25) 6(p0.34 r0.24 f0.28) 5(p0.37 r0.25 f0.30) 9(p0.40 r0.30 f0.34)
[ VALIDATION METRICS TTA]:
Val dist: {0: 1302, 1: 810, 10: 201, 2: 275, 7: 36, 6: 39, 5: 37, 3: 86, 8: 44, 4: 42, 11: 7, 9: 11, 12: 1}
bacc=0.702 macro_f1=0.583
  best : 3(p0.94 r0.94 f0.94) 0(p0.99 r0.87 f0.93) 1(p0.95 r0.84 f0.90) 4(p0.97 r0.81 f0.88) 2(p0.78 r0.87 f0.82)
  worst: 12(p0.11 r1.00 f0.20) 6(p0.17 r0.59 f0.26) 7(p0.26 r0.31 f0.28) 5(p1.00 r0.16 f0.28) 9(p0.26 r0.91 f0.40)
[ RESULTS ] : Epoch 2/60 | train_loss=0.8095 val_loss=0.4068
New best macro_f1: 0.5829 at epoch 2.
Saving best checkpoint.
Checkpoint saved: /home/infres/yrothlin-24/CHAL_IM05/checkpoints/tests/best.pt
Step 50/407 | loss=0.7939 bb_lr=0.000098 head_lr=0.000098
Step 100/407 | loss=0.8228 bb_lr=0.000098 head_lr=0.000098
Step 150/407 | loss=0.8188 bb_lr=0.000098 head_lr=0.000098
Step 200/407 | loss=0.7851 bb_lr=0.000098 head_lr=0.000098
Step 250/407 | loss=0.7810 bb_lr=0.000098 head_lr=0.000098
Step 300/407 | loss=0.7809 bb_lr=0.000098 head_lr=0.000098
Step 350/407 | loss=0.7688 bb_lr=0.000098 head_lr=0.000098
Step 400/407 | loss=0.7606 bb_lr=0.000098 head_lr=0.000098
Timing (first 30 train batches) | data=0.022102s infer=0.072011s
[ TRAIN METRICS ]:
bacc=0.438 macro_f1=0.453
  best : 0(p0.62 r0.67 f0.65) 1(p0.56 r0.62 f0.58) 4(p0.56 r0.55 f0.55) 3(p0.54 r0.55 f0.55) 10(p0.52 r0.52 f0.52)
  worst: 7(p0.32 r0.23 f0.27) 6(p0.38 r0.27 f0.31) 5(p0.43 r0.30 f0.35) 8(p0.38 r0.35 f0.36) 9(p0.41 r0.34 f0.37)
[ VALIDATION METRICS TTA]:
Val dist: {0: 1302, 1: 810, 10: 201, 2: 275, 7: 36, 6: 39, 5: 37, 3: 86, 8: 44, 4: 42, 11: 7, 9: 11, 12: 1}
bacc=0.766 macro_f1=0.679
  best : 0(p0.98 r0.94 f0.96) 3(p1.00 r0.91 f0.95) 4(p0.95 r0.90 f0.93) 1(p0.96 r0.89 f0.93) 2(p0.87 r0.87 f0.87)
  worst: 6(p0.28 r0.56 f0.37) 11(p0.38 r0.43 f0.40) 12(p0.25 r1.00 f0.40) 9(p0.40 r0.73 f0.52) 5(p0.47 r0.59 f0.52)
[ RESULTS ] : Epoch 3/60 | train_loss=0.7571 val_loss=0.2534
New best macro_f1: 0.6794 at epoch 3.
Saving best checkpoint.
Checkpoint saved: /home/infres/yrothlin-24/CHAL_IM05/checkpoints/tests/best.pt
Step 50/407 | loss=0.7371 bb_lr=0.000095 head_lr=0.000095
Step 100/407 | loss=0.7217 bb_lr=0.000095 head_lr=0.000095
Step 150/407 | loss=0.7288 bb_lr=0.000095 head_lr=0.000095
Step 200/407 | loss=0.7331 bb_lr=0.000095 head_lr=0.000095
Step 250/407 | loss=0.7295 bb_lr=0.000095 head_lr=0.000095
Step 300/407 | loss=0.7199 bb_lr=0.000095 head_lr=0.000095
Step 350/407 | loss=0.7072 bb_lr=0.000095 head_lr=0.000095
Step 400/407 | loss=0.7018 bb_lr=0.000095 head_lr=0.000095
Timing (first 30 train batches) | data=0.019200s infer=0.069261s
[ TRAIN METRICS ]:
bacc=0.487 macro_f1=0.502
  best : 0(p0.64 r0.69 f0.67) 1(p0.60 r0.65 f0.62) 3(p0.61 r0.60 f0.60) 4(p0.58 r0.57 f0.57) 10(p0.56 r0.57 f0.56)
  worst: 7(p0.37 r0.28 f0.32) 6(p0.41 r0.30 f0.35) 5(p0.46 r0.33 f0.38) 9(p0.42 r0.36 f0.39) 8(p0.43 r0.43 f0.43)
[ VALIDATION METRICS TTA]:
Val dist: {0: 1302, 1: 810, 10: 201, 2: 275, 7: 36, 6: 39, 5: 37, 3: 86, 8: 44, 4: 42, 11: 7, 9: 11, 12: 1}
bacc=0.678 macro_f1=0.608
  best : 0(p0.99 r0.93 f0.96) 3(p0.92 r0.99 f0.96) 1(p0.95 r0.91 f0.93) 4(p1.00 r0.86 f0.92) 10(p0.91 r0.82 f0.86)
  worst: 12(p0.00 r0.00 f0.00) 11(p0.13 r0.29 f0.18) 6(p0.23 r0.67 f0.35) 7(p0.37 r0.44 f0.41) 9(p0.33 r0.73 f0.46)
[ RESULTS ] : Epoch 4/60 | train_loss=0.7012 val_loss=0.2763
No improvement on macro_f1. Early stopping counter: 1/10
Step 50/407 | loss=0.6526 bb_lr=0.000090 head_lr=0.000090
Step 100/407 | loss=0.6725 bb_lr=0.000090 head_lr=0.000090
Step 150/407 | loss=0.6672 bb_lr=0.000090 head_lr=0.000090
Step 200/407 | loss=0.6756 bb_lr=0.000090 head_lr=0.000090
Step 250/407 | loss=0.6736 bb_lr=0.000090 head_lr=0.000090
Step 300/407 | loss=0.6726 bb_lr=0.000090 head_lr=0.000090
Step 350/407 | loss=0.6664 bb_lr=0.000090 head_lr=0.000090
Step 400/407 | loss=0.6676 bb_lr=0.000090 head_lr=0.000090
Timing (first 30 train batches) | data=0.018042s infer=0.070193s
[ TRAIN METRICS ]:
bacc=0.495 macro_f1=0.510
  best : 0(p0.65 r0.70 f0.68) 4(p0.62 r0.62 f0.62) 1(p0.59 r0.63 f0.61) 3(p0.60 r0.60 f0.60) 10(p0.56 r0.57 f0.56)
  worst: 7(p0.38 r0.29 f0.33) 6(p0.43 r0.33 f0.37) 5(p0.49 r0.37 f0.42) 8(p0.44 r0.41 f0.43) 9(p0.46 r0.40 f0.43)
[ VALIDATION METRICS TTA]:
Val dist: {0: 1302, 1: 810, 10: 201, 2: 275, 7: 36, 6: 39, 5: 37, 3: 86, 8: 44, 4: 42, 11: 7, 9: 11, 12: 1}
bacc=0.769 macro_f1=0.709
  best : 3(p1.00 r0.95 f0.98) 0(p0.98 r0.95 f0.97) 1(p0.94 r0.94 f0.94) 4(p0.93 r0.93 f0.93) 2(p0.89 r0.90 f0.89)
  worst: 6(p0.28 r0.56 f0.37) 11(p0.50 r0.43 f0.46) 12(p0.33 r1.00 f0.50) 7(p0.51 r0.53 f0.52) 5(p0.74 r0.46 f0.57)
[TSNE] Saved to /home/infres/yrothlin-24/CHAL_IM05/logs/tests/TSNE/tsne_val_epoch_005.png
[CONFUSION] Saved to /home/infres/yrothlin-24/CHAL_IM05/logs/tests/confusion/confusion_val_epoch_005_norm.png
[ RESULTS ] : Epoch 5/60 | train_loss=0.6708 val_loss=0.2445
New best macro_f1: 0.7093 at epoch 5.
Saving best checkpoint.
Checkpoint saved: /home/infres/yrothlin-24/CHAL_IM05/checkpoints/tests/best.pt
Step 50/407 | loss=0.6542 bb_lr=0.000085 head_lr=0.000085
Step 100/407 | loss=0.6477 bb_lr=0.000085 head_lr=0.000085
Step 150/407 | loss=0.6514 bb_lr=0.000085 head_lr=0.000085
Step 200/407 | loss=0.6501 bb_lr=0.000085 head_lr=0.000085
Step 250/407 | loss=0.6603 bb_lr=0.000085 head_lr=0.000085
Step 300/407 | loss=0.6570 bb_lr=0.000085 head_lr=0.000085
Step 350/407 | loss=0.6542 bb_lr=0.000085 head_lr=0.000085
Step 400/407 | loss=0.6530 bb_lr=0.000085 head_lr=0.000085
Timing (first 30 train batches) | data=0.019457s infer=0.069277s
[ TRAIN METRICS ]:
bacc=0.499 macro_f1=0.511
  best : 0(p0.65 r0.69 f0.67) 1(p0.61 r0.65 f0.63) 3(p0.60 r0.60 f0.60) 4(p0.59 r0.60 f0.60) 10(p0.57 r0.57 f0.57)
  worst: 7(p0.40 r0.30 f0.35) 6(p0.41 r0.31 f0.35) 5(p0.48 r0.37 f0.42) 8(p0.45 r0.41 f0.43) 9(p0.47 r0.42 f0.45)
[ VALIDATION METRICS TTA]:
Val dist: {0: 1302, 1: 810, 10: 201, 2: 275, 7: 36, 6: 39, 5: 37, 3: 86, 8: 44, 4: 42, 11: 7, 9: 11, 12: 1}
bacc=0.796 macro_f1=0.711
  best : 3(p0.97 r0.98 f0.97) 0(p0.99 r0.93 f0.96) 1(p0.95 r0.92 f0.94) 4(p0.95 r0.88 f0.91) 2(p0.90 r0.86 f0.88)
  worst: 11(p0.33 r0.29 f0.31) 6(p0.28 r0.69 f0.40) 12(p0.33 r1.00 f0.50) 5(p0.44 r0.65 f0.53) 7(p0.51 r0.72 f0.60)
[ RESULTS ] : Epoch 6/60 | train_loss=0.6515 val_loss=0.2361
New best macro_f1: 0.7112 at epoch 6.
Saving best checkpoint.
Checkpoint saved: /home/infres/yrothlin-24/CHAL_IM05/checkpoints/tests/best.pt
Step 50/407 | loss=0.6477 bb_lr=0.000079 head_lr=0.000079
Step 100/407 | loss=0.6348 bb_lr=0.000079 head_lr=0.000079
Step 150/407 | loss=0.6195 bb_lr=0.000079 head_lr=0.000079
Step 200/407 | loss=0.6266 bb_lr=0.000079 head_lr=0.000079
Step 250/407 | loss=0.6376 bb_lr=0.000079 head_lr=0.000079
Step 300/407 | loss=0.6356 bb_lr=0.000079 head_lr=0.000079
Step 350/407 | loss=0.6318 bb_lr=0.000079 head_lr=0.000079
Step 400/407 | loss=0.6213 bb_lr=0.000079 head_lr=0.000079
Timing (first 30 train batches) | data=0.019981s infer=0.070513s
[ TRAIN METRICS ]:
bacc=0.514 macro_f1=0.524
  best : 0(p0.65 r0.70 f0.68) 1(p0.61 r0.64 f0.63) 3(p0.60 r0.61 f0.61) 4(p0.58 r0.58 f0.58) 12(p0.59 r0.55 f0.57)
  worst: 6(p0.39 r0.30 f0.34) 7(p0.40 r0.33 f0.36) 5(p0.50 r0.40 f0.44) 8(p0.47 r0.45 f0.46) 9(p0.49 r0.45 f0.47)
[ VALIDATION METRICS TTA]:
Val dist: {0: 1302, 1: 810, 10: 201, 2: 275, 7: 36, 6: 39, 5: 37, 3: 86, 8: 44, 4: 42, 11: 7, 9: 11, 12: 1}
bacc=0.780 macro_f1=0.709
  best : 0(p0.99 r0.96 f0.97) 3(p0.98 r0.95 f0.96) 1(p0.95 r0.95 f0.95) 4(p0.97 r0.90 f0.94) 2(p0.91 r0.86 f0.88)
  worst: 6(p0.34 r0.51 f0.41) 11(p0.43 r0.43 f0.43) 12(p0.33 r1.00 f0.50) 9(p0.37 r0.91 f0.53) 7(p0.53 r0.58 f0.55)
[ RESULTS ] : Epoch 7/60 | train_loss=0.6170 val_loss=0.1951
No improvement on macro_f1. Early stopping counter: 1/10
Step 50/407 | loss=0.5970 bb_lr=0.000073 head_lr=0.000073
Step 100/407 | loss=0.5795 bb_lr=0.000073 head_lr=0.000073
Step 150/407 | loss=0.5734 bb_lr=0.000073 head_lr=0.000073
Step 200/407 | loss=0.5806 bb_lr=0.000073 head_lr=0.000073
Step 250/407 | loss=0.5809 bb_lr=0.000073 head_lr=0.000073
Step 300/407 | loss=0.5761 bb_lr=0.000073 head_lr=0.000073
Step 350/407 | loss=0.5764 bb_lr=0.000073 head_lr=0.000073
Step 400/407 | loss=0.5794 bb_lr=0.000073 head_lr=0.000073
Timing (first 30 train batches) | data=0.021212s infer=0.069940s
[ TRAIN METRICS ]:
bacc=0.506 macro_f1=0.517
  best : 0(p0.66 r0.69 f0.67) 1(p0.61 r0.64 f0.62) 4(p0.59 r0.59 f0.59) 3(p0.58 r0.59 f0.59) 12(p0.59 r0.56 f0.58)
  worst: 6(p0.42 r0.32 f0.36) 7(p0.41 r0.33 f0.37) 8(p0.45 r0.42 f0.43) 9(p0.47 r0.41 f0.44) 5(p0.49 r0.42 f0.45)
[ VALIDATION METRICS TTA]:
Val dist: {0: 1302, 1: 810, 10: 201, 2: 275, 7: 36, 6: 39, 5: 37, 3: 86, 8: 44, 4: 42, 11: 7, 9: 11, 12: 1}
bacc=0.772 macro_f1=0.716
  best : 3(p0.97 r0.98 f0.97) 0(p0.99 r0.95 f0.97) 1(p0.95 r0.96 f0.95) 4(p0.91 r0.95 f0.93) 10(p0.86 r0.92 f0.89)
  worst: 6(p0.33 r0.59 f0.43) 11(p0.43 r0.43 f0.43) 7(p0.47 r0.42 f0.44) 12(p0.33 r1.00 f0.50) 5(p0.78 r0.38 f0.51)
[ RESULTS ] : Epoch 8/60 | train_loss=0.5820 val_loss=0.1994
New best macro_f1: 0.7160 at epoch 8.
Saving best checkpoint.
Checkpoint saved: /home/infres/yrothlin-24/CHAL_IM05/checkpoints/tests/best.pt
Step 50/407 | loss=0.5771 bb_lr=0.000065 head_lr=0.000065
Step 100/407 | loss=0.5808 bb_lr=0.000065 head_lr=0.000065
Step 150/407 | loss=0.5781 bb_lr=0.000065 head_lr=0.000065
Step 200/407 | loss=0.5831 bb_lr=0.000065 head_lr=0.000065
Step 250/407 | loss=0.5845 bb_lr=0.000065 head_lr=0.000065
Step 300/407 | loss=0.5899 bb_lr=0.000065 head_lr=0.000065
Step 350/407 | loss=0.5925 bb_lr=0.000065 head_lr=0.000065
Step 400/407 | loss=0.5901 bb_lr=0.000065 head_lr=0.000065
Timing (first 30 train batches) | data=0.020204s infer=0.069991s
[ TRAIN METRICS ]:
bacc=0.535 macro_f1=0.545
  best : 0(p0.66 r0.71 f0.69) 1(p0.62 r0.66 f0.64) 12(p0.63 r0.60 f0.61) 4(p0.62 r0.61 f0.61) 3(p0.59 r0.60 f0.60)
  worst: 6(p0.43 r0.33 f0.37) 7(p0.44 r0.34 f0.38) 5(p0.51 r0.41 f0.46) 8(p0.48 r0.45 f0.47) 9(p0.51 r0.47 f0.49)
[ VALIDATION METRICS TTA]:
Val dist: {0: 1302, 1: 810, 10: 201, 2: 275, 7: 36, 6: 39, 5: 37, 3: 86, 8: 44, 4: 42, 11: 7, 9: 11, 12: 1}
bacc=0.788 macro_f1=0.735
  best : 3(p0.95 r0.98 f0.97) 0(p0.99 r0.93 f0.96) 1(p0.94 r0.96 f0.95) 4(p0.97 r0.81 f0.88) 10(p0.84 r0.93 f0.88)
  worst: 6(p0.29 r0.77 f0.43) 11(p0.60 r0.43 f0.50) 7(p0.54 r0.53 f0.54) 5(p0.62 r0.57 f0.59) 8(p0.64 r0.57 f0.60)
[ RESULTS ] : Epoch 9/60 | train_loss=0.5918 val_loss=0.2157
New best macro_f1: 0.7349 at epoch 9.
Saving best checkpoint.
Checkpoint saved: /home/infres/yrothlin-24/CHAL_IM05/checkpoints/tests/best.pt
Step 50/407 | loss=0.5860 bb_lr=0.000058 head_lr=0.000058
Step 100/407 | loss=0.5644 bb_lr=0.000058 head_lr=0.000058
Step 150/407 | loss=0.5846 bb_lr=0.000058 head_lr=0.000058
Step 200/407 | loss=0.5853 bb_lr=0.000058 head_lr=0.000058
Step 250/407 | loss=0.5775 bb_lr=0.000058 head_lr=0.000058
Step 300/407 | loss=0.5791 bb_lr=0.000058 head_lr=0.000058
Step 350/407 | loss=0.5763 bb_lr=0.000058 head_lr=0.000058
Step 400/407 | loss=0.5701 bb_lr=0.000058 head_lr=0.000058
Timing (first 30 train batches) | data=0.020079s infer=0.069701s
[ TRAIN METRICS ]:
bacc=0.533 macro_f1=0.543
  best : 0(p0.64 r0.68 f0.66) 1(p0.62 r0.65 f0.63) 12(p0.65 r0.61 f0.63) 3(p0.60 r0.61 f0.61) 4(p0.60 r0.60 f0.60)
  worst: 6(p0.45 r0.36 f0.40) 7(p0.46 r0.39 f0.42) 8(p0.46 r0.43 f0.45) 5(p0.50 r0.43 f0.46) 9(p0.52 r0.50 f0.51)
[ VALIDATION METRICS TTA]:
Val dist: {0: 1302, 1: 810, 10: 201, 2: 275, 7: 36, 6: 39, 5: 37, 3: 86, 8: 44, 4: 42, 11: 7, 9: 11, 12: 1}
bacc=0.759 macro_f1=0.725
  best : 0(p0.98 r0.95 f0.97) 1(p0.95 r0.96 f0.95) 3(p0.99 r0.91 f0.95) 4(p0.97 r0.86 f0.91) 10(p0.90 r0.90 f0.90)
  worst: 6(p0.33 r0.59 f0.42) 11(p0.50 r0.43 f0.46) 7(p0.49 r0.53 f0.51) 5(p0.48 r0.57 f0.52) 9(p0.75 r0.55 f0.63)
[TSNE] Saved to /home/infres/yrothlin-24/CHAL_IM05/logs/tests/TSNE/tsne_val_epoch_010.png
[CONFUSION] Saved to /home/infres/yrothlin-24/CHAL_IM05/logs/tests/confusion/confusion_val_epoch_010_norm.png
[ RESULTS ] : Epoch 10/60 | train_loss=0.5705 val_loss=0.1925
No improvement on macro_f1. Early stopping counter: 1/10
Step 50/407 | loss=0.5767 bb_lr=0.000050 head_lr=0.000050
Step 100/407 | loss=0.5833 bb_lr=0.000050 head_lr=0.000050
Step 150/407 | loss=0.5913 bb_lr=0.000050 head_lr=0.000050
Step 200/407 | loss=0.5759 bb_lr=0.000050 head_lr=0.000050
Step 250/407 | loss=0.5744 bb_lr=0.000050 head_lr=0.000050
Step 300/407 | loss=0.5756 bb_lr=0.000050 head_lr=0.000050
Step 350/407 | loss=0.5756 bb_lr=0.000050 head_lr=0.000050
Step 400/407 | loss=0.5704 bb_lr=0.000050 head_lr=0.000050
Timing (first 30 train batches) | data=0.023573s infer=0.069211s
[ TRAIN METRICS ]:
bacc=0.548 macro_f1=0.558
  best : 0(p0.66 r0.71 f0.69) 1(p0.63 r0.66 f0.64) 4(p0.61 r0.61 f0.61) 3(p0.60 r0.61 f0.60) 12(p0.62 r0.57 f0.59)
  worst: 7(p0.44 r0.35 f0.39) 6(p0.47 r0.37 f0.42) 5(p0.55 r0.45 f0.49) 8(p0.52 r0.51 f0.52) 9(p0.56 r0.51 f0.53)
[ VALIDATION METRICS TTA]:
Val dist: {0: 1302, 1: 810, 10: 201, 2: 275, 7: 36, 6: 39, 5: 37, 3: 86, 8: 44, 4: 42, 11: 7, 9: 11, 12: 1}
bacc=0.772 macro_f1=0.714
  best : 0(p0.98 r0.96 f0.97) 1(p0.96 r0.95 f0.95) 3(p0.99 r0.91 f0.95) 4(p0.93 r0.88 f0.90) 2(p0.89 r0.87 f0.88)
  worst: 6(p0.36 r0.59 f0.45) 11(p0.60 r0.43 f0.50) 12(p0.33 r1.00 f0.50) 5(p0.54 r0.51 f0.53) 9(p0.43 r0.82 f0.56)
[ RESULTS ] : Epoch 11/60 | train_loss=0.5723 val_loss=0.2041
No improvement on macro_f1. Early stopping counter: 2/10
Step 50/407 | loss=0.5612 bb_lr=0.000042 head_lr=0.000042
Step 100/407 | loss=0.5574 bb_lr=0.000042 head_lr=0.000042
Step 150/407 | loss=0.5643 bb_lr=0.000042 head_lr=0.000042
Step 200/407 | loss=0.5739 bb_lr=0.000042 head_lr=0.000042
Step 250/407 | loss=0.5763 bb_lr=0.000042 head_lr=0.000042
Step 300/407 | loss=0.5759 bb_lr=0.000042 head_lr=0.000042
Step 350/407 | loss=0.5756 bb_lr=0.000042 head_lr=0.000042
Step 400/407 | loss=0.5819 bb_lr=0.000042 head_lr=0.000042
Timing (first 30 train batches) | data=0.022051s infer=0.069556s
[ TRAIN METRICS ]:
bacc=0.566 macro_f1=0.574
  best : 0(p0.68 r0.71 f0.69) 1(p0.65 r0.68 f0.66) 4(p0.63 r0.64 f0.63) 3(p0.62 r0.62 f0.62) 2(p0.60 r0.62 f0.61)
  worst: 6(p0.50 r0.40 f0.45) 7(p0.50 r0.42 f0.45) 5(p0.54 r0.46 f0.50) 8(p0.51 r0.49 f0.50) 9(p0.57 r0.55 f0.56)
[ VALIDATION METRICS TTA]:
Val dist: {0: 1302, 1: 810, 10: 201, 2: 275, 7: 36, 6: 39, 5: 37, 3: 86, 8: 44, 4: 42, 11: 7, 9: 11, 12: 1}
bacc=0.780 macro_f1=0.733
  best : 3(p0.98 r0.99 f0.98) 0(p0.99 r0.96 f0.97) 1(p0.96 r0.95 f0.95) 4(p0.95 r0.93 f0.94) 2(p0.91 r0.85 f0.88)
  worst: 11(p0.43 r0.43 f0.43) 6(p0.36 r0.62 f0.46) 7(p0.45 r0.69 f0.54) 9(p0.60 r0.55 f0.57) 5(p0.60 r0.57 f0.58)
[ RESULTS ] : Epoch 12/60 | train_loss=0.5785 val_loss=0.1870
No improvement on macro_f1. Early stopping counter: 3/10
Step 50/407 | loss=0.5949 bb_lr=0.000035 head_lr=0.000035
Step 100/407 | loss=0.5180 bb_lr=0.000035 head_lr=0.000035
Step 150/407 | loss=0.5289 bb_lr=0.000035 head_lr=0.000035
Step 200/407 | loss=0.5207 bb_lr=0.000035 head_lr=0.000035
Step 250/407 | loss=0.5078 bb_lr=0.000035 head_lr=0.000035
Step 300/407 | loss=0.5055 bb_lr=0.000035 head_lr=0.000035
Step 350/407 | loss=0.5199 bb_lr=0.000035 head_lr=0.000035
Step 400/407 | loss=0.5186 bb_lr=0.000035 head_lr=0.000035
Timing (first 30 train batches) | data=0.021045s infer=0.070794s
[ TRAIN METRICS ]:
bacc=0.567 macro_f1=0.573
  best : 0(p0.67 r0.70 f0.68) 1(p0.64 r0.66 f0.65) 11(p0.62 r0.62 f0.62) 12(p0.62 r0.62 f0.62) 3(p0.61 r0.61 f0.61)
  worst: 6(p0.47 r0.40 f0.43) 7(p0.47 r0.41 f0.44) 8(p0.52 r0.49 f0.50) 5(p0.55 r0.49 f0.52) 9(p0.59 r0.57 f0.58)
[ VALIDATION METRICS TTA]:
Val dist: {0: 1302, 1: 810, 10: 201, 2: 275, 7: 36, 6: 39, 5: 37, 3: 86, 8: 44, 4: 42, 11: 7, 9: 11, 12: 1}
bacc=0.797 macro_f1=0.731
  best : 3(p0.96 r0.99 f0.97) 0(p0.99 r0.94 f0.96) 1(p0.96 r0.93 f0.94) 4(p0.97 r0.86 f0.91) 2(p0.88 r0.90 f0.89)
  worst: 6(p0.31 r0.69 f0.43) 11(p0.50 r0.43 f0.46) 5(p0.54 r0.54 f0.54) 7(p0.49 r0.61 f0.54) 9(p0.53 r0.82 f0.64)
[ RESULTS ] : Epoch 13/60 | train_loss=0.5192 val_loss=0.2087
No improvement on macro_f1. Early stopping counter: 4/10
Step 50/407 | loss=0.5563 bb_lr=0.000027 head_lr=0.000027
Step 100/407 | loss=0.5384 bb_lr=0.000027 head_lr=0.000027
Step 150/407 | loss=0.5306 bb_lr=0.000027 head_lr=0.000027
Step 200/407 | loss=0.5202 bb_lr=0.000027 head_lr=0.000027
Step 250/407 | loss=0.5117 bb_lr=0.000027 head_lr=0.000027
Step 300/407 | loss=0.5089 bb_lr=0.000027 head_lr=0.000027
Step 350/407 | loss=0.5115 bb_lr=0.000027 head_lr=0.000027
Step 400/407 | loss=0.5051 bb_lr=0.000027 head_lr=0.000027
Timing (first 30 train batches) | data=0.019653s infer=0.069580s
[ TRAIN METRICS ]:
bacc=0.581 macro_f1=0.588
  best : 0(p0.68 r0.72 f0.70) 1(p0.65 r0.67 f0.66) 4(p0.64 r0.64 f0.64) 3(p0.62 r0.63 f0.63) 10(p0.61 r0.61 f0.61)
  worst: 6(p0.50 r0.43 f0.46) 7(p0.52 r0.44 f0.47) 5(p0.58 r0.52 f0.55) 8(p0.58 r0.54 f0.56) 9(p0.58 r0.55 f0.57)
[ VALIDATION METRICS TTA]:
Val dist: {0: 1302, 1: 810, 10: 201, 2: 275, 7: 36, 6: 39, 5: 37, 3: 86, 8: 44, 4: 42, 11: 7, 9: 11, 12: 1}
bacc=0.797 macro_f1=0.743
  best : 3(p0.99 r0.97 f0.98) 0(p0.99 r0.95 f0.97) 1(p0.95 r0.96 f0.96) 4(p0.97 r0.86 f0.91) 10(p0.88 r0.90 f0.89)
  worst: 11(p0.50 r0.43 f0.46) 6(p0.35 r0.74 f0.48) 5(p0.57 r0.54 f0.56) 7(p0.49 r0.67 f0.56) 8(p0.64 r0.66 f0.65)
[ RESULTS ] : Epoch 14/60 | train_loss=0.5059 val_loss=0.1973
New best macro_f1: 0.7433 at epoch 14.
Saving best checkpoint.
Checkpoint saved: /home/infres/yrothlin-24/CHAL_IM05/checkpoints/tests/best.pt
Step 50/407 | loss=0.4753 bb_lr=0.000021 head_lr=0.000021
Step 100/407 | loss=0.4458 bb_lr=0.000021 head_lr=0.000021
Step 150/407 | loss=0.4429 bb_lr=0.000021 head_lr=0.000021
Step 200/407 | loss=0.4483 bb_lr=0.000021 head_lr=0.000021
Step 250/407 | loss=0.4742 bb_lr=0.000021 head_lr=0.000021
Step 300/407 | loss=0.4785 bb_lr=0.000021 head_lr=0.000021
Step 350/407 | loss=0.4783 bb_lr=0.000021 head_lr=0.000021
Step 400/407 | loss=0.4879 bb_lr=0.000021 head_lr=0.000021
Timing (first 30 train batches) | data=0.017882s infer=0.069386s
[ TRAIN METRICS ]:
bacc=0.561 macro_f1=0.567
  best : 0(p0.66 r0.69 f0.68) 1(p0.62 r0.65 f0.63) 12(p0.63 r0.61 f0.62) 3(p0.60 r0.61 f0.60) 2(p0.60 r0.60 f0.60)
  worst: 6(p0.44 r0.38 f0.40) 7(p0.48 r0.42 f0.45) 8(p0.51 r0.48 f0.50) 5(p0.54 r0.50 f0.52) 4(p0.59 r0.59 f0.59)
[ VALIDATION METRICS TTA]:
Val dist: {0: 1302, 1: 810, 10: 201, 2: 275, 7: 36, 6: 39, 5: 37, 3: 86, 8: 44, 4: 42, 11: 7, 9: 11, 12: 1}
bacc=0.786 macro_f1=0.745
  best : 3(p0.99 r0.98 f0.98) 0(p0.99 r0.95 f0.97) 1(p0.95 r0.96 f0.95) 4(p0.95 r0.90 f0.93) 10(p0.88 r0.92 f0.90)
  worst: 6(p0.32 r0.54 f0.40) 11(p0.50 r0.43 f0.46) 5(p0.63 r0.46 f0.53) 7(p0.51 r0.67 f0.58) 12(p0.50 r1.00 f0.67)
[TSNE] Saved to /home/infres/yrothlin-24/CHAL_IM05/logs/tests/TSNE/tsne_val_epoch_015.png
[CONFUSION] Saved to /home/infres/yrothlin-24/CHAL_IM05/logs/tests/confusion/confusion_val_epoch_015_norm.png
[ RESULTS ] : Epoch 15/60 | train_loss=0.4901 val_loss=0.1983
New best macro_f1: 0.7448 at epoch 15.
Saving best checkpoint.
Checkpoint saved: /home/infres/yrothlin-24/CHAL_IM05/checkpoints/tests/best.pt
Step 50/407 | loss=0.5062 bb_lr=0.000015 head_lr=0.000015
Step 100/407 | loss=0.5304 bb_lr=0.000015 head_lr=0.000015
Step 150/407 | loss=0.5257 bb_lr=0.000015 head_lr=0.000015
Step 200/407 | loss=0.5226 bb_lr=0.000015 head_lr=0.000015
Step 250/407 | loss=0.5161 bb_lr=0.000015 head_lr=0.000015
Step 300/407 | loss=0.5108 bb_lr=0.000015 head_lr=0.000015
Step 350/407 | loss=0.5088 bb_lr=0.000015 head_lr=0.000015
Step 400/407 | loss=0.5084 bb_lr=0.000015 head_lr=0.000015
Timing (first 30 train batches) | data=0.022071s infer=0.069860s
[ TRAIN METRICS ]:
bacc=0.598 macro_f1=0.606
  best : 0(p0.69 r0.73 f0.71) 1(p0.66 r0.69 f0.68) 12(p0.67 r0.68 f0.67) 3(p0.63 r0.64 f0.64) 4(p0.64 r0.63 f0.64)
  worst: 6(p0.50 r0.42 f0.46) 7(p0.56 r0.48 f0.51) 5(p0.57 r0.50 f0.54) 8(p0.58 r0.55 f0.57) 9(p0.63 r0.60 f0.61)
[ VALIDATION METRICS TTA]:
Val dist: {0: 1302, 1: 810, 10: 201, 2: 275, 7: 36, 6: 39, 5: 37, 3: 86, 8: 44, 4: 42, 11: 7, 9: 11, 12: 1}
bacc=0.771 macro_f1=0.736
  best : 3(p1.00 r0.97 f0.98) 0(p0.98 r0.96 f0.97) 1(p0.95 r0.94 f0.95) 4(p0.95 r0.90 f0.93) 10(p0.88 r0.92 f0.90)
  worst: 6(p0.32 r0.49 f0.39) 11(p0.50 r0.43 f0.46) 5(p0.55 r0.49 f0.51) 7(p0.50 r0.69 f0.58) 8(p0.69 r0.61 f0.65)
[ RESULTS ] : Epoch 16/60 | train_loss=0.5097 val_loss=0.1905
No improvement on macro_f1. Early stopping counter: 1/10
Step 50/407 | loss=0.5543 bb_lr=0.000010 head_lr=0.000010
Step 100/407 | loss=0.5064 bb_lr=0.000010 head_lr=0.000010
Step 150/407 | loss=0.5276 bb_lr=0.000010 head_lr=0.000010
Step 200/407 | loss=0.5142 bb_lr=0.000010 head_lr=0.000010
Step 250/407 | loss=0.5065 bb_lr=0.000010 head_lr=0.000010
Step 300/407 | loss=0.4923 bb_lr=0.000010 head_lr=0.000010
Step 350/407 | loss=0.4891 bb_lr=0.000010 head_lr=0.000010
Step 400/407 | loss=0.4820 bb_lr=0.000010 head_lr=0.000010
Timing (first 30 train batches) | data=0.021370s infer=0.069265s
[ TRAIN METRICS ]:
bacc=0.590 macro_f1=0.595
  best : 0(p0.69 r0.71 f0.70) 1(p0.66 r0.68 f0.67) 4(p0.64 r0.64 f0.64) 3(p0.63 r0.64 f0.63) 2(p0.62 r0.63 f0.63)
  worst: 6(p0.51 r0.45 f0.48) 7(p0.52 r0.47 f0.50) 5(p0.56 r0.50 f0.53) 8(p0.55 r0.53 f0.54) 11(p0.58 r0.58 f0.58)
[ VALIDATION METRICS TTA]:
Val dist: {0: 1302, 1: 810, 10: 201, 2: 275, 7: 36, 6: 39, 5: 37, 3: 86, 8: 44, 4: 42, 11: 7, 9: 11, 12: 1}
bacc=0.699 macro_f1=0.689
  best : 3(p0.98 r0.98 f0.98) 0(p0.99 r0.96 f0.97) 1(p0.95 r0.95 f0.95) 4(p0.95 r0.90 f0.93) 2(p0.88 r0.89 f0.88)
  worst: 12(p0.00 r0.00 f0.00) 6(p0.35 r0.56 f0.43) 11(p0.50 r0.43 f0.46) 5(p0.70 r0.43 f0.53) 7(p0.49 r0.67 f0.56)
[ RESULTS ] : Epoch 17/60 | train_loss=0.4854 val_loss=0.1935
No improvement on macro_f1. Early stopping counter: 2/10
Step 50/407 | loss=0.5073 bb_lr=0.000005 head_lr=0.000005
Step 100/407 | loss=0.5103 bb_lr=0.000005 head_lr=0.000005
Step 150/407 | loss=0.5358 bb_lr=0.000005 head_lr=0.000005
Step 200/407 | loss=0.5432 bb_lr=0.000005 head_lr=0.000005
Step 250/407 | loss=0.5331 bb_lr=0.000005 head_lr=0.000005
Step 300/407 | loss=0.5286 bb_lr=0.000005 head_lr=0.000005
Step 350/407 | loss=0.5254 bb_lr=0.000005 head_lr=0.000005
Step 400/407 | loss=0.5260 bb_lr=0.000005 head_lr=0.000005
Timing (first 30 train batches) | data=0.017798s infer=0.069972s
[ TRAIN METRICS ]:
bacc=0.556 macro_f1=0.562
  best : 0(p0.66 r0.69 f0.68) 1(p0.63 r0.64 f0.64) 12(p0.61 r0.62 f0.62) 3(p0.60 r0.61 f0.60) 4(p0.60 r0.60 f0.60)
  worst: 6(p0.49 r0.42 f0.45) 7(p0.52 r0.44 f0.48) 5(p0.53 r0.47 f0.50) 8(p0.52 r0.49 f0.50) 9(p0.54 r0.51 f0.52)
[ VALIDATION METRICS TTA]:
Val dist: {0: 1302, 1: 810, 10: 201, 2: 275, 7: 36, 6: 39, 5: 37, 3: 86, 8: 44, 4: 42, 11: 7, 9: 11, 12: 1}
bacc=0.789 macro_f1=0.775
  best : 12(p1.00 r1.00 f1.00) 3(p1.00 r0.97 f0.98) 0(p0.99 r0.95 f0.97) 1(p0.96 r0.95 f0.96) 4(p0.95 r0.90 f0.93)
  worst: 6(p0.34 r0.67 f0.45) 11(p0.50 r0.43 f0.46) 5(p0.71 r0.46 f0.56) 7(p0.52 r0.67 f0.59) 9(p0.67 r0.73 f0.70)
[ RESULTS ] : Epoch 18/60 | train_loss=0.5278 val_loss=0.2018
New best macro_f1: 0.7749 at epoch 18.
Saving best checkpoint.
Checkpoint saved: /home/infres/yrothlin-24/CHAL_IM05/checkpoints/tests/best.pt
Step 50/407 | loss=0.4956 bb_lr=0.000002 head_lr=0.000002
Step 100/407 | loss=0.4724 bb_lr=0.000002 head_lr=0.000002
Step 150/407 | loss=0.4540 bb_lr=0.000002 head_lr=0.000002
Step 200/407 | loss=0.4670 bb_lr=0.000002 head_lr=0.000002
Step 250/407 | loss=0.4848 bb_lr=0.000002 head_lr=0.000002
Step 300/407 | loss=0.4812 bb_lr=0.000002 head_lr=0.000002
Step 350/407 | loss=0.4837 bb_lr=0.000002 head_lr=0.000002
Step 400/407 | loss=0.4749 bb_lr=0.000002 head_lr=0.000002
Timing (first 30 train batches) | data=0.021014s infer=0.069687s
[ TRAIN METRICS ]:
bacc=0.564 macro_f1=0.571
  best : 0(p0.67 r0.69 f0.68) 1(p0.62 r0.64 f0.63) 4(p0.60 r0.60 f0.60) 3(p0.60 r0.61 f0.60) 2(p0.59 r0.60 f0.59)
  worst: 7(p0.51 r0.45 f0.47) 6(p0.52 r0.47 f0.50) 8(p0.53 r0.49 f0.51) 5(p0.57 r0.54 f0.55) 9(p0.57 r0.54 f0.56)
[ VALIDATION METRICS TTA]:
Val dist: {0: 1302, 1: 810, 10: 201, 2: 275, 7: 36, 6: 39, 5: 37, 3: 86, 8: 44, 4: 42, 11: 7, 9: 11, 12: 1}
bacc=0.774 macro_f1=0.742
  best : 3(p1.00 r0.98 f0.99) 0(p0.98 r0.96 f0.97) 1(p0.96 r0.96 f0.96) 4(p0.95 r0.90 f0.93) 10(p0.89 r0.93 f0.91)
  worst: 6(p0.32 r0.51 f0.39) 11(p0.50 r0.43 f0.46) 5(p0.68 r0.46 f0.55) 7(p0.52 r0.61 f0.56) 12(p0.50 r1.00 f0.67)
[ RESULTS ] : Epoch 19/60 | train_loss=0.4788 val_loss=0.1954
No improvement on macro_f1. Early stopping counter: 1/10
Step 50/407 | loss=0.4856 bb_lr=0.000001 head_lr=0.000001
Step 100/407 | loss=0.5036 bb_lr=0.000001 head_lr=0.000001
Step 150/407 | loss=0.4975 bb_lr=0.000001 head_lr=0.000001
Step 200/407 | loss=0.4985 bb_lr=0.000001 head_lr=0.000001
Step 250/407 | loss=0.4976 bb_lr=0.000001 head_lr=0.000001
Step 300/407 | loss=0.4906 bb_lr=0.000001 head_lr=0.000001
Step 350/407 | loss=0.4883 bb_lr=0.000001 head_lr=0.000001
Step 400/407 | loss=0.4891 bb_lr=0.000001 head_lr=0.000001
Timing (first 30 train batches) | data=0.019699s infer=0.070042s
[ TRAIN METRICS ]:
bacc=0.588 macro_f1=0.594
  best : 0(p0.68 r0.71 f0.69) 1(p0.63 r0.66 f0.65) 4(p0.63 r0.64 f0.64) 3(p0.63 r0.64 f0.64) 12(p0.62 r0.62 f0.62)
  worst: 6(p0.50 r0.45 f0.48) 7(p0.54 r0.47 f0.50) 5(p0.58 r0.50 f0.54) 8(p0.56 r0.51 f0.54) 9(p0.60 r0.59 f0.59)
[ VALIDATION METRICS TTA]:
Val dist: {0: 1302, 1: 810, 10: 201, 2: 275, 7: 36, 6: 39, 5: 37, 3: 86, 8: 44, 4: 42, 11: 7, 9: 11, 12: 1}
bacc=0.782 macro_f1=0.771
  best : 12(p1.00 r1.00 f1.00) 3(p1.00 r0.98 f0.99) 0(p0.99 r0.96 f0.97) 1(p0.96 r0.95 f0.95) 4(p0.95 r0.90 f0.93)
  worst: 6(p0.33 r0.56 f0.42) 11(p0.50 r0.43 f0.46) 5(p0.63 r0.46 f0.53) 7(p0.55 r0.64 f0.59) 9(p0.67 r0.73 f0.70)
[TSNE] Saved to /home/infres/yrothlin-24/CHAL_IM05/logs/tests/TSNE/tsne_val_epoch_020.png
[CONFUSION] Saved to /home/infres/yrothlin-24/CHAL_IM05/logs/tests/confusion/confusion_val_epoch_020_norm.png
[ RESULTS ] : Epoch 20/60 | train_loss=0.4866 val_loss=0.1888
No improvement on macro_f1. Early stopping counter: 2/10
Step 50/407 | loss=0.4584 bb_lr=0.000100 head_lr=0.000100
Step 100/407 | loss=0.5381 bb_lr=0.000100 head_lr=0.000100
Step 150/407 | loss=0.5411 bb_lr=0.000100 head_lr=0.000100
Step 200/407 | loss=0.5462 bb_lr=0.000100 head_lr=0.000100
Step 250/407 | loss=0.5412 bb_lr=0.000100 head_lr=0.000100
Step 300/407 | loss=0.5386 bb_lr=0.000100 head_lr=0.000100
Step 350/407 | loss=0.5410 bb_lr=0.000100 head_lr=0.000100
Step 400/407 | loss=0.5377 bb_lr=0.000100 head_lr=0.000100
Timing (first 30 train batches) | data=0.019876s infer=0.069807s
[ TRAIN METRICS ]:
bacc=0.559 macro_f1=0.567
  best : 0(p0.67 r0.71 f0.69) 1(p0.65 r0.67 f0.66) 3(p0.63 r0.64 f0.63) 4(p0.63 r0.62 f0.62) 11(p0.62 r0.60 f0.61)
  worst: 6(p0.46 r0.38 f0.42) 7(p0.50 r0.42 f0.46) 8(p0.51 r0.48 f0.49) 5(p0.54 r0.48 f0.51) 9(p0.54 r0.50 f0.52)
[ VALIDATION METRICS TTA]:
Val dist: {0: 1302, 1: 810, 10: 201, 2: 275, 7: 36, 6: 39, 5: 37, 3: 86, 8: 44, 4: 42, 11: 7, 9: 11, 12: 1}
bacc=0.680 macro_f1=0.679
  best : 0(p0.99 r0.96 f0.97) 1(p0.93 r0.96 f0.94) 3(p0.90 r0.99 f0.94) 4(p0.97 r0.83 f0.90) 2(p0.87 r0.90 f0.89)
  worst: 12(p0.00 r0.00 f0.00) 6(p0.38 r0.44 f0.40) 11(p0.50 r0.43 f0.46) 7(p0.47 r0.47 f0.47) 5(p0.72 r0.49 f0.58)
[ RESULTS ] : Epoch 21/60 | train_loss=0.5435 val_loss=0.2047
No improvement on macro_f1. Early stopping counter: 3/10
Step 50/407 | loss=0.5037 bb_lr=0.000099 head_lr=0.000099
Step 100/407 | loss=0.5113 bb_lr=0.000099 head_lr=0.000099
Step 150/407 | loss=0.5168 bb_lr=0.000099 head_lr=0.000099
Step 200/407 | loss=0.5443 bb_lr=0.000099 head_lr=0.000099
Step 250/407 | loss=0.5449 bb_lr=0.000099 head_lr=0.000099
Step 300/407 | loss=0.5378 bb_lr=0.000099 head_lr=0.000099
Step 350/407 | loss=0.5360 bb_lr=0.000099 head_lr=0.000099
Step 400/407 | loss=0.5440 bb_lr=0.000099 head_lr=0.000099
Timing (first 30 train batches) | data=0.018453s infer=0.070765s
[ TRAIN METRICS ]:
bacc=0.572 macro_f1=0.579
  best : 0(p0.68 r0.71 f0.69) 1(p0.64 r0.67 f0.65) 4(p0.62 r0.62 f0.62) 12(p0.61 r0.63 f0.62) 3(p0.61 r0.62 f0.62)
  worst: 6(p0.49 r0.41 f0.45) 7(p0.50 r0.42 f0.46) 8(p0.50 r0.48 f0.49) 5(p0.56 r0.49 f0.52) 9(p0.59 r0.56 f0.58)
[ VALIDATION METRICS TTA]:
Val dist: {0: 1302, 1: 810, 10: 201, 2: 275, 7: 36, 6: 39, 5: 37, 3: 86, 8: 44, 4: 42, 11: 7, 9: 11, 12: 1}
bacc=0.688 macro_f1=0.670
  best : 3(p0.99 r0.98 f0.98) 0(p0.99 r0.94 f0.96) 1(p0.94 r0.95 f0.95) 4(p0.95 r0.93 f0.94) 2(p0.93 r0.84 f0.88)
  worst: 12(p0.00 r0.00 f0.00) 6(p0.26 r0.59 f0.36) 11(p0.50 r0.43 f0.46) 7(p0.44 r0.53 f0.48) 5(p0.55 r0.46 f0.50)
[ RESULTS ] : Epoch 22/60 | train_loss=0.5442 val_loss=0.2204
No improvement on macro_f1. Early stopping counter: 4/10
Step 50/407 | loss=0.5861 bb_lr=0.000098 head_lr=0.000098
Step 100/407 | loss=0.5540 bb_lr=0.000098 head_lr=0.000098
Step 150/407 | loss=0.5563 bb_lr=0.000098 head_lr=0.000098
Step 200/407 | loss=0.5391 bb_lr=0.000098 head_lr=0.000098
Step 250/407 | loss=0.5425 bb_lr=0.000098 head_lr=0.000098
Step 300/407 | loss=0.5483 bb_lr=0.000098 head_lr=0.000098
Step 350/407 | loss=0.5379 bb_lr=0.000098 head_lr=0.000098
Step 400/407 | loss=0.5419 bb_lr=0.000098 head_lr=0.000098
Timing (first 30 train batches) | data=0.021069s infer=0.069806s
[ TRAIN METRICS ]:
bacc=0.560 macro_f1=0.568
  best : 0(p0.67 r0.70 f0.69) 1(p0.63 r0.65 f0.64) 11(p0.63 r0.61 f0.62) 4(p0.61 r0.62 f0.62) 3(p0.60 r0.61 f0.61)
  worst: 6(p0.46 r0.39 f0.42) 5(p0.52 r0.44 f0.48) 7(p0.52 r0.44 f0.48) 8(p0.52 r0.50 f0.51) 9(p0.55 r0.53 f0.54)
[ VALIDATION METRICS TTA]:
Val dist: {0: 1302, 1: 810, 10: 201, 2: 275, 7: 36, 6: 39, 5: 37, 3: 86, 8: 44, 4: 42, 11: 7, 9: 11, 12: 1}
bacc=0.692 macro_f1=0.675
  best : 3(p0.99 r0.95 f0.97) 0(p0.98 r0.95 f0.97) 1(p0.94 r0.95 f0.95) 4(p0.93 r0.88 f0.90) 10(p0.91 r0.89 f0.90)
  worst: 12(p0.00 r0.00 f0.00) 6(p0.27 r0.51 f0.35) 11(p0.44 r0.57 f0.50) 5(p0.56 r0.51 f0.54) 9(p0.50 r0.64 f0.56)
[ RESULTS ] : Epoch 23/60 | train_loss=0.5392 val_loss=0.2019
No improvement on macro_f1. Early stopping counter: 5/10
Step 50/407 | loss=0.4094 bb_lr=0.000095 head_lr=0.000095
Step 100/407 | loss=0.4403 bb_lr=0.000095 head_lr=0.000095
Step 150/407 | loss=0.4884 bb_lr=0.000095 head_lr=0.000095
Step 200/407 | loss=0.4833 bb_lr=0.000095 head_lr=0.000095
Step 250/407 | loss=0.4951 bb_lr=0.000095 head_lr=0.000095
Step 300/407 | loss=0.5118 bb_lr=0.000095 head_lr=0.000095
Step 350/407 | loss=0.5230 bb_lr=0.000095 head_lr=0.000095
Step 400/407 | loss=0.5270 bb_lr=0.000095 head_lr=0.000095
Timing (first 30 train batches) | data=0.020104s infer=0.070600s
[ TRAIN METRICS ]:
bacc=0.562 macro_f1=0.567
  best : 0(p0.67 r0.69 f0.68) 1(p0.62 r0.63 f0.62) 11(p0.62 r0.61 f0.62) 4(p0.61 r0.61 f0.61) 3(p0.61 r0.61 f0.61)
  worst: 6(p0.47 r0.43 f0.45) 7(p0.49 r0.43 f0.46) 8(p0.50 r0.49 f0.49) 5(p0.54 r0.49 f0.51) 9(p0.56 r0.54 f0.55)
[ VALIDATION METRICS TTA]:
Val dist: {0: 1302, 1: 810, 10: 201, 2: 275, 7: 36, 6: 39, 5: 37, 3: 86, 8: 44, 4: 42, 11: 7, 9: 11, 12: 1}
bacc=0.776 macro_f1=0.757
  best : 12(p1.00 r1.00 f1.00) 3(p1.00 r0.94 f0.97) 0(p0.98 r0.95 f0.97) 1(p0.96 r0.92 f0.94) 4(p0.93 r0.90 f0.92)
  worst: 6(p0.31 r0.56 f0.40) 5(p0.55 r0.43 f0.48) 11(p0.60 r0.43 f0.50) 7(p0.59 r0.56 f0.57) 8(p0.65 r0.64 f0.64)
[ RESULTS ] : Epoch 24/60 | train_loss=0.5254 val_loss=0.2061
No improvement on macro_f1. Early stopping counter: 6/10
Step 50/407 | loss=0.5025 bb_lr=0.000090 head_lr=0.000090
Step 100/407 | loss=0.5579 bb_lr=0.000090 head_lr=0.000090
Step 150/407 | loss=0.5601 bb_lr=0.000090 head_lr=0.000090
Step 200/407 | loss=0.5529 bb_lr=0.000090 head_lr=0.000090
Step 250/407 | loss=0.5602 bb_lr=0.000090 head_lr=0.000090
Step 300/407 | loss=0.5606 bb_lr=0.000090 head_lr=0.000090
Step 350/407 | loss=0.5489 bb_lr=0.000090 head_lr=0.000090
Step 400/407 | loss=0.5441 bb_lr=0.000090 head_lr=0.000090
Timing (first 30 train batches) | data=0.018461s infer=0.070545s
[ TRAIN METRICS ]:
bacc=0.553 macro_f1=0.560
  best : 0(p0.67 r0.71 f0.69) 1(p0.63 r0.66 f0.64) 3(p0.62 r0.62 f0.62) 11(p0.61 r0.61 f0.61) 10(p0.60 r0.59 f0.60)
  worst: 6(p0.48 r0.40 f0.44) 7(p0.50 r0.44 f0.47) 8(p0.49 r0.47 f0.48) 5(p0.53 r0.47 f0.50) 12(p0.53 r0.52 f0.53)
[ VALIDATION METRICS TTA]:
Val dist: {0: 1302, 1: 810, 10: 201, 2: 275, 7: 36, 6: 39, 5: 37, 3: 86, 8: 44, 4: 42, 11: 7, 9: 11, 12: 1}
bacc=0.759 macro_f1=0.705
  best : 0(p0.99 r0.95 f0.97) 3(p0.99 r0.95 f0.97) 1(p0.96 r0.93 f0.95) 4(p0.97 r0.88 f0.93) 2(p0.84 r0.91 f0.87)
  worst: 6(p0.35 r0.56 f0.43) 7(p0.53 r0.47 f0.50) 12(p0.33 r1.00 f0.50) 11(p0.60 r0.43 f0.50) 5(p0.50 r0.57 f0.53)
[TSNE] Saved to /home/infres/yrothlin-24/CHAL_IM05/logs/tests/TSNE/tsne_val_epoch_025.png
[CONFUSION] Saved to /home/infres/yrothlin-24/CHAL_IM05/logs/tests/confusion/confusion_val_epoch_025_norm.png
[ RESULTS ] : Epoch 25/60 | train_loss=0.5415 val_loss=0.2059
No improvement on macro_f1. Early stopping counter: 7/10
Step 50/407 | loss=0.4808 bb_lr=0.000085 head_lr=0.000085
Step 100/407 | loss=0.4818 bb_lr=0.000085 head_lr=0.000085
Step 150/407 | loss=0.4708 bb_lr=0.000085 head_lr=0.000085
Step 200/407 | loss=0.4848 bb_lr=0.000085 head_lr=0.000085
Step 250/407 | loss=0.4948 bb_lr=0.000085 head_lr=0.000085
Step 300/407 | loss=0.5037 bb_lr=0.000085 head_lr=0.000085
Step 350/407 | loss=0.5058 bb_lr=0.000085 head_lr=0.000085
Step 400/407 | loss=0.5018 bb_lr=0.000085 head_lr=0.000085
Timing (first 30 train batches) | data=0.020543s infer=0.069887s
[ TRAIN METRICS ]:
bacc=0.581 macro_f1=0.587
  best : 0(p0.68 r0.70 f0.69) 1(p0.65 r0.67 f0.66) 3(p0.63 r0.64 f0.63) 12(p0.64 r0.62 f0.63) 4(p0.62 r0.62 f0.62)
  worst: 6(p0.49 r0.42 f0.45) 7(p0.53 r0.46 f0.49) 8(p0.54 r0.52 f0.53) 5(p0.56 r0.52 f0.54) 9(p0.57 r0.55 f0.56)
[ VALIDATION METRICS TTA]:
Val dist: {0: 1302, 1: 810, 10: 201, 2: 275, 7: 36, 6: 39, 5: 37, 3: 86, 8: 44, 4: 42, 11: 7, 9: 11, 12: 1}
bacc=0.694 macro_f1=0.676
  best : 3(p0.99 r0.98 f0.98) 0(p0.99 r0.96 f0.97) 1(p0.95 r0.95 f0.95) 4(p0.97 r0.86 f0.91) 2(p0.89 r0.89 f0.89)
  worst: 12(p0.00 r0.00 f0.00) 11(p0.33 r0.43 f0.38) 6(p0.40 r0.54 f0.46) 5(p0.59 r0.46 f0.52) 7(p0.51 r0.69 f0.59)
[ RESULTS ] : Epoch 26/60 | train_loss=0.5037 val_loss=0.2061
No improvement on macro_f1. Early stopping counter: 8/10
Step 50/407 | loss=0.5359 bb_lr=0.000079 head_lr=0.000079
Step 100/407 | loss=0.5023 bb_lr=0.000079 head_lr=0.000079
Step 150/407 | loss=0.4930 bb_lr=0.000079 head_lr=0.000079
Step 200/407 | loss=0.4898 bb_lr=0.000079 head_lr=0.000079
Step 250/407 | loss=0.4993 bb_lr=0.000079 head_lr=0.000079
Step 300/407 | loss=0.5015 bb_lr=0.000079 head_lr=0.000079
Step 350/407 | loss=0.4997 bb_lr=0.000079 head_lr=0.000079
Step 400/407 | loss=0.5085 bb_lr=0.000079 head_lr=0.000079
Timing (first 30 train batches) | data=0.019710s infer=0.069964s
[ TRAIN METRICS ]:
bacc=0.595 macro_f1=0.601
  best : 0(p0.69 r0.72 f0.70) 12(p0.68 r0.69 f0.69) 1(p0.65 r0.67 f0.66) 4(p0.64 r0.65 f0.65) 3(p0.63 r0.63 f0.63)
  worst: 7(p0.51 r0.45 f0.48) 6(p0.52 r0.45 f0.48) 5(p0.56 r0.51 f0.53) 8(p0.58 r0.55 f0.56) 9(p0.58 r0.55 f0.57)
[ VALIDATION METRICS TTA]:
Val dist: {0: 1302, 1: 810, 10: 201, 2: 275, 7: 36, 6: 39, 5: 37, 3: 86, 8: 44, 4: 42, 11: 7, 9: 11, 12: 1}
bacc=0.759 macro_f1=0.718
  best : 0(p0.98 r0.96 f0.97) 1(p0.95 r0.96 f0.96) 3(p0.99 r0.92 f0.95) 4(p0.95 r0.90 f0.93) 10(p0.91 r0.91 f0.91)
  worst: 6(p0.38 r0.54 f0.44) 7(p0.42 r0.56 f0.48) 12(p0.33 r1.00 f0.50) 11(p0.60 r0.43 f0.50) 9(p0.60 r0.55 f0.57)
[ RESULTS ] : Epoch 27/60 | train_loss=0.5051 val_loss=0.1973
No improvement on macro_f1. Early stopping counter: 9/10
Step 50/407 | loss=0.5176 bb_lr=0.000073 head_lr=0.000073
Step 100/407 | loss=0.5015 bb_lr=0.000073 head_lr=0.000073
Step 150/407 | loss=0.5087 bb_lr=0.000073 head_lr=0.000073
Step 200/407 | loss=0.4823 bb_lr=0.000073 head_lr=0.000073
Step 250/407 | loss=0.4897 bb_lr=0.000073 head_lr=0.000073
Step 300/407 | loss=0.4844 bb_lr=0.000073 head_lr=0.000073
Step 350/407 | loss=0.4806 bb_lr=0.000073 head_lr=0.000073
Step 400/407 | loss=0.4760 bb_lr=0.000073 head_lr=0.000073
Timing (first 30 train batches) | data=0.023336s infer=0.072017s
[ TRAIN METRICS ]:
bacc=0.585 macro_f1=0.590
  best : 0(p0.68 r0.70 f0.69) 1(p0.66 r0.67 f0.66) 11(p0.62 r0.64 f0.63) 3(p0.61 r0.62 f0.62) 2(p0.61 r0.61 f0.61)
  worst: 6(p0.51 r0.47 f0.49) 7(p0.51 r0.47 f0.49) 5(p0.55 r0.49 f0.52) 8(p0.56 r0.53 f0.54) 9(p0.61 r0.58 f0.59)
[ VALIDATION METRICS TTA]:
Val dist: {0: 1302, 1: 810, 10: 201, 2: 275, 7: 36, 6: 39, 5: 37, 3: 86, 8: 44, 4: 42, 11: 7, 9: 11, 12: 1}
bacc=0.771 macro_f1=0.708
  best : 3(p0.98 r0.97 f0.97) 0(p0.99 r0.93 f0.96) 1(p0.95 r0.96 f0.96) 4(p0.95 r0.88 f0.91) 2(p0.91 r0.85 f0.88)
  worst: 6(p0.26 r0.64 f0.37) 12(p0.33 r1.00 f0.50) 7(p0.41 r0.67 f0.51) 5(p0.82 r0.38 f0.52) 11(p0.75 r0.43 f0.55)
[ RESULTS ] : Epoch 28/60 | train_loss=0.4767 val_loss=0.2334
No improvement on macro_f1. Early stopping counter: 10/10
Early stopping triggered at epoch 28. Best epoch was 18 with macro_f1=0.7749
[FINAL]: Best score achieved at epoch 18 with score: 0.7749355221137589
