--------------------------------------------------------------------------------
BACKBONE: EFFICIENTNET_V2_S
MODE: training
DEVICE: cuda
--------------------------------------------------------------------------------
--------------------------------------------------------------------------------
MODEL INFORMATIONS
Backbone         : EFFICIENTNET_V2_S
Feature dim      : 1280
Backbone params  : 20,177,488
Head params      : 1,029,133
Total params     : 21,206,621
Trainable params : 21,206,621
Frozen backbone  : False
--------------------------------------------------------------------------------
[DATALOADER]: Using grouped single split
[DATALOADER] Train distribution: [11713, 7291, 2471, 775, 373, 329, 352, 324, 397, 103, 1811, 61, 10]
[DATALOADER] Val distribution  : [1302, 810, 275, 86, 42, 37, 39, 36, 44, 11, 201, 7, 1]
[DATALOADER]: Using weighted sampling
[DATALOADER]: Using TTA
Successfully loaded data with sizes: train=26010, val=2891, test=N/A
Validation set distribution: {0: 1302, 1: 810, 2: 275, 3: 86, 4: 42, 5: 37, 6: 39, 7: 36, 8: 44, 9: 11, 10: 201, 11: 7, 12: 1}
Trainer config: {'save_ckpt': True, 'ckpt_dir': '/home/infres/yrothlin-24/CHAL_IM05/checkpoints/tests', 'ckpt_every': 1, 'resume_from': '/home/infres/yrothlin-24/CHAL_IM05/checkpoints/tests/best.pt', 'resume': True, 'resume_from_pretrained': '/home/infres/yrothlin-24/CHAL_IM05/checkpoints/contrastive_pretraining/best.pt', 'resume_pretrained': False, 'monitor': 'macro_f1', 'early_stopping': True, 'early_stopping_patience': 10, 'early_stopping_mode': 'max', 'use_mixup': True, 'mixup_alpha': 0.2, 'use_cutmix': True, 'cutmix_alpha': 1.0, 'cutmix_prob': 0.5, 'loss': 'focal', 'gamma': 2.0, 'bb_lr': 0.0003, 'head_lr': 0.0003, 'finetune_bb_lr': 0.0001, 'finetune_head_lr': 0.0001, 'weight_decay': 0.0001, 'num_epochs': 60, 'warmup_epochs': 0, 'optimizer': 'adamw', 'scheduler': 'cosine_restarts', 'use_amp': False, 'grad_clip': 1.0, 'log_step': 50, 'tta_rounds': 5, 'label_smoothing': 0.05, 'use_weights': False, 'weights': [0.131885, 0.167166, 0.287122, 0.512761, 0.738572, 0.786459, 0.760902, 0.792986, 0.716469, 1.409173, 0.335431, 1.824578, 4.536496], 'plot_tsne': True, 'tsne_split': 'val', 'tsne_every': 5, 'tsne_max_samples': 1000, 'tsne_perplexity': 30.0, 'tsne_dir': '/home/infres/yrothlin-24/CHAL_IM05/logs/tests/TSNE', 'plot_confusion': True, 'confusion_split': 'val', 'confusion_every': 5, 'confusion_normalize': True, 'confusion_dir': '/home/infres/yrothlin-24/CHAL_IM05/logs/tests/confusion', 'class_names': ['SNE', 'LY', 'MO', 'EO', 'BA', 'VLY', 'BNE', 'MMY', 'MY', 'PMY', 'BL', 'PC', 'PLY']}
MODE EVALUATION : False
Using TTA with : 5 rounds
Early stopping enabled with patience=10 and mode=max
TSNE will be plotted every 5 epochs and saved to: /home/infres/yrothlin-24/CHAL_IM05/logs/tests/TSNE
Confusion matrices will be plotted every 5 epochs and saved to: /home/infres/yrothlin-24/CHAL_IM05/logs/tests/confusion
[TSNE] Saved to /home/infres/yrothlin-24/CHAL_IM05/logs/tests/TSNE/tsne_val_epoch_000.png
Backbone frozen at epoch 1. Trainable parameters: 1029133
Backbone unfrozen at epoch 1. Trainable parameters: 21206621
Step 50/407 | loss=1.8497 bb_lr=0.000100 head_lr=0.000100
Step 100/407 | loss=1.6267 bb_lr=0.000100 head_lr=0.000100
Step 150/407 | loss=1.4816 bb_lr=0.000100 head_lr=0.000100
Step 200/407 | loss=1.3725 bb_lr=0.000100 head_lr=0.000100
Step 250/407 | loss=1.2789 bb_lr=0.000100 head_lr=0.000100
Step 300/407 | loss=1.2154 bb_lr=0.000100 head_lr=0.000100
Step 350/407 | loss=1.1677 bb_lr=0.000100 head_lr=0.000100
Step 400/407 | loss=1.1306 bb_lr=0.000100 head_lr=0.000100
Timing (first 30 train batches) | data=0.027338s infer=0.138373s
[ TRAIN METRICS ]:
bacc=0.268 macro_f1=0.282
  best : 0(p0.55 r0.65 f0.59) 1(p0.41 r0.65 f0.50) 2(p0.42 r0.43 f0.43) 3(p0.49 r0.37 f0.42) 10(p0.45 r0.39 f0.42)
  worst: 12(p0.00 r0.00 f0.00) 6(p0.25 r0.08 f0.13) 11(p0.45 r0.08 f0.14) 5(p0.26 r0.09 f0.14) 7(p0.24 r0.10 f0.14)
[ VALIDATION METRICS TTA]:
Val dist: {1: 810, 0: 1302, 3: 86, 10: 201, 2: 275, 7: 36, 9: 11, 8: 44, 5: 37, 6: 39, 11: 7, 4: 42, 12: 1}
bacc=0.666 macro_f1=0.639
  best : 0(p0.99 r0.94 f0.96) 1(p0.95 r0.96 f0.96) 4(p0.95 r0.95 f0.95) 3(p0.93 r0.94 f0.94) 10(p0.82 r0.93 f0.87)
  worst: 12(p0.00 r0.00 f0.00) 6(p0.27 r0.62 f0.37) 9(p0.40 r0.36 f0.38) 7(p0.50 r0.33 f0.40) 5(p0.44 r0.38 f0.41)
[TSNE] Saved to /home/infres/yrothlin-24/CHAL_IM05/logs/tests/TSNE/tsne_val_epoch_001.png
[CONFUSION] Saved to /home/infres/yrothlin-24/CHAL_IM05/logs/tests/confusion/confusion_val_epoch_001_norm.png
[ RESULTS ] : Epoch 1/60 | train_loss=1.1280 val_loss=0.2748
New best macro_f1: 0.6390 at epoch 1.
Saving best checkpoint.
Checkpoint saved: /home/infres/yrothlin-24/CHAL_IM05/checkpoints/tests/best.pt
Step 50/407 | loss=0.8572 bb_lr=0.000099 head_lr=0.000099
Step 100/407 | loss=0.8639 bb_lr=0.000099 head_lr=0.000099
Step 150/407 | loss=0.8651 bb_lr=0.000099 head_lr=0.000099
Step 200/407 | loss=0.8518 bb_lr=0.000099 head_lr=0.000099
Step 250/407 | loss=0.8419 bb_lr=0.000099 head_lr=0.000099
Step 300/407 | loss=0.8422 bb_lr=0.000099 head_lr=0.000099
Step 350/407 | loss=0.8264 bb_lr=0.000099 head_lr=0.000099
Step 400/407 | loss=0.8126 bb_lr=0.000099 head_lr=0.000099
Timing (first 30 train batches) | data=0.027625s infer=0.133262s
[ TRAIN METRICS ]:
bacc=0.411 macro_f1=0.427
  best : 0(p0.62 r0.68 f0.65) 1(p0.56 r0.62 f0.59) 4(p0.54 r0.55 f0.55) 3(p0.54 r0.54 f0.54) 2(p0.52 r0.55 f0.54)
  worst: 12(p0.38 r0.11 f0.17) 6(p0.33 r0.22 f0.26) 7(p0.34 r0.25 f0.29) 5(p0.37 r0.28 f0.32) 9(p0.38 r0.30 f0.34)
[ VALIDATION METRICS TTA]:
Val dist: {1: 810, 0: 1302, 3: 86, 10: 201, 2: 275, 7: 36, 9: 11, 8: 44, 5: 37, 6: 39, 11: 7, 4: 42, 12: 1}
bacc=0.768 macro_f1=0.698
  best : 4(p1.00 r0.93 f0.96) 0(p0.99 r0.92 f0.96) 1(p0.96 r0.95 f0.95) 3(p0.86 r0.98 f0.91) 10(p0.90 r0.88 f0.89)
  worst: 6(p0.27 r0.64 f0.38) 12(p0.25 r1.00 f0.40) 9(p0.45 r0.45 f0.45) 5(p0.70 r0.38 f0.49) 7(p0.65 r0.42 f0.51)
[ RESULTS ] : Epoch 2/60 | train_loss=0.8124 val_loss=0.2283
New best macro_f1: 0.6984 at epoch 2.
Saving best checkpoint.
Checkpoint saved: /home/infres/yrothlin-24/CHAL_IM05/checkpoints/tests/best.pt
Step 50/407 | loss=0.7908 bb_lr=0.000098 head_lr=0.000098
Step 100/407 | loss=0.7903 bb_lr=0.000098 head_lr=0.000098
Step 150/407 | loss=0.7525 bb_lr=0.000098 head_lr=0.000098
Step 200/407 | loss=0.7379 bb_lr=0.000098 head_lr=0.000098
Step 250/407 | loss=0.7206 bb_lr=0.000098 head_lr=0.000098
Step 300/407 | loss=0.7081 bb_lr=0.000098 head_lr=0.000098
Step 350/407 | loss=0.7107 bb_lr=0.000098 head_lr=0.000098
Step 400/407 | loss=0.7103 bb_lr=0.000098 head_lr=0.000098
Timing (first 30 train batches) | data=0.025314s infer=0.132994s
[ TRAIN METRICS ]:
bacc=0.472 macro_f1=0.487
  best : 0(p0.64 r0.69 f0.66) 1(p0.59 r0.64 f0.61) 3(p0.59 r0.60 f0.59) 2(p0.56 r0.60 f0.58) 4(p0.56 r0.56 f0.56)
  worst: 6(p0.37 r0.27 f0.31) 7(p0.37 r0.29 f0.33) 5(p0.44 r0.33 f0.38) 8(p0.42 r0.38 f0.40) 12(p0.49 r0.38 f0.43)
[ VALIDATION METRICS TTA]:
Val dist: {1: 810, 0: 1302, 3: 86, 10: 201, 2: 275, 7: 36, 9: 11, 8: 44, 5: 37, 6: 39, 11: 7, 4: 42, 12: 1}
bacc=0.711 macro_f1=0.652
  best : 4(p1.00 r0.95 f0.98) 0(p0.98 r0.94 f0.96) 1(p0.95 r0.94 f0.94) 3(p0.99 r0.90 f0.94) 2(p0.92 r0.89 f0.91)
  worst: 12(p0.00 r0.00 f0.00) 11(p0.19 r0.86 f0.31) 6(p0.27 r0.59 f0.37) 9(p0.36 r0.45 f0.40) 7(p0.46 r0.61 f0.52)
[ RESULTS ] : Epoch 3/60 | train_loss=0.7125 val_loss=0.2375
No improvement on macro_f1. Early stopping counter: 1/10
Step 50/407 | loss=0.7650 bb_lr=0.000095 head_lr=0.000095
Step 100/407 | loss=0.6863 bb_lr=0.000095 head_lr=0.000095
Step 150/407 | loss=0.6726 bb_lr=0.000095 head_lr=0.000095
Step 200/407 | loss=0.7016 bb_lr=0.000095 head_lr=0.000095
Step 250/407 | loss=0.7017 bb_lr=0.000095 head_lr=0.000095
Step 300/407 | loss=0.6995 bb_lr=0.000095 head_lr=0.000095
Step 350/407 | loss=0.6854 bb_lr=0.000095 head_lr=0.000095
Step 400/407 | loss=0.6803 bb_lr=0.000095 head_lr=0.000095
Timing (first 30 train batches) | data=0.024777s infer=0.133021s
[ TRAIN METRICS ]:
bacc=0.501 macro_f1=0.513
  best : 0(p0.65 r0.70 f0.68) 1(p0.60 r0.64 f0.62) 3(p0.60 r0.61 f0.60) 4(p0.58 r0.58 f0.58) 10(p0.57 r0.57 f0.57)
  worst: 7(p0.38 r0.29 f0.33) 6(p0.40 r0.31 f0.35) 5(p0.48 r0.35 f0.41) 8(p0.44 r0.42 f0.43) 9(p0.48 r0.45 f0.47)
[ VALIDATION METRICS TTA]:
Val dist: {1: 810, 0: 1302, 3: 86, 10: 201, 2: 275, 7: 36, 9: 11, 8: 44, 5: 37, 6: 39, 11: 7, 4: 42, 12: 1}
bacc=0.802 macro_f1=0.726
  best : 12(p1.00 r1.00 f1.00) 3(p0.95 r0.98 f0.97) 4(p0.98 r0.95 f0.96) 0(p0.99 r0.92 f0.96) 1(p0.96 r0.94 f0.95)
  worst: 6(p0.21 r0.56 f0.31) 11(p0.30 r0.86 f0.44) 9(p0.37 r0.64 f0.47) 5(p0.39 r0.65 f0.49) 7(p0.44 r0.58 f0.50)
[ RESULTS ] : Epoch 4/60 | train_loss=0.6817 val_loss=0.2159
New best macro_f1: 0.7257 at epoch 4.
Saving best checkpoint.
Checkpoint saved: /home/infres/yrothlin-24/CHAL_IM05/checkpoints/tests/best.pt
Step 50/407 | loss=0.5995 bb_lr=0.000090 head_lr=0.000090
Step 100/407 | loss=0.5656 bb_lr=0.000090 head_lr=0.000090
Step 150/407 | loss=0.6047 bb_lr=0.000090 head_lr=0.000090
Step 200/407 | loss=0.6109 bb_lr=0.000090 head_lr=0.000090
Step 250/407 | loss=0.6050 bb_lr=0.000090 head_lr=0.000090
Step 300/407 | loss=0.6251 bb_lr=0.000090 head_lr=0.000090
Step 350/407 | loss=0.6231 bb_lr=0.000090 head_lr=0.000090
Step 400/407 | loss=0.6249 bb_lr=0.000090 head_lr=0.000090
Timing (first 30 train batches) | data=0.027189s infer=0.133010s
[ TRAIN METRICS ]:
bacc=0.497 macro_f1=0.508
  best : 0(p0.64 r0.68 f0.66) 1(p0.59 r0.63 f0.61) 3(p0.58 r0.59 f0.58) 4(p0.57 r0.57 f0.57) 2(p0.55 r0.56 f0.55)
  worst: 6(p0.42 r0.32 f0.36) 7(p0.41 r0.33 f0.37) 5(p0.47 r0.37 f0.42) 8(p0.43 r0.42 f0.43) 9(p0.49 r0.46 f0.47)
[ VALIDATION METRICS TTA]:
Val dist: {1: 810, 0: 1302, 3: 86, 10: 201, 2: 275, 7: 36, 9: 11, 8: 44, 5: 37, 6: 39, 11: 7, 4: 42, 12: 1}
bacc=0.824 macro_f1=0.753
  best : 12(p1.00 r1.00 f1.00) 3(p0.94 r0.99 f0.97) 4(p0.98 r0.95 f0.96) 0(p1.00 r0.92 f0.95) 1(p0.97 r0.93 f0.95)
  worst: 6(p0.23 r0.74 f0.36) 5(p0.38 r0.62 f0.47) 7(p0.44 r0.58 f0.50) 9(p0.50 r0.55 f0.52) 11(p0.43 r0.86 f0.57)
[TSNE] Saved to /home/infres/yrothlin-24/CHAL_IM05/logs/tests/TSNE/tsne_val_epoch_005.png
[CONFUSION] Saved to /home/infres/yrothlin-24/CHAL_IM05/logs/tests/confusion/confusion_val_epoch_005_norm.png
[ RESULTS ] : Epoch 5/60 | train_loss=0.6267 val_loss=0.2277
New best macro_f1: 0.7531 at epoch 5.
Saving best checkpoint.
Checkpoint saved: /home/infres/yrothlin-24/CHAL_IM05/checkpoints/tests/best.pt
Step 50/407 | loss=0.6160 bb_lr=0.000085 head_lr=0.000085
Step 100/407 | loss=0.6278 bb_lr=0.000085 head_lr=0.000085
Step 150/407 | loss=0.5991 bb_lr=0.000085 head_lr=0.000085
Step 200/407 | loss=0.6075 bb_lr=0.000085 head_lr=0.000085
Step 250/407 | loss=0.5970 bb_lr=0.000085 head_lr=0.000085
Step 300/407 | loss=0.5959 bb_lr=0.000085 head_lr=0.000085
Step 350/407 | loss=0.6007 bb_lr=0.000085 head_lr=0.000085
Step 400/407 | loss=0.6066 bb_lr=0.000085 head_lr=0.000085
Timing (first 30 train batches) | data=0.026081s infer=0.132907s
[ TRAIN METRICS ]:
bacc=0.505 macro_f1=0.512
  best : 0(p0.64 r0.67 f0.65) 12(p0.61 r0.62 f0.61) 1(p0.59 r0.63 f0.61) 3(p0.57 r0.58 f0.58) 2(p0.56 r0.56 f0.56)
  worst: 6(p0.39 r0.31 f0.35) 7(p0.43 r0.36 f0.39) 5(p0.46 r0.38 f0.42) 9(p0.45 r0.42 f0.43) 8(p0.45 r0.43 f0.44)
[ VALIDATION METRICS TTA]:
Val dist: {1: 810, 0: 1302, 3: 86, 10: 201, 2: 275, 7: 36, 9: 11, 8: 44, 5: 37, 6: 39, 11: 7, 4: 42, 12: 1}
bacc=0.824 macro_f1=0.780
  best : 12(p1.00 r1.00 f1.00) 4(p1.00 r0.95 f0.98) 3(p0.97 r0.98 f0.97) 1(p0.96 r0.96 f0.96) 0(p0.99 r0.93 f0.96)
  worst: 6(p0.26 r0.67 f0.37) 7(p0.42 r0.58 f0.49) 5(p0.47 r0.70 f0.57) 9(p0.75 r0.55 f0.63) 11(p0.55 r0.86 f0.67)
[ RESULTS ] : Epoch 6/60 | train_loss=0.6069 val_loss=0.1980
New best macro_f1: 0.7799 at epoch 6.
Saving best checkpoint.
Checkpoint saved: /home/infres/yrothlin-24/CHAL_IM05/checkpoints/tests/best.pt
Step 50/407 | loss=0.5972 bb_lr=0.000079 head_lr=0.000079
Step 100/407 | loss=0.5764 bb_lr=0.000079 head_lr=0.000079
Step 150/407 | loss=0.5638 bb_lr=0.000079 head_lr=0.000079
Step 200/407 | loss=0.5540 bb_lr=0.000079 head_lr=0.000079
Step 250/407 | loss=0.5502 bb_lr=0.000079 head_lr=0.000079
Step 300/407 | loss=0.5508 bb_lr=0.000079 head_lr=0.000079
Step 350/407 | loss=0.5482 bb_lr=0.000079 head_lr=0.000079
Step 400/407 | loss=0.5551 bb_lr=0.000079 head_lr=0.000079
Timing (first 30 train batches) | data=0.025018s infer=0.132991s
[ TRAIN METRICS ]:
bacc=0.533 macro_f1=0.540
  best : 0(p0.66 r0.69 f0.67) 1(p0.62 r0.65 f0.63) 3(p0.61 r0.62 f0.61) 4(p0.59 r0.60 f0.59) 2(p0.59 r0.59 f0.59)
  worst: 6(p0.42 r0.35 f0.38) 7(p0.44 r0.38 f0.41) 5(p0.52 r0.45 f0.48) 8(p0.50 r0.47 f0.48) 9(p0.51 r0.49 f0.50)
[ VALIDATION METRICS TTA]:
Val dist: {1: 810, 0: 1302, 3: 86, 10: 201, 2: 275, 7: 36, 9: 11, 8: 44, 5: 37, 6: 39, 11: 7, 4: 42, 12: 1}
bacc=0.826 macro_f1=0.794
  best : 12(p1.00 r1.00 f1.00) 3(p0.98 r0.99 f0.98) 0(p0.99 r0.95 f0.97) 4(p0.98 r0.95 f0.96) 1(p0.96 r0.96 f0.96)
  worst: 6(p0.32 r0.59 f0.41) 7(p0.47 r0.53 f0.50) 5(p0.52 r0.65 f0.58) 9(p0.58 r0.64 f0.61) 8(p0.65 r0.80 f0.71)
[ RESULTS ] : Epoch 7/60 | train_loss=0.5534 val_loss=0.1815
New best macro_f1: 0.7942 at epoch 7.
Saving best checkpoint.
Checkpoint saved: /home/infres/yrothlin-24/CHAL_IM05/checkpoints/tests/best.pt
Step 50/407 | loss=0.6074 bb_lr=0.000073 head_lr=0.000073
Step 100/407 | loss=0.5735 bb_lr=0.000073 head_lr=0.000073
Step 150/407 | loss=0.5729 bb_lr=0.000073 head_lr=0.000073
Step 200/407 | loss=0.5574 bb_lr=0.000073 head_lr=0.000073
Step 250/407 | loss=0.5591 bb_lr=0.000073 head_lr=0.000073
Step 300/407 | loss=0.5493 bb_lr=0.000073 head_lr=0.000073
Step 350/407 | loss=0.5502 bb_lr=0.000073 head_lr=0.000073
Step 400/407 | loss=0.5450 bb_lr=0.000073 head_lr=0.000073
Timing (first 30 train batches) | data=0.026384s infer=0.132984s
[ TRAIN METRICS ]:
bacc=0.544 macro_f1=0.553
  best : 0(p0.66 r0.69 f0.67) 1(p0.63 r0.65 f0.64) 3(p0.61 r0.61 f0.61) 4(p0.60 r0.61 f0.61) 2(p0.58 r0.59 f0.58)
  worst: 6(p0.47 r0.38 f0.42) 7(p0.45 r0.39 f0.42) 8(p0.49 r0.45 f0.47) 5(p0.55 r0.49 f0.52) 9(p0.55 r0.52 f0.54)
[ VALIDATION METRICS TTA]:
Val dist: {1: 810, 0: 1302, 3: 86, 10: 201, 2: 275, 7: 36, 9: 11, 8: 44, 5: 37, 6: 39, 11: 7, 4: 42, 12: 1}
bacc=0.828 macro_f1=0.792
  best : 12(p1.00 r1.00 f1.00) 3(p0.97 r0.99 f0.98) 0(p0.99 r0.95 f0.97) 4(p0.98 r0.95 f0.96) 1(p0.95 r0.97 f0.96)
  worst: 6(p0.29 r0.56 f0.38) 7(p0.44 r0.58 f0.50) 5(p0.50 r0.59 f0.54) 8(p0.75 r0.61 f0.67) 9(p0.59 r0.91 f0.71)
[ RESULTS ] : Epoch 8/60 | train_loss=0.5457 val_loss=0.1903
No improvement on macro_f1. Early stopping counter: 1/10
Step 50/407 | loss=0.5898 bb_lr=0.000065 head_lr=0.000065
Step 100/407 | loss=0.6221 bb_lr=0.000065 head_lr=0.000065
Step 150/407 | loss=0.5918 bb_lr=0.000065 head_lr=0.000065
Step 200/407 | loss=0.5827 bb_lr=0.000065 head_lr=0.000065
Step 250/407 | loss=0.5650 bb_lr=0.000065 head_lr=0.000065
Step 300/407 | loss=0.5490 bb_lr=0.000065 head_lr=0.000065
Step 350/407 | loss=0.5490 bb_lr=0.000065 head_lr=0.000065
Step 400/407 | loss=0.5487 bb_lr=0.000065 head_lr=0.000065
Timing (first 30 train batches) | data=0.025436s infer=0.132978s
[ TRAIN METRICS ]:
bacc=0.552 macro_f1=0.558
  best : 0(p0.67 r0.70 f0.68) 1(p0.63 r0.65 f0.64) 3(p0.62 r0.62 f0.62) 4(p0.60 r0.61 f0.61) 11(p0.60 r0.59 f0.59)
  worst: 6(p0.43 r0.37 f0.40) 7(p0.46 r0.39 f0.42) 5(p0.52 r0.46 f0.49) 8(p0.52 r0.49 f0.50) 9(p0.55 r0.54 f0.54)
[ VALIDATION METRICS TTA]:
Val dist: {1: 810, 0: 1302, 3: 86, 10: 201, 2: 275, 7: 36, 9: 11, 8: 44, 5: 37, 6: 39, 11: 7, 4: 42, 12: 1}
bacc=0.832 macro_f1=0.788
  best : 12(p1.00 r1.00 f1.00) 4(p1.00 r0.98 f0.99) 1(p0.96 r0.96 f0.96) 0(p0.99 r0.93 f0.96) 3(p0.93 r0.98 f0.95)
  worst: 6(p0.27 r0.67 f0.38) 7(p0.43 r0.64 f0.51) 5(p0.59 r0.59 f0.59) 9(p0.57 r0.73 f0.64) 8(p0.71 r0.66 f0.68)
[ RESULTS ] : Epoch 9/60 | train_loss=0.5480 val_loss=0.1923
No improvement on macro_f1. Early stopping counter: 2/10
Step 50/407 | loss=0.5537 bb_lr=0.000058 head_lr=0.000058
Step 100/407 | loss=0.5633 bb_lr=0.000058 head_lr=0.000058
Step 150/407 | loss=0.5307 bb_lr=0.000058 head_lr=0.000058
Step 200/407 | loss=0.5229 bb_lr=0.000058 head_lr=0.000058
Step 250/407 | loss=0.5113 bb_lr=0.000058 head_lr=0.000058
Step 300/407 | loss=0.5180 bb_lr=0.000058 head_lr=0.000058
Step 350/407 | loss=0.5035 bb_lr=0.000058 head_lr=0.000058
Step 400/407 | loss=0.5022 bb_lr=0.000058 head_lr=0.000058
Timing (first 30 train batches) | data=0.028375s infer=0.132978s
[ TRAIN METRICS ]:
bacc=0.574 macro_f1=0.580
  best : 0(p0.67 r0.70 f0.69) 1(p0.64 r0.66 f0.65) 12(p0.63 r0.64 f0.63) 3(p0.63 r0.63 f0.63) 4(p0.62 r0.62 f0.62)
  worst: 6(p0.47 r0.41 f0.43) 7(p0.51 r0.45 f0.48) 5(p0.54 r0.48 f0.51) 8(p0.53 r0.50 f0.52) 9(p0.59 r0.57 f0.58)
[ VALIDATION METRICS TTA]:
Val dist: {1: 810, 0: 1302, 3: 86, 10: 201, 2: 275, 7: 36, 9: 11, 8: 44, 5: 37, 6: 39, 11: 7, 4: 42, 12: 1}
bacc=0.806 macro_f1=0.781
  best : 12(p1.00 r1.00 f1.00) 3(p0.99 r0.99 f0.99) 4(p1.00 r0.95 f0.98) 0(p0.99 r0.94 f0.97) 1(p0.96 r0.95 f0.96)
  worst: 6(p0.30 r0.69 f0.42) 7(p0.49 r0.56 f0.52) 9(p0.62 r0.45 f0.53) 5(p0.57 r0.54 f0.56) 11(p0.62 r0.71 f0.67)
[TSNE] Saved to /home/infres/yrothlin-24/CHAL_IM05/logs/tests/TSNE/tsne_val_epoch_010.png
[CONFUSION] Saved to /home/infres/yrothlin-24/CHAL_IM05/logs/tests/confusion/confusion_val_epoch_010_norm.png
[ RESULTS ] : Epoch 10/60 | train_loss=0.5041 val_loss=0.1956
No improvement on macro_f1. Early stopping counter: 3/10
Step 50/407 | loss=0.4962 bb_lr=0.000050 head_lr=0.000050
Step 100/407 | loss=0.4685 bb_lr=0.000050 head_lr=0.000050
Step 150/407 | loss=0.4731 bb_lr=0.000050 head_lr=0.000050
Step 200/407 | loss=0.4805 bb_lr=0.000050 head_lr=0.000050
Step 250/407 | loss=0.4987 bb_lr=0.000050 head_lr=0.000050
Step 300/407 | loss=0.4993 bb_lr=0.000050 head_lr=0.000050
Step 350/407 | loss=0.4866 bb_lr=0.000050 head_lr=0.000050
Step 400/407 | loss=0.4885 bb_lr=0.000050 head_lr=0.000050
Timing (first 30 train batches) | data=0.025848s infer=0.133072s
[ TRAIN METRICS ]:
bacc=0.575 macro_f1=0.581
  best : 0(p0.68 r0.70 f0.69) 1(p0.64 r0.66 f0.65) 3(p0.61 r0.62 f0.62) 2(p0.61 r0.62 f0.61) 4(p0.60 r0.62 f0.61)
  worst: 6(p0.50 r0.45 f0.48) 7(p0.53 r0.48 f0.50) 8(p0.55 r0.51 f0.53) 5(p0.56 r0.50 f0.53) 9(p0.58 r0.55 f0.56)
[ VALIDATION METRICS TTA]:
Val dist: {1: 810, 0: 1302, 3: 86, 10: 201, 2: 275, 7: 36, 9: 11, 8: 44, 5: 37, 6: 39, 11: 7, 4: 42, 12: 1}
bacc=0.810 macro_f1=0.795
  best : 12(p1.00 r1.00 f1.00) 3(p0.99 r0.99 f0.99) 0(p0.99 r0.96 f0.98) 4(p1.00 r0.93 f0.96) 1(p0.96 r0.96 f0.96)
  worst: 6(p0.36 r0.56 f0.44) 7(p0.41 r0.53 f0.46) 9(p0.60 r0.55 f0.57) 5(p0.61 r0.62 f0.61) 8(p0.72 r0.75 f0.73)
[ RESULTS ] : Epoch 11/60 | train_loss=0.4893 val_loss=0.1891
New best macro_f1: 0.7947 at epoch 11.
Saving best checkpoint.
Checkpoint saved: /home/infres/yrothlin-24/CHAL_IM05/checkpoints/tests/best.pt
Step 50/407 | loss=0.4774 bb_lr=0.000042 head_lr=0.000042
Step 100/407 | loss=0.4517 bb_lr=0.000042 head_lr=0.000042
Step 150/407 | loss=0.4682 bb_lr=0.000042 head_lr=0.000042
Step 200/407 | loss=0.4778 bb_lr=0.000042 head_lr=0.000042
Step 250/407 | loss=0.4798 bb_lr=0.000042 head_lr=0.000042
Step 300/407 | loss=0.4754 bb_lr=0.000042 head_lr=0.000042
Step 350/407 | loss=0.4679 bb_lr=0.000042 head_lr=0.000042
Step 400/407 | loss=0.4746 bb_lr=0.000042 head_lr=0.000042
Timing (first 30 train batches) | data=0.025034s infer=0.133015s
[ TRAIN METRICS ]:
bacc=0.575 macro_f1=0.580
  best : 0(p0.67 r0.69 f0.68) 1(p0.63 r0.65 f0.64) 11(p0.64 r0.64 f0.64) 3(p0.62 r0.62 f0.62) 4(p0.61 r0.62 f0.62)
  worst: 6(p0.51 r0.45 f0.48) 7(p0.51 r0.46 f0.48) 5(p0.56 r0.51 f0.53) 8(p0.54 r0.52 f0.53) 12(p0.55 r0.55 f0.55)
[ VALIDATION METRICS TTA]:
Val dist: {1: 810, 0: 1302, 3: 86, 10: 201, 2: 275, 7: 36, 9: 11, 8: 44, 5: 37, 6: 39, 11: 7, 4: 42, 12: 1}
bacc=0.812 macro_f1=0.795
  best : 12(p1.00 r1.00 f1.00) 3(p0.99 r0.99 f0.99) 0(p0.99 r0.96 f0.98) 4(p0.98 r0.95 f0.96) 1(p0.96 r0.97 f0.96)
  worst: 6(p0.37 r0.64 f0.47) 7(p0.53 r0.53 f0.53) 5(p0.67 r0.49 f0.56) 9(p0.60 r0.55 f0.57) 11(p0.67 r0.86 f0.75)
[ RESULTS ] : Epoch 12/60 | train_loss=0.4735 val_loss=0.1921
New best macro_f1: 0.7948 at epoch 12.
Saving best checkpoint.
Checkpoint saved: /home/infres/yrothlin-24/CHAL_IM05/checkpoints/tests/best.pt
Step 50/407 | loss=0.4395 bb_lr=0.000035 head_lr=0.000035
Step 100/407 | loss=0.4503 bb_lr=0.000035 head_lr=0.000035
Step 150/407 | loss=0.4534 bb_lr=0.000035 head_lr=0.000035
Step 200/407 | loss=0.4442 bb_lr=0.000035 head_lr=0.000035
Step 250/407 | loss=0.4635 bb_lr=0.000035 head_lr=0.000035
Step 300/407 | loss=0.4586 bb_lr=0.000035 head_lr=0.000035
Step 350/407 | loss=0.4684 bb_lr=0.000035 head_lr=0.000035
Step 400/407 | loss=0.4692 bb_lr=0.000035 head_lr=0.000035
Timing (first 30 train batches) | data=0.027721s infer=0.133044s
[ TRAIN METRICS ]:
bacc=0.571 macro_f1=0.575
  best : 0(p0.66 r0.69 f0.68) 1(p0.64 r0.65 f0.64) 11(p0.61 r0.60 f0.61) 9(p0.61 r0.59 f0.60) 3(p0.59 r0.60 f0.60)
  worst: 6(p0.49 r0.44 f0.46) 7(p0.51 r0.46 f0.48) 8(p0.53 r0.50 f0.52) 5(p0.56 r0.52 f0.54) 12(p0.57 r0.59 f0.58)
[ VALIDATION METRICS TTA]:
Val dist: {1: 810, 0: 1302, 3: 86, 10: 201, 2: 275, 7: 36, 9: 11, 8: 44, 5: 37, 6: 39, 11: 7, 4: 42, 12: 1}
bacc=0.808 macro_f1=0.792
  best : 12(p1.00 r1.00 f1.00) 3(p0.99 r1.00 f0.99) 0(p0.99 r0.95 f0.97) 1(p0.96 r0.97 f0.96) 4(p0.98 r0.95 f0.96)
  worst: 6(p0.31 r0.64 f0.42) 9(p0.62 r0.45 f0.53) 7(p0.51 r0.56 f0.53) 5(p0.59 r0.54 f0.56) 8(p0.74 r0.77 f0.76)
[ RESULTS ] : Epoch 13/60 | train_loss=0.4704 val_loss=0.1795
No improvement on macro_f1. Early stopping counter: 1/10
Step 50/407 | loss=0.4379 bb_lr=0.000027 head_lr=0.000027
Step 100/407 | loss=0.4488 bb_lr=0.000027 head_lr=0.000027
Step 150/407 | loss=0.4786 bb_lr=0.000027 head_lr=0.000027
Step 200/407 | loss=0.4852 bb_lr=0.000027 head_lr=0.000027
Step 250/407 | loss=0.4790 bb_lr=0.000027 head_lr=0.000027
Step 300/407 | loss=0.4818 bb_lr=0.000027 head_lr=0.000027
Step 350/407 | loss=0.4881 bb_lr=0.000027 head_lr=0.000027
Step 400/407 | loss=0.4970 bb_lr=0.000027 head_lr=0.000027
Timing (first 30 train batches) | data=0.027240s infer=0.133030s
[ TRAIN METRICS ]:
bacc=0.576 macro_f1=0.581
  best : 0(p0.67 r0.68 f0.67) 1(p0.63 r0.66 f0.64) 12(p0.63 r0.64 f0.63) 3(p0.60 r0.61 f0.61) 2(p0.61 r0.60 f0.61)
  worst: 6(p0.52 r0.47 f0.49) 7(p0.54 r0.48 f0.51) 5(p0.54 r0.50 f0.52) 9(p0.55 r0.53 f0.54) 8(p0.55 r0.53 f0.54)
[ VALIDATION METRICS TTA]:
Val dist: {1: 810, 0: 1302, 3: 86, 10: 201, 2: 275, 7: 36, 9: 11, 8: 44, 5: 37, 6: 39, 11: 7, 4: 42, 12: 1}
bacc=0.799 macro_f1=0.794
  best : 12(p1.00 r1.00 f1.00) 3(p0.99 r0.99 f0.99) 0(p0.99 r0.96 f0.98) 1(p0.95 r0.97 f0.96) 4(p1.00 r0.93 f0.96)
  worst: 6(p0.38 r0.64 f0.48) 5(p0.68 r0.41 f0.51) 9(p0.62 r0.45 f0.53) 7(p0.53 r0.56 f0.54) 8(p0.74 r0.80 f0.77)
[ RESULTS ] : Epoch 14/60 | train_loss=0.4945 val_loss=0.1813
No improvement on macro_f1. Early stopping counter: 2/10
Step 50/407 | loss=0.4878 bb_lr=0.000021 head_lr=0.000021
Step 100/407 | loss=0.4893 bb_lr=0.000021 head_lr=0.000021
Step 150/407 | loss=0.4800 bb_lr=0.000021 head_lr=0.000021
Step 200/407 | loss=0.4780 bb_lr=0.000021 head_lr=0.000021
Step 250/407 | loss=0.4799 bb_lr=0.000021 head_lr=0.000021
Step 300/407 | loss=0.4790 bb_lr=0.000021 head_lr=0.000021
Step 350/407 | loss=0.4895 bb_lr=0.000021 head_lr=0.000021
Step 400/407 | loss=0.4875 bb_lr=0.000021 head_lr=0.000021
Timing (first 30 train batches) | data=0.026164s infer=0.133006s
[ TRAIN METRICS ]:
bacc=0.571 macro_f1=0.577
  best : 0(p0.68 r0.70 f0.69) 1(p0.64 r0.66 f0.65) 11(p0.62 r0.62 f0.62) 4(p0.62 r0.62 f0.62) 3(p0.60 r0.60 f0.60)
  worst: 7(p0.51 r0.46 f0.48) 6(p0.52 r0.47 f0.49) 8(p0.53 r0.50 f0.51) 5(p0.56 r0.51 f0.53) 9(p0.55 r0.53 f0.54)
[ VALIDATION METRICS TTA]:
Val dist: {1: 810, 0: 1302, 3: 86, 10: 201, 2: 275, 7: 36, 9: 11, 8: 44, 5: 37, 6: 39, 11: 7, 4: 42, 12: 1}
bacc=0.797 macro_f1=0.789
  best : 12(p1.00 r1.00 f1.00) 3(p0.99 r0.99 f0.99) 0(p0.99 r0.97 f0.98) 1(p0.96 r0.97 f0.96) 4(p1.00 r0.93 f0.96)
  worst: 9(p0.50 r0.45 f0.48) 6(p0.40 r0.62 f0.48) 5(p0.61 r0.46 f0.52) 7(p0.53 r0.53 f0.53) 8(p0.71 r0.77 f0.74)
[TSNE] Saved to /home/infres/yrothlin-24/CHAL_IM05/logs/tests/TSNE/tsne_val_epoch_015.png
[CONFUSION] Saved to /home/infres/yrothlin-24/CHAL_IM05/logs/tests/confusion/confusion_val_epoch_015_norm.png
[ RESULTS ] : Epoch 15/60 | train_loss=0.4844 val_loss=0.1879
No improvement on macro_f1. Early stopping counter: 3/10
Step 50/407 | loss=0.5258 bb_lr=0.000015 head_lr=0.000015
Step 100/407 | loss=0.5338 bb_lr=0.000015 head_lr=0.000015
Step 150/407 | loss=0.5043 bb_lr=0.000015 head_lr=0.000015
Step 200/407 | loss=0.4865 bb_lr=0.000015 head_lr=0.000015
Step 250/407 | loss=0.4635 bb_lr=0.000015 head_lr=0.000015
Step 300/407 | loss=0.4721 bb_lr=0.000015 head_lr=0.000015
Step 350/407 | loss=0.4764 bb_lr=0.000015 head_lr=0.000015
Step 400/407 | loss=0.4767 bb_lr=0.000015 head_lr=0.000015
Timing (first 30 train batches) | data=0.026585s infer=0.132938s
[ TRAIN METRICS ]:
bacc=0.549 macro_f1=0.555
  best : 0(p0.65 r0.67 f0.66) 1(p0.62 r0.64 f0.63) 9(p0.60 r0.58 f0.59) 11(p0.59 r0.57 f0.58) 2(p0.58 r0.58 f0.58)
  worst: 7(p0.49 r0.43 f0.46) 6(p0.49 r0.45 f0.47) 12(p0.50 r0.51 f0.51) 8(p0.53 r0.49 f0.51) 5(p0.54 r0.50 f0.52)
[ VALIDATION METRICS TTA]:
Val dist: {1: 810, 0: 1302, 3: 86, 10: 201, 2: 275, 7: 36, 9: 11, 8: 44, 5: 37, 6: 39, 11: 7, 4: 42, 12: 1}
bacc=0.797 macro_f1=0.791
  best : 12(p1.00 r1.00 f1.00) 3(p0.99 r0.99 f0.99) 0(p0.99 r0.97 f0.98) 4(p0.98 r0.95 f0.96) 1(p0.95 r0.97 f0.96)
  worst: 9(p0.57 r0.36 f0.44) 6(p0.41 r0.56 f0.47) 5(p0.60 r0.49 f0.54) 7(p0.53 r0.58 f0.55) 8(p0.73 r0.82 f0.77)
[ RESULTS ] : Epoch 16/60 | train_loss=0.4769 val_loss=0.1843
No improvement on macro_f1. Early stopping counter: 4/10
Step 50/407 | loss=0.5239 bb_lr=0.000010 head_lr=0.000010
Step 100/407 | loss=0.4622 bb_lr=0.000010 head_lr=0.000010
Step 150/407 | loss=0.4433 bb_lr=0.000010 head_lr=0.000010
Step 200/407 | loss=0.4464 bb_lr=0.000010 head_lr=0.000010
Step 250/407 | loss=0.4531 bb_lr=0.000010 head_lr=0.000010
Step 300/407 | loss=0.4486 bb_lr=0.000010 head_lr=0.000010
Step 350/407 | loss=0.4478 bb_lr=0.000010 head_lr=0.000010
Step 400/407 | loss=0.4554 bb_lr=0.000010 head_lr=0.000010
Timing (first 30 train batches) | data=0.026294s infer=0.133035s
[ TRAIN METRICS ]:
bacc=0.587 macro_f1=0.589
  best : 0(p0.67 r0.70 f0.68) 1(p0.64 r0.65 f0.65) 3(p0.63 r0.65 f0.64) 2(p0.62 r0.61 f0.62) 10(p0.61 r0.61 f0.61)
  worst: 6(p0.53 r0.48 f0.50) 7(p0.53 r0.49 f0.50) 5(p0.56 r0.53 f0.55) 8(p0.56 r0.53 f0.55) 9(p0.57 r0.57 f0.57)
[ VALIDATION METRICS TTA]:
Val dist: {1: 810, 0: 1302, 3: 86, 10: 201, 2: 275, 7: 36, 9: 11, 8: 44, 5: 37, 6: 39, 11: 7, 4: 42, 12: 1}
bacc=0.811 macro_f1=0.804
  best : 12(p1.00 r1.00 f1.00) 3(p0.99 r0.99 f0.99) 0(p0.99 r0.97 f0.98) 4(p1.00 r0.95 f0.98) 1(p0.96 r0.97 f0.96)
  worst: 6(p0.40 r0.62 f0.48) 7(p0.53 r0.56 f0.54) 9(p0.71 r0.45 f0.56) 5(p0.61 r0.51 f0.56) 8(p0.73 r0.84 f0.78)
[ RESULTS ] : Epoch 17/60 | train_loss=0.4518 val_loss=0.1847
New best macro_f1: 0.8037 at epoch 17.
Saving best checkpoint.
Checkpoint saved: /home/infres/yrothlin-24/CHAL_IM05/checkpoints/tests/best.pt
Step 50/407 | loss=0.5552 bb_lr=0.000005 head_lr=0.000005
Step 100/407 | loss=0.4990 bb_lr=0.000005 head_lr=0.000005
Step 150/407 | loss=0.4566 bb_lr=0.000005 head_lr=0.000005
Step 200/407 | loss=0.4368 bb_lr=0.000005 head_lr=0.000005
Step 250/407 | loss=0.4413 bb_lr=0.000005 head_lr=0.000005
Step 300/407 | loss=0.4372 bb_lr=0.000005 head_lr=0.000005
Step 350/407 | loss=0.4412 bb_lr=0.000005 head_lr=0.000005
Step 400/407 | loss=0.4414 bb_lr=0.000005 head_lr=0.000005
Timing (first 30 train batches) | data=0.024814s infer=0.132986s
[ TRAIN METRICS ]:
bacc=0.587 macro_f1=0.592
  best : 0(p0.68 r0.70 f0.69) 1(p0.65 r0.67 f0.66) 2(p0.62 r0.62 f0.62) 3(p0.62 r0.62 f0.62) 9(p0.62 r0.61 f0.62)
  worst: 6(p0.52 r0.48 f0.50) 7(p0.56 r0.50 f0.53) 12(p0.54 r0.53 f0.54) 5(p0.59 r0.55 f0.57) 8(p0.57 r0.56 f0.57)
[ VALIDATION METRICS TTA]:
Val dist: {1: 810, 0: 1302, 3: 86, 10: 201, 2: 275, 7: 36, 9: 11, 8: 44, 5: 37, 6: 39, 11: 7, 4: 42, 12: 1}
bacc=0.804 macro_f1=0.803
  best : 12(p1.00 r1.00 f1.00) 3(p0.99 r0.99 f0.99) 0(p0.99 r0.98 f0.98) 4(p1.00 r0.95 f0.98) 1(p0.95 r0.97 f0.96)
  worst: 6(p0.48 r0.59 f0.53) 5(p0.65 r0.46 f0.54) 9(p0.71 r0.45 f0.56) 7(p0.61 r0.56 f0.58) 11(p0.67 r0.86 f0.75)
[ RESULTS ] : Epoch 18/60 | train_loss=0.4413 val_loss=0.1851
No improvement on macro_f1. Early stopping counter: 1/10
Step 50/407 | loss=0.4546 bb_lr=0.000002 head_lr=0.000002
Step 100/407 | loss=0.4439 bb_lr=0.000002 head_lr=0.000002
Step 150/407 | loss=0.4759 bb_lr=0.000002 head_lr=0.000002
Step 200/407 | loss=0.4686 bb_lr=0.000002 head_lr=0.000002
Step 250/407 | loss=0.4752 bb_lr=0.000002 head_lr=0.000002
Step 300/407 | loss=0.4661 bb_lr=0.000002 head_lr=0.000002
Step 350/407 | loss=0.4496 bb_lr=0.000002 head_lr=0.000002
Step 400/407 | loss=0.4507 bb_lr=0.000002 head_lr=0.000002
Timing (first 30 train batches) | data=0.025458s infer=0.133008s
[ TRAIN METRICS ]:
bacc=0.588 macro_f1=0.591
  best : 0(p0.67 r0.69 f0.68) 1(p0.64 r0.66 f0.65) 4(p0.62 r0.63 f0.63) 12(p0.62 r0.62 f0.62) 2(p0.62 r0.61 f0.61)
  worst: 6(p0.52 r0.47 f0.49) 7(p0.53 r0.49 f0.51) 8(p0.57 r0.54 f0.56) 5(p0.57 r0.55 f0.56) 9(p0.57 r0.56 f0.56)
[ VALIDATION METRICS TTA]:
Val dist: {1: 810, 0: 1302, 3: 86, 10: 201, 2: 275, 7: 36, 9: 11, 8: 44, 5: 37, 6: 39, 11: 7, 4: 42, 12: 1}
bacc=0.809 macro_f1=0.807
  best : 12(p1.00 r1.00 f1.00) 3(p0.99 r0.99 f0.99) 4(p1.00 r0.98 f0.99) 0(p0.99 r0.97 f0.98) 1(p0.96 r0.98 f0.97)
  worst: 6(p0.39 r0.62 f0.48) 5(p0.68 r0.46 f0.55) 9(p0.71 r0.45 f0.56) 7(p0.60 r0.58 f0.59) 8(p0.75 r0.82 f0.78)
[ RESULTS ] : Epoch 19/60 | train_loss=0.4508 val_loss=0.1888
New best macro_f1: 0.8069 at epoch 19.
Saving best checkpoint.
Checkpoint saved: /home/infres/yrothlin-24/CHAL_IM05/checkpoints/tests/best.pt
Step 50/407 | loss=0.4222 bb_lr=0.000001 head_lr=0.000001
Step 100/407 | loss=0.4159 bb_lr=0.000001 head_lr=0.000001
Step 150/407 | loss=0.4280 bb_lr=0.000001 head_lr=0.000001
Step 200/407 | loss=0.4325 bb_lr=0.000001 head_lr=0.000001
Step 250/407 | loss=0.4385 bb_lr=0.000001 head_lr=0.000001
Step 300/407 | loss=0.4444 bb_lr=0.000001 head_lr=0.000001
Step 350/407 | loss=0.4439 bb_lr=0.000001 head_lr=0.000001
Step 400/407 | loss=0.4454 bb_lr=0.000001 head_lr=0.000001
Timing (first 30 train batches) | data=0.025190s infer=0.133106s
[ TRAIN METRICS ]:
bacc=0.564 macro_f1=0.567
  best : 0(p0.65 r0.67 f0.66) 1(p0.62 r0.63 f0.62) 12(p0.59 r0.61 f0.60) 10(p0.60 r0.60 f0.60) 3(p0.60 r0.59 f0.59)
  worst: 6(p0.50 r0.46 f0.48) 7(p0.53 r0.48 f0.50) 8(p0.52 r0.50 f0.51) 5(p0.54 r0.50 f0.52) 9(p0.56 r0.56 f0.56)
[ VALIDATION METRICS TTA]:
Val dist: {1: 810, 0: 1302, 3: 86, 10: 201, 2: 275, 7: 36, 9: 11, 8: 44, 5: 37, 6: 39, 11: 7, 4: 42, 12: 1}
bacc=0.803 macro_f1=0.797
  best : 12(p1.00 r1.00 f1.00) 3(p0.99 r0.99 f0.99) 0(p0.99 r0.97 f0.98) 4(p1.00 r0.95 f0.98) 1(p0.95 r0.97 f0.96)
  worst: 6(p0.42 r0.59 f0.49) 5(p0.59 r0.46 f0.52) 7(p0.56 r0.56 f0.56) 9(p0.71 r0.45 f0.56) 11(p0.67 r0.86 f0.75)
[TSNE] Saved to /home/infres/yrothlin-24/CHAL_IM05/logs/tests/TSNE/tsne_val_epoch_020.png
[CONFUSION] Saved to /home/infres/yrothlin-24/CHAL_IM05/logs/tests/confusion/confusion_val_epoch_020_norm.png
[ RESULTS ] : Epoch 20/60 | train_loss=0.4443 val_loss=0.1860
No improvement on macro_f1. Early stopping counter: 1/10
Step 50/407 | loss=0.5071 bb_lr=0.000100 head_lr=0.000100
Step 100/407 | loss=0.4683 bb_lr=0.000100 head_lr=0.000100
Step 150/407 | loss=0.4967 bb_lr=0.000100 head_lr=0.000100
Step 200/407 | loss=0.4993 bb_lr=0.000100 head_lr=0.000100
Step 250/407 | loss=0.5016 bb_lr=0.000100 head_lr=0.000100
Step 300/407 | loss=0.5050 bb_lr=0.000100 head_lr=0.000100
Step 350/407 | loss=0.5025 bb_lr=0.000100 head_lr=0.000100
Step 400/407 | loss=0.5026 bb_lr=0.000100 head_lr=0.000100
Timing (first 30 train batches) | data=0.026970s infer=0.132986s
[ TRAIN METRICS ]:
bacc=0.575 macro_f1=0.579
  best : 0(p0.67 r0.69 f0.68) 1(p0.64 r0.66 f0.65) 3(p0.62 r0.63 f0.62) 4(p0.61 r0.62 f0.61) 2(p0.61 r0.61 f0.61)
  worst: 7(p0.52 r0.46 f0.49) 6(p0.52 r0.46 f0.49) 8(p0.52 r0.50 f0.51) 12(p0.54 r0.54 f0.54) 9(p0.56 r0.56 f0.56)
[ VALIDATION METRICS TTA]:
Val dist: {1: 810, 0: 1302, 3: 86, 10: 201, 2: 275, 7: 36, 9: 11, 8: 44, 5: 37, 6: 39, 11: 7, 4: 42, 12: 1}
bacc=0.814 macro_f1=0.778
  best : 12(p1.00 r1.00 f1.00) 4(p1.00 r0.98 f0.99) 3(p0.98 r0.99 f0.98) 0(p0.99 r0.95 f0.97) 1(p0.96 r0.97 f0.97)
  worst: 9(p0.57 r0.36 f0.44) 6(p0.34 r0.67 f0.45) 7(p0.43 r0.53 f0.48) 5(p0.51 r0.68 f0.58) 11(p0.60 r0.86 f0.71)
[ RESULTS ] : Epoch 21/60 | train_loss=0.5028 val_loss=0.2047
No improvement on macro_f1. Early stopping counter: 2/10
Step 50/407 | loss=0.4977 bb_lr=0.000099 head_lr=0.000099
Step 100/407 | loss=0.5428 bb_lr=0.000099 head_lr=0.000099
Step 150/407 | loss=0.5333 bb_lr=0.000099 head_lr=0.000099
Step 200/407 | loss=0.5198 bb_lr=0.000099 head_lr=0.000099
Step 250/407 | loss=0.5062 bb_lr=0.000099 head_lr=0.000099
Step 300/407 | loss=0.5153 bb_lr=0.000099 head_lr=0.000099
Step 350/407 | loss=0.5085 bb_lr=0.000099 head_lr=0.000099
Step 400/407 | loss=0.5033 bb_lr=0.000099 head_lr=0.000099
Timing (first 30 train batches) | data=0.025160s infer=0.133067s
[ TRAIN METRICS ]:
bacc=0.577 macro_f1=0.583
  best : 0(p0.67 r0.70 f0.68) 1(p0.64 r0.66 f0.65) 4(p0.64 r0.64 f0.64) 3(p0.62 r0.62 f0.62) 2(p0.61 r0.61 f0.61)
  worst: 7(p0.51 r0.45 f0.48) 6(p0.51 r0.46 f0.49) 8(p0.55 r0.51 f0.53) 5(p0.57 r0.51 f0.54) 9(p0.56 r0.55 f0.55)
[ VALIDATION METRICS TTA]:
Val dist: {1: 810, 0: 1302, 3: 86, 10: 201, 2: 275, 7: 36, 9: 11, 8: 44, 5: 37, 6: 39, 11: 7, 4: 42, 12: 1}
bacc=0.760 macro_f1=0.753
  best : 12(p1.00 r1.00 f1.00) 3(p0.98 r0.99 f0.98) 4(p1.00 r0.95 f0.98) 0(p0.99 r0.95 f0.97) 1(p0.96 r0.96 f0.96)
  worst: 9(p0.50 r0.27 f0.35) 5(p0.58 r0.30 f0.39) 6(p0.33 r0.59 f0.42) 7(p0.43 r0.44 f0.44) 11(p0.71 r0.71 f0.71)
[ RESULTS ] : Epoch 22/60 | train_loss=0.5088 val_loss=0.2086
No improvement on macro_f1. Early stopping counter: 3/10
Step 50/407 | loss=0.5255 bb_lr=0.000098 head_lr=0.000098
Step 100/407 | loss=0.5132 bb_lr=0.000098 head_lr=0.000098
Step 150/407 | loss=0.4890 bb_lr=0.000098 head_lr=0.000098
Step 200/407 | loss=0.4899 bb_lr=0.000098 head_lr=0.000098
Step 250/407 | loss=0.4845 bb_lr=0.000098 head_lr=0.000098
Step 300/407 | loss=0.4807 bb_lr=0.000098 head_lr=0.000098
Step 350/407 | loss=0.4618 bb_lr=0.000098 head_lr=0.000098
Step 400/407 | loss=0.4673 bb_lr=0.000098 head_lr=0.000098
Timing (first 30 train batches) | data=0.025041s infer=0.133026s
[ TRAIN METRICS ]:
bacc=0.564 macro_f1=0.569
  best : 0(p0.66 r0.69 f0.67) 1(p0.63 r0.64 f0.64) 4(p0.61 r0.61 f0.61) 2(p0.59 r0.60 f0.59) 10(p0.60 r0.59 f0.59)
  worst: 6(p0.53 r0.49 f0.50) 7(p0.54 r0.48 f0.51) 8(p0.53 r0.50 f0.52) 9(p0.53 r0.51 f0.52) 5(p0.54 r0.51 f0.53)
[ VALIDATION METRICS TTA]:
Val dist: {1: 810, 0: 1302, 3: 86, 10: 201, 2: 275, 7: 36, 9: 11, 8: 44, 5: 37, 6: 39, 11: 7, 4: 42, 12: 1}
bacc=0.799 macro_f1=0.783
  best : 12(p1.00 r1.00 f1.00) 3(p0.99 r0.99 f0.99) 4(p1.00 r0.95 f0.98) 0(p0.99 r0.96 f0.97) 1(p0.95 r0.97 f0.96)
  worst: 7(p0.42 r0.44 f0.43) 5(p0.62 r0.35 f0.45) 6(p0.34 r0.72 f0.46) 9(p0.58 r0.64 f0.61) 8(p0.74 r0.70 f0.72)
[ RESULTS ] : Epoch 23/60 | train_loss=0.4695 val_loss=0.2142
No improvement on macro_f1. Early stopping counter: 4/10
Step 50/407 | loss=0.5235 bb_lr=0.000095 head_lr=0.000095
Step 100/407 | loss=0.5091 bb_lr=0.000095 head_lr=0.000095
Step 150/407 | loss=0.4990 bb_lr=0.000095 head_lr=0.000095
Step 200/407 | loss=0.4936 bb_lr=0.000095 head_lr=0.000095
Step 250/407 | loss=0.4995 bb_lr=0.000095 head_lr=0.000095
Step 300/407 | loss=0.4994 bb_lr=0.000095 head_lr=0.000095
Step 350/407 | loss=0.4986 bb_lr=0.000095 head_lr=0.000095
Step 400/407 | loss=0.5011 bb_lr=0.000095 head_lr=0.000095
Timing (first 30 train batches) | data=0.026041s infer=0.132992s
[ TRAIN METRICS ]:
bacc=0.562 macro_f1=0.567
  best : 0(p0.67 r0.69 f0.68) 1(p0.63 r0.64 f0.63) 4(p0.62 r0.62 f0.62) 12(p0.61 r0.60 f0.61) 3(p0.59 r0.61 f0.60)
  worst: 6(p0.49 r0.43 f0.46) 7(p0.51 r0.45 f0.48) 5(p0.52 r0.47 f0.49) 8(p0.52 r0.49 f0.51) 9(p0.54 r0.53 f0.54)
[ VALIDATION METRICS TTA]:
Val dist: {1: 810, 0: 1302, 3: 86, 10: 201, 2: 275, 7: 36, 9: 11, 8: 44, 5: 37, 6: 39, 11: 7, 4: 42, 12: 1}
bacc=0.791 macro_f1=0.794
  best : 12(p1.00 r1.00 f1.00) 3(p0.98 r0.99 f0.98) 0(p0.99 r0.98 f0.98) 4(p1.00 r0.95 f0.98) 1(p0.96 r0.97 f0.96)
  worst: 9(p0.67 r0.36 f0.47) 7(p0.47 r0.50 f0.49) 6(p0.51 r0.49 f0.50) 5(p0.58 r0.59 f0.59) 8(p0.64 r0.77 f0.70)
[ RESULTS ] : Epoch 24/60 | train_loss=0.5011 val_loss=0.1955
No improvement on macro_f1. Early stopping counter: 5/10
Step 50/407 | loss=0.4579 bb_lr=0.000090 head_lr=0.000090
Step 100/407 | loss=0.4576 bb_lr=0.000090 head_lr=0.000090
Step 150/407 | loss=0.4793 bb_lr=0.000090 head_lr=0.000090
Step 200/407 | loss=0.4882 bb_lr=0.000090 head_lr=0.000090
Step 250/407 | loss=0.4783 bb_lr=0.000090 head_lr=0.000090
Step 300/407 | loss=0.4739 bb_lr=0.000090 head_lr=0.000090
Step 350/407 | loss=0.4710 bb_lr=0.000090 head_lr=0.000090
Step 400/407 | loss=0.4677 bb_lr=0.000090 head_lr=0.000090
Timing (first 30 train batches) | data=0.027505s infer=0.132987s
[ TRAIN METRICS ]:
bacc=0.590 macro_f1=0.596
  best : 0(p0.69 r0.72 f0.70) 1(p0.66 r0.67 f0.67) 4(p0.64 r0.64 f0.64) 3(p0.62 r0.63 f0.63) 10(p0.63 r0.62 f0.62)
  worst: 6(p0.54 r0.47 f0.50) 7(p0.57 r0.51 f0.54) 12(p0.55 r0.55 f0.55) 8(p0.56 r0.54 f0.55) 9(p0.57 r0.55 f0.56)
[ VALIDATION METRICS TTA]:
Val dist: {1: 810, 0: 1302, 3: 86, 10: 201, 2: 275, 7: 36, 9: 11, 8: 44, 5: 37, 6: 39, 11: 7, 4: 42, 12: 1}
bacc=0.792 macro_f1=0.784
  best : 12(p1.00 r1.00 f1.00) 4(p1.00 r0.98 f0.99) 3(p0.98 r0.98 f0.98) 0(p0.99 r0.95 f0.97) 1(p0.95 r0.97 f0.96)
  worst: 6(p0.34 r0.62 f0.44) 7(p0.54 r0.42 f0.47) 5(p0.72 r0.35 f0.47) 9(p0.55 r0.55 f0.55) 8(p0.65 r0.80 f0.71)
[TSNE] Saved to /home/infres/yrothlin-24/CHAL_IM05/logs/tests/TSNE/tsne_val_epoch_025.png
[CONFUSION] Saved to /home/infres/yrothlin-24/CHAL_IM05/logs/tests/confusion/confusion_val_epoch_025_norm.png
[ RESULTS ] : Epoch 25/60 | train_loss=0.4684 val_loss=0.2125
No improvement on macro_f1. Early stopping counter: 6/10
Step 50/407 | loss=0.4559 bb_lr=0.000085 head_lr=0.000085
Step 100/407 | loss=0.4561 bb_lr=0.000085 head_lr=0.000085
Step 150/407 | loss=0.4590 bb_lr=0.000085 head_lr=0.000085
Step 200/407 | loss=0.4627 bb_lr=0.000085 head_lr=0.000085
Step 250/407 | loss=0.4600 bb_lr=0.000085 head_lr=0.000085
Step 300/407 | loss=0.4542 bb_lr=0.000085 head_lr=0.000085
Step 350/407 | loss=0.4485 bb_lr=0.000085 head_lr=0.000085
Step 400/407 | loss=0.4550 bb_lr=0.000085 head_lr=0.000085
Timing (first 30 train batches) | data=0.025675s infer=0.132904s
[ TRAIN METRICS ]:
bacc=0.603 macro_f1=0.609
  best : 0(p0.68 r0.71 f0.70) 1(p0.66 r0.68 f0.67) 12(p0.67 r0.65 f0.66) 11(p0.64 r0.63 f0.63) 2(p0.63 r0.63 f0.63)
  worst: 6(p0.54 r0.49 f0.51) 8(p0.56 r0.54 f0.55) 7(p0.58 r0.53 f0.55) 5(p0.59 r0.55 f0.57) 9(p0.60 r0.58 f0.59)
[ VALIDATION METRICS TTA]:
Val dist: {1: 810, 0: 1302, 3: 86, 10: 201, 2: 275, 7: 36, 9: 11, 8: 44, 5: 37, 6: 39, 11: 7, 4: 42, 12: 1}
bacc=0.798 macro_f1=0.778
  best : 12(p1.00 r1.00 f1.00) 3(p0.98 r0.99 f0.98) 0(p0.99 r0.96 f0.97) 1(p0.96 r0.97 f0.97) 4(p0.97 r0.93 f0.95)
  worst: 6(p0.33 r0.54 f0.41) 7(p0.43 r0.56 f0.48) 5(p0.64 r0.43 f0.52) 9(p0.60 r0.55 f0.57) 11(p0.60 r0.86 f0.71)
[ RESULTS ] : Epoch 26/60 | train_loss=0.4558 val_loss=0.2051
No improvement on macro_f1. Early stopping counter: 7/10
Step 50/407 | loss=0.4635 bb_lr=0.000079 head_lr=0.000079
Step 100/407 | loss=0.4760 bb_lr=0.000079 head_lr=0.000079
Step 150/407 | loss=0.4660 bb_lr=0.000079 head_lr=0.000079
Step 200/407 | loss=0.4646 bb_lr=0.000079 head_lr=0.000079
Step 250/407 | loss=0.4659 bb_lr=0.000079 head_lr=0.000079
Step 300/407 | loss=0.4553 bb_lr=0.000079 head_lr=0.000079
Step 350/407 | loss=0.4565 bb_lr=0.000079 head_lr=0.000079
Step 400/407 | loss=0.4544 bb_lr=0.000079 head_lr=0.000079
Timing (first 30 train batches) | data=0.024908s infer=0.132969s
[ TRAIN METRICS ]:
bacc=0.556 macro_f1=0.559
  best : 0(p0.66 r0.68 f0.67) 1(p0.61 r0.62 f0.61) 3(p0.60 r0.61 f0.60) 2(p0.59 r0.59 f0.59) 4(p0.59 r0.59 f0.59)
  worst: 6(p0.49 r0.43 f0.46) 7(p0.51 r0.46 f0.49) 5(p0.53 r0.49 f0.51) 8(p0.53 r0.50 f0.51) 9(p0.55 r0.54 f0.55)
[ VALIDATION METRICS TTA]:
Val dist: {1: 810, 0: 1302, 3: 86, 10: 201, 2: 275, 7: 36, 9: 11, 8: 44, 5: 37, 6: 39, 11: 7, 4: 42, 12: 1}
bacc=0.794 macro_f1=0.780
  best : 12(p1.00 r1.00 f1.00) 0(p0.99 r0.96 f0.98) 4(p0.98 r0.95 f0.96) 3(p0.93 r0.99 f0.96) 1(p0.95 r0.96 f0.96)
  worst: 9(p0.45 r0.45 f0.45) 5(p0.46 r0.46 f0.46) 7(p0.55 r0.50 f0.52) 6(p0.47 r0.59 f0.52) 8(p0.67 r0.77 f0.72)
[ RESULTS ] : Epoch 27/60 | train_loss=0.4540 val_loss=0.2053
No improvement on macro_f1. Early stopping counter: 8/10
Step 50/407 | loss=0.4687 bb_lr=0.000073 head_lr=0.000073
Step 100/407 | loss=0.5047 bb_lr=0.000073 head_lr=0.000073
Step 150/407 | loss=0.4938 bb_lr=0.000073 head_lr=0.000073
Step 200/407 | loss=0.4815 bb_lr=0.000073 head_lr=0.000073
Step 250/407 | loss=0.4795 bb_lr=0.000073 head_lr=0.000073
Step 300/407 | loss=0.4756 bb_lr=0.000073 head_lr=0.000073
Step 350/407 | loss=0.4677 bb_lr=0.000073 head_lr=0.000073
Step 400/407 | loss=0.4585 bb_lr=0.000073 head_lr=0.000073
Timing (first 30 train batches) | data=0.026802s infer=0.132979s
[ TRAIN METRICS ]:
bacc=0.567 macro_f1=0.572
  best : 0(p0.66 r0.67 f0.67) 1(p0.63 r0.65 f0.64) 12(p0.63 r0.62 f0.62) 2(p0.60 r0.60 f0.60) 3(p0.59 r0.60 f0.60)
  worst: 6(p0.51 r0.47 f0.49) 5(p0.52 r0.49 f0.50) 8(p0.52 r0.50 f0.51) 7(p0.53 r0.50 f0.51) 9(p0.53 r0.51 f0.52)
[ VALIDATION METRICS TTA]:
Val dist: {1: 810, 0: 1302, 3: 86, 10: 201, 2: 275, 7: 36, 9: 11, 8: 44, 5: 37, 6: 39, 11: 7, 4: 42, 12: 1}
bacc=0.800 macro_f1=0.790
  best : 12(p1.00 r1.00 f1.00) 0(p0.99 r0.96 f0.98) 3(p0.99 r0.97 f0.98) 4(p1.00 r0.95 f0.98) 1(p0.96 r0.97 f0.97)
  worst: 7(p0.45 r0.50 f0.47) 6(p0.39 r0.62 f0.48) 9(p0.55 r0.55 f0.55) 5(p0.66 r0.51 f0.58) 11(p0.71 r0.71 f0.71)
[ RESULTS ] : Epoch 28/60 | train_loss=0.4538 val_loss=0.1969
No improvement on macro_f1. Early stopping counter: 9/10
Step 50/407 | loss=0.4450 bb_lr=0.000065 head_lr=0.000065
Step 100/407 | loss=0.4468 bb_lr=0.000065 head_lr=0.000065
Step 150/407 | loss=0.4386 bb_lr=0.000065 head_lr=0.000065
Step 200/407 | loss=0.4310 bb_lr=0.000065 head_lr=0.000065
Step 250/407 | loss=0.4441 bb_lr=0.000065 head_lr=0.000065
Step 300/407 | loss=0.4505 bb_lr=0.000065 head_lr=0.000065
Step 350/407 | loss=0.4498 bb_lr=0.000065 head_lr=0.000065
Step 400/407 | loss=0.4477 bb_lr=0.000065 head_lr=0.000065
Timing (first 30 train batches) | data=0.027901s infer=0.133055s
[ TRAIN METRICS ]:
bacc=0.584 macro_f1=0.589
  best : 0(p0.67 r0.69 f0.68) 1(p0.64 r0.65 f0.64) 2(p0.62 r0.62 f0.62) 3(p0.60 r0.61 f0.60) 9(p0.61 r0.59 f0.60)
  worst: 6(p0.52 r0.46 f0.49) 7(p0.56 r0.51 f0.53) 8(p0.56 r0.54 f0.55) 5(p0.57 r0.53 f0.55) 11(p0.59 r0.60 f0.59)
[ VALIDATION METRICS TTA]:
Val dist: {1: 810, 0: 1302, 3: 86, 10: 201, 2: 275, 7: 36, 9: 11, 8: 44, 5: 37, 6: 39, 11: 7, 4: 42, 12: 1}
bacc=0.795 macro_f1=0.792
  best : 12(p1.00 r1.00 f1.00) 3(p0.98 r1.00 f0.99) 0(p0.98 r0.98 f0.98) 4(p1.00 r0.95 f0.98) 1(p0.95 r0.97 f0.96)
  worst: 7(p0.46 r0.50 f0.48) 5(p0.68 r0.41 f0.51) 9(p0.50 r0.55 f0.52) 6(p0.54 r0.51 f0.53) 8(p0.66 r0.80 f0.72)
[ RESULTS ] : Epoch 29/60 | train_loss=0.4499 val_loss=0.2021
No improvement on macro_f1. Early stopping counter: 10/10
Early stopping triggered at epoch 29. Best epoch was 19 with macro_f1=0.8069
[FINAL]: Best score achieved at epoch 19 with score: 0.8068893244008565
