--------------------------------------------------------------------------------
BACKBONE: EFFICIENTNET_V2_S
MODE: training
DEVICE: cuda
--------------------------------------------------------------------------------
--------------------------------------------------------------------------------
MODEL INFORMATIONS
Backbone         : EFFICIENTNET_V2_S
Feature dim      : 1280
Backbone params  : 20,177,488
Head params      : 1,029,133
Total params     : 21,206,621
Trainable params : 21,206,621
Frozen backbone  : False
--------------------------------------------------------------------------------
[DATALOADER]: Using grouped single split
[DATALOADER] Train distribution: [11713, 7291, 2471, 775, 373, 329, 352, 324, 397, 103, 1811, 61, 10]
[DATALOADER] Val distribution  : [1302, 810, 275, 86, 42, 37, 39, 36, 44, 11, 201, 7, 1]
[DATALOADER]: Using weighted sampling
[DATALOADER]: Using TTA
Successfully loaded data with sizes: train=26010, val=2891, test=N/A
Validation set distribution: {0: 1302, 1: 810, 2: 275, 3: 86, 4: 42, 5: 37, 6: 39, 7: 36, 8: 44, 9: 11, 10: 201, 11: 7, 12: 1}
Trainer config: {'save_ckpt': True, 'ckpt_dir': '/home/infres/yrothlin-24/CHAL_IM05/checkpoints/tests', 'ckpt_every': 1, 'resume_from': '/home/infres/yrothlin-24/CHAL_IM05/checkpoints/tests/best.pt', 'resume': True, 'resume_from_pretrained': '/home/infres/yrothlin-24/CHAL_IM05/checkpoints/contrastive_pretraining/best.pt', 'resume_pretrained': False, 'monitor': 'macro_f1', 'early_stopping': True, 'early_stopping_patience': 10, 'early_stopping_mode': 'max', 'use_mixup': True, 'mixup_alpha': 0.2, 'use_cutmix': True, 'cutmix_alpha': 1.0, 'cutmix_prob': 0.5, 'loss': 'focal', 'gamma': 2.0, 'bb_lr': 0.0003, 'head_lr': 0.0003, 'finetune_bb_lr': 0.0001, 'finetune_head_lr': 0.0001, 'weight_decay': 0.0001, 'num_epochs': 60, 'warmup_epochs': 0, 'optimizer': 'adamw', 'scheduler': 'cosine_restarts', 'use_amp': False, 'grad_clip': 1.0, 'log_step': 50, 'tta_rounds': 5, 'label_smoothing': 0.05, 'use_weights': False, 'weights': [0.131885, 0.167166, 0.287122, 0.512761, 0.738572, 0.786459, 0.760902, 0.792986, 0.716469, 1.409173, 0.335431, 1.824578, 4.536496], 'plot_tsne': True, 'tsne_split': 'val', 'tsne_every': 5, 'tsne_max_samples': 1000, 'tsne_perplexity': 30.0, 'tsne_dir': '/home/infres/yrothlin-24/CHAL_IM05/logs/tests/TSNE', 'plot_confusion': True, 'confusion_split': 'val', 'confusion_every': 5, 'confusion_normalize': True, 'confusion_dir': '/home/infres/yrothlin-24/CHAL_IM05/logs/tests/confusion', 'class_names': ['SNE', 'LY', 'MO', 'EO', 'BA', 'VLY', 'BNE', 'MMY', 'MY', 'PMY', 'BL', 'PC', 'PLY']}
MODE EVALUATION : False
Using TTA with : 5 rounds
Early stopping enabled with patience=10 and mode=max
TSNE will be plotted every 5 epochs and saved to: /home/infres/yrothlin-24/CHAL_IM05/logs/tests/TSNE
Confusion matrices will be plotted every 5 epochs and saved to: /home/infres/yrothlin-24/CHAL_IM05/logs/tests/confusion
[TSNE] Saved to /home/infres/yrothlin-24/CHAL_IM05/logs/tests/TSNE/tsne_val_epoch_000.png
Backbone frozen at epoch 1. Trainable parameters: 1029133
Backbone unfrozen at epoch 1. Trainable parameters: 21206621
Step 50/407 | loss=1.8900 bb_lr=0.000100 head_lr=0.000100
Step 100/407 | loss=1.6731 bb_lr=0.000100 head_lr=0.000100
Step 150/407 | loss=1.5060 bb_lr=0.000100 head_lr=0.000100
Step 200/407 | loss=1.4005 bb_lr=0.000100 head_lr=0.000100
Step 250/407 | loss=1.3260 bb_lr=0.000100 head_lr=0.000100
Step 300/407 | loss=1.2625 bb_lr=0.000100 head_lr=0.000100
Step 350/407 | loss=1.2248 bb_lr=0.000100 head_lr=0.000100
Step 400/407 | loss=1.1788 bb_lr=0.000100 head_lr=0.000100
Timing (first 30 train batches) | data=0.028693s infer=0.138035s
[ TRAIN METRICS ]:
bacc=0.269 macro_f1=0.278
  best : 0(p0.54 r0.70 f0.61) 1(p0.45 r0.63 f0.52) 2(p0.42 r0.45 f0.43) 10(p0.46 r0.40 f0.43) 4(p0.52 r0.36 f0.42)
  worst: 12(p0.00 r0.00 f0.00) 11(p0.56 r0.02 f0.04) 7(p0.20 r0.07 f0.10) 5(p0.18 r0.08 f0.11) 6(p0.25 r0.08 f0.12)
[ VALIDATION METRICS TTA]:
Val dist: {1: 810, 0: 1302, 2: 275, 10: 201, 4: 42, 5: 37, 3: 86, 12: 1, 8: 44, 6: 39, 11: 7, 9: 11, 7: 36}
bacc=0.646 macro_f1=0.637
  best : 0(p0.99 r0.93 f0.96) 3(p0.94 r0.94 f0.94) 1(p0.93 r0.93 f0.93) 2(p0.90 r0.89 f0.90) 4(p1.00 r0.81 f0.89)
  worst: 12(p0.00 r0.00 f0.00) 7(p0.50 r0.19 f0.28) 9(p0.43 r0.27 f0.33) 6(p0.27 r0.74 f0.39) 5(p0.61 r0.30 f0.40)
[TSNE] Saved to /home/infres/yrothlin-24/CHAL_IM05/logs/tests/TSNE/tsne_val_epoch_001.png
[CONFUSION] Saved to /home/infres/yrothlin-24/CHAL_IM05/logs/tests/confusion/confusion_val_epoch_001_norm.png
[ RESULTS ] : Epoch 1/60 | train_loss=1.1736 val_loss=0.2825
New best macro_f1: 0.6367 at epoch 1.
Saving best checkpoint.
Checkpoint saved: /home/infres/yrothlin-24/CHAL_IM05/checkpoints/tests/best.pt
Step 50/407 | loss=0.8459 bb_lr=0.000099 head_lr=0.000099
Step 100/407 | loss=0.8574 bb_lr=0.000099 head_lr=0.000099
Step 150/407 | loss=0.8603 bb_lr=0.000099 head_lr=0.000099
Step 200/407 | loss=0.8399 bb_lr=0.000099 head_lr=0.000099
Step 250/407 | loss=0.8149 bb_lr=0.000099 head_lr=0.000099
Step 300/407 | loss=0.8069 bb_lr=0.000099 head_lr=0.000099
Step 350/407 | loss=0.8069 bb_lr=0.000099 head_lr=0.000099
Step 400/407 | loss=0.8030 bb_lr=0.000099 head_lr=0.000099
Timing (first 30 train batches) | data=0.028513s infer=0.132831s
[ TRAIN METRICS ]:
bacc=0.397 macro_f1=0.412
  best : 0(p0.61 r0.67 f0.64) 1(p0.56 r0.61 f0.58) 4(p0.56 r0.56 f0.56) 3(p0.54 r0.54 f0.54) 2(p0.51 r0.55 f0.53)
  worst: 12(p0.34 r0.11 f0.17) 6(p0.30 r0.21 f0.25) 7(p0.30 r0.22 f0.26) 5(p0.35 r0.26 f0.30) 9(p0.39 r0.31 f0.34)
[ VALIDATION METRICS TTA]:
Val dist: {1: 810, 0: 1302, 2: 275, 10: 201, 4: 42, 5: 37, 3: 86, 12: 1, 8: 44, 6: 39, 11: 7, 9: 11, 7: 36}
bacc=0.725 macro_f1=0.676
  best : 0(p0.99 r0.95 f0.97) 3(p0.96 r0.95 f0.96) 1(p0.95 r0.94 f0.95) 4(p0.91 r0.95 f0.93) 2(p0.96 r0.85 f0.90)
  worst: 12(p0.00 r0.00 f0.00) 6(p0.25 r0.62 f0.35) 5(p0.65 r0.35 f0.46) 9(p0.31 r0.91 f0.47) 7(p0.42 r0.56 f0.48)
[ RESULTS ] : Epoch 2/60 | train_loss=0.8017 val_loss=0.2276
New best macro_f1: 0.6758 at epoch 2.
Saving best checkpoint.
Checkpoint saved: /home/infres/yrothlin-24/CHAL_IM05/checkpoints/tests/best.pt
Step 50/407 | loss=0.7685 bb_lr=0.000098 head_lr=0.000098
Step 100/407 | loss=0.7419 bb_lr=0.000098 head_lr=0.000098
Step 150/407 | loss=0.7290 bb_lr=0.000098 head_lr=0.000098
Step 200/407 | loss=0.7308 bb_lr=0.000098 head_lr=0.000098
Step 250/407 | loss=0.7195 bb_lr=0.000098 head_lr=0.000098
Step 300/407 | loss=0.7120 bb_lr=0.000098 head_lr=0.000098
Step 350/407 | loss=0.7209 bb_lr=0.000098 head_lr=0.000098
Step 400/407 | loss=0.7175 bb_lr=0.000098 head_lr=0.000098
Timing (first 30 train batches) | data=0.026163s infer=0.132887s
[ TRAIN METRICS ]:
bacc=0.476 macro_f1=0.492
  best : 0(p0.65 r0.70 f0.67) 1(p0.59 r0.65 f0.62) 3(p0.58 r0.59 f0.59) 4(p0.58 r0.59 f0.59) 2(p0.54 r0.56 f0.55)
  worst: 6(p0.39 r0.28 f0.33) 7(p0.39 r0.30 f0.34) 8(p0.41 r0.38 f0.40) 9(p0.45 r0.39 f0.42) 5(p0.49 r0.38 f0.43)
[ VALIDATION METRICS TTA]:
Val dist: {1: 810, 0: 1302, 2: 275, 10: 201, 4: 42, 5: 37, 3: 86, 12: 1, 8: 44, 6: 39, 11: 7, 9: 11, 7: 36}
bacc=0.748 macro_f1=0.689
  best : 3(p0.98 r0.97 f0.97) 0(p0.99 r0.93 f0.96) 1(p0.97 r0.92 f0.95) 2(p0.95 r0.89 f0.92) 4(p0.95 r0.88 f0.91)
  worst: 12(p0.00 r0.00 f0.00) 6(p0.25 r0.77 f0.38) 7(p0.46 r0.53 f0.49) 9(p0.55 r0.55 f0.55) 5(p0.53 r0.62 f0.57)
[ RESULTS ] : Epoch 3/60 | train_loss=0.7178 val_loss=0.2171
New best macro_f1: 0.6886 at epoch 3.
Saving best checkpoint.
Checkpoint saved: /home/infres/yrothlin-24/CHAL_IM05/checkpoints/tests/best.pt
Step 50/407 | loss=0.6695 bb_lr=0.000095 head_lr=0.000095
Step 100/407 | loss=0.6908 bb_lr=0.000095 head_lr=0.000095
Step 150/407 | loss=0.7060 bb_lr=0.000095 head_lr=0.000095
Step 200/407 | loss=0.6848 bb_lr=0.000095 head_lr=0.000095
Step 250/407 | loss=0.6876 bb_lr=0.000095 head_lr=0.000095
Step 300/407 | loss=0.6853 bb_lr=0.000095 head_lr=0.000095
Step 350/407 | loss=0.6899 bb_lr=0.000095 head_lr=0.000095
Step 400/407 | loss=0.6744 bb_lr=0.000095 head_lr=0.000095
Timing (first 30 train batches) | data=0.027036s infer=0.132869s
[ TRAIN METRICS ]:
bacc=0.482 macro_f1=0.495
  best : 0(p0.64 r0.68 f0.66) 1(p0.59 r0.64 f0.61) 3(p0.57 r0.58 f0.57) 4(p0.56 r0.56 f0.56) 10(p0.56 r0.55 f0.56)
  worst: 7(p0.36 r0.29 f0.32) 6(p0.39 r0.28 f0.32) 5(p0.47 r0.36 f0.41) 8(p0.42 r0.40 f0.41) 9(p0.48 r0.43 f0.45)
[ VALIDATION METRICS TTA]:
Val dist: {1: 810, 0: 1302, 2: 275, 10: 201, 4: 42, 5: 37, 3: 86, 12: 1, 8: 44, 6: 39, 11: 7, 9: 11, 7: 36}
bacc=0.835 macro_f1=0.749
  best : 3(p0.97 r0.98 f0.97) 0(p0.99 r0.93 f0.96) 1(p0.97 r0.94 f0.95) 2(p0.95 r0.91 f0.93) 4(p0.95 r0.90 f0.93)
  worst: 6(p0.24 r0.82 f0.37) 7(p0.47 r0.39 f0.42) 9(p0.44 r0.73 f0.55) 5(p0.52 r0.68 f0.59) 8(p0.68 r0.64 f0.66)
[ RESULTS ] : Epoch 4/60 | train_loss=0.6747 val_loss=0.1974
New best macro_f1: 0.7487 at epoch 4.
Saving best checkpoint.
Checkpoint saved: /home/infres/yrothlin-24/CHAL_IM05/checkpoints/tests/best.pt
Step 50/407 | loss=0.6622 bb_lr=0.000090 head_lr=0.000090
Step 100/407 | loss=0.6473 bb_lr=0.000090 head_lr=0.000090
Step 150/407 | loss=0.6484 bb_lr=0.000090 head_lr=0.000090
Step 200/407 | loss=0.6386 bb_lr=0.000090 head_lr=0.000090
Step 250/407 | loss=0.6367 bb_lr=0.000090 head_lr=0.000090
Step 300/407 | loss=0.6401 bb_lr=0.000090 head_lr=0.000090
Step 350/407 | loss=0.6415 bb_lr=0.000090 head_lr=0.000090
Step 400/407 | loss=0.6401 bb_lr=0.000090 head_lr=0.000090
Timing (first 30 train batches) | data=0.025553s infer=0.132876s
[ TRAIN METRICS ]:
bacc=0.500 macro_f1=0.511
  best : 0(p0.64 r0.68 f0.66) 1(p0.59 r0.63 f0.61) 10(p0.58 r0.56 f0.57) 4(p0.56 r0.57 f0.57) 3(p0.55 r0.56 f0.56)
  worst: 6(p0.42 r0.33 f0.37) 7(p0.43 r0.34 f0.38) 5(p0.46 r0.38 f0.41) 8(p0.47 r0.44 f0.45) 9(p0.47 r0.45 f0.46)
[ VALIDATION METRICS TTA]:
Val dist: {1: 810, 0: 1302, 2: 275, 10: 201, 4: 42, 5: 37, 3: 86, 12: 1, 8: 44, 6: 39, 11: 7, 9: 11, 7: 36}
bacc=0.814 macro_f1=0.776
  best : 12(p1.00 r1.00 f1.00) 1(p0.95 r0.97 f0.96) 0(p0.99 r0.92 f0.96) 2(p0.96 r0.90 f0.93) 3(p0.85 r1.00 f0.92)
  worst: 6(p0.25 r0.67 f0.36) 9(p0.56 r0.45 f0.50) 7(p0.47 r0.56 f0.51) 5(p0.76 r0.51 f0.61) 8(p0.63 r0.77 f0.69)
[TSNE] Saved to /home/infres/yrothlin-24/CHAL_IM05/logs/tests/TSNE/tsne_val_epoch_005.png
[CONFUSION] Saved to /home/infres/yrothlin-24/CHAL_IM05/logs/tests/confusion/confusion_val_epoch_005_norm.png
[ RESULTS ] : Epoch 5/60 | train_loss=0.6403 val_loss=0.1937
New best macro_f1: 0.7758 at epoch 5.
Saving best checkpoint.
Checkpoint saved: /home/infres/yrothlin-24/CHAL_IM05/checkpoints/tests/best.pt
Step 50/407 | loss=0.5945 bb_lr=0.000085 head_lr=0.000085
Step 100/407 | loss=0.5519 bb_lr=0.000085 head_lr=0.000085
Step 150/407 | loss=0.5531 bb_lr=0.000085 head_lr=0.000085
Step 200/407 | loss=0.5502 bb_lr=0.000085 head_lr=0.000085
Step 250/407 | loss=0.5619 bb_lr=0.000085 head_lr=0.000085
Step 300/407 | loss=0.5673 bb_lr=0.000085 head_lr=0.000085
Step 350/407 | loss=0.5809 bb_lr=0.000085 head_lr=0.000085
Step 400/407 | loss=0.5876 bb_lr=0.000085 head_lr=0.000085
Timing (first 30 train batches) | data=0.027831s infer=0.132832s
[ TRAIN METRICS ]:
bacc=0.527 macro_f1=0.537
  best : 0(p0.66 r0.70 f0.68) 1(p0.62 r0.65 f0.63) 3(p0.62 r0.62 f0.62) 4(p0.61 r0.61 f0.61) 10(p0.58 r0.58 f0.58)
  worst: 6(p0.40 r0.32 f0.36) 7(p0.45 r0.38 f0.41) 5(p0.49 r0.42 f0.45) 8(p0.48 r0.45 f0.46) 9(p0.52 r0.49 f0.51)
[ VALIDATION METRICS TTA]:
Val dist: {1: 810, 0: 1302, 2: 275, 10: 201, 4: 42, 5: 37, 3: 86, 12: 1, 8: 44, 6: 39, 11: 7, 9: 11, 7: 36}
bacc=0.739 macro_f1=0.713
  best : 3(p0.97 r0.99 f0.98) 0(p0.98 r0.96 f0.97) 1(p0.96 r0.94 f0.95) 4(p0.97 r0.90 f0.94) 2(p0.92 r0.92 f0.92)
  worst: 12(p0.00 r0.00 f0.00) 6(p0.36 r0.59 f0.45) 7(p0.58 r0.42 f0.48) 9(p0.50 r0.55 f0.52) 5(p0.53 r0.65 f0.59)
[ RESULTS ] : Epoch 6/60 | train_loss=0.5927 val_loss=0.1884
No improvement on macro_f1. Early stopping counter: 1/10
Step 50/407 | loss=0.6043 bb_lr=0.000079 head_lr=0.000079
Step 100/407 | loss=0.6159 bb_lr=0.000079 head_lr=0.000079
Step 150/407 | loss=0.6028 bb_lr=0.000079 head_lr=0.000079
Step 200/407 | loss=0.6237 bb_lr=0.000079 head_lr=0.000079
Step 250/407 | loss=0.6024 bb_lr=0.000079 head_lr=0.000079
Step 300/407 | loss=0.5954 bb_lr=0.000079 head_lr=0.000079
Step 350/407 | loss=0.5928 bb_lr=0.000079 head_lr=0.000079
Step 400/407 | loss=0.5943 bb_lr=0.000079 head_lr=0.000079
Timing (first 30 train batches) | data=0.025301s infer=0.132901s
[ TRAIN METRICS ]:
bacc=0.522 macro_f1=0.529
  best : 0(p0.65 r0.69 f0.67) 1(p0.61 r0.65 f0.63) 10(p0.59 r0.58 f0.59) 3(p0.58 r0.59 f0.59) 12(p0.57 r0.59 f0.58)
  worst: 6(p0.43 r0.34 f0.38) 7(p0.44 r0.36 f0.39) 5(p0.48 r0.41 f0.44) 8(p0.48 r0.46 f0.47) 9(p0.50 r0.46 f0.48)
[ VALIDATION METRICS TTA]:
Val dist: {1: 810, 0: 1302, 2: 275, 10: 201, 4: 42, 5: 37, 3: 86, 12: 1, 8: 44, 6: 39, 11: 7, 9: 11, 7: 36}
bacc=0.746 macro_f1=0.710
  best : 11(p1.00 r1.00 f1.00) 0(p1.00 r0.93 f0.96) 1(p0.95 r0.95 f0.95) 3(p0.90 r0.99 f0.94) 2(p0.97 r0.89 f0.93)
  worst: 12(p0.00 r0.00 f0.00) 6(p0.29 r0.87 f0.44) 5(p0.58 r0.38 f0.46) 7(p0.43 r0.56 f0.48) 9(p0.55 r0.55 f0.55)
[ RESULTS ] : Epoch 7/60 | train_loss=0.5908 val_loss=0.1925
No improvement on macro_f1. Early stopping counter: 2/10
Step 50/407 | loss=0.5728 bb_lr=0.000073 head_lr=0.000073
Step 100/407 | loss=0.5946 bb_lr=0.000073 head_lr=0.000073
Step 150/407 | loss=0.5867 bb_lr=0.000073 head_lr=0.000073
Step 200/407 | loss=0.5677 bb_lr=0.000073 head_lr=0.000073
Step 250/407 | loss=0.5469 bb_lr=0.000073 head_lr=0.000073
Step 300/407 | loss=0.5437 bb_lr=0.000073 head_lr=0.000073
Step 350/407 | loss=0.5445 bb_lr=0.000073 head_lr=0.000073
Step 400/407 | loss=0.5429 bb_lr=0.000073 head_lr=0.000073
Timing (first 30 train batches) | data=0.025484s infer=0.132920s
[ TRAIN METRICS ]:
bacc=0.562 macro_f1=0.570
  best : 0(p0.68 r0.72 f0.70) 1(p0.65 r0.67 f0.66) 4(p0.61 r0.61 f0.61) 3(p0.61 r0.61 f0.61) 11(p0.61 r0.59 f0.60)
  worst: 6(p0.47 r0.38 f0.42) 7(p0.49 r0.42 f0.45) 5(p0.53 r0.48 f0.50) 8(p0.52 r0.51 f0.51) 9(p0.55 r0.54 f0.55)
[ VALIDATION METRICS TTA]:
Val dist: {1: 810, 0: 1302, 2: 275, 10: 201, 4: 42, 5: 37, 3: 86, 12: 1, 8: 44, 6: 39, 11: 7, 9: 11, 7: 36}
bacc=0.734 macro_f1=0.707
  best : 0(p1.00 r0.93 f0.96) 1(p0.95 r0.96 f0.96) 3(p0.92 r0.99 f0.96) 4(p0.97 r0.90 f0.94) 2(p0.94 r0.91 f0.92)
  worst: 12(p0.00 r0.00 f0.00) 6(p0.29 r0.77 f0.42) 9(p0.57 r0.36 f0.44) 7(p0.43 r0.61 f0.51) 5(p0.65 r0.54 f0.59)
[ RESULTS ] : Epoch 8/60 | train_loss=0.5443 val_loss=0.1821
No improvement on macro_f1. Early stopping counter: 3/10
Step 50/407 | loss=0.4986 bb_lr=0.000065 head_lr=0.000065
Step 100/407 | loss=0.5003 bb_lr=0.000065 head_lr=0.000065
Step 150/407 | loss=0.4943 bb_lr=0.000065 head_lr=0.000065
Step 200/407 | loss=0.4984 bb_lr=0.000065 head_lr=0.000065
Step 250/407 | loss=0.4877 bb_lr=0.000065 head_lr=0.000065
Step 300/407 | loss=0.4963 bb_lr=0.000065 head_lr=0.000065
Step 350/407 | loss=0.4988 bb_lr=0.000065 head_lr=0.000065
Step 400/407 | loss=0.5022 bb_lr=0.000065 head_lr=0.000065
Timing (first 30 train batches) | data=0.026336s infer=0.132905s
[ TRAIN METRICS ]:
bacc=0.552 macro_f1=0.559
  best : 0(p0.67 r0.69 f0.68) 1(p0.62 r0.64 f0.63) 4(p0.61 r0.61 f0.61) 12(p0.62 r0.59 f0.60) 3(p0.60 r0.61 f0.60)
  worst: 6(p0.45 r0.39 f0.42) 7(p0.48 r0.41 f0.45) 5(p0.54 r0.48 f0.50) 8(p0.52 r0.50 f0.51) 9(p0.54 r0.53 f0.53)
[ VALIDATION METRICS TTA]:
Val dist: {1: 810, 0: 1302, 2: 275, 10: 201, 4: 42, 5: 37, 3: 86, 12: 1, 8: 44, 6: 39, 11: 7, 9: 11, 7: 36}
bacc=0.833 macro_f1=0.768
  best : 0(p1.00 r0.93 f0.96) 3(p0.93 r0.99 f0.96) 1(p0.96 r0.95 f0.95) 4(p0.97 r0.90 f0.94) 11(p0.88 r1.00 f0.93)
  worst: 6(p0.31 r0.77 f0.44) 7(p0.40 r0.61 f0.48) 9(p0.55 r0.55 f0.55) 5(p0.61 r0.51 f0.56) 12(p0.50 r1.00 f0.67)
[ RESULTS ] : Epoch 9/60 | train_loss=0.5078 val_loss=0.1827
No improvement on macro_f1. Early stopping counter: 4/10
Step 50/407 | loss=0.5834 bb_lr=0.000058 head_lr=0.000058
Step 100/407 | loss=0.5549 bb_lr=0.000058 head_lr=0.000058
Step 150/407 | loss=0.5316 bb_lr=0.000058 head_lr=0.000058
Step 200/407 | loss=0.5421 bb_lr=0.000058 head_lr=0.000058
Step 250/407 | loss=0.5393 bb_lr=0.000058 head_lr=0.000058
Step 300/407 | loss=0.5557 bb_lr=0.000058 head_lr=0.000058
Step 350/407 | loss=0.5617 bb_lr=0.000058 head_lr=0.000058
Step 400/407 | loss=0.5561 bb_lr=0.000058 head_lr=0.000058
Timing (first 30 train batches) | data=0.026178s infer=0.132910s
[ TRAIN METRICS ]:
bacc=0.549 macro_f1=0.556
  best : 0(p0.68 r0.71 f0.69) 1(p0.64 r0.66 f0.65) 3(p0.61 r0.62 f0.61) 4(p0.60 r0.61 f0.60) 10(p0.60 r0.60 f0.60)
  worst: 6(p0.45 r0.39 f0.42) 7(p0.51 r0.43 f0.47) 5(p0.52 r0.46 f0.49) 8(p0.50 r0.49 f0.50) 12(p0.54 r0.52 f0.53)
[ VALIDATION METRICS TTA]:
Val dist: {1: 810, 0: 1302, 2: 275, 10: 201, 4: 42, 5: 37, 3: 86, 12: 1, 8: 44, 6: 39, 11: 7, 9: 11, 7: 36}
bacc=0.822 macro_f1=0.796
  best : 12(p1.00 r1.00 f1.00) 3(p0.98 r1.00 f0.99) 0(p0.99 r0.95 f0.97) 1(p0.95 r0.96 f0.96) 11(p0.88 r1.00 f0.93)
  worst: 7(p0.43 r0.44 f0.44) 6(p0.35 r0.85 f0.50) 9(p0.71 r0.45 f0.56) 5(p0.61 r0.54 f0.57) 8(p0.60 r0.73 f0.66)
[TSNE] Saved to /home/infres/yrothlin-24/CHAL_IM05/logs/tests/TSNE/tsne_val_epoch_010.png
[CONFUSION] Saved to /home/infres/yrothlin-24/CHAL_IM05/logs/tests/confusion/confusion_val_epoch_010_norm.png
[ RESULTS ] : Epoch 10/60 | train_loss=0.5564 val_loss=0.1826
New best macro_f1: 0.7958 at epoch 10.
Saving best checkpoint.
Checkpoint saved: /home/infres/yrothlin-24/CHAL_IM05/checkpoints/tests/best.pt
Step 50/407 | loss=0.5070 bb_lr=0.000050 head_lr=0.000050
Step 100/407 | loss=0.5144 bb_lr=0.000050 head_lr=0.000050
Step 150/407 | loss=0.4753 bb_lr=0.000050 head_lr=0.000050
Step 200/407 | loss=0.4922 bb_lr=0.000050 head_lr=0.000050
Step 250/407 | loss=0.4912 bb_lr=0.000050 head_lr=0.000050
Step 300/407 | loss=0.4960 bb_lr=0.000050 head_lr=0.000050
Step 350/407 | loss=0.5115 bb_lr=0.000050 head_lr=0.000050
Step 400/407 | loss=0.5124 bb_lr=0.000050 head_lr=0.000050
Timing (first 30 train batches) | data=0.028511s infer=0.132779s
[ TRAIN METRICS ]:
bacc=0.577 macro_f1=0.584
  best : 0(p0.68 r0.70 f0.69) 1(p0.65 r0.66 f0.65) 3(p0.62 r0.63 f0.62) 10(p0.61 r0.61 f0.61) 4(p0.60 r0.61 f0.61)
  worst: 6(p0.52 r0.45 f0.49) 7(p0.52 r0.47 f0.50) 8(p0.54 r0.51 f0.52) 5(p0.57 r0.52 f0.54) 12(p0.59 r0.56 f0.57)
[ VALIDATION METRICS TTA]:
Val dist: {1: 810, 0: 1302, 2: 275, 10: 201, 4: 42, 5: 37, 3: 86, 12: 1, 8: 44, 6: 39, 11: 7, 9: 11, 7: 36}
bacc=0.804 macro_f1=0.785
  best : 12(p1.00 r1.00 f1.00) 3(p0.96 r0.99 f0.97) 0(p1.00 r0.94 f0.97) 1(p0.95 r0.97 f0.96) 2(p0.95 r0.93 f0.94)
  worst: 9(p0.44 r0.36 f0.40) 6(p0.33 r0.77 f0.46) 7(p0.46 r0.58 f0.51) 5(p0.68 r0.46 f0.55) 8(p0.60 r0.75 f0.67)
[ RESULTS ] : Epoch 11/60 | train_loss=0.5140 val_loss=0.1753
No improvement on macro_f1. Early stopping counter: 1/10
Step 50/407 | loss=0.4500 bb_lr=0.000042 head_lr=0.000042
Step 100/407 | loss=0.4696 bb_lr=0.000042 head_lr=0.000042
Step 150/407 | loss=0.4832 bb_lr=0.000042 head_lr=0.000042
Step 200/407 | loss=0.4985 bb_lr=0.000042 head_lr=0.000042
Step 250/407 | loss=0.5127 bb_lr=0.000042 head_lr=0.000042
Step 300/407 | loss=0.5183 bb_lr=0.000042 head_lr=0.000042
Step 350/407 | loss=0.5176 bb_lr=0.000042 head_lr=0.000042
Step 400/407 | loss=0.5173 bb_lr=0.000042 head_lr=0.000042
Timing (first 30 train batches) | data=0.026746s infer=0.132924s
[ TRAIN METRICS ]:
bacc=0.602 macro_f1=0.609
  best : 0(p0.69 r0.73 f0.71) 1(p0.66 r0.68 f0.67) 3(p0.65 r0.66 f0.65) 11(p0.64 r0.64 f0.64) 4(p0.63 r0.64 f0.64)
  worst: 6(p0.51 r0.45 f0.48) 7(p0.54 r0.48 f0.51) 8(p0.57 r0.54 f0.55) 5(p0.60 r0.55 f0.57) 9(p0.61 r0.58 f0.60)
[ VALIDATION METRICS TTA]:
Val dist: {1: 810, 0: 1302, 2: 275, 10: 201, 4: 42, 5: 37, 3: 86, 12: 1, 8: 44, 6: 39, 11: 7, 9: 11, 7: 36}
bacc=0.787 macro_f1=0.771
  best : 12(p1.00 r1.00 f1.00) 3(p0.97 r1.00 f0.98) 0(p0.98 r0.97 f0.97) 1(p0.96 r0.95 f0.96) 11(p0.88 r1.00 f0.93)
  worst: 9(p0.50 r0.18 f0.27) 7(p0.50 r0.36 f0.42) 6(p0.39 r0.69 f0.50) 5(p0.58 r0.59 f0.59) 8(p0.57 r0.73 f0.64)
[ RESULTS ] : Epoch 12/60 | train_loss=0.5171 val_loss=0.1723
No improvement on macro_f1. Early stopping counter: 2/10
Step 50/407 | loss=0.4973 bb_lr=0.000035 head_lr=0.000035
Step 100/407 | loss=0.4956 bb_lr=0.000035 head_lr=0.000035
Step 150/407 | loss=0.4909 bb_lr=0.000035 head_lr=0.000035
Step 200/407 | loss=0.4835 bb_lr=0.000035 head_lr=0.000035
Step 250/407 | loss=0.4858 bb_lr=0.000035 head_lr=0.000035
Step 300/407 | loss=0.4821 bb_lr=0.000035 head_lr=0.000035
Step 350/407 | loss=0.4822 bb_lr=0.000035 head_lr=0.000035
Step 400/407 | loss=0.4879 bb_lr=0.000035 head_lr=0.000035
Timing (first 30 train batches) | data=0.025439s infer=0.132886s
[ TRAIN METRICS ]:
bacc=0.536 macro_f1=0.542
  best : 0(p0.65 r0.67 f0.66) 1(p0.61 r0.62 f0.62) 11(p0.60 r0.59 f0.60) 2(p0.57 r0.57 f0.57) 3(p0.56 r0.57 f0.57)
  worst: 6(p0.47 r0.41 f0.44) 7(p0.50 r0.45 f0.47) 8(p0.50 r0.47 f0.48) 5(p0.53 r0.48 f0.50) 12(p0.53 r0.50 f0.52)
[ VALIDATION METRICS TTA]:
Val dist: {1: 810, 0: 1302, 2: 275, 10: 201, 4: 42, 5: 37, 3: 86, 12: 1, 8: 44, 6: 39, 11: 7, 9: 11, 7: 36}
bacc=0.820 macro_f1=0.791
  best : 12(p1.00 r1.00 f1.00) 11(p1.00 r1.00 f1.00) 3(p0.96 r0.99 f0.97) 0(p1.00 r0.93 f0.96) 1(p0.96 r0.95 f0.95)
  worst: 9(p0.60 r0.27 f0.37) 6(p0.31 r0.82 f0.45) 7(p0.47 r0.61 f0.53) 5(p0.61 r0.59 f0.60) 8(p0.60 r0.70 f0.65)
[ RESULTS ] : Epoch 13/60 | train_loss=0.4867 val_loss=0.1819
No improvement on macro_f1. Early stopping counter: 3/10
Step 50/407 | loss=0.4756 bb_lr=0.000027 head_lr=0.000027
Step 100/407 | loss=0.4809 bb_lr=0.000027 head_lr=0.000027
Step 150/407 | loss=0.5039 bb_lr=0.000027 head_lr=0.000027
Step 200/407 | loss=0.4994 bb_lr=0.000027 head_lr=0.000027
Step 250/407 | loss=0.4782 bb_lr=0.000027 head_lr=0.000027
Step 300/407 | loss=0.4940 bb_lr=0.000027 head_lr=0.000027
Step 350/407 | loss=0.4907 bb_lr=0.000027 head_lr=0.000027
Step 400/407 | loss=0.4833 bb_lr=0.000027 head_lr=0.000027
Timing (first 30 train batches) | data=0.025152s infer=0.132891s
[ TRAIN METRICS ]:
bacc=0.580 macro_f1=0.584
  best : 0(p0.67 r0.69 f0.68) 1(p0.64 r0.66 f0.65) 4(p0.62 r0.63 f0.63) 12(p0.63 r0.62 f0.62) 3(p0.60 r0.61 f0.60)
  worst: 6(p0.49 r0.46 f0.47) 7(p0.55 r0.50 f0.52) 5(p0.55 r0.52 f0.54) 8(p0.55 r0.52 f0.54) 9(p0.55 r0.54 f0.55)
[ VALIDATION METRICS TTA]:
Val dist: {1: 810, 0: 1302, 2: 275, 10: 201, 4: 42, 5: 37, 3: 86, 12: 1, 8: 44, 6: 39, 11: 7, 9: 11, 7: 36}
bacc=0.811 macro_f1=0.799
  best : 12(p1.00 r1.00 f1.00) 3(p0.98 r0.99 f0.98) 0(p0.99 r0.96 f0.97) 1(p0.95 r0.96 f0.95) 4(p0.97 r0.90 f0.94)
  worst: 7(p0.52 r0.42 f0.46) 6(p0.38 r0.72 f0.50) 9(p0.80 r0.36 f0.50) 5(p0.62 r0.54 f0.58) 8(p0.63 r0.84 f0.72)
[ RESULTS ] : Epoch 14/60 | train_loss=0.4827 val_loss=0.1699
New best macro_f1: 0.7988 at epoch 14.
Saving best checkpoint.
Checkpoint saved: /home/infres/yrothlin-24/CHAL_IM05/checkpoints/tests/best.pt
Step 50/407 | loss=0.4484 bb_lr=0.000021 head_lr=0.000021
Step 100/407 | loss=0.4615 bb_lr=0.000021 head_lr=0.000021
Step 150/407 | loss=0.4832 bb_lr=0.000021 head_lr=0.000021
Step 200/407 | loss=0.4736 bb_lr=0.000021 head_lr=0.000021
Step 250/407 | loss=0.4743 bb_lr=0.000021 head_lr=0.000021
Step 300/407 | loss=0.4816 bb_lr=0.000021 head_lr=0.000021
Step 350/407 | loss=0.4761 bb_lr=0.000021 head_lr=0.000021
Step 400/407 | loss=0.4755 bb_lr=0.000021 head_lr=0.000021
Timing (first 30 train batches) | data=0.025034s infer=0.132901s
[ TRAIN METRICS ]:
bacc=0.551 macro_f1=0.558
  best : 0(p0.65 r0.68 f0.66) 1(p0.62 r0.63 f0.62) 3(p0.60 r0.60 f0.60) 10(p0.59 r0.57 f0.58) 11(p0.58 r0.57 f0.57)
  worst: 6(p0.49 r0.43 f0.46) 7(p0.52 r0.48 f0.50) 5(p0.52 r0.49 f0.51) 8(p0.53 r0.51 f0.52) 9(p0.54 r0.52 f0.53)
[ VALIDATION METRICS TTA]:
Val dist: {1: 810, 0: 1302, 2: 275, 10: 201, 4: 42, 5: 37, 3: 86, 12: 1, 8: 44, 6: 39, 11: 7, 9: 11, 7: 36}
bacc=0.816 macro_f1=0.800
  best : 12(p1.00 r1.00 f1.00) 3(p0.97 r0.99 f0.98) 0(p0.99 r0.96 f0.98) 1(p0.96 r0.96 f0.96) 4(p1.00 r0.90 f0.95)
  worst: 7(p0.48 r0.36 f0.41) 9(p0.80 r0.36 f0.50) 6(p0.41 r0.82 f0.54) 5(p0.68 r0.57 f0.62) 8(p0.61 r0.82 f0.70)
[TSNE] Saved to /home/infres/yrothlin-24/CHAL_IM05/logs/tests/TSNE/tsne_val_epoch_015.png
[CONFUSION] Saved to /home/infres/yrothlin-24/CHAL_IM05/logs/tests/confusion/confusion_val_epoch_015_norm.png
[ RESULTS ] : Epoch 15/60 | train_loss=0.4807 val_loss=0.1830
New best macro_f1: 0.8004 at epoch 15.
Saving best checkpoint.
Checkpoint saved: /home/infres/yrothlin-24/CHAL_IM05/checkpoints/tests/best.pt
Step 50/407 | loss=0.4293 bb_lr=0.000015 head_lr=0.000015
Step 100/407 | loss=0.4311 bb_lr=0.000015 head_lr=0.000015
Step 150/407 | loss=0.4388 bb_lr=0.000015 head_lr=0.000015
Step 200/407 | loss=0.4312 bb_lr=0.000015 head_lr=0.000015
Step 250/407 | loss=0.4245 bb_lr=0.000015 head_lr=0.000015
Step 300/407 | loss=0.4333 bb_lr=0.000015 head_lr=0.000015
Step 350/407 | loss=0.4390 bb_lr=0.000015 head_lr=0.000015
Step 400/407 | loss=0.4492 bb_lr=0.000015 head_lr=0.000015
Timing (first 30 train batches) | data=0.026494s infer=0.132895s
[ TRAIN METRICS ]:
bacc=0.606 macro_f1=0.610
  best : 0(p0.70 r0.72 f0.71) 1(p0.66 r0.68 f0.67) 4(p0.63 r0.63 f0.63) 3(p0.63 r0.63 f0.63) 10(p0.63 r0.63 f0.63)
  worst: 6(p0.55 r0.51 f0.53) 7(p0.57 r0.53 f0.55) 8(p0.57 r0.54 f0.55) 9(p0.59 r0.57 f0.58) 5(p0.61 r0.57 f0.59)
[ VALIDATION METRICS TTA]:
Val dist: {1: 810, 0: 1302, 2: 275, 10: 201, 4: 42, 5: 37, 3: 86, 12: 1, 8: 44, 6: 39, 11: 7, 9: 11, 7: 36}
bacc=0.833 macro_f1=0.813
  best : 12(p1.00 r1.00 f1.00) 3(p0.96 r1.00 f0.98) 0(p0.99 r0.96 f0.98) 1(p0.95 r0.95 f0.95) 4(p1.00 r0.90 f0.95)
  worst: 7(p0.50 r0.53 f0.51) 5(p0.63 r0.46 f0.53) 6(p0.46 r0.79 f0.58) 9(p0.67 r0.55 f0.60) 8(p0.64 r0.82 f0.72)
[ RESULTS ] : Epoch 16/60 | train_loss=0.4478 val_loss=0.1776
New best macro_f1: 0.8126 at epoch 16.
Saving best checkpoint.
Checkpoint saved: /home/infres/yrothlin-24/CHAL_IM05/checkpoints/tests/best.pt
Step 50/407 | loss=0.4643 bb_lr=0.000010 head_lr=0.000010
Step 100/407 | loss=0.4549 bb_lr=0.000010 head_lr=0.000010
Step 150/407 | loss=0.4530 bb_lr=0.000010 head_lr=0.000010
Step 200/407 | loss=0.4604 bb_lr=0.000010 head_lr=0.000010
Step 250/407 | loss=0.4536 bb_lr=0.000010 head_lr=0.000010
Step 300/407 | loss=0.4689 bb_lr=0.000010 head_lr=0.000010
Step 350/407 | loss=0.4764 bb_lr=0.000010 head_lr=0.000010
Step 400/407 | loss=0.4667 bb_lr=0.000010 head_lr=0.000010
Timing (first 30 train batches) | data=0.027128s infer=0.132894s
[ TRAIN METRICS ]:
bacc=0.562 macro_f1=0.567
  best : 0(p0.66 r0.68 f0.67) 1(p0.62 r0.63 f0.62) 3(p0.60 r0.61 f0.61) 12(p0.61 r0.59 f0.60) 2(p0.59 r0.59 f0.59)
  worst: 6(p0.52 r0.46 f0.48) 7(p0.52 r0.48 f0.50) 5(p0.53 r0.50 f0.51) 8(p0.55 r0.52 f0.53) 11(p0.55 r0.54 f0.54)
[ VALIDATION METRICS TTA]:
Val dist: {1: 810, 0: 1302, 2: 275, 10: 201, 4: 42, 5: 37, 3: 86, 12: 1, 8: 44, 6: 39, 11: 7, 9: 11, 7: 36}
bacc=0.812 macro_f1=0.801
  best : 12(p1.00 r1.00 f1.00) 3(p0.98 r0.99 f0.98) 0(p0.99 r0.97 f0.98) 1(p0.96 r0.95 f0.95) 4(p0.97 r0.90 f0.94)
  worst: 7(p0.44 r0.39 f0.41) 9(p0.80 r0.36 f0.50) 6(p0.46 r0.77 f0.58) 5(p0.66 r0.57 f0.61) 8(p0.60 r0.80 f0.69)
[ RESULTS ] : Epoch 17/60 | train_loss=0.4671 val_loss=0.1733
No improvement on macro_f1. Early stopping counter: 1/10
Step 50/407 | loss=0.4409 bb_lr=0.000005 head_lr=0.000005
Step 100/407 | loss=0.4747 bb_lr=0.000005 head_lr=0.000005
Step 150/407 | loss=0.4770 bb_lr=0.000005 head_lr=0.000005
Step 200/407 | loss=0.4942 bb_lr=0.000005 head_lr=0.000005
Step 250/407 | loss=0.4872 bb_lr=0.000005 head_lr=0.000005
Step 300/407 | loss=0.4764 bb_lr=0.000005 head_lr=0.000005
Step 350/407 | loss=0.4738 bb_lr=0.000005 head_lr=0.000005
Step 400/407 | loss=0.4760 bb_lr=0.000005 head_lr=0.000005
Timing (first 30 train batches) | data=0.024836s infer=0.132878s
[ TRAIN METRICS ]:
bacc=0.584 macro_f1=0.590
  best : 0(p0.68 r0.70 f0.69) 1(p0.64 r0.65 f0.65) 4(p0.61 r0.62 f0.62) 2(p0.61 r0.62 f0.62) 3(p0.60 r0.62 f0.61)
  worst: 6(p0.52 r0.47 f0.49) 7(p0.55 r0.50 f0.52) 5(p0.57 r0.53 f0.55) 8(p0.57 r0.53 f0.55) 11(p0.58 r0.58 f0.58)
[ VALIDATION METRICS TTA]:
Val dist: {1: 810, 0: 1302, 2: 275, 10: 201, 4: 42, 5: 37, 3: 86, 12: 1, 8: 44, 6: 39, 11: 7, 9: 11, 7: 36}
bacc=0.805 macro_f1=0.787
  best : 12(p1.00 r1.00 f1.00) 3(p0.97 r0.99 f0.98) 0(p0.99 r0.96 f0.97) 1(p0.96 r0.95 f0.96) 4(p0.97 r0.90 f0.94)
  worst: 9(p0.75 r0.27 f0.40) 7(p0.46 r0.44 f0.45) 6(p0.40 r0.79 f0.53) 5(p0.64 r0.49 f0.55) 8(p0.59 r0.80 f0.68)
[ RESULTS ] : Epoch 18/60 | train_loss=0.4737 val_loss=0.1742
No improvement on macro_f1. Early stopping counter: 2/10
Step 50/407 | loss=0.5284 bb_lr=0.000002 head_lr=0.000002
Step 100/407 | loss=0.4805 bb_lr=0.000002 head_lr=0.000002
Step 150/407 | loss=0.4839 bb_lr=0.000002 head_lr=0.000002
Step 200/407 | loss=0.4846 bb_lr=0.000002 head_lr=0.000002
Step 250/407 | loss=0.4666 bb_lr=0.000002 head_lr=0.000002
Step 300/407 | loss=0.4665 bb_lr=0.000002 head_lr=0.000002
Step 350/407 | loss=0.4687 bb_lr=0.000002 head_lr=0.000002
Step 400/407 | loss=0.4741 bb_lr=0.000002 head_lr=0.000002
Timing (first 30 train batches) | data=0.026068s infer=0.132891s
[ TRAIN METRICS ]:
bacc=0.562 macro_f1=0.566
  best : 0(p0.66 r0.68 f0.67) 1(p0.62 r0.64 f0.63) 12(p0.58 r0.60 f0.59) 2(p0.59 r0.59 f0.59) 10(p0.59 r0.58 f0.58)
  worst: 6(p0.48 r0.43 f0.45) 7(p0.53 r0.48 f0.50) 8(p0.53 r0.51 f0.52) 5(p0.56 r0.52 f0.54) 11(p0.56 r0.55 f0.55)
[ VALIDATION METRICS TTA]:
Val dist: {1: 810, 0: 1302, 2: 275, 10: 201, 4: 42, 5: 37, 3: 86, 12: 1, 8: 44, 6: 39, 11: 7, 9: 11, 7: 36}
bacc=0.813 macro_f1=0.801
  best : 12(p1.00 r1.00 f1.00) 3(p0.98 r0.99 f0.98) 0(p0.99 r0.96 f0.98) 1(p0.96 r0.95 f0.96) 4(p0.97 r0.90 f0.94)
  worst: 7(p0.47 r0.47 f0.47) 9(p0.80 r0.36 f0.50) 6(p0.43 r0.74 f0.55) 5(p0.65 r0.54 f0.59) 8(p0.61 r0.77 f0.68)
[ RESULTS ] : Epoch 19/60 | train_loss=0.4727 val_loss=0.1716
No improvement on macro_f1. Early stopping counter: 3/10
Step 50/407 | loss=0.4317 bb_lr=0.000001 head_lr=0.000001
Step 100/407 | loss=0.4787 bb_lr=0.000001 head_lr=0.000001
Step 150/407 | loss=0.4560 bb_lr=0.000001 head_lr=0.000001
Step 200/407 | loss=0.4674 bb_lr=0.000001 head_lr=0.000001
Step 250/407 | loss=0.4653 bb_lr=0.000001 head_lr=0.000001
Step 300/407 | loss=0.4596 bb_lr=0.000001 head_lr=0.000001
Step 350/407 | loss=0.4705 bb_lr=0.000001 head_lr=0.000001
Step 400/407 | loss=0.4691 bb_lr=0.000001 head_lr=0.000001
Timing (first 30 train batches) | data=0.026922s infer=0.132897s
[ TRAIN METRICS ]:
bacc=0.594 macro_f1=0.596
  best : 0(p0.68 r0.70 f0.69) 1(p0.65 r0.66 f0.66) 3(p0.63 r0.64 f0.63) 4(p0.61 r0.64 f0.62) 10(p0.62 r0.61 f0.61)
  worst: 6(p0.52 r0.49 f0.50) 7(p0.54 r0.52 f0.53) 8(p0.57 r0.52 f0.54) 5(p0.58 r0.55 f0.56) 9(p0.58 r0.56 f0.57)
[ VALIDATION METRICS TTA]:
Val dist: {1: 810, 0: 1302, 2: 275, 10: 201, 4: 42, 5: 37, 3: 86, 12: 1, 8: 44, 6: 39, 11: 7, 9: 11, 7: 36}
bacc=0.811 macro_f1=0.794
  best : 12(p1.00 r1.00 f1.00) 3(p0.97 r0.99 f0.98) 0(p0.99 r0.96 f0.98) 1(p0.96 r0.96 f0.96) 4(p0.97 r0.90 f0.94)
  worst: 9(p0.60 r0.27 f0.37) 7(p0.49 r0.50 f0.49) 6(p0.44 r0.79 f0.56) 5(p0.63 r0.51 f0.57) 8(p0.64 r0.80 f0.71)
[TSNE] Saved to /home/infres/yrothlin-24/CHAL_IM05/logs/tests/TSNE/tsne_val_epoch_020.png
[CONFUSION] Saved to /home/infres/yrothlin-24/CHAL_IM05/logs/tests/confusion/confusion_val_epoch_020_norm.png
[ RESULTS ] : Epoch 20/60 | train_loss=0.4697 val_loss=0.1714
No improvement on macro_f1. Early stopping counter: 4/10
Step 50/407 | loss=0.5414 bb_lr=0.000100 head_lr=0.000100
Step 100/407 | loss=0.5159 bb_lr=0.000100 head_lr=0.000100
Step 150/407 | loss=0.5065 bb_lr=0.000100 head_lr=0.000100
Step 200/407 | loss=0.5155 bb_lr=0.000100 head_lr=0.000100
Step 250/407 | loss=0.5245 bb_lr=0.000100 head_lr=0.000100
Step 300/407 | loss=0.5218 bb_lr=0.000100 head_lr=0.000100
Step 350/407 | loss=0.5162 bb_lr=0.000100 head_lr=0.000100
Step 400/407 | loss=0.5148 bb_lr=0.000100 head_lr=0.000100
Timing (first 30 train batches) | data=0.027549s infer=0.132882s
[ TRAIN METRICS ]:
bacc=0.575 macro_f1=0.582
  best : 0(p0.67 r0.70 f0.69) 1(p0.64 r0.66 f0.65) 4(p0.62 r0.61 f0.61) 10(p0.61 r0.61 f0.61) 12(p0.60 r0.61 f0.61)
  worst: 6(p0.50 r0.43 f0.46) 7(p0.53 r0.48 f0.50) 5(p0.55 r0.52 f0.53) 8(p0.56 r0.54 f0.55) 11(p0.58 r0.56 f0.57)
[ VALIDATION METRICS TTA]:
Val dist: {1: 810, 0: 1302, 2: 275, 10: 201, 4: 42, 5: 37, 3: 86, 12: 1, 8: 44, 6: 39, 11: 7, 9: 11, 7: 36}
bacc=0.709 macro_f1=0.682
  best : 0(p0.99 r0.93 f0.96) 1(p0.95 r0.94 f0.95) 4(p0.95 r0.93 f0.94) 3(p0.90 r0.97 f0.93) 2(p0.92 r0.90 f0.91)
  worst: 12(p0.00 r0.00 f0.00) 7(p0.45 r0.28 f0.34) 6(p0.29 r0.87 f0.43) 9(p0.57 r0.36 f0.44) 5(p0.53 r0.54 f0.53)
[ RESULTS ] : Epoch 21/60 | train_loss=0.5162 val_loss=0.2054
No improvement on macro_f1. Early stopping counter: 5/10
Step 50/407 | loss=0.4716 bb_lr=0.000099 head_lr=0.000099
Step 100/407 | loss=0.5145 bb_lr=0.000099 head_lr=0.000099
Step 150/407 | loss=0.5068 bb_lr=0.000099 head_lr=0.000099
Step 200/407 | loss=0.5176 bb_lr=0.000099 head_lr=0.000099
Step 250/407 | loss=0.5197 bb_lr=0.000099 head_lr=0.000099
Step 300/407 | loss=0.5089 bb_lr=0.000099 head_lr=0.000099
Step 350/407 | loss=0.5034 bb_lr=0.000099 head_lr=0.000099
Step 400/407 | loss=0.4984 bb_lr=0.000099 head_lr=0.000099
Timing (first 30 train batches) | data=0.027507s infer=0.133014s
[ TRAIN METRICS ]:
bacc=0.557 macro_f1=0.563
  best : 0(p0.67 r0.69 f0.68) 1(p0.62 r0.64 f0.63) 3(p0.59 r0.60 f0.60) 11(p0.60 r0.59 f0.59) 10(p0.59 r0.59 f0.59)
  worst: 6(p0.48 r0.43 f0.45) 8(p0.49 r0.46 f0.48) 7(p0.53 r0.48 f0.50) 5(p0.53 r0.49 f0.51) 9(p0.56 r0.55 f0.56)
[ VALIDATION METRICS TTA]:
Val dist: {1: 810, 0: 1302, 2: 275, 10: 201, 4: 42, 5: 37, 3: 86, 12: 1, 8: 44, 6: 39, 11: 7, 9: 11, 7: 36}
bacc=0.736 macro_f1=0.713
  best : 0(p0.99 r0.96 f0.98) 3(p0.92 r1.00 f0.96) 1(p0.96 r0.95 f0.96) 11(p0.88 r1.00 f0.93) 4(p0.93 r0.90 f0.92)
  worst: 12(p0.00 r0.00 f0.00) 7(p0.35 r0.50 f0.41) 6(p0.41 r0.72 f0.52) 5(p0.62 r0.49 f0.55) 9(p0.60 r0.55 f0.57)
[ RESULTS ] : Epoch 22/60 | train_loss=0.4993 val_loss=0.1904
No improvement on macro_f1. Early stopping counter: 6/10
Step 50/407 | loss=0.5558 bb_lr=0.000098 head_lr=0.000098
Step 100/407 | loss=0.5490 bb_lr=0.000098 head_lr=0.000098
Step 150/407 | loss=0.5263 bb_lr=0.000098 head_lr=0.000098
Step 200/407 | loss=0.5386 bb_lr=0.000098 head_lr=0.000098
Step 250/407 | loss=0.5301 bb_lr=0.000098 head_lr=0.000098
Step 300/407 | loss=0.5142 bb_lr=0.000098 head_lr=0.000098
Step 350/407 | loss=0.5129 bb_lr=0.000098 head_lr=0.000098
Step 400/407 | loss=0.5143 bb_lr=0.000098 head_lr=0.000098
Timing (first 30 train batches) | data=0.025093s infer=0.132937s
[ TRAIN METRICS ]:
bacc=0.547 macro_f1=0.552
  best : 0(p0.65 r0.68 f0.67) 1(p0.61 r0.62 f0.62) 11(p0.59 r0.58 f0.59) 3(p0.58 r0.59 f0.58) 4(p0.57 r0.58 f0.57)
  worst: 6(p0.48 r0.42 f0.45) 7(p0.49 r0.45 f0.47) 8(p0.51 r0.48 f0.49) 5(p0.54 r0.50 f0.52) 9(p0.54 r0.53 f0.54)
[ VALIDATION METRICS TTA]:
Val dist: {1: 810, 0: 1302, 2: 275, 10: 201, 4: 42, 5: 37, 3: 86, 12: 1, 8: 44, 6: 39, 11: 7, 9: 11, 7: 36}
bacc=0.809 macro_f1=0.746
  best : 3(p0.97 r1.00 f0.98) 0(p0.99 r0.95 f0.97) 1(p0.95 r0.93 f0.94) 4(p0.97 r0.90 f0.94) 11(p0.88 r1.00 f0.93)
  worst: 7(p0.44 r0.42 f0.43) 6(p0.33 r0.77 f0.47) 12(p0.33 r1.00 f0.50) 9(p0.62 r0.45 f0.53) 5(p0.60 r0.49 f0.54)
[ RESULTS ] : Epoch 23/60 | train_loss=0.5135 val_loss=0.1914
No improvement on macro_f1. Early stopping counter: 7/10
Step 50/407 | loss=0.4827 bb_lr=0.000095 head_lr=0.000095
Step 100/407 | loss=0.4462 bb_lr=0.000095 head_lr=0.000095
Step 150/407 | loss=0.4367 bb_lr=0.000095 head_lr=0.000095
Step 200/407 | loss=0.4383 bb_lr=0.000095 head_lr=0.000095
Step 250/407 | loss=0.4379 bb_lr=0.000095 head_lr=0.000095
Step 300/407 | loss=0.4497 bb_lr=0.000095 head_lr=0.000095
Step 350/407 | loss=0.4502 bb_lr=0.000095 head_lr=0.000095
Step 400/407 | loss=0.4615 bb_lr=0.000095 head_lr=0.000095
Timing (first 30 train batches) | data=0.029352s infer=0.132877s
[ TRAIN METRICS ]:
bacc=0.586 macro_f1=0.591
  best : 0(p0.69 r0.71 f0.70) 1(p0.65 r0.67 f0.66) 4(p0.65 r0.65 f0.65) 3(p0.63 r0.63 f0.63) 10(p0.62 r0.63 f0.62)
  worst: 6(p0.54 r0.49 f0.51) 12(p0.52 r0.52 f0.52) 7(p0.55 r0.51 f0.53) 8(p0.55 r0.52 f0.53) 5(p0.55 r0.52 f0.54)
[ VALIDATION METRICS TTA]:
Val dist: {1: 810, 0: 1302, 2: 275, 10: 201, 4: 42, 5: 37, 3: 86, 12: 1, 8: 44, 6: 39, 11: 7, 9: 11, 7: 36}
bacc=0.803 macro_f1=0.788
  best : 12(p1.00 r1.00 f1.00) 3(p0.98 r1.00 f0.99) 0(p0.99 r0.96 f0.98) 1(p0.96 r0.95 f0.95) 4(p1.00 r0.90 f0.95)
  worst: 7(p0.43 r0.42 f0.42) 9(p0.45 r0.45 f0.45) 6(p0.37 r0.72 f0.49) 5(p0.71 r0.54 f0.62) 8(p0.64 r0.64 f0.64)
[ RESULTS ] : Epoch 24/60 | train_loss=0.4600 val_loss=0.1887
No improvement on macro_f1. Early stopping counter: 8/10
Step 50/407 | loss=0.4278 bb_lr=0.000090 head_lr=0.000090
Step 100/407 | loss=0.4386 bb_lr=0.000090 head_lr=0.000090
Step 150/407 | loss=0.4567 bb_lr=0.000090 head_lr=0.000090
Step 200/407 | loss=0.4672 bb_lr=0.000090 head_lr=0.000090
Step 250/407 | loss=0.4642 bb_lr=0.000090 head_lr=0.000090
Step 300/407 | loss=0.4663 bb_lr=0.000090 head_lr=0.000090
Step 350/407 | loss=0.4659 bb_lr=0.000090 head_lr=0.000090
Step 400/407 | loss=0.4682 bb_lr=0.000090 head_lr=0.000090
Timing (first 30 train batches) | data=0.025470s infer=0.132879s
[ TRAIN METRICS ]:
bacc=0.573 macro_f1=0.580
  best : 0(p0.67 r0.70 f0.69) 1(p0.65 r0.66 f0.66) 3(p0.61 r0.63 f0.62) 4(p0.61 r0.61 f0.61) 10(p0.61 r0.60 f0.61)
  worst: 6(p0.52 r0.45 f0.48) 7(p0.51 r0.46 f0.48) 5(p0.56 r0.52 f0.54) 9(p0.56 r0.53 f0.55) 8(p0.58 r0.54 f0.56)
[ VALIDATION METRICS TTA]:
Val dist: {1: 810, 0: 1302, 2: 275, 10: 201, 4: 42, 5: 37, 3: 86, 12: 1, 8: 44, 6: 39, 11: 7, 9: 11, 7: 36}
bacc=0.718 macro_f1=0.687
  best : 0(p0.99 r0.96 f0.97) 3(p0.96 r0.99 f0.97) 1(p0.95 r0.95 f0.95) 2(p0.94 r0.90 f0.92) 4(p0.93 r0.90 f0.92)
  worst: 12(p0.00 r0.00 f0.00) 9(p0.50 r0.27 f0.35) 7(p0.35 r0.50 f0.41) 6(p0.40 r0.74 f0.52) 5(p0.54 r0.54 f0.54)
[TSNE] Saved to /home/infres/yrothlin-24/CHAL_IM05/logs/tests/TSNE/tsne_val_epoch_025.png
[CONFUSION] Saved to /home/infres/yrothlin-24/CHAL_IM05/logs/tests/confusion/confusion_val_epoch_025_norm.png
[ RESULTS ] : Epoch 25/60 | train_loss=0.4689 val_loss=0.2018
No improvement on macro_f1. Early stopping counter: 9/10
Step 50/407 | loss=0.4335 bb_lr=0.000085 head_lr=0.000085
Step 100/407 | loss=0.4721 bb_lr=0.000085 head_lr=0.000085
Step 150/407 | loss=0.4513 bb_lr=0.000085 head_lr=0.000085
Step 200/407 | loss=0.4713 bb_lr=0.000085 head_lr=0.000085
Step 250/407 | loss=0.4873 bb_lr=0.000085 head_lr=0.000085
Step 300/407 | loss=0.4792 bb_lr=0.000085 head_lr=0.000085
Step 350/407 | loss=0.4770 bb_lr=0.000085 head_lr=0.000085
Step 400/407 | loss=0.4781 bb_lr=0.000085 head_lr=0.000085
Timing (first 30 train batches) | data=0.025864s infer=0.132816s
[ TRAIN METRICS ]:
bacc=0.578 macro_f1=0.584
  best : 0(p0.66 r0.68 f0.67) 1(p0.63 r0.65 f0.64) 3(p0.61 r0.61 f0.61) 4(p0.60 r0.61 f0.60) 11(p0.60 r0.60 f0.60)
  worst: 7(p0.52 r0.47 f0.49) 6(p0.54 r0.49 f0.51) 8(p0.55 r0.53 f0.54) 5(p0.57 r0.53 f0.55) 9(p0.59 r0.58 f0.58)
[ VALIDATION METRICS TTA]:
Val dist: {1: 810, 0: 1302, 2: 275, 10: 201, 4: 42, 5: 37, 3: 86, 12: 1, 8: 44, 6: 39, 11: 7, 9: 11, 7: 36}
bacc=0.814 macro_f1=0.794
  best : 12(p1.00 r1.00 f1.00) 0(p0.99 r0.96 f0.97) 3(p0.97 r0.98 f0.97) 1(p0.96 r0.95 f0.96) 11(p0.88 r1.00 f0.93)
  worst: 9(p0.50 r0.36 f0.42) 7(p0.46 r0.53 f0.49) 5(p0.74 r0.46 f0.57) 6(p0.44 r0.82 f0.57) 8(p0.62 r0.75 f0.68)
[ RESULTS ] : Epoch 26/60 | train_loss=0.4792 val_loss=0.1847
No improvement on macro_f1. Early stopping counter: 10/10
Early stopping triggered at epoch 26. Best epoch was 16 with macro_f1=0.8126
[FINAL]: Best score achieved at epoch 16 with score: 0.8125622822382852
