--------------------------------------------------------------------------------
BACKBONE: SWIN_V2_T
MODE: training
DEVICE: cuda
--------------------------------------------------------------------------------
--------------------------------------------------------------------------------
MODEL INFORMATIONS
Backbone         : SWIN_V2_T
Feature dim      : 768
Backbone params  : 27,582,570
Head params      : 371,725
Total params     : 27,954,295
Trainable params : 27,954,295
Frozen backbone  : False
--------------------------------------------------------------------------------
[DATALOADER]: Using grouped single split
[DATALOADER] Train distribution: [11713, 7291, 2471, 775, 373, 329, 352, 324, 397, 103, 1811, 61, 10]
[DATALOADER] Val distribution  : [1302, 810, 275, 86, 42, 37, 39, 36, 44, 11, 201, 7, 1]
[DATALOADER]: Using weighted sampling
[DATALOADER]: Using TTA
Successfully loaded data with sizes: train=26010, val=2891, test=N/A
Validation set distribution: {0: 1302, 1: 810, 2: 275, 3: 86, 4: 42, 5: 37, 6: 39, 7: 36, 8: 44, 9: 11, 10: 201, 11: 7, 12: 1}
Trainer config: {'save_ckpt': True, 'ckpt_dir': '/home/infres/yrothlin-24/CHAL_IM05/checkpoints/tests', 'ckpt_every': 1, 'resume_from': '/home/infres/yrothlin-24/CHAL_IM05/checkpoints/tests/best.pt', 'resume': True, 'resume_from_pretrained': '/home/infres/yrothlin-24/CHAL_IM05/checkpoints/contrastive_pretraining/best.pt', 'resume_pretrained': False, 'monitor': 'macro_f1', 'early_stopping': True, 'early_stopping_patience': 10, 'early_stopping_mode': 'max', 'use_mixup': True, 'mixup_alpha': 0.2, 'use_cutmix': True, 'cutmix_alpha': 1.0, 'cutmix_prob': 0.5, 'loss': 'focal', 'gamma': 2.0, 'bb_lr': 0.0003, 'head_lr': 0.0003, 'finetune_bb_lr': 0.0001, 'finetune_head_lr': 0.0001, 'weight_decay': 0.0001, 'num_epochs': 60, 'warmup_epochs': 0, 'optimizer': 'adamw', 'scheduler': 'cosine_restarts', 'use_amp': False, 'grad_clip': 1.0, 'log_step': 50, 'tta_rounds': 4, 'label_smoothing': 0.05, 'use_weights': False, 'weights': [0.131885, 0.167166, 0.287122, 0.512761, 0.738572, 0.786459, 0.760902, 0.792986, 0.716469, 1.409173, 0.335431, 1.824578, 4.536496], 'plot_tsne': True, 'tsne_split': 'val', 'tsne_every': 5, 'tsne_max_samples': 1000, 'tsne_perplexity': 30.0, 'tsne_dir': '/home/infres/yrothlin-24/CHAL_IM05/logs/tests/TSNE', 'plot_confusion': True, 'confusion_split': 'val', 'confusion_every': 5, 'confusion_normalize': True, 'confusion_dir': '/home/infres/yrothlin-24/CHAL_IM05/logs/tests/confusion', 'class_names': ['SNE', 'LY', 'MO', 'EO', 'BA', 'VLY', 'BNE', 'MMY', 'MY', 'PMY', 'BL', 'PC', 'PLY']}
MODE EVALUATION : False
Using TTA with : 4 rounds
Early stopping enabled with patience=10 and mode=max
TSNE will be plotted every 5 epochs and saved to: /home/infres/yrothlin-24/CHAL_IM05/logs/tests/TSNE
Confusion matrices will be plotted every 5 epochs and saved to: /home/infres/yrothlin-24/CHAL_IM05/logs/tests/confusion
Backbone frozen at epoch 1. Trainable parameters: 371725
Backbone unfrozen at epoch 1. Trainable parameters: 27954295
Step 50/407 | loss=1.8171 bb_lr=0.000100 head_lr=0.000100
Step 100/407 | loss=1.6606 bb_lr=0.000100 head_lr=0.000100
Step 150/407 | loss=1.5683 bb_lr=0.000100 head_lr=0.000100
Step 200/407 | loss=1.4641 bb_lr=0.000100 head_lr=0.000100
Step 250/407 | loss=1.3938 bb_lr=0.000100 head_lr=0.000100
Step 300/407 | loss=1.3402 bb_lr=0.000100 head_lr=0.000100
Step 350/407 | loss=1.2819 bb_lr=0.000100 head_lr=0.000100
Step 400/407 | loss=1.2455 bb_lr=0.000100 head_lr=0.000100
Timing (first 30 train batches) | data=0.017971s infer=0.130132s
[ TRAIN METRICS ]:
bacc=0.215 macro_f1=0.222
  best : 0(p0.46 r0.65 f0.54) 1(p0.40 r0.54 f0.46) 10(p0.34 r0.33 f0.34) 2(p0.31 r0.36 f0.34) 3(p0.39 r0.27 f0.32)
  worst: 12(p0.00 r0.00 f0.00) 6(p0.15 r0.04 f0.06) 11(p0.39 r0.05 f0.08) 5(p0.24 r0.06 f0.09) 9(p0.23 r0.06 f0.09)
[ VALIDATION METRICS TTA]:
Val dist: {0: 1302, 1: 810, 10: 201, 2: 275, 7: 36, 6: 39, 5: 37, 3: 86, 8: 44, 4: 42, 11: 7, 9: 11, 12: 1}
bacc=0.559 macro_f1=0.554
  best : 0(p0.97 r0.97 f0.97) 1(p0.92 r0.97 f0.94) 3(p0.99 r0.87 f0.93) 4(p0.95 r0.83 f0.89) 2(p0.92 r0.73 f0.82)
  worst: 12(p0.00 r0.00 f0.00) 5(p0.16 r0.51 f0.24) 6(p0.21 r0.31 f0.25) 9(p0.40 r0.18 f0.25) 11(p0.27 r0.43 f0.33)
[TSNE] Saved to /home/infres/yrothlin-24/CHAL_IM05/logs/tests/TSNE/tsne_val_epoch_001.png
[CONFUSION] Saved to /home/infres/yrothlin-24/CHAL_IM05/logs/tests/confusion/confusion_val_epoch_001_norm.png
[ RESULTS ] : Epoch 1/60 | train_loss=1.2427 val_loss=0.2839
New best macro_f1: 0.5541 at epoch 1.
Saving best checkpoint.
Checkpoint saved: /home/infres/yrothlin-24/CHAL_IM05/checkpoints/tests/best.pt
Step 50/407 | loss=0.9769 bb_lr=0.000099 head_lr=0.000099
Step 100/407 | loss=0.9548 bb_lr=0.000099 head_lr=0.000099
Step 150/407 | loss=0.9671 bb_lr=0.000099 head_lr=0.000099
Step 200/407 | loss=0.9556 bb_lr=0.000099 head_lr=0.000099
Step 250/407 | loss=0.9536 bb_lr=0.000099 head_lr=0.000099
Step 300/407 | loss=0.9386 bb_lr=0.000099 head_lr=0.000099
Step 350/407 | loss=0.9300 bb_lr=0.000099 head_lr=0.000099
Step 400/407 | loss=0.9201 bb_lr=0.000099 head_lr=0.000099
Timing (first 30 train batches) | data=0.021258s infer=0.130578s
[ TRAIN METRICS ]:
bacc=0.349 macro_f1=0.360
  best : 0(p0.57 r0.65 f0.61) 1(p0.51 r0.59 f0.55) 3(p0.50 r0.51 f0.51) 4(p0.51 r0.49 f0.50) 10(p0.46 r0.48 f0.47)
  worst: 12(p0.54 r0.03 f0.06) 6(p0.28 r0.11 f0.16) 7(p0.27 r0.19 f0.22) 5(p0.29 r0.19 f0.23) 8(p0.29 r0.25 f0.27)
[ VALIDATION METRICS TTA]:
Val dist: {0: 1302, 1: 810, 10: 201, 2: 275, 7: 36, 6: 39, 5: 37, 3: 86, 8: 44, 4: 42, 11: 7, 9: 11, 12: 1}
bacc=0.717 macro_f1=0.627
  best : 0(p0.99 r0.92 f0.95) 1(p0.95 r0.93 f0.94) 4(p0.88 r0.90 f0.89) 3(p0.80 r0.98 f0.88) 2(p0.85 r0.89 f0.87)
  worst: 12(p0.11 r1.00 f0.20) 6(p0.20 r0.56 f0.29) 8(p0.38 r0.34 f0.36) 7(p0.33 r0.44 f0.38) 9(p0.39 r0.64 f0.48)
[ RESULTS ] : Epoch 2/60 | train_loss=0.9209 val_loss=0.2364
New best macro_f1: 0.6271 at epoch 2.
Saving best checkpoint.
Checkpoint saved: /home/infres/yrothlin-24/CHAL_IM05/checkpoints/tests/best.pt
Step 50/407 | loss=0.7914 bb_lr=0.000098 head_lr=0.000098
Step 100/407 | loss=0.7811 bb_lr=0.000098 head_lr=0.000098
Step 150/407 | loss=0.7752 bb_lr=0.000098 head_lr=0.000098
Step 200/407 | loss=0.7982 bb_lr=0.000098 head_lr=0.000098
Step 250/407 | loss=0.7988 bb_lr=0.000098 head_lr=0.000098
Step 300/407 | loss=0.8012 bb_lr=0.000098 head_lr=0.000098
Step 350/407 | loss=0.8039 bb_lr=0.000098 head_lr=0.000098
Step 400/407 | loss=0.7929 bb_lr=0.000098 head_lr=0.000098
Timing (first 30 train batches) | data=0.021705s infer=0.131426s
[ TRAIN METRICS ]:
bacc=0.394 macro_f1=0.410
  best : 0(p0.60 r0.67 f0.63) 1(p0.55 r0.61 f0.58) 3(p0.52 r0.54 f0.53) 4(p0.53 r0.52 f0.52) 10(p0.52 r0.52 f0.52)
  worst: 12(p0.33 r0.12 f0.18) 7(p0.29 r0.20 f0.24) 6(p0.31 r0.20 f0.24) 5(p0.38 r0.27 f0.32) 9(p0.37 r0.29 f0.32)
[ VALIDATION METRICS TTA]:
Val dist: {0: 1302, 1: 810, 10: 201, 2: 275, 7: 36, 6: 39, 5: 37, 3: 86, 8: 44, 4: 42, 11: 7, 9: 11, 12: 1}
bacc=0.735 macro_f1=0.619
  best : 0(p0.98 r0.95 f0.96) 3(p1.00 r0.91 f0.95) 1(p0.97 r0.91 f0.94) 2(p0.95 r0.79 f0.86) 4(p0.75 r0.98 f0.85)
  worst: 12(p0.17 r1.00 f0.29) 6(p0.23 r0.49 f0.32) 5(p0.23 r0.70 f0.35) 11(p0.33 r0.43 f0.38) 9(p0.33 r0.45 f0.38)
[ RESULTS ] : Epoch 3/60 | train_loss=0.7983 val_loss=0.2518
No improvement on macro_f1. Early stopping counter: 1/10
Step 50/407 | loss=0.8243 bb_lr=0.000095 head_lr=0.000095
Step 100/407 | loss=0.7962 bb_lr=0.000095 head_lr=0.000095
Step 150/407 | loss=0.7659 bb_lr=0.000095 head_lr=0.000095
Step 200/407 | loss=0.7683 bb_lr=0.000095 head_lr=0.000095
Step 250/407 | loss=0.7633 bb_lr=0.000095 head_lr=0.000095
Step 300/407 | loss=0.7501 bb_lr=0.000095 head_lr=0.000095
Step 350/407 | loss=0.7486 bb_lr=0.000095 head_lr=0.000095
Step 400/407 | loss=0.7567 bb_lr=0.000095 head_lr=0.000095
Timing (first 30 train batches) | data=0.019379s infer=0.132526s
[ TRAIN METRICS ]:
bacc=0.423 macro_f1=0.440
  best : 0(p0.60 r0.67 f0.63) 1(p0.57 r0.63 f0.60) 3(p0.57 r0.56 f0.57) 2(p0.52 r0.54 f0.53) 4(p0.53 r0.53 f0.53)
  worst: 6(p0.33 r0.21 f0.26) 7(p0.31 r0.24 f0.27) 5(p0.40 r0.29 f0.33) 8(p0.35 r0.32 f0.34) 12(p0.51 r0.29 f0.37)
[ VALIDATION METRICS TTA]:
Val dist: {0: 1302, 1: 810, 10: 201, 2: 275, 7: 36, 6: 39, 5: 37, 3: 86, 8: 44, 4: 42, 11: 7, 9: 11, 12: 1}
bacc=0.731 macro_f1=0.643
  best : 1(p0.93 r0.95 f0.94) 0(p0.99 r0.88 f0.93) 3(p0.83 r0.98 f0.90) 4(p0.97 r0.81 f0.88) 10(p0.86 r0.88 f0.87)
  worst: 6(p0.16 r0.62 f0.26) 11(p0.33 r0.43 f0.38) 7(p0.37 r0.39 f0.38) 12(p0.25 r1.00 f0.40) 8(p0.53 r0.41 f0.46)
[ RESULTS ] : Epoch 4/60 | train_loss=0.7576 val_loss=0.2453
New best macro_f1: 0.6428 at epoch 4.
Saving best checkpoint.
Checkpoint saved: /home/infres/yrothlin-24/CHAL_IM05/checkpoints/tests/best.pt
Step 50/407 | loss=0.7276 bb_lr=0.000090 head_lr=0.000090
Step 100/407 | loss=0.7105 bb_lr=0.000090 head_lr=0.000090
Step 150/407 | loss=0.7340 bb_lr=0.000090 head_lr=0.000090
Step 200/407 | loss=0.7458 bb_lr=0.000090 head_lr=0.000090
Step 250/407 | loss=0.7365 bb_lr=0.000090 head_lr=0.000090
Step 300/407 | loss=0.7348 bb_lr=0.000090 head_lr=0.000090
Step 350/407 | loss=0.7253 bb_lr=0.000090 head_lr=0.000090
Step 400/407 | loss=0.7161 bb_lr=0.000090 head_lr=0.000090
Timing (first 30 train batches) | data=0.020456s infer=0.132040s
[ TRAIN METRICS ]:
bacc=0.462 macro_f1=0.479
  best : 0(p0.63 r0.69 f0.66) 1(p0.59 r0.64 f0.61) 3(p0.59 r0.60 f0.60) 4(p0.59 r0.57 f0.58) 10(p0.56 r0.55 f0.55)
  worst: 6(p0.34 r0.22 f0.27) 7(p0.38 r0.30 f0.33) 8(p0.40 r0.35 f0.37) 5(p0.45 r0.33 f0.38) 9(p0.42 r0.39 f0.41)
[ VALIDATION METRICS TTA]:
Val dist: {0: 1302, 1: 810, 10: 201, 2: 275, 7: 36, 6: 39, 5: 37, 3: 86, 8: 44, 4: 42, 11: 7, 9: 11, 12: 1}
bacc=0.769 macro_f1=0.700
  best : 0(p0.98 r0.96 f0.97) 3(p1.00 r0.91 f0.95) 1(p0.96 r0.93 f0.94) 4(p0.95 r0.88 f0.91) 10(p0.89 r0.89 f0.89)
  worst: 6(p0.29 r0.51 f0.37) 11(p0.50 r0.43 f0.46) 12(p0.33 r1.00 f0.50) 7(p0.49 r0.56 f0.52) 5(p0.48 r0.62 f0.54)
[TSNE] Saved to /home/infres/yrothlin-24/CHAL_IM05/logs/tests/TSNE/tsne_val_epoch_005.png
[CONFUSION] Saved to /home/infres/yrothlin-24/CHAL_IM05/logs/tests/confusion/confusion_val_epoch_005_norm.png
[ RESULTS ] : Epoch 5/60 | train_loss=0.7183 val_loss=0.2094
New best macro_f1: 0.7001 at epoch 5.
Saving best checkpoint.
Checkpoint saved: /home/infres/yrothlin-24/CHAL_IM05/checkpoints/tests/best.pt
Step 50/407 | loss=0.7346 bb_lr=0.000085 head_lr=0.000085
Step 100/407 | loss=0.7257 bb_lr=0.000085 head_lr=0.000085
Step 150/407 | loss=0.7274 bb_lr=0.000085 head_lr=0.000085
Step 200/407 | loss=0.7282 bb_lr=0.000085 head_lr=0.000085
Step 250/407 | loss=0.7116 bb_lr=0.000085 head_lr=0.000085
Step 300/407 | loss=0.7069 bb_lr=0.000085 head_lr=0.000085
Step 350/407 | loss=0.7098 bb_lr=0.000085 head_lr=0.000085
Step 400/407 | loss=0.7058 bb_lr=0.000085 head_lr=0.000085
Timing (first 30 train batches) | data=0.019460s infer=0.131994s
[ TRAIN METRICS ]:
bacc=0.451 macro_f1=0.465
  best : 0(p0.62 r0.68 f0.65) 1(p0.56 r0.61 f0.59) 3(p0.55 r0.56 f0.56) 4(p0.54 r0.53 f0.54) 10(p0.53 r0.52 f0.53)
  worst: 7(p0.34 r0.25 f0.29) 6(p0.37 r0.25 f0.30) 8(p0.39 r0.35 f0.37) 5(p0.45 r0.33 f0.38) 9(p0.42 r0.40 f0.41)
[ VALIDATION METRICS TTA]:
Val dist: {0: 1302, 1: 810, 10: 201, 2: 275, 7: 36, 6: 39, 5: 37, 3: 86, 8: 44, 4: 42, 11: 7, 9: 11, 12: 1}
bacc=0.800 macro_f1=0.652
  best : 3(p0.96 r0.95 f0.96) 4(p0.97 r0.93 f0.95) 0(p0.99 r0.88 f0.93) 1(p0.97 r0.88 f0.92) 2(p0.90 r0.85 f0.88)
  worst: 11(p0.11 r0.57 f0.18) 6(p0.19 r0.79 f0.30) 9(p0.31 r1.00 f0.47) 5(p0.46 r0.51 f0.49) 12(p0.33 r1.00 f0.50)
[ RESULTS ] : Epoch 6/60 | train_loss=0.7092 val_loss=0.2519
No improvement on macro_f1. Early stopping counter: 1/10
Step 50/407 | loss=0.7313 bb_lr=0.000079 head_lr=0.000079
Step 100/407 | loss=0.6850 bb_lr=0.000079 head_lr=0.000079
Step 150/407 | loss=0.6664 bb_lr=0.000079 head_lr=0.000079
Step 200/407 | loss=0.6754 bb_lr=0.000079 head_lr=0.000079
Step 250/407 | loss=0.6759 bb_lr=0.000079 head_lr=0.000079
Step 300/407 | loss=0.6832 bb_lr=0.000079 head_lr=0.000079
Step 350/407 | loss=0.6759 bb_lr=0.000079 head_lr=0.000079
Step 400/407 | loss=0.6731 bb_lr=0.000079 head_lr=0.000079
Timing (first 30 train batches) | data=0.022462s infer=0.131185s
[ TRAIN METRICS ]:
bacc=0.468 macro_f1=0.482
  best : 0(p0.63 r0.68 f0.65) 1(p0.57 r0.63 f0.60) 4(p0.58 r0.58 f0.58) 3(p0.57 r0.57 f0.57) 2(p0.53 r0.56 f0.54)
  worst: 7(p0.33 r0.26 f0.29) 6(p0.39 r0.26 f0.32) 5(p0.46 r0.36 f0.41) 8(p0.43 r0.39 f0.41) 9(p0.44 r0.41 f0.43)
[ VALIDATION METRICS TTA]:
Val dist: {0: 1302, 1: 810, 10: 201, 2: 275, 7: 36, 6: 39, 5: 37, 3: 86, 8: 44, 4: 42, 11: 7, 9: 11, 12: 1}
bacc=0.697 macro_f1=0.643
  best : 1(p0.97 r0.93 f0.95) 0(p0.99 r0.90 f0.94) 3(p0.89 r0.98 f0.93) 4(p0.93 r0.93 f0.93) 2(p0.86 r0.91 f0.89)
  worst: 12(p0.00 r0.00 f0.00) 6(p0.21 r0.85 f0.34) 5(p0.40 r0.43 f0.42) 11(p0.50 r0.43 f0.46) 8(p0.54 r0.43 f0.48)
[ RESULTS ] : Epoch 7/60 | train_loss=0.6743 val_loss=0.2253
No improvement on macro_f1. Early stopping counter: 2/10
Step 50/407 | loss=0.6479 bb_lr=0.000073 head_lr=0.000073
Step 100/407 | loss=0.6810 bb_lr=0.000073 head_lr=0.000073
Step 150/407 | loss=0.6560 bb_lr=0.000073 head_lr=0.000073
Step 200/407 | loss=0.6570 bb_lr=0.000073 head_lr=0.000073
Step 250/407 | loss=0.6506 bb_lr=0.000073 head_lr=0.000073
Step 300/407 | loss=0.6460 bb_lr=0.000073 head_lr=0.000073
Step 350/407 | loss=0.6427 bb_lr=0.000073 head_lr=0.000073
Step 400/407 | loss=0.6486 bb_lr=0.000073 head_lr=0.000073
Timing (first 30 train batches) | data=0.019954s infer=0.133305s
[ TRAIN METRICS ]:
bacc=0.488 macro_f1=0.500
  best : 0(p0.64 r0.68 f0.66) 1(p0.58 r0.63 f0.61) 4(p0.60 r0.60 f0.60) 3(p0.58 r0.58 f0.58) 2(p0.54 r0.57 f0.56)
  worst: 7(p0.38 r0.30 f0.34) 6(p0.41 r0.29 f0.34) 8(p0.44 r0.39 f0.41) 5(p0.47 r0.37 f0.42) 9(p0.44 r0.41 f0.42)
[ VALIDATION METRICS TTA]:
Val dist: {0: 1302, 1: 810, 10: 201, 2: 275, 7: 36, 6: 39, 5: 37, 3: 86, 8: 44, 4: 42, 11: 7, 9: 11, 12: 1}
bacc=0.783 macro_f1=0.678
  best : 0(p0.99 r0.95 f0.97) 3(p0.93 r1.00 f0.97) 1(p0.96 r0.94 f0.95) 4(p0.93 r0.93 f0.93) 2(p0.93 r0.84 f0.88)
  worst: 11(p0.38 r0.43 f0.40) 12(p0.25 r1.00 f0.40) 6(p0.32 r0.56 f0.41) 8(p0.62 r0.36 f0.46) 7(p0.37 r0.83 f0.51)
[ RESULTS ] : Epoch 8/60 | train_loss=0.6483 val_loss=0.2061
No improvement on macro_f1. Early stopping counter: 3/10
Step 50/407 | loss=0.6876 bb_lr=0.000065 head_lr=0.000065
Step 100/407 | loss=0.6446 bb_lr=0.000065 head_lr=0.000065
Step 150/407 | loss=0.6540 bb_lr=0.000065 head_lr=0.000065
Step 200/407 | loss=0.6746 bb_lr=0.000065 head_lr=0.000065
Step 250/407 | loss=0.6665 bb_lr=0.000065 head_lr=0.000065
Step 300/407 | loss=0.6564 bb_lr=0.000065 head_lr=0.000065
Step 350/407 | loss=0.6515 bb_lr=0.000065 head_lr=0.000065
Step 400/407 | loss=0.6509 bb_lr=0.000065 head_lr=0.000065
Timing (first 30 train batches) | data=0.018866s infer=0.131402s
[ TRAIN METRICS ]:
bacc=0.491 macro_f1=0.501
  best : 0(p0.64 r0.70 f0.67) 1(p0.60 r0.64 f0.62) 4(p0.60 r0.60 f0.60) 3(p0.58 r0.60 f0.59) 10(p0.58 r0.57 f0.58)
  worst: 6(p0.40 r0.28 f0.33) 7(p0.38 r0.29 f0.33) 8(p0.43 r0.38 f0.40) 9(p0.42 r0.40 f0.41) 5(p0.49 r0.38 f0.43)
[ VALIDATION METRICS TTA]:
Val dist: {0: 1302, 1: 810, 10: 201, 2: 275, 7: 36, 6: 39, 5: 37, 3: 86, 8: 44, 4: 42, 11: 7, 9: 11, 12: 1}
bacc=0.795 macro_f1=0.678
  best : 3(p0.97 r0.97 f0.97) 0(p0.99 r0.93 f0.96) 4(p0.97 r0.93 f0.95) 1(p0.96 r0.93 f0.95) 2(p0.90 r0.86 f0.88)
  worst: 12(p0.17 r1.00 f0.29) 6(p0.27 r0.77 f0.40) 11(p0.50 r0.43 f0.46) 7(p0.40 r0.58 f0.47) 5(p0.43 r0.59 f0.50)
[ RESULTS ] : Epoch 9/60 | train_loss=0.6529 val_loss=0.2071
No improvement on macro_f1. Early stopping counter: 4/10
Step 50/407 | loss=0.6346 bb_lr=0.000058 head_lr=0.000058
Step 100/407 | loss=0.6470 bb_lr=0.000058 head_lr=0.000058
Step 150/407 | loss=0.6278 bb_lr=0.000058 head_lr=0.000058
Step 200/407 | loss=0.6210 bb_lr=0.000058 head_lr=0.000058
Step 250/407 | loss=0.6082 bb_lr=0.000058 head_lr=0.000058
Step 300/407 | loss=0.6074 bb_lr=0.000058 head_lr=0.000058
Step 350/407 | loss=0.6152 bb_lr=0.000058 head_lr=0.000058
Step 400/407 | loss=0.6165 bb_lr=0.000058 head_lr=0.000058
Timing (first 30 train batches) | data=0.019805s infer=0.131674s
[ TRAIN METRICS ]:
bacc=0.507 macro_f1=0.518
  best : 0(p0.65 r0.69 f0.67) 1(p0.62 r0.66 f0.64) 3(p0.60 r0.61 f0.60) 4(p0.59 r0.58 f0.59) 10(p0.57 r0.57 f0.57)
  worst: 6(p0.41 r0.30 f0.34) 7(p0.41 r0.33 f0.36) 5(p0.48 r0.40 f0.44) 8(p0.47 r0.43 f0.45) 12(p0.50 r0.44 f0.47)
[ VALIDATION METRICS TTA]:
Val dist: {0: 1302, 1: 810, 10: 201, 2: 275, 7: 36, 6: 39, 5: 37, 3: 86, 8: 44, 4: 42, 11: 7, 9: 11, 12: 1}
bacc=0.772 macro_f1=0.704
  best : 3(p1.00 r0.98 f0.99) 0(p0.99 r0.95 f0.97) 1(p0.97 r0.93 f0.95) 4(p0.93 r0.93 f0.93) 2(p0.88 r0.89 f0.88)
  worst: 11(p0.27 r0.43 f0.33) 6(p0.28 r0.59 f0.38) 7(p0.44 r0.61 f0.51) 9(p0.39 r0.82 f0.53) 8(p0.68 r0.48 f0.56)
[TSNE] Saved to /home/infres/yrothlin-24/CHAL_IM05/logs/tests/TSNE/tsne_val_epoch_010.png
[CONFUSION] Saved to /home/infres/yrothlin-24/CHAL_IM05/logs/tests/confusion/confusion_val_epoch_010_norm.png
[ RESULTS ] : Epoch 10/60 | train_loss=0.6172 val_loss=0.1876
New best macro_f1: 0.7043 at epoch 10.
Saving best checkpoint.
Checkpoint saved: /home/infres/yrothlin-24/CHAL_IM05/checkpoints/tests/best.pt
Step 50/407 | loss=0.6049 bb_lr=0.000050 head_lr=0.000050
Step 100/407 | loss=0.6372 bb_lr=0.000050 head_lr=0.000050
Step 150/407 | loss=0.6267 bb_lr=0.000050 head_lr=0.000050
Step 200/407 | loss=0.6213 bb_lr=0.000050 head_lr=0.000050
Step 250/407 | loss=0.6084 bb_lr=0.000050 head_lr=0.000050
Step 300/407 | loss=0.6048 bb_lr=0.000050 head_lr=0.000050
Step 350/407 | loss=0.5981 bb_lr=0.000050 head_lr=0.000050
Step 400/407 | loss=0.6021 bb_lr=0.000050 head_lr=0.000050
Timing (first 30 train batches) | data=0.018697s infer=0.131583s
[ TRAIN METRICS ]:
bacc=0.492 macro_f1=0.502
  best : 0(p0.63 r0.67 f0.65) 1(p0.58 r0.62 f0.60) 3(p0.57 r0.58 f0.57) 4(p0.56 r0.56 f0.56) 2(p0.54 r0.56 f0.55)
  worst: 7(p0.38 r0.31 f0.34) 6(p0.41 r0.31 f0.36) 8(p0.42 r0.38 f0.40) 5(p0.48 r0.39 f0.43) 9(p0.47 r0.46 f0.46)
[ VALIDATION METRICS TTA]:
Val dist: {0: 1302, 1: 810, 10: 201, 2: 275, 7: 36, 6: 39, 5: 37, 3: 86, 8: 44, 4: 42, 11: 7, 9: 11, 12: 1}
bacc=0.798 macro_f1=0.730
  best : 0(p0.99 r0.95 f0.97) 3(p0.99 r0.94 f0.96) 1(p0.95 r0.96 f0.95) 4(p0.91 r0.98 f0.94) 2(p0.89 r0.89 f0.89)
  worst: 11(p0.33 r0.57 f0.42) 6(p0.30 r0.74 f0.42) 7(p0.51 r0.61 f0.56) 9(p0.50 r0.73 f0.59) 5(p0.70 r0.51 f0.59)
[ RESULTS ] : Epoch 11/60 | train_loss=0.6033 val_loss=0.1833
New best macro_f1: 0.7295 at epoch 11.
Saving best checkpoint.
Checkpoint saved: /home/infres/yrothlin-24/CHAL_IM05/checkpoints/tests/best.pt
Step 50/407 | loss=0.5747 bb_lr=0.000042 head_lr=0.000042
Step 100/407 | loss=0.5994 bb_lr=0.000042 head_lr=0.000042
Step 150/407 | loss=0.5892 bb_lr=0.000042 head_lr=0.000042
Step 200/407 | loss=0.5975 bb_lr=0.000042 head_lr=0.000042
Step 250/407 | loss=0.5920 bb_lr=0.000042 head_lr=0.000042
Step 300/407 | loss=0.5831 bb_lr=0.000042 head_lr=0.000042
Step 350/407 | loss=0.5888 bb_lr=0.000042 head_lr=0.000042
Step 400/407 | loss=0.5839 bb_lr=0.000042 head_lr=0.000042
Timing (first 30 train batches) | data=0.020360s infer=0.131723s
[ TRAIN METRICS ]:
bacc=0.552 macro_f1=0.563
  best : 0(p0.68 r0.72 f0.70) 12(p0.66 r0.63 f0.64) 3(p0.64 r0.65 f0.64) 1(p0.62 r0.66 f0.64) 4(p0.62 r0.62 f0.62)
  worst: 6(p0.45 r0.34 f0.38) 7(p0.46 r0.37 f0.41) 8(p0.49 r0.45 f0.47) 5(p0.55 r0.45 f0.50) 9(p0.56 r0.53 f0.54)
[ VALIDATION METRICS TTA]:
Val dist: {0: 1302, 1: 810, 10: 201, 2: 275, 7: 36, 6: 39, 5: 37, 3: 86, 8: 44, 4: 42, 11: 7, 9: 11, 12: 1}
bacc=0.818 macro_f1=0.706
  best : 0(p0.99 r0.95 f0.97) 3(p0.93 r0.98 f0.95) 4(p0.95 r0.95 f0.95) 1(p0.96 r0.94 f0.95) 10(p0.89 r0.88 f0.88)
  worst: 11(p0.27 r0.57 f0.36) 6(p0.30 r0.74 f0.43) 12(p0.33 r1.00 f0.50) 8(p0.56 r0.52 f0.54) 7(p0.50 r0.61 f0.55)
[ RESULTS ] : Epoch 12/60 | train_loss=0.5851 val_loss=0.1945
No improvement on macro_f1. Early stopping counter: 1/10
Step 50/407 | loss=0.5902 bb_lr=0.000035 head_lr=0.000035
Step 100/407 | loss=0.5773 bb_lr=0.000035 head_lr=0.000035
Step 150/407 | loss=0.5809 bb_lr=0.000035 head_lr=0.000035
Step 200/407 | loss=0.5974 bb_lr=0.000035 head_lr=0.000035
Step 250/407 | loss=0.5961 bb_lr=0.000035 head_lr=0.000035
Step 300/407 | loss=0.6024 bb_lr=0.000035 head_lr=0.000035
Step 350/407 | loss=0.5985 bb_lr=0.000035 head_lr=0.000035
Step 400/407 | loss=0.5923 bb_lr=0.000035 head_lr=0.000035
Timing (first 30 train batches) | data=0.020918s infer=0.131519s
[ TRAIN METRICS ]:
bacc=0.493 macro_f1=0.501
  best : 0(p0.63 r0.66 f0.64) 1(p0.58 r0.62 f0.60) 4(p0.56 r0.55 f0.56) 3(p0.55 r0.56 f0.55) 2(p0.54 r0.55 f0.54)
  worst: 7(p0.38 r0.31 f0.34) 6(p0.40 r0.31 f0.35) 8(p0.45 r0.41 f0.43) 5(p0.51 r0.43 f0.47) 9(p0.49 r0.47 f0.48)
[ VALIDATION METRICS TTA]:
Val dist: {0: 1302, 1: 810, 10: 201, 2: 275, 7: 36, 6: 39, 5: 37, 3: 86, 8: 44, 4: 42, 11: 7, 9: 11, 12: 1}
bacc=0.801 macro_f1=0.753
  best : 12(p1.00 r1.00 f1.00) 0(p0.99 r0.95 f0.97) 3(p1.00 r0.94 f0.97) 1(p0.97 r0.93 f0.95) 4(p0.95 r0.93 f0.94)
  worst: 11(p0.30 r0.43 f0.35) 6(p0.36 r0.67 f0.47) 5(p0.55 r0.62 f0.58) 8(p0.58 r0.59 f0.58) 7(p0.50 r0.72 f0.59)
[ RESULTS ] : Epoch 13/60 | train_loss=0.5914 val_loss=0.1878
New best macro_f1: 0.7533 at epoch 13.
Saving best checkpoint.
Checkpoint saved: /home/infres/yrothlin-24/CHAL_IM05/checkpoints/tests/best.pt
Step 50/407 | loss=0.6463 bb_lr=0.000027 head_lr=0.000027
Step 100/407 | loss=0.6360 bb_lr=0.000027 head_lr=0.000027
Step 150/407 | loss=0.6183 bb_lr=0.000027 head_lr=0.000027
Step 200/407 | loss=0.5967 bb_lr=0.000027 head_lr=0.000027
Step 250/407 | loss=0.5825 bb_lr=0.000027 head_lr=0.000027
Step 300/407 | loss=0.5813 bb_lr=0.000027 head_lr=0.000027
Step 350/407 | loss=0.5901 bb_lr=0.000027 head_lr=0.000027
Step 400/407 | loss=0.5850 bb_lr=0.000027 head_lr=0.000027
Timing (first 30 train batches) | data=0.017951s infer=0.132214s
[ TRAIN METRICS ]:
bacc=0.540 macro_f1=0.550
  best : 0(p0.65 r0.69 f0.67) 1(p0.63 r0.66 f0.65) 11(p0.63 r0.60 f0.61) 3(p0.59 r0.60 f0.60) 4(p0.59 r0.60 f0.60)
  worst: 6(p0.44 r0.35 f0.39) 7(p0.44 r0.36 f0.39) 8(p0.48 r0.44 f0.46) 5(p0.54 r0.46 f0.49) 9(p0.55 r0.53 f0.54)
[ VALIDATION METRICS TTA]:
Val dist: {0: 1302, 1: 810, 10: 201, 2: 275, 7: 36, 6: 39, 5: 37, 3: 86, 8: 44, 4: 42, 11: 7, 9: 11, 12: 1}
bacc=0.806 macro_f1=0.757
  best : 12(p1.00 r1.00 f1.00) 3(p0.98 r0.99 f0.98) 0(p0.99 r0.95 f0.97) 1(p0.97 r0.94 f0.95) 4(p0.97 r0.90 f0.94)
  worst: 6(p0.32 r0.74 f0.45) 11(p0.44 r0.57 f0.50) 8(p0.59 r0.52 f0.55) 9(p0.40 r0.91 f0.56) 7(p0.55 r0.58 f0.57)
[ RESULTS ] : Epoch 14/60 | train_loss=0.5883 val_loss=0.1823
New best macro_f1: 0.7573 at epoch 14.
Saving best checkpoint.
Checkpoint saved: /home/infres/yrothlin-24/CHAL_IM05/checkpoints/tests/best.pt
Step 50/407 | loss=0.5575 bb_lr=0.000021 head_lr=0.000021
Step 100/407 | loss=0.5710 bb_lr=0.000021 head_lr=0.000021
Step 150/407 | loss=0.5591 bb_lr=0.000021 head_lr=0.000021
Step 200/407 | loss=0.5659 bb_lr=0.000021 head_lr=0.000021
Step 250/407 | loss=0.5620 bb_lr=0.000021 head_lr=0.000021
Step 300/407 | loss=0.5604 bb_lr=0.000021 head_lr=0.000021
Step 350/407 | loss=0.5580 bb_lr=0.000021 head_lr=0.000021
Step 400/407 | loss=0.5632 bb_lr=0.000021 head_lr=0.000021
Timing (first 30 train batches) | data=0.018797s infer=0.130877s
[ TRAIN METRICS ]:
bacc=0.506 macro_f1=0.515
  best : 0(p0.62 r0.66 f0.64) 1(p0.59 r0.62 f0.60) 4(p0.58 r0.58 f0.58) 2(p0.55 r0.56 f0.55) 3(p0.55 r0.55 f0.55)
  worst: 6(p0.41 r0.33 f0.37) 7(p0.42 r0.34 f0.38) 8(p0.45 r0.43 f0.44) 5(p0.51 r0.42 f0.46) 9(p0.52 r0.49 f0.50)
[ VALIDATION METRICS TTA]:
Val dist: {0: 1302, 1: 810, 10: 201, 2: 275, 7: 36, 6: 39, 5: 37, 3: 86, 8: 44, 4: 42, 11: 7, 9: 11, 12: 1}
bacc=0.816 macro_f1=0.761
  best : 12(p1.00 r1.00 f1.00) 3(p0.98 r0.98 f0.98) 0(p0.99 r0.93 f0.96) 1(p0.96 r0.95 f0.96) 4(p0.97 r0.93 f0.95)
  worst: 11(p0.31 r0.57 f0.40) 6(p0.29 r0.79 f0.42) 5(p0.61 r0.54 f0.57) 7(p0.52 r0.67 f0.59) 8(p0.64 r0.64 f0.64)
[TSNE] Saved to /home/infres/yrothlin-24/CHAL_IM05/logs/tests/TSNE/tsne_val_epoch_015.png
[CONFUSION] Saved to /home/infres/yrothlin-24/CHAL_IM05/logs/tests/confusion/confusion_val_epoch_015_norm.png
[ RESULTS ] : Epoch 15/60 | train_loss=0.5624 val_loss=0.1943
New best macro_f1: 0.7606 at epoch 15.
Saving best checkpoint.
Checkpoint saved: /home/infres/yrothlin-24/CHAL_IM05/checkpoints/tests/best.pt
Step 50/407 | loss=0.5150 bb_lr=0.000015 head_lr=0.000015
Step 100/407 | loss=0.5147 bb_lr=0.000015 head_lr=0.000015
Step 150/407 | loss=0.4982 bb_lr=0.000015 head_lr=0.000015
Step 200/407 | loss=0.5090 bb_lr=0.000015 head_lr=0.000015
Step 250/407 | loss=0.5095 bb_lr=0.000015 head_lr=0.000015
Step 300/407 | loss=0.5176 bb_lr=0.000015 head_lr=0.000015
Step 350/407 | loss=0.5187 bb_lr=0.000015 head_lr=0.000015
Step 400/407 | loss=0.5304 bb_lr=0.000015 head_lr=0.000015
Timing (first 30 train batches) | data=0.020384s infer=0.131752s
[ TRAIN METRICS ]:
bacc=0.527 macro_f1=0.534
  best : 0(p0.65 r0.67 f0.66) 1(p0.60 r0.63 f0.61) 3(p0.59 r0.61 f0.60) 4(p0.58 r0.57 f0.58) 10(p0.57 r0.57 f0.57)
  worst: 6(p0.44 r0.37 f0.40) 7(p0.47 r0.38 f0.42) 8(p0.48 r0.45 f0.46) 5(p0.52 r0.44 f0.48) 9(p0.50 r0.47 f0.48)
[ VALIDATION METRICS TTA]:
Val dist: {0: 1302, 1: 810, 10: 201, 2: 275, 7: 36, 6: 39, 5: 37, 3: 86, 8: 44, 4: 42, 11: 7, 9: 11, 12: 1}
bacc=0.822 macro_f1=0.760
  best : 3(p0.99 r0.98 f0.98) 0(p0.99 r0.95 f0.97) 1(p0.96 r0.96 f0.96) 4(p0.97 r0.93 f0.95) 2(p0.91 r0.90 f0.91)
  worst: 6(p0.32 r0.72 f0.44) 11(p0.50 r0.57 f0.53) 5(p0.62 r0.62 f0.62) 8(p0.67 r0.59 f0.63) 7(p0.57 r0.75 f0.65)
[ RESULTS ] : Epoch 16/60 | train_loss=0.5300 val_loss=0.1769
No improvement on macro_f1. Early stopping counter: 1/10
Step 50/407 | loss=0.4911 bb_lr=0.000010 head_lr=0.000010
Step 100/407 | loss=0.5043 bb_lr=0.000010 head_lr=0.000010
Step 150/407 | loss=0.5121 bb_lr=0.000010 head_lr=0.000010
Step 200/407 | loss=0.5124 bb_lr=0.000010 head_lr=0.000010
Step 250/407 | loss=0.5288 bb_lr=0.000010 head_lr=0.000010
Step 300/407 | loss=0.5292 bb_lr=0.000010 head_lr=0.000010
Step 350/407 | loss=0.5326 bb_lr=0.000010 head_lr=0.000010
Step 400/407 | loss=0.5334 bb_lr=0.000010 head_lr=0.000010
Timing (first 30 train batches) | data=0.019654s infer=0.131449s
[ TRAIN METRICS ]:
bacc=0.559 macro_f1=0.567
  best : 0(p0.67 r0.70 f0.69) 1(p0.63 r0.67 f0.65) 3(p0.62 r0.63 f0.62) 4(p0.62 r0.61 f0.62) 12(p0.61 r0.60 f0.61)
  worst: 7(p0.46 r0.39 f0.42) 6(p0.49 r0.38 f0.43) 8(p0.50 r0.47 f0.48) 5(p0.53 r0.46 f0.49) 9(p0.57 r0.55 f0.56)
[ VALIDATION METRICS TTA]:
Val dist: {0: 1302, 1: 810, 10: 201, 2: 275, 7: 36, 6: 39, 5: 37, 3: 86, 8: 44, 4: 42, 11: 7, 9: 11, 12: 1}
bacc=0.811 macro_f1=0.735
  best : 0(p0.99 r0.94 f0.97) 3(p0.97 r0.97 f0.97) 1(p0.97 r0.93 f0.95) 4(p0.97 r0.93 f0.95) 2(p0.92 r0.89 f0.91)
  worst: 11(p0.38 r0.43 f0.40) 6(p0.30 r0.69 f0.42) 5(p0.50 r0.68 f0.57) 7(p0.49 r0.72 f0.58) 8(p0.61 r0.61 f0.61)
[ RESULTS ] : Epoch 17/60 | train_loss=0.5344 val_loss=0.1824
No improvement on macro_f1. Early stopping counter: 2/10
Step 50/407 | loss=0.4914 bb_lr=0.000005 head_lr=0.000005
Step 100/407 | loss=0.5052 bb_lr=0.000005 head_lr=0.000005
Step 150/407 | loss=0.5323 bb_lr=0.000005 head_lr=0.000005
Step 200/407 | loss=0.5350 bb_lr=0.000005 head_lr=0.000005
Step 250/407 | loss=0.5409 bb_lr=0.000005 head_lr=0.000005
Step 300/407 | loss=0.5330 bb_lr=0.000005 head_lr=0.000005
Step 350/407 | loss=0.5381 bb_lr=0.000005 head_lr=0.000005
Step 400/407 | loss=0.5364 bb_lr=0.000005 head_lr=0.000005
Timing (first 30 train batches) | data=0.019434s infer=0.131830s
[ TRAIN METRICS ]:
bacc=0.577 macro_f1=0.584
  best : 0(p0.68 r0.71 f0.70) 12(p0.69 r0.66 f0.67) 1(p0.65 r0.68 f0.66) 3(p0.64 r0.66 f0.65) 4(p0.63 r0.64 f0.64)
  worst: 7(p0.47 r0.40 f0.43) 6(p0.48 r0.40 f0.44) 8(p0.50 r0.46 f0.48) 5(p0.56 r0.49 f0.52) 9(p0.56 r0.54 f0.55)
[ VALIDATION METRICS TTA]:
Val dist: {0: 1302, 1: 810, 10: 201, 2: 275, 7: 36, 6: 39, 5: 37, 3: 86, 8: 44, 4: 42, 11: 7, 9: 11, 12: 1}
bacc=0.815 macro_f1=0.746
  best : 3(p0.98 r0.97 f0.97) 0(p0.99 r0.94 f0.97) 1(p0.96 r0.95 f0.96) 4(p0.95 r0.95 f0.95) 2(p0.93 r0.90 f0.91)
  worst: 6(p0.30 r0.72 f0.42) 11(p0.43 r0.43 f0.43) 5(p0.56 r0.65 f0.60) 8(p0.63 r0.59 f0.61) 7(p0.52 r0.78 f0.62)
[ RESULTS ] : Epoch 18/60 | train_loss=0.5338 val_loss=0.1789
No improvement on macro_f1. Early stopping counter: 3/10
Step 50/407 | loss=0.5614 bb_lr=0.000002 head_lr=0.000002
Step 100/407 | loss=0.5411 bb_lr=0.000002 head_lr=0.000002
Step 150/407 | loss=0.5372 bb_lr=0.000002 head_lr=0.000002
Step 200/407 | loss=0.5265 bb_lr=0.000002 head_lr=0.000002
Step 250/407 | loss=0.5259 bb_lr=0.000002 head_lr=0.000002
Step 300/407 | loss=0.5295 bb_lr=0.000002 head_lr=0.000002
Step 350/407 | loss=0.5254 bb_lr=0.000002 head_lr=0.000002
Step 400/407 | loss=0.5262 bb_lr=0.000002 head_lr=0.000002
Timing (first 30 train batches) | data=0.018556s infer=0.130420s
[ TRAIN METRICS ]:
bacc=0.534 macro_f1=0.541
  best : 0(p0.65 r0.69 f0.67) 1(p0.61 r0.64 f0.62) 4(p0.58 r0.59 f0.59) 10(p0.59 r0.57 f0.58) 2(p0.56 r0.58 f0.57)
  worst: 6(p0.44 r0.35 f0.39) 7(p0.44 r0.38 f0.41) 5(p0.52 r0.46 f0.48) 8(p0.50 r0.47 f0.48) 9(p0.55 r0.52 f0.53)
[ VALIDATION METRICS TTA]:
Val dist: {0: 1302, 1: 810, 10: 201, 2: 275, 7: 36, 6: 39, 5: 37, 3: 86, 8: 44, 4: 42, 11: 7, 9: 11, 12: 1}
bacc=0.806 macro_f1=0.736
  best : 3(p0.98 r0.98 f0.98) 0(p0.99 r0.94 f0.96) 1(p0.97 r0.94 f0.95) 4(p0.97 r0.93 f0.95) 2(p0.90 r0.89 f0.90)
  worst: 11(p0.38 r0.43 f0.40) 6(p0.29 r0.72 f0.41) 7(p0.48 r0.72 f0.58) 5(p0.59 r0.59 f0.59) 8(p0.65 r0.59 f0.62)
[ RESULTS ] : Epoch 19/60 | train_loss=0.5293 val_loss=0.1834
No improvement on macro_f1. Early stopping counter: 4/10
Step 50/407 | loss=0.4359 bb_lr=0.000001 head_lr=0.000001
Step 100/407 | loss=0.4859 bb_lr=0.000001 head_lr=0.000001
Step 150/407 | loss=0.4874 bb_lr=0.000001 head_lr=0.000001
Step 200/407 | loss=0.4838 bb_lr=0.000001 head_lr=0.000001
Step 250/407 | loss=0.4947 bb_lr=0.000001 head_lr=0.000001
Step 300/407 | loss=0.5038 bb_lr=0.000001 head_lr=0.000001
Step 350/407 | loss=0.5130 bb_lr=0.000001 head_lr=0.000001
Step 400/407 | loss=0.5286 bb_lr=0.000001 head_lr=0.000001
Timing (first 30 train batches) | data=0.022097s infer=0.131723s
[ TRAIN METRICS ]:
bacc=0.560 macro_f1=0.568
  best : 0(p0.67 r0.70 f0.68) 1(p0.63 r0.65 f0.64) 11(p0.62 r0.61 f0.62) 4(p0.62 r0.62 f0.62) 3(p0.61 r0.62 f0.61)
  worst: 6(p0.48 r0.40 f0.43) 7(p0.47 r0.40 f0.44) 5(p0.54 r0.48 f0.51) 8(p0.53 r0.48 f0.51) 9(p0.57 r0.56 f0.56)
[ VALIDATION METRICS TTA]:
Val dist: {0: 1302, 1: 810, 10: 201, 2: 275, 7: 36, 6: 39, 5: 37, 3: 86, 8: 44, 4: 42, 11: 7, 9: 11, 12: 1}
bacc=0.819 macro_f1=0.747
  best : 3(p1.00 r0.98 f0.99) 0(p0.99 r0.94 f0.97) 1(p0.97 r0.94 f0.95) 4(p0.95 r0.93 f0.94) 2(p0.89 r0.90 f0.90)
  worst: 6(p0.30 r0.72 f0.42) 11(p0.44 r0.57 f0.50) 5(p0.58 r0.57 f0.58) 7(p0.51 r0.75 f0.61) 8(p0.68 r0.61 f0.64)
[TSNE] Saved to /home/infres/yrothlin-24/CHAL_IM05/logs/tests/TSNE/tsne_val_epoch_020.png
[CONFUSION] Saved to /home/infres/yrothlin-24/CHAL_IM05/logs/tests/confusion/confusion_val_epoch_020_norm.png
[ RESULTS ] : Epoch 20/60 | train_loss=0.5242 val_loss=0.1816
No improvement on macro_f1. Early stopping counter: 5/10
Step 50/407 | loss=0.6464 bb_lr=0.000100 head_lr=0.000100
Step 100/407 | loss=0.6451 bb_lr=0.000100 head_lr=0.000100
Step 150/407 | loss=0.6348 bb_lr=0.000100 head_lr=0.000100
Step 200/407 | loss=0.6148 bb_lr=0.000100 head_lr=0.000100
Step 250/407 | loss=0.6101 bb_lr=0.000100 head_lr=0.000100
Step 300/407 | loss=0.6057 bb_lr=0.000100 head_lr=0.000100
Step 350/407 | loss=0.6031 bb_lr=0.000100 head_lr=0.000100
Step 400/407 | loss=0.6070 bb_lr=0.000100 head_lr=0.000100
Timing (first 30 train batches) | data=0.019277s infer=0.131890s
[ TRAIN METRICS ]:
bacc=0.512 macro_f1=0.521
  best : 0(p0.64 r0.68 f0.66) 1(p0.60 r0.63 f0.61) 3(p0.60 r0.62 f0.61) 4(p0.59 r0.60 f0.59) 12(p0.58 r0.57 f0.57)
  worst: 6(p0.39 r0.29 f0.34) 7(p0.41 r0.33 f0.37) 8(p0.45 r0.40 f0.42) 5(p0.49 r0.42 f0.45) 9(p0.50 r0.47 f0.49)
[ VALIDATION METRICS TTA]:
Val dist: {0: 1302, 1: 810, 10: 201, 2: 275, 7: 36, 6: 39, 5: 37, 3: 86, 8: 44, 4: 42, 11: 7, 9: 11, 12: 1}
bacc=0.759 macro_f1=0.733
  best : 12(p1.00 r1.00 f1.00) 3(p1.00 r0.97 f0.98) 1(p0.96 r0.95 f0.96) 0(p0.99 r0.92 f0.95) 4(p0.97 r0.88 f0.93)
  worst: 6(p0.21 r0.56 f0.31) 7(p0.31 r0.75 f0.44) 11(p0.60 r0.43 f0.50) 9(p0.62 r0.45 f0.53) 5(p0.49 r0.65 f0.56)
[ RESULTS ] : Epoch 21/60 | train_loss=0.6066 val_loss=0.2168
No improvement on macro_f1. Early stopping counter: 6/10
Step 50/407 | loss=0.6253 bb_lr=0.000099 head_lr=0.000099
Step 100/407 | loss=0.6518 bb_lr=0.000099 head_lr=0.000099
Step 150/407 | loss=0.6302 bb_lr=0.000099 head_lr=0.000099
Step 200/407 | loss=0.6067 bb_lr=0.000099 head_lr=0.000099
Step 250/407 | loss=0.6160 bb_lr=0.000099 head_lr=0.000099
Step 300/407 | loss=0.6108 bb_lr=0.000099 head_lr=0.000099
Step 350/407 | loss=0.6155 bb_lr=0.000099 head_lr=0.000099
Step 400/407 | loss=0.6075 bb_lr=0.000099 head_lr=0.000099
Timing (first 30 train batches) | data=0.018370s infer=0.132270s
[ TRAIN METRICS ]:
bacc=0.516 macro_f1=0.527
  best : 0(p0.65 r0.69 f0.67) 1(p0.61 r0.64 f0.63) 3(p0.59 r0.60 f0.60) 11(p0.60 r0.58 f0.59) 4(p0.59 r0.59 f0.59)
  worst: 6(p0.40 r0.30 f0.34) 7(p0.39 r0.31 f0.35) 5(p0.49 r0.39 f0.43) 8(p0.48 r0.44 f0.46) 9(p0.50 r0.46 f0.48)
[ VALIDATION METRICS TTA]:
Val dist: {0: 1302, 1: 810, 10: 201, 2: 275, 7: 36, 6: 39, 5: 37, 3: 86, 8: 44, 4: 42, 11: 7, 9: 11, 12: 1}
bacc=0.796 macro_f1=0.746
  best : 0(p0.99 r0.95 f0.97) 1(p0.95 r0.96 f0.96) 3(p0.90 r0.98 f0.94) 4(p0.97 r0.88 f0.93) 2(p0.93 r0.88 f0.90)
  worst: 6(p0.33 r0.64 f0.43) 11(p0.40 r0.57 f0.47) 5(p0.59 r0.51 f0.55) 7(p0.64 r0.69 f0.67) 8(p0.70 r0.64 f0.67)
[ RESULTS ] : Epoch 22/60 | train_loss=0.6056 val_loss=0.1776
No improvement on macro_f1. Early stopping counter: 7/10
Step 50/407 | loss=0.6679 bb_lr=0.000098 head_lr=0.000098
Step 100/407 | loss=0.6196 bb_lr=0.000098 head_lr=0.000098
Step 150/407 | loss=0.6164 bb_lr=0.000098 head_lr=0.000098
Step 200/407 | loss=0.6092 bb_lr=0.000098 head_lr=0.000098
Step 250/407 | loss=0.6129 bb_lr=0.000098 head_lr=0.000098
Step 300/407 | loss=0.6136 bb_lr=0.000098 head_lr=0.000098
Step 350/407 | loss=0.6082 bb_lr=0.000098 head_lr=0.000098
Step 400/407 | loss=0.6054 bb_lr=0.000098 head_lr=0.000098
Timing (first 30 train batches) | data=0.019489s infer=0.131833s
[ TRAIN METRICS ]:
bacc=0.516 macro_f1=0.526
  best : 0(p0.64 r0.68 f0.66) 1(p0.60 r0.64 f0.62) 4(p0.60 r0.60 f0.60) 3(p0.57 r0.58 f0.57) 2(p0.56 r0.58 f0.57)
  worst: 7(p0.40 r0.31 f0.35) 6(p0.43 r0.34 f0.38) 8(p0.47 r0.43 f0.45) 5(p0.54 r0.45 f0.49) 9(p0.53 r0.49 f0.51)
[ VALIDATION METRICS TTA]:
Val dist: {0: 1302, 1: 810, 10: 201, 2: 275, 7: 36, 6: 39, 5: 37, 3: 86, 8: 44, 4: 42, 11: 7, 9: 11, 12: 1}
bacc=0.798 macro_f1=0.738
  best : 0(p0.99 r0.94 f0.97) 3(p1.00 r0.93 f0.96) 1(p0.96 r0.94 f0.95) 4(p0.95 r0.95 f0.95) 10(p0.87 r0.90 f0.88)
  worst: 6(p0.29 r0.67 f0.40) 7(p0.41 r0.64 f0.50) 11(p0.60 r0.43 f0.50) 5(p0.52 r0.59 f0.56) 8(p0.68 r0.59 f0.63)
[ RESULTS ] : Epoch 23/60 | train_loss=0.6063 val_loss=0.1877
No improvement on macro_f1. Early stopping counter: 8/10
Step 50/407 | loss=0.6383 bb_lr=0.000095 head_lr=0.000095
Step 100/407 | loss=0.6113 bb_lr=0.000095 head_lr=0.000095
Step 150/407 | loss=0.5834 bb_lr=0.000095 head_lr=0.000095
Step 200/407 | loss=0.5760 bb_lr=0.000095 head_lr=0.000095
Step 250/407 | loss=0.5882 bb_lr=0.000095 head_lr=0.000095
Step 300/407 | loss=0.5806 bb_lr=0.000095 head_lr=0.000095
Step 350/407 | loss=0.5881 bb_lr=0.000095 head_lr=0.000095
Step 400/407 | loss=0.5850 bb_lr=0.000095 head_lr=0.000095
Timing (first 30 train batches) | data=0.019320s infer=0.132371s
[ TRAIN METRICS ]:
bacc=0.511 macro_f1=0.519
  best : 0(p0.63 r0.68 f0.65) 1(p0.59 r0.62 f0.60) 12(p0.62 r0.59 f0.60) 3(p0.59 r0.59 f0.59) 4(p0.56 r0.56 f0.56)
  worst: 7(p0.39 r0.30 f0.34) 6(p0.40 r0.31 f0.35) 8(p0.44 r0.42 f0.43) 5(p0.49 r0.43 f0.45) 9(p0.51 r0.48 f0.49)
[ VALIDATION METRICS TTA]:
Val dist: {0: 1302, 1: 810, 10: 201, 2: 275, 7: 36, 6: 39, 5: 37, 3: 86, 8: 44, 4: 42, 11: 7, 9: 11, 12: 1}
bacc=0.799 macro_f1=0.716
  best : 0(p0.99 r0.95 f0.97) 3(p0.99 r0.94 f0.96) 4(p0.95 r0.95 f0.95) 1(p0.95 r0.94 f0.95) 2(p0.91 r0.86 f0.88)
  worst: 11(p0.50 r0.43 f0.46) 6(p0.39 r0.67 f0.49) 12(p0.33 r1.00 f0.50) 5(p0.45 r0.68 f0.54) 7(p0.44 r0.75 f0.55)
[ RESULTS ] : Epoch 24/60 | train_loss=0.5874 val_loss=0.1964
No improvement on macro_f1. Early stopping counter: 9/10
Step 50/407 | loss=0.5435 bb_lr=0.000090 head_lr=0.000090
Step 100/407 | loss=0.5587 bb_lr=0.000090 head_lr=0.000090
Step 150/407 | loss=0.5668 bb_lr=0.000090 head_lr=0.000090
Step 200/407 | loss=0.5780 bb_lr=0.000090 head_lr=0.000090
Step 250/407 | loss=0.5708 bb_lr=0.000090 head_lr=0.000090
Step 300/407 | loss=0.5746 bb_lr=0.000090 head_lr=0.000090
Step 350/407 | loss=0.5729 bb_lr=0.000090 head_lr=0.000090
Step 400/407 | loss=0.5757 bb_lr=0.000090 head_lr=0.000090
Timing (first 30 train batches) | data=0.021428s infer=0.131320s
[ TRAIN METRICS ]:
bacc=0.529 macro_f1=0.539
  best : 0(p0.66 r0.69 f0.68) 1(p0.62 r0.65 f0.63) 4(p0.60 r0.60 f0.60) 3(p0.60 r0.60 f0.60) 11(p0.60 r0.58 f0.59)
  worst: 7(p0.44 r0.34 f0.38) 6(p0.45 r0.36 f0.40) 5(p0.49 r0.42 f0.45) 8(p0.48 r0.44 f0.46) 9(p0.50 r0.48 f0.49)
[ VALIDATION METRICS TTA]:
Val dist: {0: 1302, 1: 810, 10: 201, 2: 275, 7: 36, 6: 39, 5: 37, 3: 86, 8: 44, 4: 42, 11: 7, 9: 11, 12: 1}
bacc=0.800 macro_f1=0.729
  best : 0(p0.99 r0.93 f0.96) 1(p0.95 r0.97 f0.96) 3(p0.92 r0.99 f0.96) 4(p0.97 r0.90 f0.94) 10(p0.92 r0.88 f0.90)
  worst: 6(p0.25 r0.72 f0.37) 7(p0.52 r0.42 f0.46) 11(p0.50 r0.57 f0.53) 5(p0.57 r0.57 f0.57) 8(p0.64 r0.57 f0.60)
[TSNE] Saved to /home/infres/yrothlin-24/CHAL_IM05/logs/tests/TSNE/tsne_val_epoch_025.png
[CONFUSION] Saved to /home/infres/yrothlin-24/CHAL_IM05/logs/tests/confusion/confusion_val_epoch_025_norm.png
[ RESULTS ] : Epoch 25/60 | train_loss=0.5746 val_loss=0.1933
No improvement on macro_f1. Early stopping counter: 10/10
Early stopping triggered at epoch 25. Best epoch was 15 with macro_f1=0.7606
[FINAL]: Best score achieved at epoch 15 with score: 0.7605725515464381
