--------------------------------------------------------------------------------
BACKBONE: CONVNEXT_BASE
MODE: training
DEVICE: cuda
--------------------------------------------------------------------------------
Training with 5-fold cross-validation...
================================================================================
FOLD 1/5
================================================================================
--------------------------------------------------------------------------------
MODEL INFORMATIONS
Backbone         : CONVNEXT_BASE
Feature dim      : 1024
Backbone params  : 87,564,416
Head params      : 659,469
Total params     : 88,223,885
Trainable params : 88,223,885
Frozen backbone  : False
--------------------------------------------------------------------------------
[DATALOADER]: Using grouped KFOLD
[DATALOADER] Train distribution: [10412, 6480, 2197, 689, 332, 293, 312, 288, 353, 91, 1610, 81, 37]
[DATALOADER] Val distribution  : [2603, 1621, 549, 172, 83, 73, 79, 72, 88, 23, 402, 19, 13]
[DATALOADER]: Using weighted sampling
[DATALOADER]: Using TTA
Successfully loaded data with sizes: train=23175, val=5797, test=N/A
Validation set distribution: {0: 2603, 1: 1621, 2: 549, 3: 172, 4: 83, 5: 73, 6: 79, 7: 72, 8: 88, 9: 23, 10: 402, 11: 19, 12: 13}
Checkpoint directory: /home/infres/yrothlin-24/CHAL_IM05/checkpoints/tests/fold_0
Trainer config: {'save_ckpt': True, 'ckpt_dir': '/home/infres/yrothlin-24/CHAL_IM05/checkpoints/tests/fold_0', 'ckpt_every': 1, 'resume_from': '/home/infres/yrothlin-24/CHAL_IM05/checkpoints/tests/best.pt', 'resume': True, 'resume_from_pretrained': '/home/infres/yrothlin-24/CHAL_IM05/checkpoints/contrastive_pretraining/best.pt', 'resume_pretrained': False, 'monitor': 'macro_f1', 'early_stopping': True, 'early_stopping_patience': 10, 'early_stopping_mode': 'max', 'use_mixup': True, 'mixup_alpha': 0.2, 'use_cutmix': True, 'cutmix_alpha': 1.0, 'cutmix_prob': 0.5, 'loss': 'focal', 'gamma': 2.0, 'bb_lr': 0.0003, 'head_lr': 0.0003, 'finetune_bb_lr': 0.0001, 'finetune_head_lr': 0.0001, 'weight_decay': 0.0001, 'num_epochs': 60, 'warmup_epochs': 0, 'optimizer': 'adamw', 'scheduler': 'cosine_restarts', 'use_amp': False, 'grad_clip': 1.0, 'log_step': 50, 'tta_rounds': 8, 'label_smoothing': 0.05, 'use_weights': False, 'weights': [0.131885, 0.167166, 0.287122, 0.512761, 0.738572, 0.786459, 0.760902, 0.792986, 0.716469, 1.409173, 0.335431, 1.824578, 4.536496], 'plot_tsne': True, 'tsne_split': 'val', 'tsne_every': 5, 'tsne_max_samples': 1000, 'tsne_perplexity': 30, 'tsne_dir': '/home/infres/yrothlin-24/CHAL_IM05/logs/tests/TSNE', 'plot_confusion': True, 'confusion_split': 'val', 'confusion_every': 5, 'confusion_normalize': True, 'confusion_dir': '/home/infres/yrothlin-24/CHAL_IM05/logs/tests/confusion', 'class_names': ['SNE', 'LY', 'MO', 'EO', 'BA', 'VLY', 'BNE', 'MMY', 'MY', 'PMY', 'BL', 'PC', 'PLY']}
MODE EVALUATION : False
Using TTA with : 8 rounds
Early stopping enabled with patience=10 and mode=max
TSNE will be plotted every 5 epochs and saved to: /home/infres/yrothlin-24/CHAL_IM05/logs/tests/TSNE
Confusion matrices will be plotted every 5 epochs and saved to: /home/infres/yrothlin-24/CHAL_IM05/logs/tests/confusion
Backbone frozen at epoch 1. Trainable parameters: 659469
Backbone unfrozen at epoch 1. Trainable parameters: 88223885
Step 50/363 | loss=1.8653 bb_lr=0.000100 head_lr=0.000100
Step 100/363 | loss=1.7127 bb_lr=0.000100 head_lr=0.000100
Step 150/363 | loss=1.5793 bb_lr=0.000100 head_lr=0.000100
Step 200/363 | loss=1.4915 bb_lr=0.000100 head_lr=0.000100
Step 250/363 | loss=1.4171 bb_lr=0.000100 head_lr=0.000100
Step 300/363 | loss=1.3395 bb_lr=0.000100 head_lr=0.000100
Step 350/363 | loss=1.2981 bb_lr=0.000100 head_lr=0.000100
Timing (first 30 train batches) | data=0.031157s infer=0.346417s
[ TRAIN METRICS ]:
bacc=0.222 macro_f1=0.231
  best : 0(p0.44 r0.68 f0.54) 1(p0.41 r0.55 f0.47) 10(p0.36 r0.33 f0.35) 2(p0.31 r0.39 f0.34) 4(p0.47 r0.26 f0.33)
  worst: 6(p0.17 r0.01 f0.02) 11(p0.53 r0.02 f0.04) 7(p0.19 r0.05 f0.08) 5(p0.17 r0.06 f0.09) 9(p0.30 r0.07 f0.11)
[ VALIDATION METRICS TTA]:
Val dist: {2: 549, 1: 1621, 0: 2603, 5: 73, 10: 402, 3: 172, 8: 88, 7: 72, 4: 83, 6: 79, 11: 19, 9: 23, 12: 13}
bacc=0.606 macro_f1=0.633
  best : 0(p0.97 r0.97 f0.97) 1(p0.93 r0.97 f0.95) 2(p0.93 r0.84 f0.88) 4(p0.99 r0.80 f0.88) 10(p0.76 r0.90 f0.82)
  worst: 6(p0.21 r0.13 f0.16) 5(p0.69 r0.15 f0.25) 11(p0.80 r0.21 f0.33) 7(p0.43 r0.42 f0.43) 9(p0.55 r0.48 f0.51)
[ RESULTS ] : Epoch 1/60 | train_loss=1.2805 val_loss=0.2486
New best macro_f1: 0.6330 at epoch 1.
Saving best checkpoint.
Checkpoint saved: /home/infres/yrothlin-24/CHAL_IM05/checkpoints/tests/fold_0/best.pt
