--------------------------------------------------------------------------------
BACKBONE: VIT_B_16
MODE: training
DEVICE: cuda
--------------------------------------------------------------------------------
--------------------------------------------------------------------------------
MODEL INFORMATIONS
Backbone         : VIT_B_16
Feature dim      : 768
Backbone params  : 86,090,496
Head params      : 371,725
Total params     : 86,462,221
Trainable params : 86,462,221
Frozen backbone  : False
--------------------------------------------------------------------------------
[DATALOADER]: Using grouped single split
[DATALOADER] Train distribution: [11713, 7291, 2471, 775, 373, 329, 352, 324, 397, 103, 1811, 61, 10]
[DATALOADER] Val distribution  : [1302, 810, 275, 86, 42, 37, 39, 36, 44, 11, 201, 7, 1]
[DATALOADER]: Using weighted sampling
[DATALOADER]: Using TTA
Successfully loaded data with sizes: train=26010, val=2891, test=N/A
Validation set distribution: {0: 1302, 1: 810, 2: 275, 3: 86, 4: 42, 5: 37, 6: 39, 7: 36, 8: 44, 9: 11, 10: 201, 11: 7, 12: 1}
Trainer config: {'save_ckpt': True, 'ckpt_dir': '/home/infres/yrothlin-24/CHAL_IM05/checkpoints/tests', 'ckpt_every': 1, 'resume_from': '/home/infres/yrothlin-24/CHAL_IM05/checkpoints/tests/best.pt', 'resume': True, 'resume_from_pretrained': '/home/infres/yrothlin-24/CHAL_IM05/checkpoints/contrastive_pretraining/best.pt', 'resume_pretrained': False, 'monitor': 'macro_f1', 'early_stopping': True, 'early_stopping_patience': 10, 'early_stopping_mode': 'max', 'use_mixup': True, 'mixup_alpha': 0.2, 'use_cutmix': True, 'cutmix_alpha': 1.0, 'cutmix_prob': 0.5, 'loss': 'focal', 'gamma': 2.0, 'bb_lr': 0.0003, 'head_lr': 0.0003, 'finetune_bb_lr': 0.0001, 'finetune_head_lr': 0.0001, 'weight_decay': 0.0001, 'num_epochs': 60, 'warmup_epochs': 0, 'optimizer': 'adamw', 'scheduler': 'cosine_restarts', 'use_amp': False, 'grad_clip': 1.0, 'log_step': 50, 'tta_rounds': 4, 'label_smoothing': 0.05, 'use_weights': False, 'weights': [0.131885, 0.167166, 0.287122, 0.512761, 0.738572, 0.786459, 0.760902, 0.792986, 0.716469, 1.409173, 0.335431, 1.824578, 4.536496], 'plot_tsne': True, 'tsne_split': 'val', 'tsne_every': 5, 'tsne_max_samples': 1000, 'tsne_perplexity': 30.0, 'tsne_dir': '/home/infres/yrothlin-24/CHAL_IM05/logs/tests/TSNE', 'plot_confusion': True, 'confusion_split': 'val', 'confusion_every': 5, 'confusion_normalize': True, 'confusion_dir': '/home/infres/yrothlin-24/CHAL_IM05/logs/tests/confusion', 'class_names': ['SNE', 'LY', 'MO', 'EO', 'BA', 'VLY', 'BNE', 'MMY', 'MY', 'PMY', 'BL', 'PC', 'PLY']}
MODE EVALUATION : False
Using TTA with : 4 rounds
Early stopping enabled with patience=10 and mode=max
TSNE will be plotted every 5 epochs and saved to: /home/infres/yrothlin-24/CHAL_IM05/logs/tests/TSNE
Confusion matrices will be plotted every 5 epochs and saved to: /home/infres/yrothlin-24/CHAL_IM05/logs/tests/confusion
Backbone frozen at epoch 1. Trainable parameters: 371725
Backbone unfrozen at epoch 1. Trainable parameters: 86462221
Step 50/407 | loss=1.8593 bb_lr=0.000100 head_lr=0.000100
Step 100/407 | loss=1.8355 bb_lr=0.000100 head_lr=0.000100
Step 150/407 | loss=1.8030 bb_lr=0.000100 head_lr=0.000100
Step 200/407 | loss=1.7454 bb_lr=0.000100 head_lr=0.000100
Step 250/407 | loss=1.6999 bb_lr=0.000100 head_lr=0.000100
Step 300/407 | loss=1.6627 bb_lr=0.000100 head_lr=0.000100
Step 350/407 | loss=1.6338 bb_lr=0.000100 head_lr=0.000100
Step 400/407 | loss=1.6125 bb_lr=0.000100 head_lr=0.000100
Timing (first 30 train batches) | data=0.025124s infer=0.304869s
[ TRAIN METRICS ]:
bacc=0.124 macro_f1=0.101
  best : 0(p0.36 r0.69 f0.47) 1(p0.31 r0.47 f0.37) 2(p0.24 r0.29 f0.26) 10(p0.23 r0.15 f0.19) 3(p0.17 r0.01 f0.02)
  worst: 6(p0.00 r0.00 f0.00) 4(p0.00 r0.00 f0.00) 11(p0.00 r0.00 f0.00) 9(p0.00 r0.00 f0.00) 12(p0.00 r0.00 f0.00)
[ VALIDATION METRICS TTA]:
Val dist: {0: 1302, 1: 810, 10: 201, 2: 275, 7: 36, 6: 39, 5: 37, 3: 86, 8: 44, 4: 42, 11: 7, 9: 11, 12: 1}
bacc=0.236 macro_f1=0.230
  best : 0(p0.80 r1.00 f0.89) 1(p0.83 r0.83 f0.83) 2(p0.68 r0.69 f0.69) 10(p0.62 r0.54 f0.58) 4(p0.00 r0.00 f0.00)
  worst: 3(p0.00 r0.00 f0.00) 6(p0.00 r0.00 f0.00) 5(p0.00 r0.00 f0.00) 4(p0.00 r0.00 f0.00) 7(p0.00 r0.00 f0.00)
[TSNE] Saved to /home/infres/yrothlin-24/CHAL_IM05/logs/tests/TSNE/tsne_val_epoch_001.png
[CONFUSION] Saved to /home/infres/yrothlin-24/CHAL_IM05/logs/tests/confusion/confusion_val_epoch_001_norm.png
[ RESULTS ] : Epoch 1/60 | train_loss=1.6081 val_loss=0.6527
New best macro_f1: 0.2296 at epoch 1.
Saving best checkpoint.
Checkpoint saved: /home/infres/yrothlin-24/CHAL_IM05/checkpoints/tests/best.pt
Step 50/407 | loss=1.4066 bb_lr=0.000099 head_lr=0.000099
Step 100/407 | loss=1.3815 bb_lr=0.000099 head_lr=0.000099
Step 150/407 | loss=1.3728 bb_lr=0.000099 head_lr=0.000099
Step 200/407 | loss=1.3621 bb_lr=0.000099 head_lr=0.000099
Step 250/407 | loss=1.3509 bb_lr=0.000099 head_lr=0.000099
Step 300/407 | loss=1.3403 bb_lr=0.000099 head_lr=0.000099
Step 350/407 | loss=1.3352 bb_lr=0.000099 head_lr=0.000099
Step 400/407 | loss=1.3254 bb_lr=0.000099 head_lr=0.000099
Timing (first 30 train batches) | data=0.030478s infer=0.317155s
[ TRAIN METRICS ]:
bacc=0.199 macro_f1=0.189
  best : 0(p0.49 r0.68 f0.57) 1(p0.42 r0.56 f0.48) 2(p0.30 r0.48 f0.37) 10(p0.32 r0.31 f0.31) 4(p0.35 r0.23 f0.28)
  worst: 12(p0.00 r0.00 f0.00) 11(p0.00 r0.00 f0.00) 6(p0.12 r0.01 f0.01) 5(p0.14 r0.01 f0.02) 7(p0.12 r0.02 f0.03)
[ VALIDATION METRICS TTA]:
Val dist: {0: 1302, 1: 810, 10: 201, 2: 275, 7: 36, 6: 39, 5: 37, 3: 86, 8: 44, 4: 42, 11: 7, 9: 11, 12: 1}
bacc=0.371 macro_f1=0.379
  best : 0(p0.94 r0.98 f0.96) 1(p0.86 r0.95 f0.90) 3(p0.86 r0.71 f0.78) 2(p0.66 r0.86 f0.75) 10(p0.79 r0.71 f0.75)
  worst: 6(p0.00 r0.00 f0.00) 5(p0.00 r0.00 f0.00) 9(p0.00 r0.00 f0.00) 8(p0.00 r0.00 f0.00) 12(p0.00 r0.00 f0.00)
[ RESULTS ] : Epoch 2/60 | train_loss=1.3231 val_loss=0.4303
New best macro_f1: 0.3794 at epoch 2.
Saving best checkpoint.
Checkpoint saved: /home/infres/yrothlin-24/CHAL_IM05/checkpoints/tests/best.pt
Step 50/407 | loss=1.1869 bb_lr=0.000098 head_lr=0.000098
Step 100/407 | loss=1.1794 bb_lr=0.000098 head_lr=0.000098
Step 150/407 | loss=1.1982 bb_lr=0.000098 head_lr=0.000098
Step 200/407 | loss=1.1783 bb_lr=0.000098 head_lr=0.000098
Step 250/407 | loss=1.1590 bb_lr=0.000098 head_lr=0.000098
Step 300/407 | loss=1.1787 bb_lr=0.000098 head_lr=0.000098
Step 350/407 | loss=1.1771 bb_lr=0.000098 head_lr=0.000098
Step 400/407 | loss=1.1755 bb_lr=0.000098 head_lr=0.000098
Timing (first 30 train batches) | data=0.033138s infer=0.320394s
[ TRAIN METRICS ]:
bacc=0.244 macro_f1=0.248
  best : 0(p0.51 r0.64 f0.57) 1(p0.45 r0.55 f0.49) 3(p0.41 r0.37 f0.39) 2(p0.34 r0.43 f0.38) 10(p0.36 r0.38 f0.37)
  worst: 12(p0.00 r0.00 f0.00) 6(p0.19 r0.03 f0.06) 11(p0.21 r0.04 f0.07) 7(p0.17 r0.07 f0.10) 9(p0.26 r0.09 f0.14)
[ VALIDATION METRICS TTA]:
Val dist: {0: 1302, 1: 810, 10: 201, 2: 275, 7: 36, 6: 39, 5: 37, 3: 86, 8: 44, 4: 42, 11: 7, 9: 11, 12: 1}
bacc=0.493 macro_f1=0.464
  best : 0(p0.97 r0.88 f0.92) 1(p0.93 r0.87 f0.90) 4(p0.97 r0.71 f0.82) 2(p0.72 r0.76 f0.74) 10(p0.59 r0.91 f0.72)
  worst: 12(p0.00 r0.00 f0.00) 6(p0.13 r0.05 f0.07) 7(p0.14 r0.19 f0.16) 11(p1.00 r0.14 f0.25) 8(p0.33 r0.20 f0.25)
[ RESULTS ] : Epoch 3/60 | train_loss=1.1783 val_loss=0.5073
New best macro_f1: 0.4639 at epoch 3.
Saving best checkpoint.
Checkpoint saved: /home/infres/yrothlin-24/CHAL_IM05/checkpoints/tests/best.pt
Step 50/407 | loss=1.1088 bb_lr=0.000095 head_lr=0.000095
Step 100/407 | loss=1.0788 bb_lr=0.000095 head_lr=0.000095
Step 150/407 | loss=1.0844 bb_lr=0.000095 head_lr=0.000095
Step 200/407 | loss=1.1067 bb_lr=0.000095 head_lr=0.000095
Step 250/407 | loss=1.1090 bb_lr=0.000095 head_lr=0.000095
Step 300/407 | loss=1.1039 bb_lr=0.000095 head_lr=0.000095
Step 350/407 | loss=1.0961 bb_lr=0.000095 head_lr=0.000095
Step 400/407 | loss=1.1063 bb_lr=0.000095 head_lr=0.000095
Timing (first 30 train batches) | data=0.032726s infer=0.322114s
[ TRAIN METRICS ]:
bacc=0.285 macro_f1=0.294
  best : 0(p0.55 r0.68 f0.61) 1(p0.49 r0.59 f0.54) 3(p0.50 r0.45 f0.47) 2(p0.38 r0.47 f0.42) 10(p0.42 r0.42 f0.42)
  worst: 12(p0.00 r0.00 f0.00) 6(p0.20 r0.05 f0.08) 7(p0.19 r0.10 f0.13) 8(p0.22 r0.14 f0.17) 11(p0.34 r0.11 f0.17)
[ VALIDATION METRICS TTA]:
Val dist: {0: 1302, 1: 810, 10: 201, 2: 275, 7: 36, 6: 39, 5: 37, 3: 86, 8: 44, 4: 42, 11: 7, 9: 11, 12: 1}
bacc=0.508 macro_f1=0.516
  best : 0(p0.96 r0.97 f0.97) 1(p0.88 r0.94 f0.91) 3(p0.87 r0.92 f0.89) 4(p0.94 r0.79 f0.86) 2(p0.84 r0.81 f0.82)
  worst: 6(p0.00 r0.00 f0.00) 12(p0.00 r0.00 f0.00) 9(p0.20 r0.09 f0.13) 7(p0.22 r0.11 f0.15) 8(p0.33 r0.32 f0.33)
[ RESULTS ] : Epoch 4/60 | train_loss=1.1086 val_loss=0.3453
New best macro_f1: 0.5157 at epoch 4.
Saving best checkpoint.
Checkpoint saved: /home/infres/yrothlin-24/CHAL_IM05/checkpoints/tests/best.pt
Step 50/407 | loss=1.1851 bb_lr=0.000090 head_lr=0.000090
Step 100/407 | loss=1.1010 bb_lr=0.000090 head_lr=0.000090
Step 150/407 | loss=1.0953 bb_lr=0.000090 head_lr=0.000090
Step 200/407 | loss=1.0879 bb_lr=0.000090 head_lr=0.000090
Step 250/407 | loss=1.0734 bb_lr=0.000090 head_lr=0.000090
Step 300/407 | loss=1.0887 bb_lr=0.000090 head_lr=0.000090
Step 350/407 | loss=1.0653 bb_lr=0.000090 head_lr=0.000090
Step 400/407 | loss=1.0707 bb_lr=0.000090 head_lr=0.000090
Timing (first 30 train batches) | data=0.030918s infer=0.320599s
[ TRAIN METRICS ]:
bacc=0.300 macro_f1=0.311
  best : 0(p0.54 r0.66 f0.59) 1(p0.47 r0.56 f0.51) 3(p0.47 r0.44 f0.46) 2(p0.39 r0.48 f0.43) 10(p0.44 r0.41 f0.42)
  worst: 12(p0.33 r0.01 f0.01) 6(p0.22 r0.07 f0.10) 7(p0.24 r0.12 f0.16) 9(p0.30 r0.16 f0.21) 5(p0.29 r0.17 f0.21)
[ VALIDATION METRICS TTA]:
Val dist: {0: 1302, 1: 810, 10: 201, 2: 275, 7: 36, 6: 39, 5: 37, 3: 86, 8: 44, 4: 42, 11: 7, 9: 11, 12: 1}
bacc=0.549 macro_f1=0.546
  best : 0(p0.96 r0.94 f0.95) 1(p0.94 r0.90 f0.92) 3(p0.96 r0.79 f0.87) 4(p0.81 r0.90 f0.85) 10(p0.79 r0.86 f0.83)
  worst: 12(p0.00 r0.00 f0.00) 6(p0.12 r0.10 f0.11) 7(p0.16 r0.17 f0.16) 8(p0.32 r0.30 f0.31) 5(p0.41 r0.30 f0.34)
[TSNE] Saved to /home/infres/yrothlin-24/CHAL_IM05/logs/tests/TSNE/tsne_val_epoch_005.png
[CONFUSION] Saved to /home/infres/yrothlin-24/CHAL_IM05/logs/tests/confusion/confusion_val_epoch_005_norm.png
[ RESULTS ] : Epoch 5/60 | train_loss=1.0752 val_loss=0.4425
New best macro_f1: 0.5457 at epoch 5.
Saving best checkpoint.
Checkpoint saved: /home/infres/yrothlin-24/CHAL_IM05/checkpoints/tests/best.pt
Step 50/407 | loss=1.0657 bb_lr=0.000085 head_lr=0.000085
Step 100/407 | loss=1.0596 bb_lr=0.000085 head_lr=0.000085
Step 150/407 | loss=1.0411 bb_lr=0.000085 head_lr=0.000085
Step 200/407 | loss=1.0637 bb_lr=0.000085 head_lr=0.000085
Step 250/407 | loss=1.0517 bb_lr=0.000085 head_lr=0.000085
Step 300/407 | loss=1.0453 bb_lr=0.000085 head_lr=0.000085
Step 350/407 | loss=1.0512 bb_lr=0.000085 head_lr=0.000085
Step 400/407 | loss=1.0348 bb_lr=0.000085 head_lr=0.000085
Timing (first 30 train batches) | data=0.027332s infer=0.320362s
[ TRAIN METRICS ]:
bacc=0.308 macro_f1=0.318
  best : 0(p0.54 r0.66 f0.59) 1(p0.48 r0.55 f0.51) 3(p0.48 r0.46 f0.47) 2(p0.40 r0.47 f0.43) 4(p0.46 r0.40 f0.43)
  worst: 12(p0.12 r0.01 f0.01) 6(p0.21 r0.06 f0.09) 7(p0.20 r0.10 f0.14) 8(p0.27 r0.22 f0.24) 5(p0.33 r0.19 f0.24)
[ VALIDATION METRICS TTA]:
Val dist: {0: 1302, 1: 810, 10: 201, 2: 275, 7: 36, 6: 39, 5: 37, 3: 86, 8: 44, 4: 42, 11: 7, 9: 11, 12: 1}
bacc=0.589 macro_f1=0.569
  best : 0(p0.98 r0.92 f0.95) 1(p0.91 r0.93 f0.92) 3(p0.90 r0.92 f0.91) 4(p0.94 r0.76 f0.84) 10(p0.83 r0.85 f0.84)
  worst: 12(p0.00 r0.00 f0.00) 6(p0.14 r0.28 f0.19) 7(p0.20 r0.42 f0.27) 8(p0.30 r0.32 f0.31) 5(p0.44 r0.30 f0.35)
[ RESULTS ] : Epoch 6/60 | train_loss=1.0329 val_loss=0.3370
New best macro_f1: 0.5686 at epoch 6.
Saving best checkpoint.
Checkpoint saved: /home/infres/yrothlin-24/CHAL_IM05/checkpoints/tests/best.pt
Step 50/407 | loss=0.9561 bb_lr=0.000079 head_lr=0.000079
Step 100/407 | loss=0.9830 bb_lr=0.000079 head_lr=0.000079
Step 150/407 | loss=1.0064 bb_lr=0.000079 head_lr=0.000079
Step 200/407 | loss=0.9851 bb_lr=0.000079 head_lr=0.000079
Step 250/407 | loss=0.9859 bb_lr=0.000079 head_lr=0.000079
Step 300/407 | loss=0.9880 bb_lr=0.000079 head_lr=0.000079
Step 350/407 | loss=0.9863 bb_lr=0.000079 head_lr=0.000079
Step 400/407 | loss=0.9885 bb_lr=0.000079 head_lr=0.000079
Timing (first 30 train batches) | data=0.027497s infer=0.321349s
[ TRAIN METRICS ]:
bacc=0.304 macro_f1=0.316
  best : 0(p0.53 r0.64 f0.58) 1(p0.48 r0.54 f0.51) 3(p0.46 r0.43 f0.44) 2(p0.40 r0.47 f0.43) 4(p0.44 r0.41 f0.42)
  worst: 12(p0.33 r0.03 f0.05) 6(p0.19 r0.07 f0.10) 7(p0.19 r0.11 f0.14) 8(p0.25 r0.20 f0.22) 9(p0.28 r0.20 f0.23)
[ VALIDATION METRICS TTA]:
Val dist: {0: 1302, 1: 810, 10: 201, 2: 275, 7: 36, 6: 39, 5: 37, 3: 86, 8: 44, 4: 42, 11: 7, 9: 11, 12: 1}
bacc=0.549 macro_f1=0.565
  best : 0(p0.96 r0.97 f0.97) 1(p0.86 r0.98 f0.92) 3(p0.94 r0.88 f0.91) 4(p1.00 r0.81 f0.89) 2(p0.92 r0.74 f0.82)
  worst: 12(p0.00 r0.00 f0.00) 6(p0.20 r0.18 f0.19) 7(p0.27 r0.22 f0.24) 5(p0.48 r0.27 f0.34) 8(p0.35 r0.41 f0.38)
[ RESULTS ] : Epoch 7/60 | train_loss=0.9910 val_loss=0.3531
No improvement on macro_f1. Early stopping counter: 1/10
Step 50/407 | loss=0.9010 bb_lr=0.000073 head_lr=0.000073
Step 100/407 | loss=0.9165 bb_lr=0.000073 head_lr=0.000073
Step 150/407 | loss=0.9244 bb_lr=0.000073 head_lr=0.000073
Step 200/407 | loss=0.9372 bb_lr=0.000073 head_lr=0.000073
Step 250/407 | loss=0.9466 bb_lr=0.000073 head_lr=0.000073
Step 300/407 | loss=0.9524 bb_lr=0.000073 head_lr=0.000073
Step 350/407 | loss=0.9400 bb_lr=0.000073 head_lr=0.000073
Step 400/407 | loss=0.9379 bb_lr=0.000073 head_lr=0.000073
Timing (first 30 train batches) | data=0.029764s infer=0.321085s
[ TRAIN METRICS ]:
bacc=0.331 macro_f1=0.345
  best : 0(p0.55 r0.66 f0.60) 1(p0.50 r0.56 f0.53) 3(p0.50 r0.48 f0.49) 2(p0.43 r0.49 f0.46) 4(p0.48 r0.43 f0.45)
  worst: 12(p0.24 r0.06 f0.09) 6(p0.26 r0.12 f0.16) 7(p0.23 r0.14 f0.17) 8(p0.28 r0.24 f0.26) 5(p0.33 r0.23 f0.27)
[ VALIDATION METRICS TTA]:
Val dist: {0: 1302, 1: 810, 10: 201, 2: 275, 7: 36, 6: 39, 5: 37, 3: 86, 8: 44, 4: 42, 11: 7, 9: 11, 12: 1}
bacc=0.691 macro_f1=0.597
  best : 0(p0.98 r0.93 f0.95) 1(p0.93 r0.90 f0.91) 3(p0.89 r0.93 f0.91) 4(p0.86 r0.88 f0.87) 10(p0.89 r0.83 f0.86)
  worst: 12(p0.11 r1.00 f0.20) 6(p0.17 r0.36 f0.24) 7(p0.30 r0.19 f0.24) 5(p0.25 r0.57 f0.34) 8(p0.32 r0.41 f0.36)
[ RESULTS ] : Epoch 8/60 | train_loss=0.9378 val_loss=0.3424
New best macro_f1: 0.5970 at epoch 8.
Saving best checkpoint.
Checkpoint saved: /home/infres/yrothlin-24/CHAL_IM05/checkpoints/tests/best.pt
Step 50/407 | loss=0.8976 bb_lr=0.000065 head_lr=0.000065
Step 100/407 | loss=0.9305 bb_lr=0.000065 head_lr=0.000065
Step 150/407 | loss=0.9413 bb_lr=0.000065 head_lr=0.000065
Step 200/407 | loss=0.9448 bb_lr=0.000065 head_lr=0.000065
Step 250/407 | loss=0.9539 bb_lr=0.000065 head_lr=0.000065
Step 300/407 | loss=0.9494 bb_lr=0.000065 head_lr=0.000065
Step 350/407 | loss=0.9383 bb_lr=0.000065 head_lr=0.000065
Step 400/407 | loss=0.9382 bb_lr=0.000065 head_lr=0.000065
Timing (first 30 train batches) | data=0.030290s infer=0.321879s
[ TRAIN METRICS ]:
bacc=0.351 macro_f1=0.366
  best : 0(p0.56 r0.66 f0.61) 1(p0.51 r0.57 f0.54) 3(p0.52 r0.51 f0.51) 2(p0.45 r0.51 f0.48) 10(p0.47 r0.46 f0.46)
  worst: 12(p0.31 r0.08 f0.13) 6(p0.25 r0.11 f0.15) 7(p0.27 r0.16 f0.20) 5(p0.33 r0.23 f0.27) 9(p0.32 r0.25 f0.28)
[ VALIDATION METRICS TTA]:
Val dist: {0: 1302, 1: 810, 10: 201, 2: 275, 7: 36, 6: 39, 5: 37, 3: 86, 8: 44, 4: 42, 11: 7, 9: 11, 12: 1}
bacc=0.647 macro_f1=0.611
  best : 0(p0.96 r0.97 f0.97) 3(p0.95 r0.92 f0.93) 1(p0.89 r0.97 f0.93) 4(p0.95 r0.88 f0.91) 2(p0.89 r0.84 f0.87)
  worst: 6(p0.12 r0.13 f0.12) 12(p0.14 r1.00 f0.25) 7(p0.33 r0.33 f0.33) 8(p0.44 r0.32 f0.37) 5(p0.50 r0.30 f0.37)
[ RESULTS ] : Epoch 9/60 | train_loss=0.9377 val_loss=0.2766
New best macro_f1: 0.6108 at epoch 9.
Saving best checkpoint.
Checkpoint saved: /home/infres/yrothlin-24/CHAL_IM05/checkpoints/tests/best.pt
Step 50/407 | loss=0.9794 bb_lr=0.000058 head_lr=0.000058
Step 100/407 | loss=0.9771 bb_lr=0.000058 head_lr=0.000058
Step 150/407 | loss=0.9709 bb_lr=0.000058 head_lr=0.000058
Step 200/407 | loss=0.9695 bb_lr=0.000058 head_lr=0.000058
Step 250/407 | loss=0.9651 bb_lr=0.000058 head_lr=0.000058
Step 300/407 | loss=0.9565 bb_lr=0.000058 head_lr=0.000058
Step 350/407 | loss=0.9493 bb_lr=0.000058 head_lr=0.000058
Step 400/407 | loss=0.9417 bb_lr=0.000058 head_lr=0.000058
Timing (first 30 train batches) | data=0.032281s infer=0.321990s
[ TRAIN METRICS ]:
bacc=0.344 macro_f1=0.359
  best : 0(p0.55 r0.65 f0.60) 1(p0.49 r0.55 f0.52) 3(p0.51 r0.50 f0.50) 4(p0.48 r0.44 f0.46) 2(p0.43 r0.48 f0.45)
  worst: 12(p0.21 r0.09 f0.12) 6(p0.26 r0.10 f0.15) 7(p0.25 r0.16 f0.20) 5(p0.32 r0.22 f0.26) 8(p0.30 r0.24 f0.27)
[ VALIDATION METRICS TTA]:
Val dist: {0: 1302, 1: 810, 10: 201, 2: 275, 7: 36, 6: 39, 5: 37, 3: 86, 8: 44, 4: 42, 11: 7, 9: 11, 12: 1}
bacc=0.689 macro_f1=0.623
  best : 0(p0.97 r0.94 f0.96) 3(p0.93 r0.94 f0.94) 1(p0.94 r0.92 f0.93) 4(p0.97 r0.88 f0.93) 2(p0.86 r0.80 f0.83)
  worst: 6(p0.18 r0.31 f0.22) 5(p0.44 r0.22 f0.29) 7(p0.28 r0.36 f0.32) 8(p0.32 r0.34 f0.33) 12(p0.25 r1.00 f0.40)
[TSNE] Saved to /home/infres/yrothlin-24/CHAL_IM05/logs/tests/TSNE/tsne_val_epoch_010.png
[CONFUSION] Saved to /home/infres/yrothlin-24/CHAL_IM05/logs/tests/confusion/confusion_val_epoch_010_norm.png
[ RESULTS ] : Epoch 10/60 | train_loss=0.9431 val_loss=0.2976
New best macro_f1: 0.6233 at epoch 10.
Saving best checkpoint.
Checkpoint saved: /home/infres/yrothlin-24/CHAL_IM05/checkpoints/tests/best.pt
Step 50/407 | loss=0.9048 bb_lr=0.000050 head_lr=0.000050
Step 100/407 | loss=0.9020 bb_lr=0.000050 head_lr=0.000050
Step 150/407 | loss=0.9184 bb_lr=0.000050 head_lr=0.000050
Step 200/407 | loss=0.9025 bb_lr=0.000050 head_lr=0.000050
Step 250/407 | loss=0.8920 bb_lr=0.000050 head_lr=0.000050
Step 300/407 | loss=0.9011 bb_lr=0.000050 head_lr=0.000050
Step 350/407 | loss=0.8955 bb_lr=0.000050 head_lr=0.000050
Step 400/407 | loss=0.8932 bb_lr=0.000050 head_lr=0.000050
Timing (first 30 train batches) | data=0.025704s infer=0.320568s
[ TRAIN METRICS ]:
bacc=0.353 macro_f1=0.368
  best : 0(p0.55 r0.65 f0.60) 1(p0.51 r0.58 f0.54) 3(p0.47 r0.47 f0.47) 4(p0.49 r0.46 f0.47) 10(p0.45 r0.44 f0.45)
  worst: 6(p0.28 r0.12 f0.16) 7(p0.25 r0.17 f0.20) 12(p0.35 r0.15 f0.21) 8(p0.29 r0.25 f0.27) 5(p0.36 r0.25 f0.29)
[ VALIDATION METRICS TTA]:
Val dist: {0: 1302, 1: 810, 10: 201, 2: 275, 7: 36, 6: 39, 5: 37, 3: 86, 8: 44, 4: 42, 11: 7, 9: 11, 12: 1}
bacc=0.647 macro_f1=0.609
  best : 0(p0.97 r0.95 f0.96) 3(p0.96 r0.92 f0.94) 1(p0.93 r0.94 f0.94) 4(p0.90 r0.90 f0.90) 2(p0.86 r0.87 f0.86)
  worst: 6(p0.17 r0.28 f0.21) 5(p0.67 r0.22 f0.33) 7(p0.31 r0.42 f0.35) 8(p0.35 r0.39 f0.37) 9(p0.60 r0.27 f0.37)
[ RESULTS ] : Epoch 11/60 | train_loss=0.8910 val_loss=0.2632
No improvement on macro_f1. Early stopping counter: 1/10
Step 50/407 | loss=0.8196 bb_lr=0.000042 head_lr=0.000042
Step 100/407 | loss=0.8268 bb_lr=0.000042 head_lr=0.000042
Step 150/407 | loss=0.8400 bb_lr=0.000042 head_lr=0.000042
Step 200/407 | loss=0.8188 bb_lr=0.000042 head_lr=0.000042
Step 250/407 | loss=0.8292 bb_lr=0.000042 head_lr=0.000042
Step 300/407 | loss=0.8296 bb_lr=0.000042 head_lr=0.000042
Step 350/407 | loss=0.8270 bb_lr=0.000042 head_lr=0.000042
Step 400/407 | loss=0.8320 bb_lr=0.000042 head_lr=0.000042
Timing (first 30 train batches) | data=0.029108s infer=0.321931s
[ TRAIN METRICS ]:
bacc=0.391 macro_f1=0.407
  best : 0(p0.59 r0.67 f0.63) 1(p0.54 r0.60 f0.57) 3(p0.55 r0.55 f0.55) 4(p0.53 r0.50 f0.51) 2(p0.48 r0.51 f0.49)
  worst: 6(p0.28 r0.14 f0.19) 7(p0.26 r0.18 f0.21) 12(p0.41 r0.22 f0.28) 8(p0.32 r0.29 f0.30) 5(p0.40 r0.29 f0.34)
[ VALIDATION METRICS TTA]:
Val dist: {0: 1302, 1: 810, 10: 201, 2: 275, 7: 36, 6: 39, 5: 37, 3: 86, 8: 44, 4: 42, 11: 7, 9: 11, 12: 1}
bacc=0.676 macro_f1=0.629
  best : 0(p0.97 r0.96 f0.96) 1(p0.91 r0.96 f0.93) 3(p0.87 r0.97 f0.92) 4(p0.97 r0.86 f0.91) 2(p0.87 r0.83 f0.85)
  worst: 6(p0.15 r0.18 f0.16) 12(p0.17 r1.00 f0.29) 7(p0.31 r0.44 f0.37) 11(p0.33 r0.43 f0.38) 5(p0.50 r0.32 f0.39)
[ RESULTS ] : Epoch 12/60 | train_loss=0.8372 val_loss=0.2793
New best macro_f1: 0.6289 at epoch 12.
Saving best checkpoint.
Checkpoint saved: /home/infres/yrothlin-24/CHAL_IM05/checkpoints/tests/best.pt
Step 50/407 | loss=0.9124 bb_lr=0.000035 head_lr=0.000035
Step 100/407 | loss=0.8647 bb_lr=0.000035 head_lr=0.000035
Step 150/407 | loss=0.8495 bb_lr=0.000035 head_lr=0.000035
Step 200/407 | loss=0.8429 bb_lr=0.000035 head_lr=0.000035
Step 250/407 | loss=0.8686 bb_lr=0.000035 head_lr=0.000035
Step 300/407 | loss=0.8879 bb_lr=0.000035 head_lr=0.000035
Step 350/407 | loss=0.8885 bb_lr=0.000035 head_lr=0.000035
Step 400/407 | loss=0.8867 bb_lr=0.000035 head_lr=0.000035
Timing (first 30 train batches) | data=0.027373s infer=0.322044s
[ TRAIN METRICS ]:
bacc=0.375 macro_f1=0.392
  best : 0(p0.56 r0.65 f0.60) 1(p0.50 r0.56 f0.53) 3(p0.52 r0.52 f0.52) 4(p0.49 r0.47 f0.48) 2(p0.45 r0.48 f0.46)
  worst: 6(p0.29 r0.14 f0.19) 7(p0.27 r0.18 f0.22) 8(p0.31 r0.26 f0.28) 12(p0.43 r0.25 f0.31) 5(p0.39 r0.27 f0.32)
[ VALIDATION METRICS TTA]:
Val dist: {0: 1302, 1: 810, 10: 201, 2: 275, 7: 36, 6: 39, 5: 37, 3: 86, 8: 44, 4: 42, 11: 7, 9: 11, 12: 1}
bacc=0.638 macro_f1=0.617
  best : 0(p0.98 r0.94 f0.96) 3(p0.95 r0.97 f0.96) 1(p0.92 r0.94 f0.93) 4(p0.88 r0.90 f0.89) 10(p0.90 r0.85 f0.87)
  worst: 12(p0.00 r0.00 f0.00) 6(p0.15 r0.31 f0.20) 11(p0.23 r0.43 f0.30) 7(p0.41 r0.42 f0.41) 8(p0.41 r0.50 f0.45)
[ RESULTS ] : Epoch 13/60 | train_loss=0.8833 val_loss=0.2544
No improvement on macro_f1. Early stopping counter: 1/10
Step 50/407 | loss=0.8606 bb_lr=0.000027 head_lr=0.000027
Step 100/407 | loss=0.8769 bb_lr=0.000027 head_lr=0.000027
Step 150/407 | loss=0.8499 bb_lr=0.000027 head_lr=0.000027
Step 200/407 | loss=0.8473 bb_lr=0.000027 head_lr=0.000027
Step 250/407 | loss=0.8656 bb_lr=0.000027 head_lr=0.000027
Step 300/407 | loss=0.8659 bb_lr=0.000027 head_lr=0.000027
Step 350/407 | loss=0.8654 bb_lr=0.000027 head_lr=0.000027
Step 400/407 | loss=0.8628 bb_lr=0.000027 head_lr=0.000027
Timing (first 30 train batches) | data=0.032067s infer=0.321297s
[ TRAIN METRICS ]:
bacc=0.388 macro_f1=0.404
  best : 0(p0.57 r0.65 f0.61) 1(p0.52 r0.59 f0.55) 3(p0.51 r0.51 f0.51) 2(p0.47 r0.50 f0.49) 10(p0.48 r0.46 f0.47)
  worst: 6(p0.29 r0.15 f0.20) 7(p0.26 r0.17 f0.21) 8(p0.32 r0.29 f0.30) 5(p0.39 r0.26 f0.31) 12(p0.47 r0.31 f0.38)
[ VALIDATION METRICS TTA]:
Val dist: {0: 1302, 1: 810, 10: 201, 2: 275, 7: 36, 6: 39, 5: 37, 3: 86, 8: 44, 4: 42, 11: 7, 9: 11, 12: 1}
bacc=0.718 macro_f1=0.633
  best : 0(p0.98 r0.94 f0.96) 1(p0.96 r0.91 f0.93) 4(p0.97 r0.86 f0.91) 3(p0.86 r0.97 f0.91) 2(p0.87 r0.85 f0.86)
  worst: 6(p0.17 r0.31 f0.22) 12(p0.20 r1.00 f0.33) 8(p0.38 r0.39 f0.38) 7(p0.36 r0.47 f0.41) 5(p0.39 r0.51 f0.44)
[ RESULTS ] : Epoch 14/60 | train_loss=0.8574 val_loss=0.2547
New best macro_f1: 0.6334 at epoch 14.
Saving best checkpoint.
Checkpoint saved: /home/infres/yrothlin-24/CHAL_IM05/checkpoints/tests/best.pt
Step 50/407 | loss=0.8555 bb_lr=0.000021 head_lr=0.000021
Step 100/407 | loss=0.8500 bb_lr=0.000021 head_lr=0.000021
Step 150/407 | loss=0.8472 bb_lr=0.000021 head_lr=0.000021
Step 200/407 | loss=0.8405 bb_lr=0.000021 head_lr=0.000021
Step 250/407 | loss=0.8489 bb_lr=0.000021 head_lr=0.000021
Step 300/407 | loss=0.8419 bb_lr=0.000021 head_lr=0.000021
Step 350/407 | loss=0.8199 bb_lr=0.000021 head_lr=0.000021
Step 400/407 | loss=0.8331 bb_lr=0.000021 head_lr=0.000021
Timing (first 30 train batches) | data=0.026891s infer=0.322708s
[ TRAIN METRICS ]:
bacc=0.424 macro_f1=0.438
  best : 0(p0.61 r0.69 f0.65) 3(p0.59 r0.58 f0.59) 1(p0.56 r0.61 f0.58) 4(p0.54 r0.52 f0.53) 2(p0.51 r0.54 f0.52)
  worst: 6(p0.31 r0.14 f0.19) 7(p0.30 r0.21 f0.25) 8(p0.33 r0.30 f0.32) 5(p0.42 r0.31 f0.35) 11(p0.45 r0.35 f0.39)
[ VALIDATION METRICS TTA]:
Val dist: {0: 1302, 1: 810, 10: 201, 2: 275, 7: 36, 6: 39, 5: 37, 3: 86, 8: 44, 4: 42, 11: 7, 9: 11, 12: 1}
bacc=0.707 macro_f1=0.667
  best : 3(p0.98 r0.97 f0.97) 0(p0.98 r0.95 f0.97) 1(p0.95 r0.93 f0.94) 4(p0.97 r0.90 f0.94) 2(p0.84 r0.89 f0.87)
  worst: 6(p0.21 r0.36 f0.27) 7(p0.36 r0.44 f0.40) 11(p0.38 r0.43 f0.40) 5(p0.52 r0.35 f0.42) 8(p0.45 r0.45 f0.45)
[TSNE] Saved to /home/infres/yrothlin-24/CHAL_IM05/logs/tests/TSNE/tsne_val_epoch_015.png
[CONFUSION] Saved to /home/infres/yrothlin-24/CHAL_IM05/logs/tests/confusion/confusion_val_epoch_015_norm.png
[ RESULTS ] : Epoch 15/60 | train_loss=0.8337 val_loss=0.2588
New best macro_f1: 0.6667 at epoch 15.
Saving best checkpoint.
Checkpoint saved: /home/infres/yrothlin-24/CHAL_IM05/checkpoints/tests/best.pt
Step 50/407 | loss=0.7453 bb_lr=0.000015 head_lr=0.000015
Step 100/407 | loss=0.8016 bb_lr=0.000015 head_lr=0.000015
Step 150/407 | loss=0.8099 bb_lr=0.000015 head_lr=0.000015
Step 200/407 | loss=0.8081 bb_lr=0.000015 head_lr=0.000015
Step 250/407 | loss=0.7989 bb_lr=0.000015 head_lr=0.000015
Step 300/407 | loss=0.7962 bb_lr=0.000015 head_lr=0.000015
Step 350/407 | loss=0.7958 bb_lr=0.000015 head_lr=0.000015
Step 400/407 | loss=0.7957 bb_lr=0.000015 head_lr=0.000015
Timing (first 30 train batches) | data=0.032896s infer=0.321086s
[ TRAIN METRICS ]:
bacc=0.433 macro_f1=0.450
  best : 0(p0.60 r0.68 f0.64) 1(p0.58 r0.63 f0.60) 3(p0.57 r0.60 f0.58) 4(p0.56 r0.54 f0.55) 2(p0.51 r0.54 f0.53)
  worst: 6(p0.30 r0.18 f0.22) 7(p0.33 r0.23 f0.27) 8(p0.35 r0.31 f0.33) 5(p0.44 r0.33 f0.37) 12(p0.50 r0.31 f0.38)
[ VALIDATION METRICS TTA]:
Val dist: {0: 1302, 1: 810, 10: 201, 2: 275, 7: 36, 6: 39, 5: 37, 3: 86, 8: 44, 4: 42, 11: 7, 9: 11, 12: 1}
bacc=0.729 macro_f1=0.650
  best : 3(p0.97 r0.99 f0.98) 0(p0.98 r0.95 f0.97) 1(p0.95 r0.94 f0.94) 4(p0.95 r0.93 f0.94) 2(p0.87 r0.88 f0.88)
  worst: 6(p0.23 r0.36 f0.28) 11(p0.25 r0.43 f0.32) 12(p0.20 r1.00 f0.33) 7(p0.37 r0.42 f0.39) 8(p0.44 r0.41 f0.42)
[ RESULTS ] : Epoch 16/60 | train_loss=0.7948 val_loss=0.2368
No improvement on macro_f1. Early stopping counter: 1/10
Step 50/407 | loss=0.8258 bb_lr=0.000010 head_lr=0.000010
Step 100/407 | loss=0.7685 bb_lr=0.000010 head_lr=0.000010
Step 150/407 | loss=0.7878 bb_lr=0.000010 head_lr=0.000010
Step 200/407 | loss=0.7974 bb_lr=0.000010 head_lr=0.000010
Step 250/407 | loss=0.7888 bb_lr=0.000010 head_lr=0.000010
Step 300/407 | loss=0.7938 bb_lr=0.000010 head_lr=0.000010
Step 350/407 | loss=0.7831 bb_lr=0.000010 head_lr=0.000010
Step 400/407 | loss=0.7913 bb_lr=0.000010 head_lr=0.000010
Timing (first 30 train batches) | data=0.029849s infer=0.321385s
[ TRAIN METRICS ]:
bacc=0.412 macro_f1=0.426
  best : 0(p0.57 r0.64 f0.61) 1(p0.54 r0.59 f0.56) 3(p0.53 r0.53 f0.53) 4(p0.51 r0.51 f0.51) 10(p0.49 r0.48 f0.48)
  worst: 6(p0.27 r0.15 f0.19) 7(p0.28 r0.23 f0.25) 8(p0.34 r0.29 f0.32) 5(p0.40 r0.31 f0.35) 9(p0.40 r0.36 f0.38)
[ VALIDATION METRICS TTA]:
Val dist: {0: 1302, 1: 810, 10: 201, 2: 275, 7: 36, 6: 39, 5: 37, 3: 86, 8: 44, 4: 42, 11: 7, 9: 11, 12: 1}
bacc=0.722 macro_f1=0.661
  best : 3(p0.98 r0.98 f0.98) 0(p0.98 r0.95 f0.96) 4(p0.97 r0.90 f0.94) 1(p0.92 r0.95 f0.94) 2(p0.88 r0.88 f0.88)
  worst: 11(p0.23 r0.43 f0.30) 6(p0.23 r0.49 f0.31) 7(p0.36 r0.39 f0.37) 5(p0.50 r0.41 f0.45) 8(p0.45 r0.48 f0.46)
[ RESULTS ] : Epoch 17/60 | train_loss=0.7874 val_loss=0.2381
No improvement on macro_f1. Early stopping counter: 2/10
Step 50/407 | loss=0.7523 bb_lr=0.000005 head_lr=0.000005
Step 100/407 | loss=0.7489 bb_lr=0.000005 head_lr=0.000005
Step 150/407 | loss=0.7520 bb_lr=0.000005 head_lr=0.000005
Step 200/407 | loss=0.7329 bb_lr=0.000005 head_lr=0.000005
Step 250/407 | loss=0.7488 bb_lr=0.000005 head_lr=0.000005
Step 300/407 | loss=0.7473 bb_lr=0.000005 head_lr=0.000005
Step 350/407 | loss=0.7516 bb_lr=0.000005 head_lr=0.000005
Step 400/407 | loss=0.7588 bb_lr=0.000005 head_lr=0.000005
Timing (first 30 train batches) | data=0.030585s infer=0.322880s
[ TRAIN METRICS ]:
bacc=0.423 macro_f1=0.435
  best : 0(p0.58 r0.65 f0.61) 1(p0.54 r0.58 f0.56) 4(p0.54 r0.53 f0.53) 3(p0.52 r0.53 f0.52) 2(p0.50 r0.53 f0.51)
  worst: 6(p0.30 r0.18 f0.23) 7(p0.27 r0.21 f0.23) 8(p0.34 r0.31 f0.33) 5(p0.44 r0.33 f0.38) 9(p0.40 r0.37 f0.38)
[ VALIDATION METRICS TTA]:
Val dist: {0: 1302, 1: 810, 10: 201, 2: 275, 7: 36, 6: 39, 5: 37, 3: 86, 8: 44, 4: 42, 11: 7, 9: 11, 12: 1}
bacc=0.733 macro_f1=0.664
  best : 3(p0.98 r0.98 f0.98) 0(p0.99 r0.94 f0.96) 1(p0.94 r0.94 f0.94) 4(p0.97 r0.88 f0.93) 2(p0.89 r0.86 f0.88)
  worst: 6(p0.23 r0.49 f0.32) 11(p0.27 r0.43 f0.33) 7(p0.33 r0.33 f0.33) 5(p0.42 r0.49 f0.45) 8(p0.43 r0.52 f0.47)
[ RESULTS ] : Epoch 18/60 | train_loss=0.7566 val_loss=0.2402
No improvement on macro_f1. Early stopping counter: 3/10
Step 50/407 | loss=0.6845 bb_lr=0.000002 head_lr=0.000002
Step 100/407 | loss=0.7511 bb_lr=0.000002 head_lr=0.000002
Step 150/407 | loss=0.7717 bb_lr=0.000002 head_lr=0.000002
Step 200/407 | loss=0.7648 bb_lr=0.000002 head_lr=0.000002
Step 250/407 | loss=0.7670 bb_lr=0.000002 head_lr=0.000002
Step 300/407 | loss=0.7693 bb_lr=0.000002 head_lr=0.000002
Step 350/407 | loss=0.7627 bb_lr=0.000002 head_lr=0.000002
Step 400/407 | loss=0.7652 bb_lr=0.000002 head_lr=0.000002
Timing (first 30 train batches) | data=0.028662s infer=0.322164s
[ TRAIN METRICS ]:
bacc=0.438 macro_f1=0.453
  best : 0(p0.60 r0.67 f0.64) 1(p0.57 r0.61 f0.59) 3(p0.55 r0.55 f0.55) 4(p0.54 r0.53 f0.54) 10(p0.51 r0.51 f0.51)
  worst: 6(p0.34 r0.19 f0.24) 7(p0.31 r0.23 f0.26) 8(p0.36 r0.33 f0.34) 9(p0.44 r0.38 f0.41) 5(p0.46 r0.37 f0.41)
[ VALIDATION METRICS TTA]:
Val dist: {0: 1302, 1: 810, 10: 201, 2: 275, 7: 36, 6: 39, 5: 37, 3: 86, 8: 44, 4: 42, 11: 7, 9: 11, 12: 1}
bacc=0.736 macro_f1=0.647
  best : 3(p0.96 r0.95 f0.96) 0(p0.98 r0.93 f0.96) 1(p0.94 r0.94 f0.94) 4(p0.97 r0.88 f0.93) 2(p0.88 r0.87 f0.88)
  worst: 6(p0.19 r0.51 f0.28) 11(p0.23 r0.43 f0.30) 7(p0.34 r0.31 f0.32) 12(p0.20 r1.00 f0.33) 5(p0.45 r0.46 f0.45)
[ RESULTS ] : Epoch 19/60 | train_loss=0.7650 val_loss=0.2424
No improvement on macro_f1. Early stopping counter: 4/10
Step 50/407 | loss=0.8152 bb_lr=0.000001 head_lr=0.000001
Step 100/407 | loss=0.7577 bb_lr=0.000001 head_lr=0.000001
Step 150/407 | loss=0.7808 bb_lr=0.000001 head_lr=0.000001
Step 200/407 | loss=0.7886 bb_lr=0.000001 head_lr=0.000001
Step 250/407 | loss=0.7640 bb_lr=0.000001 head_lr=0.000001
Step 300/407 | loss=0.7652 bb_lr=0.000001 head_lr=0.000001
Step 350/407 | loss=0.7757 bb_lr=0.000001 head_lr=0.000001
Step 400/407 | loss=0.7861 bb_lr=0.000001 head_lr=0.000001
Timing (first 30 train batches) | data=0.025482s infer=0.322180s
[ TRAIN METRICS ]:
bacc=0.418 macro_f1=0.432
  best : 0(p0.60 r0.66 f0.63) 1(p0.54 r0.61 f0.57) 3(p0.54 r0.55 f0.54) 4(p0.54 r0.52 f0.53) 2(p0.50 r0.52 f0.51)
  worst: 6(p0.33 r0.20 f0.25) 7(p0.30 r0.21 f0.25) 12(p0.36 r0.28 f0.31) 8(p0.34 r0.31 f0.32) 11(p0.44 r0.35 f0.39)
[ VALIDATION METRICS TTA]:
Val dist: {0: 1302, 1: 810, 10: 201, 2: 275, 7: 36, 6: 39, 5: 37, 3: 86, 8: 44, 4: 42, 11: 7, 9: 11, 12: 1}
bacc=0.741 macro_f1=0.668
  best : 3(p0.98 r0.98 f0.98) 0(p0.99 r0.94 f0.96) 1(p0.95 r0.94 f0.94) 4(p0.97 r0.90 f0.94) 2(p0.89 r0.87 f0.88)
  worst: 6(p0.22 r0.51 f0.31) 11(p0.25 r0.43 f0.32) 7(p0.33 r0.36 f0.35) 8(p0.39 r0.45 f0.42) 5(p0.47 r0.46 f0.47)
[TSNE] Saved to /home/infres/yrothlin-24/CHAL_IM05/logs/tests/TSNE/tsne_val_epoch_020.png
[CONFUSION] Saved to /home/infres/yrothlin-24/CHAL_IM05/logs/tests/confusion/confusion_val_epoch_020_norm.png
[ RESULTS ] : Epoch 20/60 | train_loss=0.7894 val_loss=0.2370
New best macro_f1: 0.6684 at epoch 20.
Saving best checkpoint.
Checkpoint saved: /home/infres/yrothlin-24/CHAL_IM05/checkpoints/tests/best.pt
Step 50/407 | loss=0.9130 bb_lr=0.000100 head_lr=0.000100
Step 100/407 | loss=0.8745 bb_lr=0.000100 head_lr=0.000100
Step 150/407 | loss=0.8718 bb_lr=0.000100 head_lr=0.000100
Step 200/407 | loss=0.8922 bb_lr=0.000100 head_lr=0.000100
Step 250/407 | loss=0.8973 bb_lr=0.000100 head_lr=0.000100
Step 300/407 | loss=0.9183 bb_lr=0.000100 head_lr=0.000100
Step 350/407 | loss=0.9199 bb_lr=0.000100 head_lr=0.000100
Step 400/407 | loss=0.9161 bb_lr=0.000100 head_lr=0.000100
Timing (first 30 train batches) | data=0.027254s infer=0.320960s
[ TRAIN METRICS ]:
bacc=0.382 macro_f1=0.398
  best : 0(p0.58 r0.66 f0.62) 1(p0.53 r0.59 f0.56) 3(p0.53 r0.53 f0.53) 4(p0.50 r0.46 f0.48) 10(p0.48 r0.48 f0.48)
  worst: 6(p0.32 r0.15 f0.20) 7(p0.28 r0.19 f0.23) 8(p0.29 r0.25 f0.27) 12(p0.37 r0.21 f0.27) 5(p0.37 r0.26 f0.30)
[ VALIDATION METRICS TTA]:
Val dist: {0: 1302, 1: 810, 10: 201, 2: 275, 7: 36, 6: 39, 5: 37, 3: 86, 8: 44, 4: 42, 11: 7, 9: 11, 12: 1}
bacc=0.658 macro_f1=0.586
  best : 0(p0.97 r0.96 f0.96) 1(p0.91 r0.96 f0.93) 3(p0.93 r0.93 f0.93) 4(p0.86 r0.86 f0.86) 2(p0.86 r0.81 f0.84)
  worst: 12(p0.04 r1.00 f0.07) 6(p0.31 r0.13 f0.18) 7(p0.19 r0.22 f0.21) 5(p0.47 r0.24 f0.32) 11(p0.43 r0.43 f0.43)
[ RESULTS ] : Epoch 21/60 | train_loss=0.9156 val_loss=0.2885
No improvement on macro_f1. Early stopping counter: 1/10
Step 50/407 | loss=0.8925 bb_lr=0.000099 head_lr=0.000099
Step 100/407 | loss=0.8704 bb_lr=0.000099 head_lr=0.000099
Step 150/407 | loss=0.8931 bb_lr=0.000099 head_lr=0.000099
Step 200/407 | loss=0.8909 bb_lr=0.000099 head_lr=0.000099
Step 250/407 | loss=0.8861 bb_lr=0.000099 head_lr=0.000099
Step 300/407 | loss=0.8909 bb_lr=0.000099 head_lr=0.000099
Step 350/407 | loss=0.8915 bb_lr=0.000099 head_lr=0.000099
Step 400/407 | loss=0.8833 bb_lr=0.000099 head_lr=0.000099
Timing (first 30 train batches) | data=0.027940s infer=0.322848s
[ TRAIN METRICS ]:
bacc=0.391 macro_f1=0.409
  best : 0(p0.59 r0.68 f0.63) 1(p0.54 r0.60 f0.57) 3(p0.53 r0.52 f0.52) 4(p0.54 r0.50 f0.52) 2(p0.46 r0.50 f0.48)
  worst: 6(p0.30 r0.13 f0.18) 7(p0.30 r0.20 f0.24) 8(p0.30 r0.26 f0.28) 5(p0.38 r0.26 f0.31) 9(p0.38 r0.32 f0.35)
[ VALIDATION METRICS TTA]:
Val dist: {0: 1302, 1: 810, 10: 201, 2: 275, 7: 36, 6: 39, 5: 37, 3: 86, 8: 44, 4: 42, 11: 7, 9: 11, 12: 1}
bacc=0.687 macro_f1=0.598
  best : 0(p0.97 r0.95 f0.96) 3(p0.99 r0.93 f0.96) 1(p0.95 r0.93 f0.94) 4(p0.95 r0.86 f0.90) 2(p0.87 r0.86 f0.86)
  worst: 12(p0.07 r1.00 f0.13) 6(p0.17 r0.23 f0.20) 8(p0.28 r0.18 f0.22) 5(p0.64 r0.24 f0.35) 7(p0.33 r0.39 f0.35)
[ RESULTS ] : Epoch 22/60 | train_loss=0.8845 val_loss=0.2695
No improvement on macro_f1. Early stopping counter: 2/10
Step 50/407 | loss=0.9847 bb_lr=0.000098 head_lr=0.000098
Step 100/407 | loss=0.9466 bb_lr=0.000098 head_lr=0.000098
Step 150/407 | loss=0.9545 bb_lr=0.000098 head_lr=0.000098
Step 200/407 | loss=0.9244 bb_lr=0.000098 head_lr=0.000098
Step 250/407 | loss=0.9204 bb_lr=0.000098 head_lr=0.000098
Step 300/407 | loss=0.8965 bb_lr=0.000098 head_lr=0.000098
Step 350/407 | loss=0.8998 bb_lr=0.000098 head_lr=0.000098
Step 400/407 | loss=0.9011 bb_lr=0.000098 head_lr=0.000098
Timing (first 30 train batches) | data=0.033572s infer=0.321896s
[ TRAIN METRICS ]:
bacc=0.373 macro_f1=0.390
  best : 0(p0.57 r0.66 f0.61) 1(p0.53 r0.59 f0.55) 3(p0.52 r0.50 f0.51) 4(p0.52 r0.48 f0.50) 10(p0.48 r0.48 f0.48)
  worst: 6(p0.27 r0.13 f0.17) 7(p0.24 r0.15 f0.18) 8(p0.27 r0.24 f0.25) 5(p0.36 r0.25 f0.30) 12(p0.42 r0.25 f0.31)
[ VALIDATION METRICS TTA]:
Val dist: {0: 1302, 1: 810, 10: 201, 2: 275, 7: 36, 6: 39, 5: 37, 3: 86, 8: 44, 4: 42, 11: 7, 9: 11, 12: 1}
bacc=0.706 macro_f1=0.619
  best : 0(p0.98 r0.93 f0.96) 1(p0.93 r0.94 f0.94) 3(p0.81 r1.00 f0.90) 4(p0.85 r0.93 f0.89) 2(p0.93 r0.79 f0.86)
  worst: 6(p0.19 r0.38 f0.25) 12(p0.20 r1.00 f0.33) 7(p0.29 r0.42 f0.34) 8(p0.40 r0.36 f0.38) 11(p0.38 r0.43 f0.40)
[ RESULTS ] : Epoch 23/60 | train_loss=0.9003 val_loss=0.2839
No improvement on macro_f1. Early stopping counter: 3/10
Step 50/407 | loss=0.8781 bb_lr=0.000095 head_lr=0.000095
Step 100/407 | loss=0.9098 bb_lr=0.000095 head_lr=0.000095
Step 150/407 | loss=0.8777 bb_lr=0.000095 head_lr=0.000095
Step 200/407 | loss=0.8610 bb_lr=0.000095 head_lr=0.000095
Step 250/407 | loss=0.8512 bb_lr=0.000095 head_lr=0.000095
Step 300/407 | loss=0.8616 bb_lr=0.000095 head_lr=0.000095
Step 350/407 | loss=0.8636 bb_lr=0.000095 head_lr=0.000095
Step 400/407 | loss=0.8650 bb_lr=0.000095 head_lr=0.000095
Timing (first 30 train batches) | data=0.028936s infer=0.322923s
[ TRAIN METRICS ]:
bacc=0.380 macro_f1=0.396
  best : 0(p0.57 r0.65 f0.61) 1(p0.52 r0.58 f0.55) 3(p0.50 r0.50 f0.50) 4(p0.50 r0.48 f0.49) 2(p0.46 r0.49 f0.48)
  worst: 6(p0.31 r0.15 f0.20) 7(p0.27 r0.17 f0.21) 8(p0.27 r0.24 f0.26) 12(p0.39 r0.26 f0.31) 5(p0.38 r0.28 f0.33)
[ VALIDATION METRICS TTA]:
Val dist: {0: 1302, 1: 810, 10: 201, 2: 275, 7: 36, 6: 39, 5: 37, 3: 86, 8: 44, 4: 42, 11: 7, 9: 11, 12: 1}
bacc=0.634 macro_f1=0.589
  best : 0(p0.97 r0.96 f0.96) 4(p0.97 r0.88 f0.93) 1(p0.89 r0.96 f0.92) 10(p0.86 r0.83 f0.84) 3(p0.72 r1.00 f0.84)
  worst: 6(p0.13 r0.08 f0.10) 7(p0.31 r0.25 f0.28) 12(p0.17 r1.00 f0.29) 8(p0.41 r0.27 f0.33) 5(p0.39 r0.35 f0.37)
[ RESULTS ] : Epoch 24/60 | train_loss=0.8695 val_loss=0.2793
No improvement on macro_f1. Early stopping counter: 4/10
Step 50/407 | loss=0.8761 bb_lr=0.000090 head_lr=0.000090
Step 100/407 | loss=0.8678 bb_lr=0.000090 head_lr=0.000090
Step 150/407 | loss=0.8460 bb_lr=0.000090 head_lr=0.000090
Step 200/407 | loss=0.8308 bb_lr=0.000090 head_lr=0.000090
Step 250/407 | loss=0.8173 bb_lr=0.000090 head_lr=0.000090
Step 300/407 | loss=0.8227 bb_lr=0.000090 head_lr=0.000090
Step 350/407 | loss=0.8375 bb_lr=0.000090 head_lr=0.000090
Step 400/407 | loss=0.8351 bb_lr=0.000090 head_lr=0.000090
Timing (first 30 train batches) | data=0.028058s infer=0.322969s
[ TRAIN METRICS ]:
bacc=0.366 macro_f1=0.380
  best : 0(p0.57 r0.65 f0.61) 1(p0.50 r0.56 f0.52) 3(p0.48 r0.49 f0.49) 4(p0.48 r0.46 f0.47) 2(p0.45 r0.48 f0.46)
  worst: 6(p0.30 r0.14 f0.19) 7(p0.24 r0.16 f0.19) 8(p0.28 r0.24 f0.26) 12(p0.34 r0.22 f0.27) 5(p0.38 r0.27 f0.32)
[ VALIDATION METRICS TTA]:
Val dist: {0: 1302, 1: 810, 10: 201, 2: 275, 7: 36, 6: 39, 5: 37, 3: 86, 8: 44, 4: 42, 11: 7, 9: 11, 12: 1}
bacc=0.687 macro_f1=0.633
  best : 0(p0.97 r0.96 f0.97) 3(p0.99 r0.91 f0.95) 1(p0.92 r0.95 f0.94) 4(p0.92 r0.83 f0.88) 2(p0.87 r0.87 f0.87)
  worst: 6(p0.12 r0.13 f0.12) 7(p0.32 r0.25 f0.28) 11(p0.38 r0.43 f0.40) 12(p0.25 r1.00 f0.40) 5(p0.43 r0.43 f0.43)
[TSNE] Saved to /home/infres/yrothlin-24/CHAL_IM05/logs/tests/TSNE/tsne_val_epoch_025.png
[CONFUSION] Saved to /home/infres/yrothlin-24/CHAL_IM05/logs/tests/confusion/confusion_val_epoch_025_norm.png
[ RESULTS ] : Epoch 25/60 | train_loss=0.8390 val_loss=0.2569
No improvement on macro_f1. Early stopping counter: 5/10
Step 50/407 | loss=0.7360 bb_lr=0.000085 head_lr=0.000085
Step 100/407 | loss=0.7711 bb_lr=0.000085 head_lr=0.000085
Step 150/407 | loss=0.8126 bb_lr=0.000085 head_lr=0.000085
Step 200/407 | loss=0.8300 bb_lr=0.000085 head_lr=0.000085
Step 250/407 | loss=0.8563 bb_lr=0.000085 head_lr=0.000085
Step 300/407 | loss=0.8565 bb_lr=0.000085 head_lr=0.000085
Step 350/407 | loss=0.8459 bb_lr=0.000085 head_lr=0.000085
Step 400/407 | loss=0.8585 bb_lr=0.000085 head_lr=0.000085
Timing (first 30 train batches) | data=0.030616s infer=0.321461s
[ TRAIN METRICS ]:
bacc=0.399 macro_f1=0.415
  best : 0(p0.58 r0.67 f0.62) 1(p0.55 r0.61 f0.57) 3(p0.53 r0.54 f0.54) 4(p0.52 r0.51 f0.52) 2(p0.47 r0.51 f0.49)
  worst: 6(p0.28 r0.12 f0.16) 7(p0.30 r0.20 f0.24) 8(p0.33 r0.28 f0.30) 5(p0.40 r0.29 f0.33) 12(p0.46 r0.27 f0.34)
[ VALIDATION METRICS TTA]:
Val dist: {0: 1302, 1: 810, 10: 201, 2: 275, 7: 36, 6: 39, 5: 37, 3: 86, 8: 44, 4: 42, 11: 7, 9: 11, 12: 1}
bacc=0.696 macro_f1=0.651
  best : 0(p0.98 r0.93 f0.96) 3(p0.94 r0.95 f0.95) 4(p0.97 r0.90 f0.94) 1(p0.90 r0.97 f0.93) 2(p0.85 r0.88 f0.86)
  worst: 6(p0.18 r0.38 f0.25) 7(p0.40 r0.33 f0.36) 12(p0.25 r1.00 f0.40) 11(p0.43 r0.43 f0.43) 5(p0.54 r0.41 f0.46)
[ RESULTS ] : Epoch 26/60 | train_loss=0.8599 val_loss=0.2663
No improvement on macro_f1. Early stopping counter: 6/10
Step 50/407 | loss=0.9064 bb_lr=0.000079 head_lr=0.000079
Step 100/407 | loss=0.8929 bb_lr=0.000079 head_lr=0.000079
Step 150/407 | loss=0.8615 bb_lr=0.000079 head_lr=0.000079
Step 200/407 | loss=0.8494 bb_lr=0.000079 head_lr=0.000079
Step 250/407 | loss=0.8611 bb_lr=0.000079 head_lr=0.000079
Step 300/407 | loss=0.8608 bb_lr=0.000079 head_lr=0.000079
Step 350/407 | loss=0.8584 bb_lr=0.000079 head_lr=0.000079
Step 400/407 | loss=0.8719 bb_lr=0.000079 head_lr=0.000079
Timing (first 30 train batches) | data=0.030027s infer=0.321847s
[ TRAIN METRICS ]:
bacc=0.389 macro_f1=0.404
  best : 0(p0.56 r0.65 f0.61) 1(p0.52 r0.58 f0.55) 3(p0.51 r0.51 f0.51) 10(p0.50 r0.49 f0.49) 4(p0.49 r0.48 f0.48)
  worst: 6(p0.27 r0.13 f0.17) 7(p0.27 r0.17 f0.21) 8(p0.31 r0.28 f0.29) 12(p0.43 r0.28 f0.34) 5(p0.42 r0.30 f0.35)
[ VALIDATION METRICS TTA]:
Val dist: {0: 1302, 1: 810, 10: 201, 2: 275, 7: 36, 6: 39, 5: 37, 3: 86, 8: 44, 4: 42, 11: 7, 9: 11, 12: 1}
bacc=0.696 macro_f1=0.639
  best : 0(p0.97 r0.96 f0.96) 3(p0.96 r0.95 f0.96) 1(p0.93 r0.95 f0.94) 4(p1.00 r0.83 f0.91) 10(p0.92 r0.80 f0.86)
  worst: 12(p0.04 r1.00 f0.07) 6(p0.21 r0.28 f0.24) 7(p0.48 r0.28 f0.35) 11(p0.50 r0.43 f0.46) 8(p0.46 r0.55 f0.50)
[ RESULTS ] : Epoch 27/60 | train_loss=0.8734 val_loss=0.2631
No improvement on macro_f1. Early stopping counter: 7/10
Step 50/407 | loss=0.7798 bb_lr=0.000073 head_lr=0.000073
Step 100/407 | loss=0.7890 bb_lr=0.000073 head_lr=0.000073
Step 150/407 | loss=0.8291 bb_lr=0.000073 head_lr=0.000073
Step 200/407 | loss=0.8419 bb_lr=0.000073 head_lr=0.000073
Step 250/407 | loss=0.8392 bb_lr=0.000073 head_lr=0.000073
Step 300/407 | loss=0.8207 bb_lr=0.000073 head_lr=0.000073
Step 350/407 | loss=0.8189 bb_lr=0.000073 head_lr=0.000073
Step 400/407 | loss=0.8334 bb_lr=0.000073 head_lr=0.000073
Timing (first 30 train batches) | data=0.031525s infer=0.322466s
[ TRAIN METRICS ]:
bacc=0.405 macro_f1=0.419
  best : 0(p0.58 r0.67 f0.62) 1(p0.54 r0.59 f0.56) 3(p0.54 r0.54 f0.54) 4(p0.52 r0.50 f0.51) 10(p0.49 r0.49 f0.49)
  worst: 6(p0.31 r0.17 f0.21) 7(p0.30 r0.21 f0.24) 8(p0.33 r0.29 f0.31) 5(p0.38 r0.29 f0.33) 12(p0.40 r0.31 f0.35)
[ VALIDATION METRICS TTA]:
Val dist: {0: 1302, 1: 810, 10: 201, 2: 275, 7: 36, 6: 39, 5: 37, 3: 86, 8: 44, 4: 42, 11: 7, 9: 11, 12: 1}
bacc=0.704 macro_f1=0.655
  best : 0(p0.98 r0.96 f0.97) 3(p0.99 r0.91 f0.95) 1(p0.94 r0.94 f0.94) 4(p0.97 r0.90 f0.94) 2(p0.89 r0.84 f0.86)
  worst: 6(p0.27 r0.46 f0.34) 11(p0.30 r0.43 f0.35) 5(p0.43 r0.32 f0.37) 8(p0.41 r0.34 f0.37) 7(p0.36 r0.42 f0.38)
[ RESULTS ] : Epoch 28/60 | train_loss=0.8314 val_loss=0.2481
No improvement on macro_f1. Early stopping counter: 8/10
Step 50/407 | loss=0.7650 bb_lr=0.000065 head_lr=0.000065
Step 100/407 | loss=0.7855 bb_lr=0.000065 head_lr=0.000065
Step 150/407 | loss=0.7584 bb_lr=0.000065 head_lr=0.000065
Step 200/407 | loss=0.7638 bb_lr=0.000065 head_lr=0.000065
Step 250/407 | loss=0.7711 bb_lr=0.000065 head_lr=0.000065
Step 300/407 | loss=0.7567 bb_lr=0.000065 head_lr=0.000065
Step 350/407 | loss=0.7614 bb_lr=0.000065 head_lr=0.000065
Step 400/407 | loss=0.7515 bb_lr=0.000065 head_lr=0.000065
Timing (first 30 train batches) | data=0.033656s infer=0.322620s
[ TRAIN METRICS ]:
bacc=0.442 macro_f1=0.456
  best : 0(p0.61 r0.69 f0.65) 1(p0.57 r0.62 f0.59) 4(p0.57 r0.57 f0.57) 3(p0.56 r0.56 f0.56) 2(p0.51 r0.54 f0.53)
  worst: 6(p0.33 r0.17 f0.23) 7(p0.30 r0.21 f0.25) 8(p0.34 r0.31 f0.33) 5(p0.45 r0.35 f0.39) 9(p0.41 r0.39 f0.40)
[ VALIDATION METRICS TTA]:
Val dist: {0: 1302, 1: 810, 10: 201, 2: 275, 7: 36, 6: 39, 5: 37, 3: 86, 8: 44, 4: 42, 11: 7, 9: 11, 12: 1}
bacc=0.696 macro_f1=0.618
  best : 3(p0.95 r0.97 f0.96) 0(p0.98 r0.93 f0.96) 1(p0.93 r0.95 f0.94) 4(p0.97 r0.86 f0.91) 2(p0.86 r0.85 f0.86)
  worst: 12(p0.11 r1.00 f0.20) 6(p0.18 r0.46 f0.26) 11(p0.27 r0.43 f0.33) 7(p0.32 r0.39 f0.35) 8(p0.36 r0.41 f0.38)
[ RESULTS ] : Epoch 29/60 | train_loss=0.7556 val_loss=0.2640
No improvement on macro_f1. Early stopping counter: 9/10
Step 50/407 | loss=0.7914 bb_lr=0.000058 head_lr=0.000058
Step 100/407 | loss=0.7719 bb_lr=0.000058 head_lr=0.000058
Step 150/407 | loss=0.7709 bb_lr=0.000058 head_lr=0.000058
Step 200/407 | loss=0.7782 bb_lr=0.000058 head_lr=0.000058
Step 250/407 | loss=0.7692 bb_lr=0.000058 head_lr=0.000058
Step 300/407 | loss=0.7782 bb_lr=0.000058 head_lr=0.000058
Step 350/407 | loss=0.7770 bb_lr=0.000058 head_lr=0.000058
Step 400/407 | loss=0.7749 bb_lr=0.000058 head_lr=0.000058
Timing (first 30 train batches) | data=0.028137s infer=0.322885s
[ TRAIN METRICS ]:
bacc=0.447 macro_f1=0.461
  best : 0(p0.61 r0.68 f0.65) 1(p0.57 r0.63 f0.60) 3(p0.57 r0.58 f0.57) 4(p0.55 r0.54 f0.54) 2(p0.52 r0.56 f0.54)
  worst: 6(p0.35 r0.19 f0.25) 7(p0.33 r0.25 f0.29) 8(p0.36 r0.30 f0.33) 12(p0.42 r0.31 f0.36) 5(p0.46 r0.34 f0.39)
[ VALIDATION METRICS TTA]:
Val dist: {0: 1302, 1: 810, 10: 201, 2: 275, 7: 36, 6: 39, 5: 37, 3: 86, 8: 44, 4: 42, 11: 7, 9: 11, 12: 1}
bacc=0.694 macro_f1=0.656
  best : 0(p0.98 r0.95 f0.96) 1(p0.93 r0.96 f0.95) 3(p0.93 r0.95 f0.94) 4(p0.95 r0.93 f0.94) 10(p0.86 r0.91 f0.88)
  worst: 6(p0.15 r0.23 f0.18) 7(p0.31 r0.36 f0.33) 8(p0.42 r0.39 f0.40) 11(p0.60 r0.43 f0.50) 12(p0.33 r1.00 f0.50)
[TSNE] Saved to /home/infres/yrothlin-24/CHAL_IM05/logs/tests/TSNE/tsne_val_epoch_030.png
[CONFUSION] Saved to /home/infres/yrothlin-24/CHAL_IM05/logs/tests/confusion/confusion_val_epoch_030_norm.png
[ RESULTS ] : Epoch 30/60 | train_loss=0.7768 val_loss=0.2253
No improvement on macro_f1. Early stopping counter: 10/10
Early stopping triggered at epoch 30. Best epoch was 20 with macro_f1=0.6684
[FINAL]: Best score achieved at epoch 20 with score: 0.6683630007210852
